<?xml version="1.0" encoding="UTF-8" standalone="yes"?>
<ns2:test-suite start="1518108167530" stop="1518108981058" version="1.5.4" xmlns:ns2="urn:model.allure.qatools.yandex.ru">
    <name>Default suite : Default test</name>
    <title>Default suite : Default test</title>
    <test-cases>
        <test-case start="1518108361053" stop="1518108397057" status="passed">
            <name>Validating_feed1</name>
            <title>Validating feed_1 Ad call</title>
            <steps>
                <step start="1518108361106" stop="1518108361109" status="passed">
                    <name>logStep[Validating the feed_1 testcase]</name>
                    <title>Validating the feed_1 testcase</title>
                    <attachments/>
                    <steps/>
                </step>
                <step start="1518108361110" stop="1518108361110" status="passed">
                    <name>logStep[Clearing the charles session]</name>
                    <title>Clearing the charles session</title>
                    <attachments/>
                    <steps/>
                </step>
                <step start="1518108368014" stop="1518108368014" status="passed">
                    <name>logStep[Cleared the charles session]</name>
                    <title>Cleared the charles session</title>
                    <attachments/>
                    <steps/>
                </step>
                <step start="1518108368015" stop="1518108368015" status="passed">
                    <name>logStep[Wait till app was launched]</name>
                    <title>Wait till app was launched</title>
                    <attachments/>
                    <steps/>
                </step>
                <step start="1518108373017" stop="1518108373017" status="passed">
                    <name>logStep[set the location on the app]</name>
                    <title>set the location on the app</title>
                    <attachments/>
                    <steps/>
                </step>
                <step start="1518108378610" stop="1518108378611" status="passed">
                    <name>logStep[Scrolling the app to  feed_1]</name>
                    <title>Scrolling the app to  feed_1</title>
                    <attachments/>
                    <steps/>
                </step>
                <step start="1518108391208" stop="1518108391209" status="passed">
                    <name>logStep[validating the feed_1 ad]</name>
                    <title>validating the feed_1 ad</title>
                    <attachments/>
                    <steps/>
                </step>
                <step start="1518108391209" stop="1518108391209" status="passed">
                    <name>logStep[Checking for feed1 ad]</name>
                    <title>Checking for feed1 ad</title>
                    <attachments/>
                    <steps/>
                </step>
                <step start="1518108393444" stop="1518108393444" status="passed">
                    <name>logStep[feed_1 ad present]</name>
                    <title>feed_1 ad present</title>
                    <attachments/>
                    <steps/>
                </step>
                <step start="1518108397056" stop="1518108397056" status="passed">
                    <name>logStep[took the passed screenshot]</name>
                    <title>took the passed screenshot</title>
                    <attachments/>
                    <steps/>
                </step>
            </steps>
            <attachments/>
            <labels>
                <label name="testSuite" value="Default suite"/>
                <label name="testGroup" value="Default test"/>
                <label name="testClass" value="ANDROID_ARMS.ANDROID_ARMS.FeedAdVAlidationonUI"/>
                <label name="testMethod" value="Validating_feed1"/>
                <label name="host" value="Macminis-Mac-mini.local"/>
                <label name="thread" value="46055@Macminis-Mac-mini.local.main(1)"/>
            </labels>
        </test-case>
        <test-case start="1518108361053" stop="1518108397057" status="passed">
            <name>Validating_feed1</name>
            <title>Validating feed_1 Ad call</title>
            <steps>
                <step start="1518108361106" stop="1518108361109" status="passed">
                    <name>logStep[Validating the feed_1 testcase]</name>
                    <title>Validating the feed_1 testcase</title>
                    <attachments/>
                    <steps/>
                </step>
                <step start="1518108361110" stop="1518108361110" status="passed">
                    <name>logStep[Clearing the charles session]</name>
                    <title>Clearing the charles session</title>
                    <attachments/>
                    <steps/>
                </step>
                <step start="1518108368014" stop="1518108368014" status="passed">
                    <name>logStep[Cleared the charles session]</name>
                    <title>Cleared the charles session</title>
                    <attachments/>
                    <steps/>
                </step>
                <step start="1518108368015" stop="1518108368015" status="passed">
                    <name>logStep[Wait till app was launched]</name>
                    <title>Wait till app was launched</title>
                    <attachments/>
                    <steps/>
                </step>
                <step start="1518108373017" stop="1518108373017" status="passed">
                    <name>logStep[set the location on the app]</name>
                    <title>set the location on the app</title>
                    <attachments/>
                    <steps/>
                </step>
                <step start="1518108378610" stop="1518108378611" status="passed">
                    <name>logStep[Scrolling the app to  feed_1]</name>
                    <title>Scrolling the app to  feed_1</title>
                    <attachments/>
                    <steps/>
                </step>
                <step start="1518108391208" stop="1518108391209" status="passed">
                    <name>logStep[validating the feed_1 ad]</name>
                    <title>validating the feed_1 ad</title>
                    <attachments/>
                    <steps/>
                </step>
                <step start="1518108391209" stop="1518108391209" status="passed">
                    <name>logStep[Checking for feed1 ad]</name>
                    <title>Checking for feed1 ad</title>
                    <attachments/>
                    <steps/>
                </step>
                <step start="1518108393444" stop="1518108393444" status="passed">
                    <name>logStep[feed_1 ad present]</name>
                    <title>feed_1 ad present</title>
                    <attachments/>
                    <steps/>
                </step>
                <step start="1518108397056" stop="1518108397056" status="passed">
                    <name>logStep[took the passed screenshot]</name>
                    <title>took the passed screenshot</title>
                    <attachments/>
                    <steps/>
                </step>
            </steps>
            <attachments/>
            <labels>
                <label name="testSuite" value="Default suite"/>
                <label name="testGroup" value="Default test"/>
                <label name="testClass" value="ANDROID_ARMS.ANDROID_ARMS.FeedAdVAlidationonUI"/>
                <label name="testMethod" value="Validating_feed1"/>
                <label name="host" value="Macminis-Mac-mini.local"/>
                <label name="thread" value="46055@Macminis-Mac-mini.local.main(1)"/>
            </labels>
        </test-case>
        <test-case start="1518108397063" stop="1518108421581" status="passed">
            <name>Validating_feed2</name>
            <title>Validating feed_2 Ad call</title>
            <steps>
                <step start="1518108397064" stop="1518108397064" status="passed">
                    <name>logStep[Validating feed_2 Ad TestCase Started]</name>
                    <title>Validating feed_2 Ad TestCase Started</title>
                    <attachments/>
                    <steps/>
                </step>
                <step start="1518108397064" stop="1518108397064" status="passed">
                    <name>logStep[Scroll the App to feed_2 Ad]</name>
                    <title>Scroll the App to feed_2 Ad</title>
                    <attachments/>
                    <steps/>
                </step>
                <step start="1518108409660" stop="1518108409660" status="passed">
                    <name>logStep[Checking for feed2 ad]</name>
                    <title>Checking for feed2 ad</title>
                    <attachments/>
                    <steps/>
                </step>
                <step start="1518108417250" stop="1518108417250" status="passed">
                    <name>logStep[feed_2 ad present]</name>
                    <title>feed_2 ad present</title>
                    <attachments/>
                    <steps/>
                </step>
                <step start="1518108421581" stop="1518108421581" status="passed">
                    <name>logStep[took the passed screenshot]</name>
                    <title>took the passed screenshot</title>
                    <attachments/>
                    <steps/>
                </step>
            </steps>
            <attachments/>
            <labels>
                <label name="testSuite" value="Default suite"/>
                <label name="testGroup" value="Default test"/>
                <label name="testClass" value="ANDROID_ARMS.ANDROID_ARMS.FeedAdVAlidationonUI"/>
                <label name="testMethod" value="Validating_feed2"/>
                <label name="host" value="Macminis-Mac-mini.local"/>
                <label name="thread" value="46055@Macminis-Mac-mini.local.main(1)"/>
            </labels>
        </test-case>
        <test-case start="1518108397063" stop="1518108421581" status="passed">
            <name>Validating_feed2</name>
            <title>Validating feed_2 Ad call</title>
            <steps>
                <step start="1518108397064" stop="1518108397064" status="passed">
                    <name>logStep[Validating feed_2 Ad TestCase Started]</name>
                    <title>Validating feed_2 Ad TestCase Started</title>
                    <attachments/>
                    <steps/>
                </step>
                <step start="1518108397064" stop="1518108397064" status="passed">
                    <name>logStep[Scroll the App to feed_2 Ad]</name>
                    <title>Scroll the App to feed_2 Ad</title>
                    <attachments/>
                    <steps/>
                </step>
                <step start="1518108409660" stop="1518108409660" status="passed">
                    <name>logStep[Checking for feed2 ad]</name>
                    <title>Checking for feed2 ad</title>
                    <attachments/>
                    <steps/>
                </step>
                <step start="1518108417250" stop="1518108417250" status="passed">
                    <name>logStep[feed_2 ad present]</name>
                    <title>feed_2 ad present</title>
                    <attachments/>
                    <steps/>
                </step>
                <step start="1518108421581" stop="1518108421581" status="passed">
                    <name>logStep[took the passed screenshot]</name>
                    <title>took the passed screenshot</title>
                    <attachments/>
                    <steps/>
                </step>
            </steps>
            <attachments/>
            <labels>
                <label name="testSuite" value="Default suite"/>
                <label name="testGroup" value="Default test"/>
                <label name="testClass" value="ANDROID_ARMS.ANDROID_ARMS.FeedAdVAlidationonUI"/>
                <label name="testMethod" value="Validating_feed2"/>
                <label name="host" value="Macminis-Mac-mini.local"/>
                <label name="thread" value="46055@Macminis-Mac-mini.local.main(1)"/>
            </labels>
        </test-case>
        <test-case start="1518108421586" stop="1518108434040" status="passed">
            <name>Validating_feed3</name>
            <title>Validating feed_3 Ad call</title>
            <steps>
                <step start="1518108421587" stop="1518108421587" status="passed">
                    <name>logStep[Validating feed_3 Ad TestCase Started]</name>
                    <title>Validating feed_3 Ad TestCase Started</title>
                    <attachments/>
                    <steps/>
                </step>
                <step start="1518108421588" stop="1518108421588" status="passed">
                    <name>logStep[Scroll the app to feed3 ad]</name>
                    <title>Scroll the app to feed3 ad</title>
                    <attachments/>
                    <steps/>
                </step>
            </steps>
            <attachments/>
            <labels>
                <label name="testSuite" value="Default suite"/>
                <label name="testGroup" value="Default test"/>
                <label name="testClass" value="ANDROID_ARMS.ANDROID_ARMS.FeedAdVAlidationonUI"/>
                <label name="testMethod" value="Validating_feed3"/>
                <label name="host" value="Macminis-Mac-mini.local"/>
                <label name="thread" value="46055@Macminis-Mac-mini.local.main(1)"/>
            </labels>
        </test-case>
        <test-case start="1518108421586" stop="1518108434040" status="passed">
            <name>Validating_feed3</name>
            <title>Validating feed_3 Ad call</title>
            <steps>
                <step start="1518108421587" stop="1518108421587" status="passed">
                    <name>logStep[Validating feed_3 Ad TestCase Started]</name>
                    <title>Validating feed_3 Ad TestCase Started</title>
                    <attachments/>
                    <steps/>
                </step>
                <step start="1518108421588" stop="1518108421588" status="passed">
                    <name>logStep[Scroll the app to feed3 ad]</name>
                    <title>Scroll the app to feed3 ad</title>
                    <attachments/>
                    <steps/>
                </step>
            </steps>
            <attachments/>
            <labels>
                <label name="testSuite" value="Default suite"/>
                <label name="testGroup" value="Default test"/>
                <label name="testClass" value="ANDROID_ARMS.ANDROID_ARMS.FeedAdVAlidationonUI"/>
                <label name="testMethod" value="Validating_feed3"/>
                <label name="host" value="Macminis-Mac-mini.local"/>
                <label name="thread" value="46055@Macminis-Mac-mini.local.main(1)"/>
            </labels>
        </test-case>
        <test-case start="1518108434046" stop="1518108514588" status="failed">
            <name>Validating_feed4</name>
            <title>Validating feed_4 Ad call</title>
            <failure>
                <message>AssertionError: feed4 ad not present</message>
                <stack-trace>java.lang.AssertionError: feed4 ad not present
	at org.testng.Assert.fail(Assert.java:94)
	at twc.Automation.HandleWithAppium.AppiumFunctions.Check_feed4_ad(AppiumFunctions.java:467)
	at ANDROID_ARMS.ANDROID_ARMS.FeedAdVAlidationonUI.Validating_feed4(FeedAdVAlidationonUI.java:93)
	at sun.reflect.NativeMethodAccessorImpl.invoke0(Native Method)
	at sun.reflect.NativeMethodAccessorImpl.invoke(NativeMethodAccessorImpl.java:62)
	at sun.reflect.DelegatingMethodAccessorImpl.invoke(DelegatingMethodAccessorImpl.java:43)
	at java.lang.reflect.Method.invoke(Method.java:498)
	at org.testng.internal.MethodInvocationHelper.invokeMethod(MethodInvocationHelper.java:86)
	at org.testng.internal.Invoker.invokeMethod(Invoker.java:643)
	at org.testng.internal.Invoker.invokeTestMethod(Invoker.java:820)
	at org.testng.internal.Invoker.invokeTestMethods(Invoker.java:1128)
	at org.testng.internal.TestMethodWorker.invokeTestMethods(TestMethodWorker.java:129)
	at org.testng.internal.TestMethodWorker.run(TestMethodWorker.java:112)
	at org.testng.TestRunner.privateRun(TestRunner.java:782)
	at org.testng.TestRunner.run(TestRunner.java:632)
	at org.testng.SuiteRunner.runTest(SuiteRunner.java:366)
	at org.testng.SuiteRunner.runSequentially(SuiteRunner.java:361)
	at org.testng.SuiteRunner.privateRun(SuiteRunner.java:319)
	at org.testng.SuiteRunner.run(SuiteRunner.java:268)
	at org.testng.SuiteRunnerWorker.runSuite(SuiteRunnerWorker.java:52)
	at org.testng.SuiteRunnerWorker.run(SuiteRunnerWorker.java:86)
	at org.testng.TestNG.runSuitesSequentially(TestNG.java:1244)
	at org.testng.TestNG.runSuitesLocally(TestNG.java:1169)
	at org.testng.TestNG.run(TestNG.java:1064)
	at org.testng.remote.AbstractRemoteTestNG.run(AbstractRemoteTestNG.java:114)
	at org.testng.remote.RemoteTestNG.initAndRun(RemoteTestNG.java:251)
	at org.testng.remote.RemoteTestNG.main(RemoteTestNG.java:77)
</stack-trace>
            </failure>
            <steps>
                <step start="1518108434047" stop="1518108434047" status="passed">
                    <name>logStep[Validating feed_4 testcase Started]</name>
                    <title>Validating feed_4 testcase Started</title>
                </step>
                <step start="1518108434048" stop="1518108434048" status="passed">
                    <name>logStep[scroll the app to feed_4]</name>
                    <title>scroll the app to feed_4</title>
                </step>
                <step start="1518108447145" stop="1518108447145" status="passed">
                    <name>logStep[Checking for feed4 ad]</name>
                    <title>Checking for feed4 ad</title>
                </step>
                <step start="1518108507168" stop="1518108507168" status="passed">
                    <name>logStep[feed4 ad not present]</name>
                    <title>feed4 ad not present</title>
                </step>
                <step start="1518108510852" stop="1518108510852" status="passed">
                    <name>logStep[Taking screenshot]</name>
                    <title>Taking screenshot</title>
                </step>
                <step start="1518108514580" stop="1518108514580" status="passed">
                    <name>logStep[took the failed feed4 screen shot]</name>
                    <title>took the failed feed4 screen shot</title>
                </step>
            </steps>
            <attachments>
                <attachment title="Screenshot on failure" source="370076ca-9d47-4af1-aa9f-5c385e5a461d-attachment.png" type="image/png"/>
            </attachments>
            <labels>
                <label name="testSuite" value="Default suite"/>
                <label name="testGroup" value="Default test"/>
                <label name="testClass" value="ANDROID_ARMS.ANDROID_ARMS.FeedAdVAlidationonUI"/>
                <label name="testMethod" value="Validating_feed4"/>
                <label name="host" value="Macminis-Mac-mini.local"/>
                <label name="thread" value="46055@Macminis-Mac-mini.local.main(1)"/>
            </labels>
        </test-case>
        <test-case start="1518108434046" stop="1518108514588" status="failed">
            <name>Validating_feed4</name>
            <title>Validating feed_4 Ad call</title>
            <failure>
                <message>AssertionError: feed4 ad not present</message>
                <stack-trace>java.lang.AssertionError: feed4 ad not present
	at org.testng.Assert.fail(Assert.java:94)
	at twc.Automation.HandleWithAppium.AppiumFunctions.Check_feed4_ad(AppiumFunctions.java:467)
	at ANDROID_ARMS.ANDROID_ARMS.FeedAdVAlidationonUI.Validating_feed4(FeedAdVAlidationonUI.java:93)
	at sun.reflect.NativeMethodAccessorImpl.invoke0(Native Method)
	at sun.reflect.NativeMethodAccessorImpl.invoke(NativeMethodAccessorImpl.java:62)
	at sun.reflect.DelegatingMethodAccessorImpl.invoke(DelegatingMethodAccessorImpl.java:43)
	at java.lang.reflect.Method.invoke(Method.java:498)
	at org.testng.internal.MethodInvocationHelper.invokeMethod(MethodInvocationHelper.java:86)
	at org.testng.internal.Invoker.invokeMethod(Invoker.java:643)
	at org.testng.internal.Invoker.invokeTestMethod(Invoker.java:820)
	at org.testng.internal.Invoker.invokeTestMethods(Invoker.java:1128)
	at org.testng.internal.TestMethodWorker.invokeTestMethods(TestMethodWorker.java:129)
	at org.testng.internal.TestMethodWorker.run(TestMethodWorker.java:112)
	at org.testng.TestRunner.privateRun(TestRunner.java:782)
	at org.testng.TestRunner.run(TestRunner.java:632)
	at org.testng.SuiteRunner.runTest(SuiteRunner.java:366)
	at org.testng.SuiteRunner.runSequentially(SuiteRunner.java:361)
	at org.testng.SuiteRunner.privateRun(SuiteRunner.java:319)
	at org.testng.SuiteRunner.run(SuiteRunner.java:268)
	at org.testng.SuiteRunnerWorker.runSuite(SuiteRunnerWorker.java:52)
	at org.testng.SuiteRunnerWorker.run(SuiteRunnerWorker.java:86)
	at org.testng.TestNG.runSuitesSequentially(TestNG.java:1244)
	at org.testng.TestNG.runSuitesLocally(TestNG.java:1169)
	at org.testng.TestNG.run(TestNG.java:1064)
	at org.testng.remote.AbstractRemoteTestNG.run(AbstractRemoteTestNG.java:114)
	at org.testng.remote.RemoteTestNG.initAndRun(RemoteTestNG.java:251)
	at org.testng.remote.RemoteTestNG.main(RemoteTestNG.java:77)
</stack-trace>
            </failure>
            <steps>
                <step start="1518108434047" stop="1518108434047" status="passed">
                    <name>logStep[Validating feed_4 testcase Started]</name>
                    <title>Validating feed_4 testcase Started</title>
                </step>
                <step start="1518108434048" stop="1518108434048" status="passed">
                    <name>logStep[scroll the app to feed_4]</name>
                    <title>scroll the app to feed_4</title>
                </step>
                <step start="1518108447145" stop="1518108447145" status="passed">
                    <name>logStep[Checking for feed4 ad]</name>
                    <title>Checking for feed4 ad</title>
                </step>
                <step start="1518108507168" stop="1518108507168" status="passed">
                    <name>logStep[feed4 ad not present]</name>
                    <title>feed4 ad not present</title>
                </step>
                <step start="1518108510852" stop="1518108510852" status="passed">
                    <name>logStep[Taking screenshot]</name>
                    <title>Taking screenshot</title>
                </step>
                <step start="1518108514580" stop="1518108514580" status="passed">
                    <name>logStep[took the failed feed4 screen shot]</name>
                    <title>took the failed feed4 screen shot</title>
                </step>
            </steps>
            <attachments>
                <attachment title="Screenshot on failure" source="370076ca-9d47-4af1-aa9f-5c385e5a461d-attachment.png" type="image/png"/>
            </attachments>
            <labels>
                <label name="testSuite" value="Default suite"/>
                <label name="testGroup" value="Default test"/>
                <label name="testClass" value="ANDROID_ARMS.ANDROID_ARMS.FeedAdVAlidationonUI"/>
                <label name="testMethod" value="Validating_feed4"/>
                <label name="host" value="Macminis-Mac-mini.local"/>
                <label name="thread" value="46055@Macminis-Mac-mini.local.main(1)"/>
            </labels>
        </test-case>
        <test-case start="1518108514832" stop="1518108716453" status="failed">
            <name>Extended_hourly_page_Ad</name>
            <title>Validating Extended hourly page Ad</title>
            <failure>
                <message>AssertionError: Hourly submodule ad is not  present</message>
                <stack-trace>java.lang.AssertionError: Hourly submodule ad is not  present
	at org.testng.Assert.fail(Assert.java:94)
	at twc.Automation.HandleWithAppium.AppiumFunctions.Check_submodules_Hourly_ad(AppiumFunctions.java:563)
	at twc.Automation.HandleWithApp.AppFunctions.SwipeUp_Counter_hourly_submodules(AppFunctions.java:626)
	at ANDROID_ARMS.ANDROID_ARMS.FeedAdVAlidationonUI.Extended_hourly_page_Ad(FeedAdVAlidationonUI.java:128)
	at sun.reflect.NativeMethodAccessorImpl.invoke0(Native Method)
	at sun.reflect.NativeMethodAccessorImpl.invoke(NativeMethodAccessorImpl.java:62)
	at sun.reflect.DelegatingMethodAccessorImpl.invoke(DelegatingMethodAccessorImpl.java:43)
	at java.lang.reflect.Method.invoke(Method.java:498)
	at org.testng.internal.MethodInvocationHelper.invokeMethod(MethodInvocationHelper.java:86)
	at org.testng.internal.Invoker.invokeMethod(Invoker.java:643)
	at org.testng.internal.Invoker.invokeTestMethod(Invoker.java:820)
	at org.testng.internal.Invoker.invokeTestMethods(Invoker.java:1128)
	at org.testng.internal.TestMethodWorker.invokeTestMethods(TestMethodWorker.java:129)
	at org.testng.internal.TestMethodWorker.run(TestMethodWorker.java:112)
	at org.testng.TestRunner.privateRun(TestRunner.java:782)
	at org.testng.TestRunner.run(TestRunner.java:632)
	at org.testng.SuiteRunner.runTest(SuiteRunner.java:366)
	at org.testng.SuiteRunner.runSequentially(SuiteRunner.java:361)
	at org.testng.SuiteRunner.privateRun(SuiteRunner.java:319)
	at org.testng.SuiteRunner.run(SuiteRunner.java:268)
	at org.testng.SuiteRunnerWorker.runSuite(SuiteRunnerWorker.java:52)
	at org.testng.SuiteRunnerWorker.run(SuiteRunnerWorker.java:86)
	at org.testng.TestNG.runSuitesSequentially(TestNG.java:1244)
	at org.testng.TestNG.runSuitesLocally(TestNG.java:1169)
	at org.testng.TestNG.run(TestNG.java:1064)
	at org.testng.remote.AbstractRemoteTestNG.run(AbstractRemoteTestNG.java:114)
	at org.testng.remote.RemoteTestNG.initAndRun(RemoteTestNG.java:251)
	at org.testng.remote.RemoteTestNG.main(RemoteTestNG.java:77)
</stack-trace>
            </failure>
            <steps>
                <step start="1518108514833" stop="1518108514833" status="passed">
                    <name>logStep[Validating Extended Hourly page Ad TestCase Started]</name>
                    <title>Validating Extended Hourly page Ad TestCase Started</title>
                </step>
                <step start="1518108514833" stop="1518108514833" status="passed">
                    <name>logStep[kill and launch the app]</name>
                    <title>kill and launch the app</title>
                </step>
                <step start="1518108542048" stop="1518108542048" status="passed">
                    <name>logStep[Scroll the app till hourly page]</name>
                    <title>Scroll the app till hourly page</title>
                </step>
                <step start="1518108668574" stop="1518108668574" status="passed">
                    <name>logStep[Hourly page is presented on the screen]</name>
                    <title>Hourly page is presented on the screen</title>
                </step>
                <step start="1518108668658" stop="1518108668658" status="passed">
                    <name>logStep[clicked the hourly page link]</name>
                    <title>clicked the hourly page link</title>
                </step>
                <step start="1518108668658" stop="1518108668658" status="passed">
                    <name>logStep[Checking for Hourly Submodule ad]</name>
                    <title>Checking for Hourly Submodule ad</title>
                </step>
                <step start="1518108711480" stop="1518108711480" status="passed">
                    <name>logStep[Hourly submodule ad is not present]</name>
                    <title>Hourly submodule ad is not present</title>
                </step>
                <step start="1518108713995" stop="1518108713995" status="passed">
                    <name>logStep[Taking screenshot]</name>
                    <title>Taking screenshot</title>
                </step>
                <step start="1518108716452" stop="1518108716452" status="passed">
                    <name>logStep[took the failed Hourly submodule ad]</name>
                    <title>took the failed Hourly submodule ad</title>
                </step>
            </steps>
            <attachments>
                <attachment title="Screenshot on failure" source="eb732707-85f3-4023-8814-060765c3edc6-attachment.png" type="image/png"/>
            </attachments>
            <labels>
                <label name="testSuite" value="Default suite"/>
                <label name="testGroup" value="Default test"/>
                <label name="testClass" value="ANDROID_ARMS.ANDROID_ARMS.FeedAdVAlidationonUI"/>
                <label name="testMethod" value="Extended_hourly_page_Ad"/>
                <label name="host" value="Macminis-Mac-mini.local"/>
                <label name="thread" value="46055@Macminis-Mac-mini.local.main(1)"/>
            </labels>
        </test-case>
        <test-case start="1518108514832" stop="1518108716453" status="failed">
            <name>Extended_hourly_page_Ad</name>
            <title>Validating Extended hourly page Ad</title>
            <failure>
                <message>AssertionError: Hourly submodule ad is not  present</message>
                <stack-trace>java.lang.AssertionError: Hourly submodule ad is not  present
	at org.testng.Assert.fail(Assert.java:94)
	at twc.Automation.HandleWithAppium.AppiumFunctions.Check_submodules_Hourly_ad(AppiumFunctions.java:563)
	at twc.Automation.HandleWithApp.AppFunctions.SwipeUp_Counter_hourly_submodules(AppFunctions.java:626)
	at ANDROID_ARMS.ANDROID_ARMS.FeedAdVAlidationonUI.Extended_hourly_page_Ad(FeedAdVAlidationonUI.java:128)
	at sun.reflect.NativeMethodAccessorImpl.invoke0(Native Method)
	at sun.reflect.NativeMethodAccessorImpl.invoke(NativeMethodAccessorImpl.java:62)
	at sun.reflect.DelegatingMethodAccessorImpl.invoke(DelegatingMethodAccessorImpl.java:43)
	at java.lang.reflect.Method.invoke(Method.java:498)
	at org.testng.internal.MethodInvocationHelper.invokeMethod(MethodInvocationHelper.java:86)
	at org.testng.internal.Invoker.invokeMethod(Invoker.java:643)
	at org.testng.internal.Invoker.invokeTestMethod(Invoker.java:820)
	at org.testng.internal.Invoker.invokeTestMethods(Invoker.java:1128)
	at org.testng.internal.TestMethodWorker.invokeTestMethods(TestMethodWorker.java:129)
	at org.testng.internal.TestMethodWorker.run(TestMethodWorker.java:112)
	at org.testng.TestRunner.privateRun(TestRunner.java:782)
	at org.testng.TestRunner.run(TestRunner.java:632)
	at org.testng.SuiteRunner.runTest(SuiteRunner.java:366)
	at org.testng.SuiteRunner.runSequentially(SuiteRunner.java:361)
	at org.testng.SuiteRunner.privateRun(SuiteRunner.java:319)
	at org.testng.SuiteRunner.run(SuiteRunner.java:268)
	at org.testng.SuiteRunnerWorker.runSuite(SuiteRunnerWorker.java:52)
	at org.testng.SuiteRunnerWorker.run(SuiteRunnerWorker.java:86)
	at org.testng.TestNG.runSuitesSequentially(TestNG.java:1244)
	at org.testng.TestNG.runSuitesLocally(TestNG.java:1169)
	at org.testng.TestNG.run(TestNG.java:1064)
	at org.testng.remote.AbstractRemoteTestNG.run(AbstractRemoteTestNG.java:114)
	at org.testng.remote.RemoteTestNG.initAndRun(RemoteTestNG.java:251)
	at org.testng.remote.RemoteTestNG.main(RemoteTestNG.java:77)
</stack-trace>
            </failure>
            <steps>
                <step start="1518108514833" stop="1518108514833" status="passed">
                    <name>logStep[Validating Extended Hourly page Ad TestCase Started]</name>
                    <title>Validating Extended Hourly page Ad TestCase Started</title>
                </step>
                <step start="1518108514833" stop="1518108514833" status="passed">
                    <name>logStep[kill and launch the app]</name>
                    <title>kill and launch the app</title>
                </step>
                <step start="1518108542048" stop="1518108542048" status="passed">
                    <name>logStep[Scroll the app till hourly page]</name>
                    <title>Scroll the app till hourly page</title>
                </step>
                <step start="1518108668574" stop="1518108668574" status="passed">
                    <name>logStep[Hourly page is presented on the screen]</name>
                    <title>Hourly page is presented on the screen</title>
                </step>
                <step start="1518108668658" stop="1518108668658" status="passed">
                    <name>logStep[clicked the hourly page link]</name>
                    <title>clicked the hourly page link</title>
                </step>
                <step start="1518108668658" stop="1518108668658" status="passed">
                    <name>logStep[Checking for Hourly Submodule ad]</name>
                    <title>Checking for Hourly Submodule ad</title>
                </step>
                <step start="1518108711480" stop="1518108711480" status="passed">
                    <name>logStep[Hourly submodule ad is not present]</name>
                    <title>Hourly submodule ad is not present</title>
                </step>
                <step start="1518108713995" stop="1518108713995" status="passed">
                    <name>logStep[Taking screenshot]</name>
                    <title>Taking screenshot</title>
                </step>
                <step start="1518108716452" stop="1518108716452" status="passed">
                    <name>logStep[took the failed Hourly submodule ad]</name>
                    <title>took the failed Hourly submodule ad</title>
                </step>
            </steps>
            <attachments>
                <attachment title="Screenshot on failure" source="eb732707-85f3-4023-8814-060765c3edc6-attachment.png" type="image/png"/>
            </attachments>
            <labels>
                <label name="testSuite" value="Default suite"/>
                <label name="testGroup" value="Default test"/>
                <label name="testClass" value="ANDROID_ARMS.ANDROID_ARMS.FeedAdVAlidationonUI"/>
                <label name="testMethod" value="Extended_hourly_page_Ad"/>
                <label name="host" value="Macminis-Mac-mini.local"/>
                <label name="thread" value="46055@Macminis-Mac-mini.local.main(1)"/>
            </labels>
        </test-case>
        <test-case start="1518108716458" stop="1518108716589" status="broken">
            <name>Extended_Daily_page_Ad</name>
            <title>Validating Extended Daily page Ad</title>
            <failure>
                <message>WebDriverException: An unknown server-side error occurred while processing the command. Original error: Swipe did not complete successfully (WARNING: The server did not provide any stacktrace information)
Command duration or timeout: 26 milliseconds
Build info: version: '2.51.0', revision: '1af067dbcaedd7d2ab9af5151fc471d363d97193', time: '2016-02-05 11:20:57'
System info: host: 'Macminis-Mac-mini.local', ip: '169.254.193.84', os.name: 'Mac OS X', os.arch: 'x86_64', os.version: '10.13.2', java.version: '1.8.0_151'
Driver info: io.appium.java_client.android.AndroidDriver
Capabilities [{app=/Users/macmini/eclipse-workspace/ANDROID_ARMS/APKFile/TWC_808000992_googleDebug.apk, appPackage=com.weather.Weather, appActivity=com.weather.Weather.app.SplashScreenActivity, appium-version=1.4.13, noReset=true, newCommandTimeout=100000, autoLaunch=true, platformVersion=6.0.1, automationName=UiAutomator2, platformName=Android, deviceName=Samsung S6, platform=ANY}]
Session ID: 68804967-a272-4894-b1d4-073f268a7eb7</message>
                <stack-trace>org.openqa.selenium.WebDriverException: An unknown server-side error occurred while processing the command. Original error: Swipe did not complete successfully (WARNING: The server did not provide any stacktrace information)
Command duration or timeout: 26 milliseconds
Build info: version: '2.51.0', revision: '1af067dbcaedd7d2ab9af5151fc471d363d97193', time: '2016-02-05 11:20:57'
System info: host: 'Macminis-Mac-mini.local', ip: '169.254.193.84', os.name: 'Mac OS X', os.arch: 'x86_64', os.version: '10.13.2', java.version: '1.8.0_151'
Driver info: io.appium.java_client.android.AndroidDriver
Capabilities [{app=/Users/macmini/eclipse-workspace/ANDROID_ARMS/APKFile/TWC_808000992_googleDebug.apk, appPackage=com.weather.Weather, appActivity=com.weather.Weather.app.SplashScreenActivity, appium-version=1.4.13, noReset=true, newCommandTimeout=100000, autoLaunch=true, platformVersion=6.0.1, automationName=UiAutomator2, platformName=Android, deviceName=Samsung S6, platform=ANY}]
Session ID: 68804967-a272-4894-b1d4-073f268a7eb7
	at sun.reflect.NativeConstructorAccessorImpl.newInstance0(Native Method)
	at sun.reflect.NativeConstructorAccessorImpl.newInstance(NativeConstructorAccessorImpl.java:62)
	at sun.reflect.DelegatingConstructorAccessorImpl.newInstance(DelegatingConstructorAccessorImpl.java:45)
	at java.lang.reflect.Constructor.newInstance(Constructor.java:423)
	at org.openqa.selenium.remote.ErrorHandler.createThrowable(ErrorHandler.java:206)
	at org.openqa.selenium.remote.ErrorHandler.throwIfResponseFailed(ErrorHandler.java:158)
	at org.openqa.selenium.remote.RemoteWebDriver.execute(RemoteWebDriver.java:678)
	at io.appium.java_client.DefaultGenericMobileDriver.execute(DefaultGenericMobileDriver.java:42)
	at io.appium.java_client.AppiumDriver.execute(AppiumDriver.java:1)
	at io.appium.java_client.android.AndroidDriver.execute(AndroidDriver.java:1)
	at io.appium.java_client.AppiumDriver.performTouchAction(AppiumDriver.java:297)
	at io.appium.java_client.TouchAction.perform(TouchAction.java:301)
	at io.appium.java_client.AppiumDriver.swipe(AppiumDriver.java:352)
	at twc.Automation.HandleWithApp.AppFunctions.Swipe(AppFunctions.java:832)
	at twc.Automation.HandleWithApp.AppFunctions.SwipeUp_Counter_Daily_submodule(AppFunctions.java:648)
	at ANDROID_ARMS.ANDROID_ARMS.FeedAdVAlidationonUI.Extended_Daily_page_Ad(FeedAdVAlidationonUI.java:140)
	at sun.reflect.NativeMethodAccessorImpl.invoke0(Native Method)
	at sun.reflect.NativeMethodAccessorImpl.invoke(NativeMethodAccessorImpl.java:62)
	at sun.reflect.DelegatingMethodAccessorImpl.invoke(DelegatingMethodAccessorImpl.java:43)
	at java.lang.reflect.Method.invoke(Method.java:498)
	at org.testng.internal.MethodInvocationHelper.invokeMethod(MethodInvocationHelper.java:86)
	at org.testng.internal.Invoker.invokeMethod(Invoker.java:643)
	at org.testng.internal.Invoker.invokeTestMethod(Invoker.java:820)
	at org.testng.internal.Invoker.invokeTestMethods(Invoker.java:1128)
	at org.testng.internal.TestMethodWorker.invokeTestMethods(TestMethodWorker.java:129)
	at org.testng.internal.TestMethodWorker.run(TestMethodWorker.java:112)
	at org.testng.TestRunner.privateRun(TestRunner.java:782)
	at org.testng.TestRunner.run(TestRunner.java:632)
	at org.testng.SuiteRunner.runTest(SuiteRunner.java:366)
	at org.testng.SuiteRunner.runSequentially(SuiteRunner.java:361)
	at org.testng.SuiteRunner.privateRun(SuiteRunner.java:319)
	at org.testng.SuiteRunner.run(SuiteRunner.java:268)
	at org.testng.SuiteRunnerWorker.runSuite(SuiteRunnerWorker.java:52)
	at org.testng.SuiteRunnerWorker.run(SuiteRunnerWorker.java:86)
	at org.testng.TestNG.runSuitesSequentially(TestNG.java:1244)
	at org.testng.TestNG.runSuitesLocally(TestNG.java:1169)
	at org.testng.TestNG.run(TestNG.java:1064)
	at org.testng.remote.AbstractRemoteTestNG.run(AbstractRemoteTestNG.java:114)
	at org.testng.remote.RemoteTestNG.initAndRun(RemoteTestNG.java:251)
	at org.testng.remote.RemoteTestNG.main(RemoteTestNG.java:77)
</stack-trace>
            </failure>
            <steps>
                <step start="1518108716459" stop="1518108716459" status="passed">
                    <name>logStep[Validating Extended Daily page Ad TestCase Started]</name>
                    <title>Validating Extended Daily page Ad TestCase Started</title>
                </step>
                <step start="1518108716459" stop="1518108716459" status="passed">
                    <name>logStep[Scroll the app till Daily page]</name>
                    <title>Scroll the app till Daily page</title>
                </step>
            </steps>
            <attachments/>
            <labels>
                <label name="testSuite" value="Default suite"/>
                <label name="testGroup" value="Default test"/>
                <label name="testClass" value="ANDROID_ARMS.ANDROID_ARMS.FeedAdVAlidationonUI"/>
                <label name="testMethod" value="Extended_Daily_page_Ad"/>
                <label name="host" value="Macminis-Mac-mini.local"/>
                <label name="thread" value="46055@Macminis-Mac-mini.local.main(1)"/>
            </labels>
        </test-case>
        <test-case start="1518108716458" stop="1518108716589" status="broken">
            <name>Extended_Daily_page_Ad</name>
            <title>Validating Extended Daily page Ad</title>
            <failure>
                <message>WebDriverException: An unknown server-side error occurred while processing the command. Original error: Swipe did not complete successfully (WARNING: The server did not provide any stacktrace information)
Command duration or timeout: 26 milliseconds
Build info: version: '2.51.0', revision: '1af067dbcaedd7d2ab9af5151fc471d363d97193', time: '2016-02-05 11:20:57'
System info: host: 'Macminis-Mac-mini.local', ip: '169.254.193.84', os.name: 'Mac OS X', os.arch: 'x86_64', os.version: '10.13.2', java.version: '1.8.0_151'
Driver info: io.appium.java_client.android.AndroidDriver
Capabilities [{app=/Users/macmini/eclipse-workspace/ANDROID_ARMS/APKFile/TWC_808000992_googleDebug.apk, appPackage=com.weather.Weather, appActivity=com.weather.Weather.app.SplashScreenActivity, appium-version=1.4.13, noReset=true, newCommandTimeout=100000, autoLaunch=true, platformVersion=6.0.1, automationName=UiAutomator2, platformName=Android, deviceName=Samsung S6, platform=ANY}]
Session ID: 68804967-a272-4894-b1d4-073f268a7eb7</message>
                <stack-trace>org.openqa.selenium.WebDriverException: An unknown server-side error occurred while processing the command. Original error: Swipe did not complete successfully (WARNING: The server did not provide any stacktrace information)
Command duration or timeout: 26 milliseconds
Build info: version: '2.51.0', revision: '1af067dbcaedd7d2ab9af5151fc471d363d97193', time: '2016-02-05 11:20:57'
System info: host: 'Macminis-Mac-mini.local', ip: '169.254.193.84', os.name: 'Mac OS X', os.arch: 'x86_64', os.version: '10.13.2', java.version: '1.8.0_151'
Driver info: io.appium.java_client.android.AndroidDriver
Capabilities [{app=/Users/macmini/eclipse-workspace/ANDROID_ARMS/APKFile/TWC_808000992_googleDebug.apk, appPackage=com.weather.Weather, appActivity=com.weather.Weather.app.SplashScreenActivity, appium-version=1.4.13, noReset=true, newCommandTimeout=100000, autoLaunch=true, platformVersion=6.0.1, automationName=UiAutomator2, platformName=Android, deviceName=Samsung S6, platform=ANY}]
Session ID: 68804967-a272-4894-b1d4-073f268a7eb7
	at sun.reflect.NativeConstructorAccessorImpl.newInstance0(Native Method)
	at sun.reflect.NativeConstructorAccessorImpl.newInstance(NativeConstructorAccessorImpl.java:62)
	at sun.reflect.DelegatingConstructorAccessorImpl.newInstance(DelegatingConstructorAccessorImpl.java:45)
	at java.lang.reflect.Constructor.newInstance(Constructor.java:423)
	at org.openqa.selenium.remote.ErrorHandler.createThrowable(ErrorHandler.java:206)
	at org.openqa.selenium.remote.ErrorHandler.throwIfResponseFailed(ErrorHandler.java:158)
	at org.openqa.selenium.remote.RemoteWebDriver.execute(RemoteWebDriver.java:678)
	at io.appium.java_client.DefaultGenericMobileDriver.execute(DefaultGenericMobileDriver.java:42)
	at io.appium.java_client.AppiumDriver.execute(AppiumDriver.java:1)
	at io.appium.java_client.android.AndroidDriver.execute(AndroidDriver.java:1)
	at io.appium.java_client.AppiumDriver.performTouchAction(AppiumDriver.java:297)
	at io.appium.java_client.TouchAction.perform(TouchAction.java:301)
	at io.appium.java_client.AppiumDriver.swipe(AppiumDriver.java:352)
	at twc.Automation.HandleWithApp.AppFunctions.Swipe(AppFunctions.java:832)
	at twc.Automation.HandleWithApp.AppFunctions.SwipeUp_Counter_Daily_submodule(AppFunctions.java:648)
	at ANDROID_ARMS.ANDROID_ARMS.FeedAdVAlidationonUI.Extended_Daily_page_Ad(FeedAdVAlidationonUI.java:140)
	at sun.reflect.NativeMethodAccessorImpl.invoke0(Native Method)
	at sun.reflect.NativeMethodAccessorImpl.invoke(NativeMethodAccessorImpl.java:62)
	at sun.reflect.DelegatingMethodAccessorImpl.invoke(DelegatingMethodAccessorImpl.java:43)
	at java.lang.reflect.Method.invoke(Method.java:498)
	at org.testng.internal.MethodInvocationHelper.invokeMethod(MethodInvocationHelper.java:86)
	at org.testng.internal.Invoker.invokeMethod(Invoker.java:643)
	at org.testng.internal.Invoker.invokeTestMethod(Invoker.java:820)
	at org.testng.internal.Invoker.invokeTestMethods(Invoker.java:1128)
	at org.testng.internal.TestMethodWorker.invokeTestMethods(TestMethodWorker.java:129)
	at org.testng.internal.TestMethodWorker.run(TestMethodWorker.java:112)
	at org.testng.TestRunner.privateRun(TestRunner.java:782)
	at org.testng.TestRunner.run(TestRunner.java:632)
	at org.testng.SuiteRunner.runTest(SuiteRunner.java:366)
	at org.testng.SuiteRunner.runSequentially(SuiteRunner.java:361)
	at org.testng.SuiteRunner.privateRun(SuiteRunner.java:319)
	at org.testng.SuiteRunner.run(SuiteRunner.java:268)
	at org.testng.SuiteRunnerWorker.runSuite(SuiteRunnerWorker.java:52)
	at org.testng.SuiteRunnerWorker.run(SuiteRunnerWorker.java:86)
	at org.testng.TestNG.runSuitesSequentially(TestNG.java:1244)
	at org.testng.TestNG.runSuitesLocally(TestNG.java:1169)
	at org.testng.TestNG.run(TestNG.java:1064)
	at org.testng.remote.AbstractRemoteTestNG.run(AbstractRemoteTestNG.java:114)
	at org.testng.remote.RemoteTestNG.initAndRun(RemoteTestNG.java:251)
	at org.testng.remote.RemoteTestNG.main(RemoteTestNG.java:77)
</stack-trace>
            </failure>
            <steps>
                <step start="1518108716459" stop="1518108716459" status="passed">
                    <name>logStep[Validating Extended Daily page Ad TestCase Started]</name>
                    <title>Validating Extended Daily page Ad TestCase Started</title>
                </step>
                <step start="1518108716459" stop="1518108716459" status="passed">
                    <name>logStep[Scroll the app till Daily page]</name>
                    <title>Scroll the app till Daily page</title>
                </step>
            </steps>
            <attachments/>
            <labels>
                <label name="testSuite" value="Default suite"/>
                <label name="testGroup" value="Default test"/>
                <label name="testClass" value="ANDROID_ARMS.ANDROID_ARMS.FeedAdVAlidationonUI"/>
                <label name="testMethod" value="Extended_Daily_page_Ad"/>
                <label name="host" value="Macminis-Mac-mini.local"/>
                <label name="thread" value="46055@Macminis-Mac-mini.local.main(1)"/>
            </labels>
        </test-case>
        <test-case start="1518108716593" stop="1518108979922" status="failed">
            <name>Extended_Maps_Radar_page_Ad</name>
            <title>Validating Extended Maps&amp;Radar page Ad</title>
            <failure>
                <message>AssertionError: Maps submodule ad is not  present</message>
                <stack-trace>java.lang.AssertionError: Maps submodule ad is not  present
	at org.testng.Assert.fail(Assert.java:94)
	at twc.Automation.HandleWithAppium.AppiumFunctions.Check_submodules_Maps_ad(AppiumFunctions.java:633)
	at twc.Automation.HandleWithApp.AppFunctions.SwipeUp_Counter_Maps_submodule(AppFunctions.java:694)
	at ANDROID_ARMS.ANDROID_ARMS.FeedAdVAlidationonUI.Extended_Maps_Radar_page_Ad(FeedAdVAlidationonUI.java:152)
	at sun.reflect.NativeMethodAccessorImpl.invoke0(Native Method)
	at sun.reflect.NativeMethodAccessorImpl.invoke(NativeMethodAccessorImpl.java:62)
	at sun.reflect.DelegatingMethodAccessorImpl.invoke(DelegatingMethodAccessorImpl.java:43)
	at java.lang.reflect.Method.invoke(Method.java:498)
	at org.testng.internal.MethodInvocationHelper.invokeMethod(MethodInvocationHelper.java:86)
	at org.testng.internal.Invoker.invokeMethod(Invoker.java:643)
	at org.testng.internal.Invoker.invokeTestMethod(Invoker.java:820)
	at org.testng.internal.Invoker.invokeTestMethods(Invoker.java:1128)
	at org.testng.internal.TestMethodWorker.invokeTestMethods(TestMethodWorker.java:129)
	at org.testng.internal.TestMethodWorker.run(TestMethodWorker.java:112)
	at org.testng.TestRunner.privateRun(TestRunner.java:782)
	at org.testng.TestRunner.run(TestRunner.java:632)
	at org.testng.SuiteRunner.runTest(SuiteRunner.java:366)
	at org.testng.SuiteRunner.runSequentially(SuiteRunner.java:361)
	at org.testng.SuiteRunner.privateRun(SuiteRunner.java:319)
	at org.testng.SuiteRunner.run(SuiteRunner.java:268)
	at org.testng.SuiteRunnerWorker.runSuite(SuiteRunnerWorker.java:52)
	at org.testng.SuiteRunnerWorker.run(SuiteRunnerWorker.java:86)
	at org.testng.TestNG.runSuitesSequentially(TestNG.java:1244)
	at org.testng.TestNG.runSuitesLocally(TestNG.java:1169)
	at org.testng.TestNG.run(TestNG.java:1064)
	at org.testng.remote.AbstractRemoteTestNG.run(AbstractRemoteTestNG.java:114)
	at org.testng.remote.RemoteTestNG.initAndRun(RemoteTestNG.java:251)
	at org.testng.remote.RemoteTestNG.main(RemoteTestNG.java:77)
</stack-trace>
            </failure>
            <steps>
                <step start="1518108716594" stop="1518108716594" status="passed">
                    <name>logStep[Validating Extended Maps&amp;Radar page Ad TestCase Started]</name>
                    <title>Validating Extended Maps&amp;Radar page Ad TestCase Started</title>
                </step>
                <step start="1518108716594" stop="1518108716594" status="passed">
                    <name>logStep[Scroll the app till Maps page]</name>
                    <title>Scroll the app till Maps page</title>
                </step>
                <step start="1518108931490" stop="1518108931490" status="passed">
                    <name>logStep[Maps page is presented on the screen]</name>
                    <title>Maps page is presented on the screen</title>
                </step>
                <step start="1518108931572" stop="1518108931572" status="passed">
                    <name>logStep[clicked the Daily page link]</name>
                    <title>clicked the Daily page link</title>
                </step>
                <step start="1518108931572" stop="1518108931572" status="passed">
                    <name>logStep[Checking for Maps Submodule ad]</name>
                    <title>Checking for Maps Submodule ad</title>
                </step>
                <step start="1518108974386" stop="1518108974386" status="passed">
                    <name>logStep[Maps page ad is not presented on the screen]</name>
                    <title>Maps page ad is not presented on the screen</title>
                </step>
                <step start="1518108977265" stop="1518108977265" status="passed">
                    <name>logStep[Taking screenshot]</name>
                    <title>Taking screenshot</title>
                </step>
                <step start="1518108979921" stop="1518108979921" status="passed">
                    <name>logStep[took the failed submoduleAd_Maps screenshot]</name>
                    <title>took the failed submoduleAd_Maps screenshot</title>
                </step>
            </steps>
            <attachments>
                <attachment title="Screenshot on failure" source="8a9d52d0-9d9b-4dde-8118-83f41696fab6-attachment.png" type="image/png"/>
            </attachments>
            <labels>
                <label name="testSuite" value="Default suite"/>
                <label name="testGroup" value="Default test"/>
                <label name="testClass" value="ANDROID_ARMS.ANDROID_ARMS.FeedAdVAlidationonUI"/>
                <label name="testMethod" value="Extended_Maps_Radar_page_Ad"/>
                <label name="host" value="Macminis-Mac-mini.local"/>
                <label name="thread" value="46055@Macminis-Mac-mini.local.main(1)"/>
            </labels>
        </test-case>
        <test-case start="1518108716593" stop="1518108979922" status="failed">
            <name>Extended_Maps_Radar_page_Ad</name>
            <title>Validating Extended Maps&amp;Radar page Ad</title>
            <failure>
                <message>AssertionError: Maps submodule ad is not  present</message>
                <stack-trace>java.lang.AssertionError: Maps submodule ad is not  present
	at org.testng.Assert.fail(Assert.java:94)
	at twc.Automation.HandleWithAppium.AppiumFunctions.Check_submodules_Maps_ad(AppiumFunctions.java:633)
	at twc.Automation.HandleWithApp.AppFunctions.SwipeUp_Counter_Maps_submodule(AppFunctions.java:694)
	at ANDROID_ARMS.ANDROID_ARMS.FeedAdVAlidationonUI.Extended_Maps_Radar_page_Ad(FeedAdVAlidationonUI.java:152)
	at sun.reflect.NativeMethodAccessorImpl.invoke0(Native Method)
	at sun.reflect.NativeMethodAccessorImpl.invoke(NativeMethodAccessorImpl.java:62)
	at sun.reflect.DelegatingMethodAccessorImpl.invoke(DelegatingMethodAccessorImpl.java:43)
	at java.lang.reflect.Method.invoke(Method.java:498)
	at org.testng.internal.MethodInvocationHelper.invokeMethod(MethodInvocationHelper.java:86)
	at org.testng.internal.Invoker.invokeMethod(Invoker.java:643)
	at org.testng.internal.Invoker.invokeTestMethod(Invoker.java:820)
	at org.testng.internal.Invoker.invokeTestMethods(Invoker.java:1128)
	at org.testng.internal.TestMethodWorker.invokeTestMethods(TestMethodWorker.java:129)
	at org.testng.internal.TestMethodWorker.run(TestMethodWorker.java:112)
	at org.testng.TestRunner.privateRun(TestRunner.java:782)
	at org.testng.TestRunner.run(TestRunner.java:632)
	at org.testng.SuiteRunner.runTest(SuiteRunner.java:366)
	at org.testng.SuiteRunner.runSequentially(SuiteRunner.java:361)
	at org.testng.SuiteRunner.privateRun(SuiteRunner.java:319)
	at org.testng.SuiteRunner.run(SuiteRunner.java:268)
	at org.testng.SuiteRunnerWorker.runSuite(SuiteRunnerWorker.java:52)
	at org.testng.SuiteRunnerWorker.run(SuiteRunnerWorker.java:86)
	at org.testng.TestNG.runSuitesSequentially(TestNG.java:1244)
	at org.testng.TestNG.runSuitesLocally(TestNG.java:1169)
	at org.testng.TestNG.run(TestNG.java:1064)
	at org.testng.remote.AbstractRemoteTestNG.run(AbstractRemoteTestNG.java:114)
	at org.testng.remote.RemoteTestNG.initAndRun(RemoteTestNG.java:251)
	at org.testng.remote.RemoteTestNG.main(RemoteTestNG.java:77)
</stack-trace>
            </failure>
            <steps>
                <step start="1518108716594" stop="1518108716594" status="passed">
                    <name>logStep[Validating Extended Maps&amp;Radar page Ad TestCase Started]</name>
                    <title>Validating Extended Maps&amp;Radar page Ad TestCase Started</title>
                </step>
                <step start="1518108716594" stop="1518108716594" status="passed">
                    <name>logStep[Scroll the app till Maps page]</name>
                    <title>Scroll the app till Maps page</title>
                </step>
                <step start="1518108931490" stop="1518108931490" status="passed">
                    <name>logStep[Maps page is presented on the screen]</name>
                    <title>Maps page is presented on the screen</title>
                </step>
                <step start="1518108931572" stop="1518108931572" status="passed">
                    <name>logStep[clicked the Daily page link]</name>
                    <title>clicked the Daily page link</title>
                </step>
                <step start="1518108931572" stop="1518108931572" status="passed">
                    <name>logStep[Checking for Maps Submodule ad]</name>
                    <title>Checking for Maps Submodule ad</title>
                </step>
                <step start="1518108974386" stop="1518108974386" status="passed">
                    <name>logStep[Maps page ad is not presented on the screen]</name>
                    <title>Maps page ad is not presented on the screen</title>
                </step>
                <step start="1518108977265" stop="1518108977265" status="passed">
                    <name>logStep[Taking screenshot]</name>
                    <title>Taking screenshot</title>
                </step>
                <step start="1518108979921" stop="1518108979921" status="passed">
                    <name>logStep[took the failed submoduleAd_Maps screenshot]</name>
                    <title>took the failed submoduleAd_Maps screenshot</title>
                </step>
            </steps>
            <attachments>
                <attachment title="Screenshot on failure" source="8a9d52d0-9d9b-4dde-8118-83f41696fab6-attachment.png" type="image/png"/>
            </attachments>
            <labels>
                <label name="testSuite" value="Default suite"/>
                <label name="testGroup" value="Default test"/>
                <label name="testClass" value="ANDROID_ARMS.ANDROID_ARMS.FeedAdVAlidationonUI"/>
                <label name="testMethod" value="Extended_Maps_Radar_page_Ad"/>
                <label name="host" value="Macminis-Mac-mini.local"/>
                <label name="thread" value="46055@Macminis-Mac-mini.local.main(1)"/>
            </labels>
        </test-case>
        <test-case start="1518108979927" stop="1518108979989" status="broken">
            <name>Extended_News_page_Ad</name>
            <title>Validating Extended News page Ad</title>
            <failure>
                <message>WebDriverException: An unknown server-side error occurred while processing the command. Original error: Swipe did not complete successfully (WARNING: The server did not provide any stacktrace information)
Command duration or timeout: 36 milliseconds
Build info: version: '2.51.0', revision: '1af067dbcaedd7d2ab9af5151fc471d363d97193', time: '2016-02-05 11:20:57'
System info: host: 'Macminis-Mac-mini.local', ip: '169.254.193.84', os.name: 'Mac OS X', os.arch: 'x86_64', os.version: '10.13.2', java.version: '1.8.0_151'
Driver info: io.appium.java_client.android.AndroidDriver
Capabilities [{app=/Users/macmini/eclipse-workspace/ANDROID_ARMS/APKFile/TWC_808000992_googleDebug.apk, appPackage=com.weather.Weather, appActivity=com.weather.Weather.app.SplashScreenActivity, appium-version=1.4.13, noReset=true, newCommandTimeout=100000, autoLaunch=true, platformVersion=6.0.1, automationName=UiAutomator2, platformName=Android, deviceName=Samsung S6, platform=ANY}]
Session ID: 68804967-a272-4894-b1d4-073f268a7eb7</message>
                <stack-trace>org.openqa.selenium.WebDriverException: An unknown server-side error occurred while processing the command. Original error: Swipe did not complete successfully (WARNING: The server did not provide any stacktrace information)
Command duration or timeout: 36 milliseconds
Build info: version: '2.51.0', revision: '1af067dbcaedd7d2ab9af5151fc471d363d97193', time: '2016-02-05 11:20:57'
System info: host: 'Macminis-Mac-mini.local', ip: '169.254.193.84', os.name: 'Mac OS X', os.arch: 'x86_64', os.version: '10.13.2', java.version: '1.8.0_151'
Driver info: io.appium.java_client.android.AndroidDriver
Capabilities [{app=/Users/macmini/eclipse-workspace/ANDROID_ARMS/APKFile/TWC_808000992_googleDebug.apk, appPackage=com.weather.Weather, appActivity=com.weather.Weather.app.SplashScreenActivity, appium-version=1.4.13, noReset=true, newCommandTimeout=100000, autoLaunch=true, platformVersion=6.0.1, automationName=UiAutomator2, platformName=Android, deviceName=Samsung S6, platform=ANY}]
Session ID: 68804967-a272-4894-b1d4-073f268a7eb7
	at sun.reflect.NativeConstructorAccessorImpl.newInstance0(Native Method)
	at sun.reflect.NativeConstructorAccessorImpl.newInstance(NativeConstructorAccessorImpl.java:62)
	at sun.reflect.DelegatingConstructorAccessorImpl.newInstance(DelegatingConstructorAccessorImpl.java:45)
	at java.lang.reflect.Constructor.newInstance(Constructor.java:423)
	at org.openqa.selenium.remote.ErrorHandler.createThrowable(ErrorHandler.java:206)
	at org.openqa.selenium.remote.ErrorHandler.throwIfResponseFailed(ErrorHandler.java:158)
	at org.openqa.selenium.remote.RemoteWebDriver.execute(RemoteWebDriver.java:678)
	at io.appium.java_client.DefaultGenericMobileDriver.execute(DefaultGenericMobileDriver.java:42)
	at io.appium.java_client.AppiumDriver.execute(AppiumDriver.java:1)
	at io.appium.java_client.android.AndroidDriver.execute(AndroidDriver.java:1)
	at io.appium.java_client.AppiumDriver.performTouchAction(AppiumDriver.java:297)
	at io.appium.java_client.TouchAction.perform(TouchAction.java:301)
	at io.appium.java_client.AppiumDriver.swipe(AppiumDriver.java:352)
	at twc.Automation.HandleWithApp.AppFunctions.Swipe(AppFunctions.java:832)
	at twc.Automation.HandleWithApp.AppFunctions.SwipeUp_Counter_news_submodules(AppFunctions.java:1661)
	at ANDROID_ARMS.ANDROID_ARMS.FeedAdVAlidationonUI.Extended_News_page_Ad(FeedAdVAlidationonUI.java:164)
	at sun.reflect.NativeMethodAccessorImpl.invoke0(Native Method)
	at sun.reflect.NativeMethodAccessorImpl.invoke(NativeMethodAccessorImpl.java:62)
	at sun.reflect.DelegatingMethodAccessorImpl.invoke(DelegatingMethodAccessorImpl.java:43)
	at java.lang.reflect.Method.invoke(Method.java:498)
	at org.testng.internal.MethodInvocationHelper.invokeMethod(MethodInvocationHelper.java:86)
	at org.testng.internal.Invoker.invokeMethod(Invoker.java:643)
	at org.testng.internal.Invoker.invokeTestMethod(Invoker.java:820)
	at org.testng.internal.Invoker.invokeTestMethods(Invoker.java:1128)
	at org.testng.internal.TestMethodWorker.invokeTestMethods(TestMethodWorker.java:129)
	at org.testng.internal.TestMethodWorker.run(TestMethodWorker.java:112)
	at org.testng.TestRunner.privateRun(TestRunner.java:782)
	at org.testng.TestRunner.run(TestRunner.java:632)
	at org.testng.SuiteRunner.runTest(SuiteRunner.java:366)
	at org.testng.SuiteRunner.runSequentially(SuiteRunner.java:361)
	at org.testng.SuiteRunner.privateRun(SuiteRunner.java:319)
	at org.testng.SuiteRunner.run(SuiteRunner.java:268)
	at org.testng.SuiteRunnerWorker.runSuite(SuiteRunnerWorker.java:52)
	at org.testng.SuiteRunnerWorker.run(SuiteRunnerWorker.java:86)
	at org.testng.TestNG.runSuitesSequentially(TestNG.java:1244)
	at org.testng.TestNG.runSuitesLocally(TestNG.java:1169)
	at org.testng.TestNG.run(TestNG.java:1064)
	at org.testng.remote.AbstractRemoteTestNG.run(AbstractRemoteTestNG.java:114)
	at org.testng.remote.RemoteTestNG.initAndRun(RemoteTestNG.java:251)
	at org.testng.remote.RemoteTestNG.main(RemoteTestNG.java:77)
</stack-trace>
            </failure>
            <steps>
                <step start="1518108979928" stop="1518108979928" status="passed">
                    <name>logStep[Validating Extended News page Ad TestCase Started]</name>
                    <title>Validating Extended News page Ad TestCase Started</title>
                </step>
                <step start="1518108979929" stop="1518108979929" status="passed">
                    <name>logStep[Scroll the app to news Module]</name>
                    <title>Scroll the app to news Module</title>
                </step>
            </steps>
            <attachments/>
            <labels>
                <label name="testSuite" value="Default suite"/>
                <label name="testGroup" value="Default test"/>
                <label name="testClass" value="ANDROID_ARMS.ANDROID_ARMS.FeedAdVAlidationonUI"/>
                <label name="testMethod" value="Extended_News_page_Ad"/>
                <label name="host" value="Macminis-Mac-mini.local"/>
                <label name="thread" value="46055@Macminis-Mac-mini.local.main(1)"/>
            </labels>
        </test-case>
        <test-case start="1518108979927" stop="1518108979989" status="broken">
            <name>Extended_News_page_Ad</name>
            <title>Validating Extended News page Ad</title>
            <failure>
                <message>WebDriverException: An unknown server-side error occurred while processing the command. Original error: Swipe did not complete successfully (WARNING: The server did not provide any stacktrace information)
Command duration or timeout: 36 milliseconds
Build info: version: '2.51.0', revision: '1af067dbcaedd7d2ab9af5151fc471d363d97193', time: '2016-02-05 11:20:57'
System info: host: 'Macminis-Mac-mini.local', ip: '169.254.193.84', os.name: 'Mac OS X', os.arch: 'x86_64', os.version: '10.13.2', java.version: '1.8.0_151'
Driver info: io.appium.java_client.android.AndroidDriver
Capabilities [{app=/Users/macmini/eclipse-workspace/ANDROID_ARMS/APKFile/TWC_808000992_googleDebug.apk, appPackage=com.weather.Weather, appActivity=com.weather.Weather.app.SplashScreenActivity, appium-version=1.4.13, noReset=true, newCommandTimeout=100000, autoLaunch=true, platformVersion=6.0.1, automationName=UiAutomator2, platformName=Android, deviceName=Samsung S6, platform=ANY}]
Session ID: 68804967-a272-4894-b1d4-073f268a7eb7</message>
                <stack-trace>org.openqa.selenium.WebDriverException: An unknown server-side error occurred while processing the command. Original error: Swipe did not complete successfully (WARNING: The server did not provide any stacktrace information)
Command duration or timeout: 36 milliseconds
Build info: version: '2.51.0', revision: '1af067dbcaedd7d2ab9af5151fc471d363d97193', time: '2016-02-05 11:20:57'
System info: host: 'Macminis-Mac-mini.local', ip: '169.254.193.84', os.name: 'Mac OS X', os.arch: 'x86_64', os.version: '10.13.2', java.version: '1.8.0_151'
Driver info: io.appium.java_client.android.AndroidDriver
Capabilities [{app=/Users/macmini/eclipse-workspace/ANDROID_ARMS/APKFile/TWC_808000992_googleDebug.apk, appPackage=com.weather.Weather, appActivity=com.weather.Weather.app.SplashScreenActivity, appium-version=1.4.13, noReset=true, newCommandTimeout=100000, autoLaunch=true, platformVersion=6.0.1, automationName=UiAutomator2, platformName=Android, deviceName=Samsung S6, platform=ANY}]
Session ID: 68804967-a272-4894-b1d4-073f268a7eb7
	at sun.reflect.NativeConstructorAccessorImpl.newInstance0(Native Method)
	at sun.reflect.NativeConstructorAccessorImpl.newInstance(NativeConstructorAccessorImpl.java:62)
	at sun.reflect.DelegatingConstructorAccessorImpl.newInstance(DelegatingConstructorAccessorImpl.java:45)
	at java.lang.reflect.Constructor.newInstance(Constructor.java:423)
	at org.openqa.selenium.remote.ErrorHandler.createThrowable(ErrorHandler.java:206)
	at org.openqa.selenium.remote.ErrorHandler.throwIfResponseFailed(ErrorHandler.java:158)
	at org.openqa.selenium.remote.RemoteWebDriver.execute(RemoteWebDriver.java:678)
	at io.appium.java_client.DefaultGenericMobileDriver.execute(DefaultGenericMobileDriver.java:42)
	at io.appium.java_client.AppiumDriver.execute(AppiumDriver.java:1)
	at io.appium.java_client.android.AndroidDriver.execute(AndroidDriver.java:1)
	at io.appium.java_client.AppiumDriver.performTouchAction(AppiumDriver.java:297)
	at io.appium.java_client.TouchAction.perform(TouchAction.java:301)
	at io.appium.java_client.AppiumDriver.swipe(AppiumDriver.java:352)
	at twc.Automation.HandleWithApp.AppFunctions.Swipe(AppFunctions.java:832)
	at twc.Automation.HandleWithApp.AppFunctions.SwipeUp_Counter_news_submodules(AppFunctions.java:1661)
	at ANDROID_ARMS.ANDROID_ARMS.FeedAdVAlidationonUI.Extended_News_page_Ad(FeedAdVAlidationonUI.java:164)
	at sun.reflect.NativeMethodAccessorImpl.invoke0(Native Method)
	at sun.reflect.NativeMethodAccessorImpl.invoke(NativeMethodAccessorImpl.java:62)
	at sun.reflect.DelegatingMethodAccessorImpl.invoke(DelegatingMethodAccessorImpl.java:43)
	at java.lang.reflect.Method.invoke(Method.java:498)
	at org.testng.internal.MethodInvocationHelper.invokeMethod(MethodInvocationHelper.java:86)
	at org.testng.internal.Invoker.invokeMethod(Invoker.java:643)
	at org.testng.internal.Invoker.invokeTestMethod(Invoker.java:820)
	at org.testng.internal.Invoker.invokeTestMethods(Invoker.java:1128)
	at org.testng.internal.TestMethodWorker.invokeTestMethods(TestMethodWorker.java:129)
	at org.testng.internal.TestMethodWorker.run(TestMethodWorker.java:112)
	at org.testng.TestRunner.privateRun(TestRunner.java:782)
	at org.testng.TestRunner.run(TestRunner.java:632)
	at org.testng.SuiteRunner.runTest(SuiteRunner.java:366)
	at org.testng.SuiteRunner.runSequentially(SuiteRunner.java:361)
	at org.testng.SuiteRunner.privateRun(SuiteRunner.java:319)
	at org.testng.SuiteRunner.run(SuiteRunner.java:268)
	at org.testng.SuiteRunnerWorker.runSuite(SuiteRunnerWorker.java:52)
	at org.testng.SuiteRunnerWorker.run(SuiteRunnerWorker.java:86)
	at org.testng.TestNG.runSuitesSequentially(TestNG.java:1244)
	at org.testng.TestNG.runSuitesLocally(TestNG.java:1169)
	at org.testng.TestNG.run(TestNG.java:1064)
	at org.testng.remote.AbstractRemoteTestNG.run(AbstractRemoteTestNG.java:114)
	at org.testng.remote.RemoteTestNG.initAndRun(RemoteTestNG.java:251)
	at org.testng.remote.RemoteTestNG.main(RemoteTestNG.java:77)
</stack-trace>
            </failure>
            <steps>
                <step start="1518108979928" stop="1518108979928" status="passed">
                    <name>logStep[Validating Extended News page Ad TestCase Started]</name>
                    <title>Validating Extended News page Ad TestCase Started</title>
                </step>
                <step start="1518108979929" stop="1518108979929" status="passed">
                    <name>logStep[Scroll the app to news Module]</name>
                    <title>Scroll the app to news Module</title>
                </step>
            </steps>
            <attachments/>
            <labels>
                <label name="testSuite" value="Default suite"/>
                <label name="testGroup" value="Default test"/>
                <label name="testClass" value="ANDROID_ARMS.ANDROID_ARMS.FeedAdVAlidationonUI"/>
                <label name="testMethod" value="Extended_News_page_Ad"/>
                <label name="host" value="Macminis-Mac-mini.local"/>
                <label name="thread" value="46055@Macminis-Mac-mini.local.main(1)"/>
            </labels>
        </test-case>
        <test-case start="1518108981023" stop="1518108981024" status="broken">
            <name>End_Test</name>
            <description>@AfterTest</description>
            <failure>
                <message>UnreachableBrowserException: Error communicating with the remote browser. It may have died.
Build info: version: '2.51.0', revision: '1af067dbcaedd7d2ab9af5151fc471d363d97193', time: '2016-02-05 11:20:57'
System info: host: 'Macminis-Mac-mini.local', ip: '169.254.193.84', os.name: 'Mac OS X', os.arch: 'x86_64', os.version: '10.13.2', java.version: '1.8.0_151'
Driver info: driver.version: RemoteWebDriver
Capabilities [{applicationCacheEnabled=true, rotatable=false, handlesAlerts=true, databaseEnabled=true, version=43.0, platform=MAC, nativeEvents=false, acceptSslCerts=true, webStorageEnabled=true, locationContextEnabled=true, browserName=firefox, takesScreenshot=true, javascriptEnabled=true, cssSelectorsEnabled=true}]
Session ID: 2a09c352-b37e-1047-a2af-2bef82d2cd8d</message>
                <stack-trace>org.openqa.selenium.remote.UnreachableBrowserException: Error communicating with the remote browser. It may have died.
Build info: version: '2.51.0', revision: '1af067dbcaedd7d2ab9af5151fc471d363d97193', time: '2016-02-05 11:20:57'
System info: host: 'Macminis-Mac-mini.local', ip: '169.254.193.84', os.name: 'Mac OS X', os.arch: 'x86_64', os.version: '10.13.2', java.version: '1.8.0_151'
Driver info: driver.version: RemoteWebDriver
Capabilities [{applicationCacheEnabled=true, rotatable=false, handlesAlerts=true, databaseEnabled=true, version=43.0, platform=MAC, nativeEvents=false, acceptSslCerts=true, webStorageEnabled=true, locationContextEnabled=true, browserName=firefox, takesScreenshot=true, javascriptEnabled=true, cssSelectorsEnabled=true}]
Session ID: 2a09c352-b37e-1047-a2af-2bef82d2cd8d
	at org.openqa.selenium.remote.RemoteWebDriver.execute(RemoteWebDriver.java:665)
	at org.openqa.selenium.remote.RemoteWebDriver.findElement(RemoteWebDriver.java:363)
	at org.openqa.selenium.remote.RemoteWebDriver.findElementByLinkText(RemoteWebDriver.java:428)
	at org.openqa.selenium.By$ByLinkText.findElement(By.java:246)
	at org.openqa.selenium.remote.RemoteWebDriver.findElement(RemoteWebDriver.java:355)
	at twc.Automation.HandleWithCharles.CharlesFunctions.StopExportSessionXMLFile(CharlesFunctions.java:318)
	at ANDROID_ARMS.ANDROID_ARMS.FeedAdVAlidationonUI.End_Test(FeedAdVAlidationonUI.java:240)
	at sun.reflect.NativeMethodAccessorImpl.invoke0(Native Method)
	at sun.reflect.NativeMethodAccessorImpl.invoke(NativeMethodAccessorImpl.java:62)
	at sun.reflect.DelegatingMethodAccessorImpl.invoke(DelegatingMethodAccessorImpl.java:43)
	at java.lang.reflect.Method.invoke(Method.java:498)
	at org.testng.internal.MethodInvocationHelper.invokeMethod(MethodInvocationHelper.java:86)
	at org.testng.internal.Invoker.invokeConfigurationMethod(Invoker.java:514)
	at org.testng.internal.Invoker.invokeConfigurations(Invoker.java:215)
	at org.testng.internal.Invoker.invokeConfigurations(Invoker.java:142)
	at org.testng.TestRunner.afterRun(TestRunner.java:1012)
	at org.testng.TestRunner.run(TestRunner.java:636)
	at org.testng.SuiteRunner.runTest(SuiteRunner.java:366)
	at org.testng.SuiteRunner.runSequentially(SuiteRunner.java:361)
	at org.testng.SuiteRunner.privateRun(SuiteRunner.java:319)
	at org.testng.SuiteRunner.run(SuiteRunner.java:268)
	at org.testng.SuiteRunnerWorker.runSuite(SuiteRunnerWorker.java:52)
	at org.testng.SuiteRunnerWorker.run(SuiteRunnerWorker.java:86)
	at org.testng.TestNG.runSuitesSequentially(TestNG.java:1244)
	at org.testng.TestNG.runSuitesLocally(TestNG.java:1169)
	at org.testng.TestNG.run(TestNG.java:1064)
	at org.testng.remote.AbstractRemoteTestNG.run(AbstractRemoteTestNG.java:114)
	at org.testng.remote.RemoteTestNG.initAndRun(RemoteTestNG.java:251)
	at org.testng.remote.RemoteTestNG.main(RemoteTestNG.java:77)
Caused by: org.apache.http.conn.HttpHostConnectException: Connect to 127.0.0.1:7060 [/127.0.0.1] failed: Connection refused (Connection refused)
	at org.apache.http.impl.conn.HttpClientConnectionOperator.connect(HttpClientConnectionOperator.java:140)
	at org.apache.http.impl.conn.PoolingHttpClientConnectionManager.connect(PoolingHttpClientConnectionManager.java:314)
	at org.apache.http.impl.execchain.MainClientExec.establishRoute(MainClientExec.java:363)
	at org.apache.http.impl.execchain.MainClientExec.execute(MainClientExec.java:219)
	at org.apache.http.impl.execchain.ProtocolExec.execute(ProtocolExec.java:195)
	at org.apache.http.impl.execchain.RetryExec.execute(RetryExec.java:86)
	at org.apache.http.impl.execchain.RedirectExec.execute(RedirectExec.java:108)
	at org.apache.http.impl.client.InternalHttpClient.doExecute(InternalHttpClient.java:186)
	at org.apache.http.impl.client.CloseableHttpClient.execute(CloseableHttpClient.java:72)
	at org.apache.http.impl.client.CloseableHttpClient.execute(CloseableHttpClient.java:57)
	at org.openqa.selenium.remote.internal.ApacheHttpClient.fallBackExecute(ApacheHttpClient.java:144)
	at org.openqa.selenium.remote.internal.ApacheHttpClient.execute(ApacheHttpClient.java:90)
	at org.openqa.selenium.remote.HttpCommandExecutor.execute(HttpCommandExecutor.java:142)
	at org.openqa.selenium.firefox.internal.NewProfileExtensionConnection.execute(NewProfileExtensionConnection.java:160)
	at org.openqa.selenium.firefox.FirefoxDriver$LazyCommandExecutor.execute(FirefoxDriver.java:380)
	at org.openqa.selenium.remote.RemoteWebDriver.execute(RemoteWebDriver.java:644)
	... 28 more
Caused by: java.net.ConnectException: Connection refused (Connection refused)
	at java.net.PlainSocketImpl.socketConnect(Native Method)
	at java.net.AbstractPlainSocketImpl.doConnect(AbstractPlainSocketImpl.java:350)
	at java.net.AbstractPlainSocketImpl.connectToAddress(AbstractPlainSocketImpl.java:206)
	at java.net.AbstractPlainSocketImpl.connect(AbstractPlainSocketImpl.java:188)
	at java.net.SocksSocketImpl.connect(SocksSocketImpl.java:392)
	at java.net.Socket.connect(Socket.java:589)
	at org.apache.http.conn.socket.PlainConnectionSocketFactory.connectSocket(PlainConnectionSocketFactory.java:72)
	at org.apache.http.impl.conn.HttpClientConnectionOperator.connect(HttpClientConnectionOperator.java:117)
	... 43 more
</stack-trace>
            </failure>
            <steps/>
            <attachments/>
            <labels>
                <label name="host" value="Macminis-Mac-mini.local"/>
                <label name="thread" value="46055@Macminis-Mac-mini.local.main(1)"/>
            </labels>
        </test-case>
    </test-cases>
    <labels>
        <label name="framework" value="TestNG"/>
        <label name="language" value="JAVA"/>
    </labels>
</ns2:test-suite>
