<?xml version="1.0" encoding="UTF-8" standalone="yes"?>
<ns2:test-suite start="1517338393573" stop="1517339937303" version="1.5.4" xmlns:ns2="urn:model.allure.qatools.yandex.ru">
    <name>Default suite : Default test</name>
    <title>Default suite : Default test</title>
    <test-cases>
        <test-case start="1517338572872" stop="1517338607660" status="passed">
            <name>Validating_feed1</name>
            <title>Validating feed_1 Ad call</title>
            <steps>
                <step start="1517338572910" stop="1517338572912" status="passed">
                    <name>logStep[Validating the feed_1 testcase]</name>
                    <title>Validating the feed_1 testcase</title>
                    <attachments/>
                    <steps/>
                </step>
                <step start="1517338572913" stop="1517338572913" status="passed">
                    <name>logStep[Clearing the charles session]</name>
                    <title>Clearing the charles session</title>
                    <attachments/>
                    <steps/>
                </step>
                <step start="1517338579167" stop="1517338579167" status="passed">
                    <name>logStep[Cleared the charles session]</name>
                    <title>Cleared the charles session</title>
                    <attachments/>
                    <steps/>
                </step>
                <step start="1517338579168" stop="1517338579168" status="passed">
                    <name>logStep[Wait till app was launched]</name>
                    <title>Wait till app was launched</title>
                    <attachments/>
                    <steps/>
                </step>
                <step start="1517338584174" stop="1517338584174" status="passed">
                    <name>logStep[set the location on the app]</name>
                    <title>set the location on the app</title>
                    <attachments/>
                    <steps/>
                </step>
                <step start="1517338589387" stop="1517338589387" status="passed">
                    <name>logStep[Scrolling the app to  feed_1]</name>
                    <title>Scrolling the app to  feed_1</title>
                    <attachments/>
                    <steps/>
                </step>
                <step start="1517338601906" stop="1517338601906" status="passed">
                    <name>logStep[validating the feed_1 ad]</name>
                    <title>validating the feed_1 ad</title>
                    <attachments/>
                    <steps/>
                </step>
                <step start="1517338601906" stop="1517338601906" status="passed">
                    <name>logStep[Checking for feed1 ad]</name>
                    <title>Checking for feed1 ad</title>
                    <attachments/>
                    <steps/>
                </step>
                <step start="1517338604266" stop="1517338604266" status="passed">
                    <name>logStep[feed_1 ad present]</name>
                    <title>feed_1 ad present</title>
                    <attachments/>
                    <steps/>
                </step>
                <step start="1517338607658" stop="1517338607658" status="passed">
                    <name>logStep[took the passed screenshot]</name>
                    <title>took the passed screenshot</title>
                    <attachments/>
                    <steps/>
                </step>
            </steps>
            <attachments/>
            <labels>
                <label name="testSuite" value="Default suite"/>
                <label name="testGroup" value="Default test"/>
                <label name="testClass" value="ANDROID_ARMS.ANDROID_ARMS.FeedAdVAlidationonUI"/>
                <label name="testMethod" value="Validating_feed1"/>
                <label name="host" value="Macminis-Mac-mini.local"/>
                <label name="thread" value="6713@Macminis-Mac-mini.local.main(1)"/>
            </labels>
        </test-case>
        <test-case start="1517338572872" stop="1517338607660" status="passed">
            <name>Validating_feed1</name>
            <title>Validating feed_1 Ad call</title>
            <steps>
                <step start="1517338572910" stop="1517338572912" status="passed">
                    <name>logStep[Validating the feed_1 testcase]</name>
                    <title>Validating the feed_1 testcase</title>
                    <attachments/>
                    <steps/>
                </step>
                <step start="1517338572913" stop="1517338572913" status="passed">
                    <name>logStep[Clearing the charles session]</name>
                    <title>Clearing the charles session</title>
                    <attachments/>
                    <steps/>
                </step>
                <step start="1517338579167" stop="1517338579167" status="passed">
                    <name>logStep[Cleared the charles session]</name>
                    <title>Cleared the charles session</title>
                    <attachments/>
                    <steps/>
                </step>
                <step start="1517338579168" stop="1517338579168" status="passed">
                    <name>logStep[Wait till app was launched]</name>
                    <title>Wait till app was launched</title>
                    <attachments/>
                    <steps/>
                </step>
                <step start="1517338584174" stop="1517338584174" status="passed">
                    <name>logStep[set the location on the app]</name>
                    <title>set the location on the app</title>
                    <attachments/>
                    <steps/>
                </step>
                <step start="1517338589387" stop="1517338589387" status="passed">
                    <name>logStep[Scrolling the app to  feed_1]</name>
                    <title>Scrolling the app to  feed_1</title>
                    <attachments/>
                    <steps/>
                </step>
                <step start="1517338601906" stop="1517338601906" status="passed">
                    <name>logStep[validating the feed_1 ad]</name>
                    <title>validating the feed_1 ad</title>
                    <attachments/>
                    <steps/>
                </step>
                <step start="1517338601906" stop="1517338601906" status="passed">
                    <name>logStep[Checking for feed1 ad]</name>
                    <title>Checking for feed1 ad</title>
                    <attachments/>
                    <steps/>
                </step>
                <step start="1517338604266" stop="1517338604266" status="passed">
                    <name>logStep[feed_1 ad present]</name>
                    <title>feed_1 ad present</title>
                    <attachments/>
                    <steps/>
                </step>
                <step start="1517338607658" stop="1517338607658" status="passed">
                    <name>logStep[took the passed screenshot]</name>
                    <title>took the passed screenshot</title>
                    <attachments/>
                    <steps/>
                </step>
            </steps>
            <attachments/>
            <labels>
                <label name="testSuite" value="Default suite"/>
                <label name="testGroup" value="Default test"/>
                <label name="testClass" value="ANDROID_ARMS.ANDROID_ARMS.FeedAdVAlidationonUI"/>
                <label name="testMethod" value="Validating_feed1"/>
                <label name="host" value="Macminis-Mac-mini.local"/>
                <label name="thread" value="6713@Macminis-Mac-mini.local.main(1)"/>
            </labels>
        </test-case>
        <test-case start="1517338607665" stop="1517338632814" status="passed">
            <name>Validating_feed2</name>
            <title>Validating feed_2 Ad call</title>
            <steps>
                <step start="1517338607666" stop="1517338607666" status="passed">
                    <name>logStep[Validating feed_2 Ad TestCase Started]</name>
                    <title>Validating feed_2 Ad TestCase Started</title>
                    <attachments/>
                    <steps/>
                </step>
                <step start="1517338607667" stop="1517338607667" status="passed">
                    <name>logStep[Scroll the App to feed_2 Ad]</name>
                    <title>Scroll the App to feed_2 Ad</title>
                    <attachments/>
                    <steps/>
                </step>
                <step start="1517338620132" stop="1517338620132" status="passed">
                    <name>logStep[Checking for feed2 ad]</name>
                    <title>Checking for feed2 ad</title>
                    <attachments/>
                    <steps/>
                </step>
                <step start="1517338627471" stop="1517338627471" status="passed">
                    <name>logStep[feed_2 ad present]</name>
                    <title>feed_2 ad present</title>
                    <attachments/>
                    <steps/>
                </step>
                <step start="1517338632813" stop="1517338632813" status="passed">
                    <name>logStep[took the passed screenshot]</name>
                    <title>took the passed screenshot</title>
                    <attachments/>
                    <steps/>
                </step>
            </steps>
            <attachments/>
            <labels>
                <label name="testSuite" value="Default suite"/>
                <label name="testGroup" value="Default test"/>
                <label name="testClass" value="ANDROID_ARMS.ANDROID_ARMS.FeedAdVAlidationonUI"/>
                <label name="testMethod" value="Validating_feed2"/>
                <label name="host" value="Macminis-Mac-mini.local"/>
                <label name="thread" value="6713@Macminis-Mac-mini.local.main(1)"/>
            </labels>
        </test-case>
        <test-case start="1517338607665" stop="1517338632814" status="passed">
            <name>Validating_feed2</name>
            <title>Validating feed_2 Ad call</title>
            <steps>
                <step start="1517338607666" stop="1517338607666" status="passed">
                    <name>logStep[Validating feed_2 Ad TestCase Started]</name>
                    <title>Validating feed_2 Ad TestCase Started</title>
                    <attachments/>
                    <steps/>
                </step>
                <step start="1517338607667" stop="1517338607667" status="passed">
                    <name>logStep[Scroll the App to feed_2 Ad]</name>
                    <title>Scroll the App to feed_2 Ad</title>
                    <attachments/>
                    <steps/>
                </step>
                <step start="1517338620132" stop="1517338620132" status="passed">
                    <name>logStep[Checking for feed2 ad]</name>
                    <title>Checking for feed2 ad</title>
                    <attachments/>
                    <steps/>
                </step>
                <step start="1517338627471" stop="1517338627471" status="passed">
                    <name>logStep[feed_2 ad present]</name>
                    <title>feed_2 ad present</title>
                    <attachments/>
                    <steps/>
                </step>
                <step start="1517338632813" stop="1517338632813" status="passed">
                    <name>logStep[took the passed screenshot]</name>
                    <title>took the passed screenshot</title>
                    <attachments/>
                    <steps/>
                </step>
            </steps>
            <attachments/>
            <labels>
                <label name="testSuite" value="Default suite"/>
                <label name="testGroup" value="Default test"/>
                <label name="testClass" value="ANDROID_ARMS.ANDROID_ARMS.FeedAdVAlidationonUI"/>
                <label name="testMethod" value="Validating_feed2"/>
                <label name="host" value="Macminis-Mac-mini.local"/>
                <label name="thread" value="6713@Macminis-Mac-mini.local.main(1)"/>
            </labels>
        </test-case>
        <test-case start="1517338632818" stop="1517338646204" status="passed">
            <name>Validating_feed3</name>
            <title>Validating feed_3 Ad call</title>
            <steps>
                <step start="1517338632818" stop="1517338632818" status="passed">
                    <name>logStep[Validating feed_3 Ad TestCase Started]</name>
                    <title>Validating feed_3 Ad TestCase Started</title>
                    <attachments/>
                    <steps/>
                </step>
                <step start="1517338632819" stop="1517338632819" status="passed">
                    <name>logStep[Scroll the app to feed3 ad]</name>
                    <title>Scroll the app to feed3 ad</title>
                    <attachments/>
                    <steps/>
                </step>
            </steps>
            <attachments/>
            <labels>
                <label name="testSuite" value="Default suite"/>
                <label name="testGroup" value="Default test"/>
                <label name="testClass" value="ANDROID_ARMS.ANDROID_ARMS.FeedAdVAlidationonUI"/>
                <label name="testMethod" value="Validating_feed3"/>
                <label name="host" value="Macminis-Mac-mini.local"/>
                <label name="thread" value="6713@Macminis-Mac-mini.local.main(1)"/>
            </labels>
        </test-case>
        <test-case start="1517338632818" stop="1517338646204" status="passed">
            <name>Validating_feed3</name>
            <title>Validating feed_3 Ad call</title>
            <steps>
                <step start="1517338632818" stop="1517338632818" status="passed">
                    <name>logStep[Validating feed_3 Ad TestCase Started]</name>
                    <title>Validating feed_3 Ad TestCase Started</title>
                    <attachments/>
                    <steps/>
                </step>
                <step start="1517338632819" stop="1517338632819" status="passed">
                    <name>logStep[Scroll the app to feed3 ad]</name>
                    <title>Scroll the app to feed3 ad</title>
                    <attachments/>
                    <steps/>
                </step>
            </steps>
            <attachments/>
            <labels>
                <label name="testSuite" value="Default suite"/>
                <label name="testGroup" value="Default test"/>
                <label name="testClass" value="ANDROID_ARMS.ANDROID_ARMS.FeedAdVAlidationonUI"/>
                <label name="testMethod" value="Validating_feed3"/>
                <label name="host" value="Macminis-Mac-mini.local"/>
                <label name="thread" value="6713@Macminis-Mac-mini.local.main(1)"/>
            </labels>
        </test-case>
        <test-case start="1517338646208" stop="1517338659547" status="passed">
            <name>Validating_feed4</name>
            <title>Validating feed_4 Ad call</title>
            <steps>
                <step start="1517338646209" stop="1517338646209" status="passed">
                    <name>logStep[Validating feed_4 testcase Started]</name>
                    <title>Validating feed_4 testcase Started</title>
                    <attachments/>
                    <steps/>
                </step>
                <step start="1517338646209" stop="1517338646209" status="passed">
                    <name>logStep[scroll the app to feed_4]</name>
                    <title>scroll the app to feed_4</title>
                    <attachments/>
                    <steps/>
                </step>
                <step start="1517338652455" stop="1517338652455" status="passed">
                    <name>logStep[Checking for feed4 ad]</name>
                    <title>Checking for feed4 ad</title>
                    <attachments/>
                    <steps/>
                </step>
                <step start="1517338654748" stop="1517338654748" status="passed">
                    <name>logStep[feed4 ad present]</name>
                    <title>feed4 ad present</title>
                    <attachments/>
                    <steps/>
                </step>
            </steps>
            <attachments/>
            <labels>
                <label name="testSuite" value="Default suite"/>
                <label name="testGroup" value="Default test"/>
                <label name="testClass" value="ANDROID_ARMS.ANDROID_ARMS.FeedAdVAlidationonUI"/>
                <label name="testMethod" value="Validating_feed4"/>
                <label name="host" value="Macminis-Mac-mini.local"/>
                <label name="thread" value="6713@Macminis-Mac-mini.local.main(1)"/>
            </labels>
        </test-case>
        <test-case start="1517338646208" stop="1517338659547" status="passed">
            <name>Validating_feed4</name>
            <title>Validating feed_4 Ad call</title>
            <steps>
                <step start="1517338646209" stop="1517338646209" status="passed">
                    <name>logStep[Validating feed_4 testcase Started]</name>
                    <title>Validating feed_4 testcase Started</title>
                    <attachments/>
                    <steps/>
                </step>
                <step start="1517338646209" stop="1517338646209" status="passed">
                    <name>logStep[scroll the app to feed_4]</name>
                    <title>scroll the app to feed_4</title>
                    <attachments/>
                    <steps/>
                </step>
                <step start="1517338652455" stop="1517338652455" status="passed">
                    <name>logStep[Checking for feed4 ad]</name>
                    <title>Checking for feed4 ad</title>
                    <attachments/>
                    <steps/>
                </step>
                <step start="1517338654748" stop="1517338654748" status="passed">
                    <name>logStep[feed4 ad present]</name>
                    <title>feed4 ad present</title>
                    <attachments/>
                    <steps/>
                </step>
            </steps>
            <attachments/>
            <labels>
                <label name="testSuite" value="Default suite"/>
                <label name="testGroup" value="Default test"/>
                <label name="testClass" value="ANDROID_ARMS.ANDROID_ARMS.FeedAdVAlidationonUI"/>
                <label name="testMethod" value="Validating_feed4"/>
                <label name="host" value="Macminis-Mac-mini.local"/>
                <label name="thread" value="6713@Macminis-Mac-mini.local.main(1)"/>
            </labels>
        </test-case>
        <test-case start="1517338659551" stop="1517339052494" status="failed">
            <name>Extended_hourly_page_Ad</name>
            <title>Validating Extended hourly page Ad</title>
            <failure>
                <message>AssertionError: Hourly submodule ad is not  present</message>
                <stack-trace>java.lang.AssertionError: Hourly submodule ad is not  present
	at org.testng.Assert.fail(Assert.java:94)
	at twc.Automation.HandleWithAppium.AppiumFunctions.Check_submodules_Hourly_ad(AppiumFunctions.java:566)
	at twc.Automation.HandleWithApp.AppFunctions.SwipeUp_Counter_hourly_submodules(AppFunctions.java:626)
	at ANDROID_ARMS.ANDROID_ARMS.FeedAdVAlidationonUI.Extended_hourly_page_Ad(FeedAdVAlidationonUI.java:140)
	at sun.reflect.NativeMethodAccessorImpl.invoke0(Native Method)
	at sun.reflect.NativeMethodAccessorImpl.invoke(NativeMethodAccessorImpl.java:62)
	at sun.reflect.DelegatingMethodAccessorImpl.invoke(DelegatingMethodAccessorImpl.java:43)
	at java.lang.reflect.Method.invoke(Method.java:498)
	at org.testng.internal.MethodInvocationHelper.invokeMethod(MethodInvocationHelper.java:86)
	at org.testng.internal.Invoker.invokeMethod(Invoker.java:643)
	at org.testng.internal.Invoker.invokeTestMethod(Invoker.java:820)
	at org.testng.internal.Invoker.invokeTestMethods(Invoker.java:1128)
	at org.testng.internal.TestMethodWorker.invokeTestMethods(TestMethodWorker.java:129)
	at org.testng.internal.TestMethodWorker.run(TestMethodWorker.java:112)
	at org.testng.TestRunner.privateRun(TestRunner.java:782)
	at org.testng.TestRunner.run(TestRunner.java:632)
	at org.testng.SuiteRunner.runTest(SuiteRunner.java:366)
	at org.testng.SuiteRunner.runSequentially(SuiteRunner.java:361)
	at org.testng.SuiteRunner.privateRun(SuiteRunner.java:319)
	at org.testng.SuiteRunner.run(SuiteRunner.java:268)
	at org.testng.SuiteRunnerWorker.runSuite(SuiteRunnerWorker.java:52)
	at org.testng.SuiteRunnerWorker.run(SuiteRunnerWorker.java:86)
	at org.testng.TestNG.runSuitesSequentially(TestNG.java:1244)
	at org.testng.TestNG.runSuitesLocally(TestNG.java:1169)
	at org.testng.TestNG.run(TestNG.java:1064)
	at org.testng.remote.AbstractRemoteTestNG.run(AbstractRemoteTestNG.java:114)
	at org.testng.remote.RemoteTestNG.initAndRun(RemoteTestNG.java:251)
	at org.testng.remote.RemoteTestNG.main(RemoteTestNG.java:77)
</stack-trace>
            </failure>
            <steps>
                <step start="1517338659552" stop="1517338659552" status="passed">
                    <name>logStep[Validating Extended Hourly page Ad TestCase Started]</name>
                    <title>Validating Extended Hourly page Ad TestCase Started</title>
                </step>
                <step start="1517338659552" stop="1517338659552" status="passed">
                    <name>logStep[kill and launch the app]</name>
                    <title>kill and launch the app</title>
                </step>
                <step start="1517338684395" stop="1517338684395" status="passed">
                    <name>logStep[Scroll the app till hourly page]</name>
                    <title>Scroll the app till hourly page</title>
                </step>
                <step start="1517338811148" stop="1517338811148" status="passed">
                    <name>logStep[Hourly page is presented on the screen]</name>
                    <title>Hourly page is presented on the screen</title>
                </step>
                <step start="1517338814829" stop="1517338814829" status="passed">
                    <name>logStep[clicked the hourly page link]</name>
                    <title>clicked the hourly page link</title>
                </step>
                <step start="1517338814829" stop="1517338814829" status="passed">
                    <name>logStep[Checking for Hourly Submodule ad]</name>
                    <title>Checking for Hourly Submodule ad</title>
                </step>
                <step start="1517339046243" stop="1517339046243" status="passed">
                    <name>logStep[Hourly submodule ad is not present]</name>
                    <title>Hourly submodule ad is not present</title>
                </step>
                <step start="1517339049248" stop="1517339049248" status="passed">
                    <name>logStep[Taking screenshot]</name>
                    <title>Taking screenshot</title>
                </step>
                <step start="1517339052485" stop="1517339052485" status="passed">
                    <name>logStep[took the failed Hourly submodule ad]</name>
                    <title>took the failed Hourly submodule ad</title>
                </step>
            </steps>
            <attachments>
                <attachment title="Screenshot on failure" source="bb0b3e59-0d28-41a9-8036-0f5636499c1a-attachment.png" type="image/png"/>
            </attachments>
            <labels>
                <label name="testSuite" value="Default suite"/>
                <label name="testGroup" value="Default test"/>
                <label name="testClass" value="ANDROID_ARMS.ANDROID_ARMS.FeedAdVAlidationonUI"/>
                <label name="testMethod" value="Extended_hourly_page_Ad"/>
                <label name="host" value="Macminis-Mac-mini.local"/>
                <label name="thread" value="6713@Macminis-Mac-mini.local.main(1)"/>
            </labels>
        </test-case>
        <test-case start="1517338659551" stop="1517339052494" status="failed">
            <name>Extended_hourly_page_Ad</name>
            <title>Validating Extended hourly page Ad</title>
            <failure>
                <message>AssertionError: Hourly submodule ad is not  present</message>
                <stack-trace>java.lang.AssertionError: Hourly submodule ad is not  present
	at org.testng.Assert.fail(Assert.java:94)
	at twc.Automation.HandleWithAppium.AppiumFunctions.Check_submodules_Hourly_ad(AppiumFunctions.java:566)
	at twc.Automation.HandleWithApp.AppFunctions.SwipeUp_Counter_hourly_submodules(AppFunctions.java:626)
	at ANDROID_ARMS.ANDROID_ARMS.FeedAdVAlidationonUI.Extended_hourly_page_Ad(FeedAdVAlidationonUI.java:140)
	at sun.reflect.NativeMethodAccessorImpl.invoke0(Native Method)
	at sun.reflect.NativeMethodAccessorImpl.invoke(NativeMethodAccessorImpl.java:62)
	at sun.reflect.DelegatingMethodAccessorImpl.invoke(DelegatingMethodAccessorImpl.java:43)
	at java.lang.reflect.Method.invoke(Method.java:498)
	at org.testng.internal.MethodInvocationHelper.invokeMethod(MethodInvocationHelper.java:86)
	at org.testng.internal.Invoker.invokeMethod(Invoker.java:643)
	at org.testng.internal.Invoker.invokeTestMethod(Invoker.java:820)
	at org.testng.internal.Invoker.invokeTestMethods(Invoker.java:1128)
	at org.testng.internal.TestMethodWorker.invokeTestMethods(TestMethodWorker.java:129)
	at org.testng.internal.TestMethodWorker.run(TestMethodWorker.java:112)
	at org.testng.TestRunner.privateRun(TestRunner.java:782)
	at org.testng.TestRunner.run(TestRunner.java:632)
	at org.testng.SuiteRunner.runTest(SuiteRunner.java:366)
	at org.testng.SuiteRunner.runSequentially(SuiteRunner.java:361)
	at org.testng.SuiteRunner.privateRun(SuiteRunner.java:319)
	at org.testng.SuiteRunner.run(SuiteRunner.java:268)
	at org.testng.SuiteRunnerWorker.runSuite(SuiteRunnerWorker.java:52)
	at org.testng.SuiteRunnerWorker.run(SuiteRunnerWorker.java:86)
	at org.testng.TestNG.runSuitesSequentially(TestNG.java:1244)
	at org.testng.TestNG.runSuitesLocally(TestNG.java:1169)
	at org.testng.TestNG.run(TestNG.java:1064)
	at org.testng.remote.AbstractRemoteTestNG.run(AbstractRemoteTestNG.java:114)
	at org.testng.remote.RemoteTestNG.initAndRun(RemoteTestNG.java:251)
	at org.testng.remote.RemoteTestNG.main(RemoteTestNG.java:77)
</stack-trace>
            </failure>
            <steps>
                <step start="1517338659552" stop="1517338659552" status="passed">
                    <name>logStep[Validating Extended Hourly page Ad TestCase Started]</name>
                    <title>Validating Extended Hourly page Ad TestCase Started</title>
                </step>
                <step start="1517338659552" stop="1517338659552" status="passed">
                    <name>logStep[kill and launch the app]</name>
                    <title>kill and launch the app</title>
                </step>
                <step start="1517338684395" stop="1517338684395" status="passed">
                    <name>logStep[Scroll the app till hourly page]</name>
                    <title>Scroll the app till hourly page</title>
                </step>
                <step start="1517338811148" stop="1517338811148" status="passed">
                    <name>logStep[Hourly page is presented on the screen]</name>
                    <title>Hourly page is presented on the screen</title>
                </step>
                <step start="1517338814829" stop="1517338814829" status="passed">
                    <name>logStep[clicked the hourly page link]</name>
                    <title>clicked the hourly page link</title>
                </step>
                <step start="1517338814829" stop="1517338814829" status="passed">
                    <name>logStep[Checking for Hourly Submodule ad]</name>
                    <title>Checking for Hourly Submodule ad</title>
                </step>
                <step start="1517339046243" stop="1517339046243" status="passed">
                    <name>logStep[Hourly submodule ad is not present]</name>
                    <title>Hourly submodule ad is not present</title>
                </step>
                <step start="1517339049248" stop="1517339049248" status="passed">
                    <name>logStep[Taking screenshot]</name>
                    <title>Taking screenshot</title>
                </step>
                <step start="1517339052485" stop="1517339052485" status="passed">
                    <name>logStep[took the failed Hourly submodule ad]</name>
                    <title>took the failed Hourly submodule ad</title>
                </step>
            </steps>
            <attachments>
                <attachment title="Screenshot on failure" source="bb0b3e59-0d28-41a9-8036-0f5636499c1a-attachment.png" type="image/png"/>
            </attachments>
            <labels>
                <label name="testSuite" value="Default suite"/>
                <label name="testGroup" value="Default test"/>
                <label name="testClass" value="ANDROID_ARMS.ANDROID_ARMS.FeedAdVAlidationonUI"/>
                <label name="testMethod" value="Extended_hourly_page_Ad"/>
                <label name="host" value="Macminis-Mac-mini.local"/>
                <label name="thread" value="6713@Macminis-Mac-mini.local.main(1)"/>
            </labels>
        </test-case>
        <test-case start="1517339052747" stop="1517339482039" status="passed">
            <name>Extended_Daily_page_Ad</name>
            <title>Validating Extended Daily page Ad</title>
            <steps>
                <step start="1517339052748" stop="1517339052748" status="passed">
                    <name>logStep[Validating Extended Daily page Ad TestCase Started]</name>
                    <title>Validating Extended Daily page Ad TestCase Started</title>
                    <attachments/>
                    <steps/>
                </step>
                <step start="1517339052748" stop="1517339052748" status="passed">
                    <name>logStep[Scroll the app till Daily page]</name>
                    <title>Scroll the app till Daily page</title>
                    <attachments/>
                    <steps/>
                </step>
            </steps>
            <attachments/>
            <labels>
                <label name="testSuite" value="Default suite"/>
                <label name="testGroup" value="Default test"/>
                <label name="testClass" value="ANDROID_ARMS.ANDROID_ARMS.FeedAdVAlidationonUI"/>
                <label name="testMethod" value="Extended_Daily_page_Ad"/>
                <label name="host" value="Macminis-Mac-mini.local"/>
                <label name="thread" value="6713@Macminis-Mac-mini.local.main(1)"/>
            </labels>
        </test-case>
        <test-case start="1517339052747" stop="1517339482039" status="passed">
            <name>Extended_Daily_page_Ad</name>
            <title>Validating Extended Daily page Ad</title>
            <steps>
                <step start="1517339052748" stop="1517339052748" status="passed">
                    <name>logStep[Validating Extended Daily page Ad TestCase Started]</name>
                    <title>Validating Extended Daily page Ad TestCase Started</title>
                    <attachments/>
                    <steps/>
                </step>
                <step start="1517339052748" stop="1517339052748" status="passed">
                    <name>logStep[Scroll the app till Daily page]</name>
                    <title>Scroll the app till Daily page</title>
                    <attachments/>
                    <steps/>
                </step>
            </steps>
            <attachments/>
            <labels>
                <label name="testSuite" value="Default suite"/>
                <label name="testGroup" value="Default test"/>
                <label name="testClass" value="ANDROID_ARMS.ANDROID_ARMS.FeedAdVAlidationonUI"/>
                <label name="testMethod" value="Extended_Daily_page_Ad"/>
                <label name="host" value="Macminis-Mac-mini.local"/>
                <label name="thread" value="6713@Macminis-Mac-mini.local.main(1)"/>
            </labels>
        </test-case>
        <test-case start="1517339482322" stop="1517339910989" status="passed">
            <name>Extended_Maps_Radar_page_Ad</name>
            <title>Validating Extended Maps&amp;Radar page Ad</title>
            <steps>
                <step start="1517339482322" stop="1517339482322" status="passed">
                    <name>logStep[Validating Extended Maps&amp;Radar page Ad TestCase Started]</name>
                    <title>Validating Extended Maps&amp;Radar page Ad TestCase Started</title>
                    <attachments/>
                    <steps/>
                </step>
                <step start="1517339482323" stop="1517339482323" status="passed">
                    <name>logStep[Scroll the app till Maps page]</name>
                    <title>Scroll the app till Maps page</title>
                    <attachments/>
                    <steps/>
                </step>
            </steps>
            <attachments/>
            <labels>
                <label name="testSuite" value="Default suite"/>
                <label name="testGroup" value="Default test"/>
                <label name="testClass" value="ANDROID_ARMS.ANDROID_ARMS.FeedAdVAlidationonUI"/>
                <label name="testMethod" value="Extended_Maps_Radar_page_Ad"/>
                <label name="host" value="Macminis-Mac-mini.local"/>
                <label name="thread" value="6713@Macminis-Mac-mini.local.main(1)"/>
            </labels>
        </test-case>
        <test-case start="1517339482322" stop="1517339910989" status="passed">
            <name>Extended_Maps_Radar_page_Ad</name>
            <title>Validating Extended Maps&amp;Radar page Ad</title>
            <steps>
                <step start="1517339482322" stop="1517339482322" status="passed">
                    <name>logStep[Validating Extended Maps&amp;Radar page Ad TestCase Started]</name>
                    <title>Validating Extended Maps&amp;Radar page Ad TestCase Started</title>
                    <attachments/>
                    <steps/>
                </step>
                <step start="1517339482323" stop="1517339482323" status="passed">
                    <name>logStep[Scroll the app till Maps page]</name>
                    <title>Scroll the app till Maps page</title>
                    <attachments/>
                    <steps/>
                </step>
            </steps>
            <attachments/>
            <labels>
                <label name="testSuite" value="Default suite"/>
                <label name="testGroup" value="Default test"/>
                <label name="testClass" value="ANDROID_ARMS.ANDROID_ARMS.FeedAdVAlidationonUI"/>
                <label name="testMethod" value="Extended_Maps_Radar_page_Ad"/>
                <label name="host" value="Macminis-Mac-mini.local"/>
                <label name="thread" value="6713@Macminis-Mac-mini.local.main(1)"/>
            </labels>
        </test-case>
    </test-cases>
    <labels>
        <label name="framework" value="TestNG"/>
        <label name="language" value="JAVA"/>
    </labels>
</ns2:test-suite>
