<?xml version="1.0" encoding="UTF-8" standalone="yes"?>
<ns2:test-suite start="1517821790474" stop="1517822100600" version="1.5.4" xmlns:ns2="urn:model.allure.qatools.yandex.ru">
    <name>Default suite : Default test</name>
    <title>Default suite : Default test</title>
    <test-cases>
        <test-case start="1517821975183" stop="1517822023157" status="passed">
            <name>Extended_cold_flu_page_Ad</name>
            <title>Validating Extended cold &amp; flu page Ad</title>
            <steps>
                <step start="1517822000977" stop="1517822000979" status="passed">
                    <name>logStep[Make Ads As Test From Test Mode Settings In Order To Get BB Ad Call]</name>
                    <title>Make Ads As Test From Test Mode Settings In Order To Get BB Ad Call</title>
                    <attachments/>
                    <steps/>
                </step>
                <step start="1517822000980" stop="1517822000980" status="passed">
                    <name>logStep[TestMode Settings: 1) Click On Menu Button 2) Click On Settings 3) Click On About This App 4) Click 10 Times On ...]</name>
                    <title>TestMode Settings: 1) Click On Menu Button 2) Click On Settings 3) Click On About This App 4) Click 10 Times On App Vers...</title>
                    <attachments/>
                    <steps/>
                </step>
            </steps>
            <attachments/>
            <labels>
                <label name="testSuite" value="Default suite"/>
                <label name="testGroup" value="Default test"/>
                <label name="testClass" value="ANDROID_ARMS.ANDROID_ARMS.FeedAdVAlidationonUI"/>
                <label name="testMethod" value="Extended_cold_flu_page_Ad"/>
                <label name="host" value="Macminis-Mac-mini.local"/>
                <label name="thread" value="1123@Macminis-Mac-mini.local.main(1)"/>
            </labels>
        </test-case>
        <test-case start="1517821975183" stop="1517822023157" status="passed">
            <name>Extended_cold_flu_page_Ad</name>
            <title>Validating Extended cold &amp; flu page Ad</title>
            <steps>
                <step start="1517822000977" stop="1517822000979" status="passed">
                    <name>logStep[Make Ads As Test From Test Mode Settings In Order To Get BB Ad Call]</name>
                    <title>Make Ads As Test From Test Mode Settings In Order To Get BB Ad Call</title>
                    <attachments/>
                    <steps/>
                </step>
                <step start="1517822000980" stop="1517822000980" status="passed">
                    <name>logStep[TestMode Settings: 1) Click On Menu Button 2) Click On Settings 3) Click On About This App 4) Click 10 Times On ...]</name>
                    <title>TestMode Settings: 1) Click On Menu Button 2) Click On Settings 3) Click On About This App 4) Click 10 Times On App Vers...</title>
                    <attachments/>
                    <steps/>
                </step>
            </steps>
            <attachments/>
            <labels>
                <label name="testSuite" value="Default suite"/>
                <label name="testGroup" value="Default test"/>
                <label name="testClass" value="ANDROID_ARMS.ANDROID_ARMS.FeedAdVAlidationonUI"/>
                <label name="testMethod" value="Extended_cold_flu_page_Ad"/>
                <label name="host" value="Macminis-Mac-mini.local"/>
                <label name="thread" value="1123@Macminis-Mac-mini.local.main(1)"/>
            </labels>
        </test-case>
        <test-case start="1517822023496" stop="1517822023510" status="broken">
            <name>Extended_HealthModule_page_Ad</name>
            <title>Validating Extended allergy page Ad</title>
            <failure>
                <message>InvalidSelectorException: Locator Strategy 'name' is not supported for this session (WARNING: The server did not provide any stacktrace information)
Command duration or timeout: 6 milliseconds
For documentation on this error, please visit: http://seleniumhq.org/exceptions/invalid_selector_exception.html
Build info: version: '2.51.0', revision: '1af067dbcaedd7d2ab9af5151fc471d363d97193', time: '2016-02-05 11:20:57'
System info: host: 'Macminis-Mac-mini.local', ip: '192.168.1.24', os.name: 'Mac OS X', os.arch: 'x86_64', os.version: '10.13.2', java.version: '1.8.0_151'
Driver info: io.appium.java_client.android.AndroidDriver
Capabilities [{app=/Users/macmini/eclipse-workspace/ANDROID_ARMS/APKFile/TWC_806000961_googleRelease.apk, appPackage=com.weather.Weather, appActivity=com.weather.Weather.app.SplashScreenActivity, appium-version=1.4.13, noReset=true, newCommandTimeout=100000, autoLaunch=true, platformVersion=6.0.1, automationName=UiAutomator2, platformName=Android, deviceName=Samsung S6, platform=ANY}]
Session ID: f3af3ccc-9eab-4cd8-b464-0dfe21dc7501
*** Element info: {Using=name, value=Allergy}</message>
                <stack-trace>org.openqa.selenium.InvalidSelectorException: Locator Strategy 'name' is not supported for this session (WARNING: The server did not provide any stacktrace information)
Command duration or timeout: 6 milliseconds
For documentation on this error, please visit: http://seleniumhq.org/exceptions/invalid_selector_exception.html
Build info: version: '2.51.0', revision: '1af067dbcaedd7d2ab9af5151fc471d363d97193', time: '2016-02-05 11:20:57'
System info: host: 'Macminis-Mac-mini.local', ip: '192.168.1.24', os.name: 'Mac OS X', os.arch: 'x86_64', os.version: '10.13.2', java.version: '1.8.0_151'
Driver info: io.appium.java_client.android.AndroidDriver
Capabilities [{app=/Users/macmini/eclipse-workspace/ANDROID_ARMS/APKFile/TWC_806000961_googleRelease.apk, appPackage=com.weather.Weather, appActivity=com.weather.Weather.app.SplashScreenActivity, appium-version=1.4.13, noReset=true, newCommandTimeout=100000, autoLaunch=true, platformVersion=6.0.1, automationName=UiAutomator2, platformName=Android, deviceName=Samsung S6, platform=ANY}]
Session ID: f3af3ccc-9eab-4cd8-b464-0dfe21dc7501
*** Element info: {Using=name, value=Allergy}
	at sun.reflect.NativeConstructorAccessorImpl.newInstance0(Native Method)
	at sun.reflect.NativeConstructorAccessorImpl.newInstance(NativeConstructorAccessorImpl.java:62)
	at sun.reflect.DelegatingConstructorAccessorImpl.newInstance(DelegatingConstructorAccessorImpl.java:45)
	at java.lang.reflect.Constructor.newInstance(Constructor.java:423)
	at org.openqa.selenium.remote.ErrorHandler.createThrowable(ErrorHandler.java:206)
	at org.openqa.selenium.remote.ErrorHandler.throwIfResponseFailed(ErrorHandler.java:158)
	at org.openqa.selenium.remote.RemoteWebDriver.execute(RemoteWebDriver.java:678)
	at io.appium.java_client.DefaultGenericMobileDriver.execute(DefaultGenericMobileDriver.java:42)
	at io.appium.java_client.AppiumDriver.execute(AppiumDriver.java:1)
	at io.appium.java_client.android.AndroidDriver.execute(AndroidDriver.java:1)
	at org.openqa.selenium.remote.RemoteWebDriver.findElement(RemoteWebDriver.java:363)
	at org.openqa.selenium.remote.RemoteWebDriver.findElementByName(RemoteWebDriver.java:461)
	at io.appium.java_client.DefaultGenericMobileDriver.findElementByName(DefaultGenericMobileDriver.java:102)
	at io.appium.java_client.AppiumDriver.findElementByName(AppiumDriver.java:1)
	at io.appium.java_client.android.AndroidDriver.findElementByName(AndroidDriver.java:1)
	at twc.Automation.HandleWithAppium.AppiumFunctions.clickallergy(AppiumFunctions.java:922)
	at ANDROID_ARMS.ANDROID_ARMS.FeedAdVAlidationonUI.Extended_HealthModule_page_Ad(FeedAdVAlidationonUI.java:213)
	at sun.reflect.NativeMethodAccessorImpl.invoke0(Native Method)
	at sun.reflect.NativeMethodAccessorImpl.invoke(NativeMethodAccessorImpl.java:62)
	at sun.reflect.DelegatingMethodAccessorImpl.invoke(DelegatingMethodAccessorImpl.java:43)
	at java.lang.reflect.Method.invoke(Method.java:498)
	at org.testng.internal.MethodInvocationHelper.invokeMethod(MethodInvocationHelper.java:86)
	at org.testng.internal.Invoker.invokeMethod(Invoker.java:643)
	at org.testng.internal.Invoker.invokeTestMethod(Invoker.java:820)
	at org.testng.internal.Invoker.invokeTestMethods(Invoker.java:1128)
	at org.testng.internal.TestMethodWorker.invokeTestMethods(TestMethodWorker.java:129)
	at org.testng.internal.TestMethodWorker.run(TestMethodWorker.java:112)
	at org.testng.TestRunner.privateRun(TestRunner.java:782)
	at org.testng.TestRunner.run(TestRunner.java:632)
	at org.testng.SuiteRunner.runTest(SuiteRunner.java:366)
	at org.testng.SuiteRunner.runSequentially(SuiteRunner.java:361)
	at org.testng.SuiteRunner.privateRun(SuiteRunner.java:319)
	at org.testng.SuiteRunner.run(SuiteRunner.java:268)
	at org.testng.SuiteRunnerWorker.runSuite(SuiteRunnerWorker.java:52)
	at org.testng.SuiteRunnerWorker.run(SuiteRunnerWorker.java:86)
	at org.testng.TestNG.runSuitesSequentially(TestNG.java:1244)
	at org.testng.TestNG.runSuitesLocally(TestNG.java:1169)
	at org.testng.TestNG.run(TestNG.java:1064)
	at org.testng.remote.AbstractRemoteTestNG.run(AbstractRemoteTestNG.java:114)
	at org.testng.remote.RemoteTestNG.initAndRun(RemoteTestNG.java:251)
	at org.testng.remote.RemoteTestNG.main(RemoteTestNG.java:77)
</stack-trace>
            </failure>
            <steps/>
            <attachments/>
            <labels>
                <label name="testSuite" value="Default suite"/>
                <label name="testGroup" value="Default test"/>
                <label name="testClass" value="ANDROID_ARMS.ANDROID_ARMS.FeedAdVAlidationonUI"/>
                <label name="testMethod" value="Extended_HealthModule_page_Ad"/>
                <label name="host" value="Macminis-Mac-mini.local"/>
                <label name="thread" value="1123@Macminis-Mac-mini.local.main(1)"/>
            </labels>
        </test-case>
        <test-case start="1517822023496" stop="1517822023510" status="broken">
            <name>Extended_HealthModule_page_Ad</name>
            <title>Validating Extended allergy page Ad</title>
            <failure>
                <message>InvalidSelectorException: Locator Strategy 'name' is not supported for this session (WARNING: The server did not provide any stacktrace information)
Command duration or timeout: 6 milliseconds
For documentation on this error, please visit: http://seleniumhq.org/exceptions/invalid_selector_exception.html
Build info: version: '2.51.0', revision: '1af067dbcaedd7d2ab9af5151fc471d363d97193', time: '2016-02-05 11:20:57'
System info: host: 'Macminis-Mac-mini.local', ip: '192.168.1.24', os.name: 'Mac OS X', os.arch: 'x86_64', os.version: '10.13.2', java.version: '1.8.0_151'
Driver info: io.appium.java_client.android.AndroidDriver
Capabilities [{app=/Users/macmini/eclipse-workspace/ANDROID_ARMS/APKFile/TWC_806000961_googleRelease.apk, appPackage=com.weather.Weather, appActivity=com.weather.Weather.app.SplashScreenActivity, appium-version=1.4.13, noReset=true, newCommandTimeout=100000, autoLaunch=true, platformVersion=6.0.1, automationName=UiAutomator2, platformName=Android, deviceName=Samsung S6, platform=ANY}]
Session ID: f3af3ccc-9eab-4cd8-b464-0dfe21dc7501
*** Element info: {Using=name, value=Allergy}</message>
                <stack-trace>org.openqa.selenium.InvalidSelectorException: Locator Strategy 'name' is not supported for this session (WARNING: The server did not provide any stacktrace information)
Command duration or timeout: 6 milliseconds
For documentation on this error, please visit: http://seleniumhq.org/exceptions/invalid_selector_exception.html
Build info: version: '2.51.0', revision: '1af067dbcaedd7d2ab9af5151fc471d363d97193', time: '2016-02-05 11:20:57'
System info: host: 'Macminis-Mac-mini.local', ip: '192.168.1.24', os.name: 'Mac OS X', os.arch: 'x86_64', os.version: '10.13.2', java.version: '1.8.0_151'
Driver info: io.appium.java_client.android.AndroidDriver
Capabilities [{app=/Users/macmini/eclipse-workspace/ANDROID_ARMS/APKFile/TWC_806000961_googleRelease.apk, appPackage=com.weather.Weather, appActivity=com.weather.Weather.app.SplashScreenActivity, appium-version=1.4.13, noReset=true, newCommandTimeout=100000, autoLaunch=true, platformVersion=6.0.1, automationName=UiAutomator2, platformName=Android, deviceName=Samsung S6, platform=ANY}]
Session ID: f3af3ccc-9eab-4cd8-b464-0dfe21dc7501
*** Element info: {Using=name, value=Allergy}
	at sun.reflect.NativeConstructorAccessorImpl.newInstance0(Native Method)
	at sun.reflect.NativeConstructorAccessorImpl.newInstance(NativeConstructorAccessorImpl.java:62)
	at sun.reflect.DelegatingConstructorAccessorImpl.newInstance(DelegatingConstructorAccessorImpl.java:45)
	at java.lang.reflect.Constructor.newInstance(Constructor.java:423)
	at org.openqa.selenium.remote.ErrorHandler.createThrowable(ErrorHandler.java:206)
	at org.openqa.selenium.remote.ErrorHandler.throwIfResponseFailed(ErrorHandler.java:158)
	at org.openqa.selenium.remote.RemoteWebDriver.execute(RemoteWebDriver.java:678)
	at io.appium.java_client.DefaultGenericMobileDriver.execute(DefaultGenericMobileDriver.java:42)
	at io.appium.java_client.AppiumDriver.execute(AppiumDriver.java:1)
	at io.appium.java_client.android.AndroidDriver.execute(AndroidDriver.java:1)
	at org.openqa.selenium.remote.RemoteWebDriver.findElement(RemoteWebDriver.java:363)
	at org.openqa.selenium.remote.RemoteWebDriver.findElementByName(RemoteWebDriver.java:461)
	at io.appium.java_client.DefaultGenericMobileDriver.findElementByName(DefaultGenericMobileDriver.java:102)
	at io.appium.java_client.AppiumDriver.findElementByName(AppiumDriver.java:1)
	at io.appium.java_client.android.AndroidDriver.findElementByName(AndroidDriver.java:1)
	at twc.Automation.HandleWithAppium.AppiumFunctions.clickallergy(AppiumFunctions.java:922)
	at ANDROID_ARMS.ANDROID_ARMS.FeedAdVAlidationonUI.Extended_HealthModule_page_Ad(FeedAdVAlidationonUI.java:213)
	at sun.reflect.NativeMethodAccessorImpl.invoke0(Native Method)
	at sun.reflect.NativeMethodAccessorImpl.invoke(NativeMethodAccessorImpl.java:62)
	at sun.reflect.DelegatingMethodAccessorImpl.invoke(DelegatingMethodAccessorImpl.java:43)
	at java.lang.reflect.Method.invoke(Method.java:498)
	at org.testng.internal.MethodInvocationHelper.invokeMethod(MethodInvocationHelper.java:86)
	at org.testng.internal.Invoker.invokeMethod(Invoker.java:643)
	at org.testng.internal.Invoker.invokeTestMethod(Invoker.java:820)
	at org.testng.internal.Invoker.invokeTestMethods(Invoker.java:1128)
	at org.testng.internal.TestMethodWorker.invokeTestMethods(TestMethodWorker.java:129)
	at org.testng.internal.TestMethodWorker.run(TestMethodWorker.java:112)
	at org.testng.TestRunner.privateRun(TestRunner.java:782)
	at org.testng.TestRunner.run(TestRunner.java:632)
	at org.testng.SuiteRunner.runTest(SuiteRunner.java:366)
	at org.testng.SuiteRunner.runSequentially(SuiteRunner.java:361)
	at org.testng.SuiteRunner.privateRun(SuiteRunner.java:319)
	at org.testng.SuiteRunner.run(SuiteRunner.java:268)
	at org.testng.SuiteRunnerWorker.runSuite(SuiteRunnerWorker.java:52)
	at org.testng.SuiteRunnerWorker.run(SuiteRunnerWorker.java:86)
	at org.testng.TestNG.runSuitesSequentially(TestNG.java:1244)
	at org.testng.TestNG.runSuitesLocally(TestNG.java:1169)
	at org.testng.TestNG.run(TestNG.java:1064)
	at org.testng.remote.AbstractRemoteTestNG.run(AbstractRemoteTestNG.java:114)
	at org.testng.remote.RemoteTestNG.initAndRun(RemoteTestNG.java:251)
	at org.testng.remote.RemoteTestNG.main(RemoteTestNG.java:77)
</stack-trace>
            </failure>
            <steps/>
            <attachments/>
            <labels>
                <label name="testSuite" value="Default suite"/>
                <label name="testGroup" value="Default test"/>
                <label name="testClass" value="ANDROID_ARMS.ANDROID_ARMS.FeedAdVAlidationonUI"/>
                <label name="testMethod" value="Extended_HealthModule_page_Ad"/>
                <label name="host" value="Macminis-Mac-mini.local"/>
                <label name="thread" value="1123@Macminis-Mac-mini.local.main(1)"/>
            </labels>
        </test-case>
        <test-case start="1517822023516" stop="1517822084543" status="broken">
            <name>Extended_GoRunhModule_page_Ad</name>
            <title>Validating Extended GoRun page Ad</title>
            <failure>
                <message>NoSuchElementException: An element could not be located on the page using the given search parameters. (WARNING: The server did not provide any stacktrace information)
Command duration or timeout: 61.01 seconds
For documentation on this error, please visit: http://seleniumhq.org/exceptions/no_such_element.html
Build info: version: '2.51.0', revision: '1af067dbcaedd7d2ab9af5151fc471d363d97193', time: '2016-02-05 11:20:57'
System info: host: 'Macminis-Mac-mini.local', ip: '192.168.1.24', os.name: 'Mac OS X', os.arch: 'x86_64', os.version: '10.13.2', java.version: '1.8.0_151'
Driver info: io.appium.java_client.android.AndroidDriver
Capabilities [{app=/Users/macmini/eclipse-workspace/ANDROID_ARMS/APKFile/TWC_806000961_googleRelease.apk, appPackage=com.weather.Weather, appActivity=com.weather.Weather.app.SplashScreenActivity, appium-version=1.4.13, noReset=true, newCommandTimeout=100000, autoLaunch=true, platformVersion=6.0.1, automationName=UiAutomator2, platformName=Android, deviceName=Samsung S6, platform=ANY}]
Session ID: f3af3ccc-9eab-4cd8-b464-0dfe21dc7501
*** Element info: {Using=xpath, value=//android.widget.LinearLayout[1]/android.widget.FrameLayout[1]/android.widget.LinearLayout[1]/android.widget.FrameLayout[1]/android.support.v4.widget.DrawerLayout[1]/android.widget.RelativeLayout[1]/android.widget.FrameLayout[1]/android.view.ViewGroup[1]/android.widget.ListView[1]/android.widget.RelativeLayout[1]/android.widget.LinearLayout[1]/android.support.v7.widget.RecyclerView[1]/android.widget.LinearLayout[3]/android.widget.LinearLayout[1]/android.widget.LinearLayout[1]/android.widget.TextView[2]}</message>
                <stack-trace>org.openqa.selenium.NoSuchElementException: An element could not be located on the page using the given search parameters. (WARNING: The server did not provide any stacktrace information)
Command duration or timeout: 61.01 seconds
For documentation on this error, please visit: http://seleniumhq.org/exceptions/no_such_element.html
Build info: version: '2.51.0', revision: '1af067dbcaedd7d2ab9af5151fc471d363d97193', time: '2016-02-05 11:20:57'
System info: host: 'Macminis-Mac-mini.local', ip: '192.168.1.24', os.name: 'Mac OS X', os.arch: 'x86_64', os.version: '10.13.2', java.version: '1.8.0_151'
Driver info: io.appium.java_client.android.AndroidDriver
Capabilities [{app=/Users/macmini/eclipse-workspace/ANDROID_ARMS/APKFile/TWC_806000961_googleRelease.apk, appPackage=com.weather.Weather, appActivity=com.weather.Weather.app.SplashScreenActivity, appium-version=1.4.13, noReset=true, newCommandTimeout=100000, autoLaunch=true, platformVersion=6.0.1, automationName=UiAutomator2, platformName=Android, deviceName=Samsung S6, platform=ANY}]
Session ID: f3af3ccc-9eab-4cd8-b464-0dfe21dc7501
*** Element info: {Using=xpath, value=//android.widget.LinearLayout[1]/android.widget.FrameLayout[1]/android.widget.LinearLayout[1]/android.widget.FrameLayout[1]/android.support.v4.widget.DrawerLayout[1]/android.widget.RelativeLayout[1]/android.widget.FrameLayout[1]/android.view.ViewGroup[1]/android.widget.ListView[1]/android.widget.RelativeLayout[1]/android.widget.LinearLayout[1]/android.support.v7.widget.RecyclerView[1]/android.widget.LinearLayout[3]/android.widget.LinearLayout[1]/android.widget.LinearLayout[1]/android.widget.TextView[2]}
	at sun.reflect.NativeConstructorAccessorImpl.newInstance0(Native Method)
	at sun.reflect.NativeConstructorAccessorImpl.newInstance(NativeConstructorAccessorImpl.java:62)
	at sun.reflect.DelegatingConstructorAccessorImpl.newInstance(DelegatingConstructorAccessorImpl.java:45)
	at java.lang.reflect.Constructor.newInstance(Constructor.java:423)
	at org.openqa.selenium.remote.ErrorHandler.createThrowable(ErrorHandler.java:206)
	at org.openqa.selenium.remote.ErrorHandler.throwIfResponseFailed(ErrorHandler.java:158)
	at org.openqa.selenium.remote.RemoteWebDriver.execute(RemoteWebDriver.java:678)
	at io.appium.java_client.DefaultGenericMobileDriver.execute(DefaultGenericMobileDriver.java:42)
	at io.appium.java_client.AppiumDriver.execute(AppiumDriver.java:1)
	at io.appium.java_client.android.AndroidDriver.execute(AndroidDriver.java:1)
	at org.openqa.selenium.remote.RemoteWebDriver.findElement(RemoteWebDriver.java:363)
	at org.openqa.selenium.remote.RemoteWebDriver.findElementByXPath(RemoteWebDriver.java:500)
	at io.appium.java_client.DefaultGenericMobileDriver.findElementByXPath(DefaultGenericMobileDriver.java:132)
	at io.appium.java_client.AppiumDriver.findElementByXPath(AppiumDriver.java:1)
	at io.appium.java_client.android.AndroidDriver.findElementByXPath(AndroidDriver.java:1)
	at twc.Automation.HandleWithAppium.AppiumFunctions.clickGoRun(AppiumFunctions.java:933)
	at ANDROID_ARMS.ANDROID_ARMS.FeedAdVAlidationonUI.Extended_GoRunhModule_page_Ad(FeedAdVAlidationonUI.java:227)
	at sun.reflect.NativeMethodAccessorImpl.invoke0(Native Method)
	at sun.reflect.NativeMethodAccessorImpl.invoke(NativeMethodAccessorImpl.java:62)
	at sun.reflect.DelegatingMethodAccessorImpl.invoke(DelegatingMethodAccessorImpl.java:43)
	at java.lang.reflect.Method.invoke(Method.java:498)
	at org.testng.internal.MethodInvocationHelper.invokeMethod(MethodInvocationHelper.java:86)
	at org.testng.internal.Invoker.invokeMethod(Invoker.java:643)
	at org.testng.internal.Invoker.invokeTestMethod(Invoker.java:820)
	at org.testng.internal.Invoker.invokeTestMethods(Invoker.java:1128)
	at org.testng.internal.TestMethodWorker.invokeTestMethods(TestMethodWorker.java:129)
	at org.testng.internal.TestMethodWorker.run(TestMethodWorker.java:112)
	at org.testng.TestRunner.privateRun(TestRunner.java:782)
	at org.testng.TestRunner.run(TestRunner.java:632)
	at org.testng.SuiteRunner.runTest(SuiteRunner.java:366)
	at org.testng.SuiteRunner.runSequentially(SuiteRunner.java:361)
	at org.testng.SuiteRunner.privateRun(SuiteRunner.java:319)
	at org.testng.SuiteRunner.run(SuiteRunner.java:268)
	at org.testng.SuiteRunnerWorker.runSuite(SuiteRunnerWorker.java:52)
	at org.testng.SuiteRunnerWorker.run(SuiteRunnerWorker.java:86)
	at org.testng.TestNG.runSuitesSequentially(TestNG.java:1244)
	at org.testng.TestNG.runSuitesLocally(TestNG.java:1169)
	at org.testng.TestNG.run(TestNG.java:1064)
	at org.testng.remote.AbstractRemoteTestNG.run(AbstractRemoteTestNG.java:114)
	at org.testng.remote.RemoteTestNG.initAndRun(RemoteTestNG.java:251)
	at org.testng.remote.RemoteTestNG.main(RemoteTestNG.java:77)
</stack-trace>
            </failure>
            <steps/>
            <attachments/>
            <labels>
                <label name="testSuite" value="Default suite"/>
                <label name="testGroup" value="Default test"/>
                <label name="testClass" value="ANDROID_ARMS.ANDROID_ARMS.FeedAdVAlidationonUI"/>
                <label name="testMethod" value="Extended_GoRunhModule_page_Ad"/>
                <label name="host" value="Macminis-Mac-mini.local"/>
                <label name="thread" value="1123@Macminis-Mac-mini.local.main(1)"/>
            </labels>
        </test-case>
        <test-case start="1517822023516" stop="1517822084543" status="broken">
            <name>Extended_GoRunhModule_page_Ad</name>
            <title>Validating Extended GoRun page Ad</title>
            <failure>
                <message>NoSuchElementException: An element could not be located on the page using the given search parameters. (WARNING: The server did not provide any stacktrace information)
Command duration or timeout: 61.01 seconds
For documentation on this error, please visit: http://seleniumhq.org/exceptions/no_such_element.html
Build info: version: '2.51.0', revision: '1af067dbcaedd7d2ab9af5151fc471d363d97193', time: '2016-02-05 11:20:57'
System info: host: 'Macminis-Mac-mini.local', ip: '192.168.1.24', os.name: 'Mac OS X', os.arch: 'x86_64', os.version: '10.13.2', java.version: '1.8.0_151'
Driver info: io.appium.java_client.android.AndroidDriver
Capabilities [{app=/Users/macmini/eclipse-workspace/ANDROID_ARMS/APKFile/TWC_806000961_googleRelease.apk, appPackage=com.weather.Weather, appActivity=com.weather.Weather.app.SplashScreenActivity, appium-version=1.4.13, noReset=true, newCommandTimeout=100000, autoLaunch=true, platformVersion=6.0.1, automationName=UiAutomator2, platformName=Android, deviceName=Samsung S6, platform=ANY}]
Session ID: f3af3ccc-9eab-4cd8-b464-0dfe21dc7501
*** Element info: {Using=xpath, value=//android.widget.LinearLayout[1]/android.widget.FrameLayout[1]/android.widget.LinearLayout[1]/android.widget.FrameLayout[1]/android.support.v4.widget.DrawerLayout[1]/android.widget.RelativeLayout[1]/android.widget.FrameLayout[1]/android.view.ViewGroup[1]/android.widget.ListView[1]/android.widget.RelativeLayout[1]/android.widget.LinearLayout[1]/android.support.v7.widget.RecyclerView[1]/android.widget.LinearLayout[3]/android.widget.LinearLayout[1]/android.widget.LinearLayout[1]/android.widget.TextView[2]}</message>
                <stack-trace>org.openqa.selenium.NoSuchElementException: An element could not be located on the page using the given search parameters. (WARNING: The server did not provide any stacktrace information)
Command duration or timeout: 61.01 seconds
For documentation on this error, please visit: http://seleniumhq.org/exceptions/no_such_element.html
Build info: version: '2.51.0', revision: '1af067dbcaedd7d2ab9af5151fc471d363d97193', time: '2016-02-05 11:20:57'
System info: host: 'Macminis-Mac-mini.local', ip: '192.168.1.24', os.name: 'Mac OS X', os.arch: 'x86_64', os.version: '10.13.2', java.version: '1.8.0_151'
Driver info: io.appium.java_client.android.AndroidDriver
Capabilities [{app=/Users/macmini/eclipse-workspace/ANDROID_ARMS/APKFile/TWC_806000961_googleRelease.apk, appPackage=com.weather.Weather, appActivity=com.weather.Weather.app.SplashScreenActivity, appium-version=1.4.13, noReset=true, newCommandTimeout=100000, autoLaunch=true, platformVersion=6.0.1, automationName=UiAutomator2, platformName=Android, deviceName=Samsung S6, platform=ANY}]
Session ID: f3af3ccc-9eab-4cd8-b464-0dfe21dc7501
*** Element info: {Using=xpath, value=//android.widget.LinearLayout[1]/android.widget.FrameLayout[1]/android.widget.LinearLayout[1]/android.widget.FrameLayout[1]/android.support.v4.widget.DrawerLayout[1]/android.widget.RelativeLayout[1]/android.widget.FrameLayout[1]/android.view.ViewGroup[1]/android.widget.ListView[1]/android.widget.RelativeLayout[1]/android.widget.LinearLayout[1]/android.support.v7.widget.RecyclerView[1]/android.widget.LinearLayout[3]/android.widget.LinearLayout[1]/android.widget.LinearLayout[1]/android.widget.TextView[2]}
	at sun.reflect.NativeConstructorAccessorImpl.newInstance0(Native Method)
	at sun.reflect.NativeConstructorAccessorImpl.newInstance(NativeConstructorAccessorImpl.java:62)
	at sun.reflect.DelegatingConstructorAccessorImpl.newInstance(DelegatingConstructorAccessorImpl.java:45)
	at java.lang.reflect.Constructor.newInstance(Constructor.java:423)
	at org.openqa.selenium.remote.ErrorHandler.createThrowable(ErrorHandler.java:206)
	at org.openqa.selenium.remote.ErrorHandler.throwIfResponseFailed(ErrorHandler.java:158)
	at org.openqa.selenium.remote.RemoteWebDriver.execute(RemoteWebDriver.java:678)
	at io.appium.java_client.DefaultGenericMobileDriver.execute(DefaultGenericMobileDriver.java:42)
	at io.appium.java_client.AppiumDriver.execute(AppiumDriver.java:1)
	at io.appium.java_client.android.AndroidDriver.execute(AndroidDriver.java:1)
	at org.openqa.selenium.remote.RemoteWebDriver.findElement(RemoteWebDriver.java:363)
	at org.openqa.selenium.remote.RemoteWebDriver.findElementByXPath(RemoteWebDriver.java:500)
	at io.appium.java_client.DefaultGenericMobileDriver.findElementByXPath(DefaultGenericMobileDriver.java:132)
	at io.appium.java_client.AppiumDriver.findElementByXPath(AppiumDriver.java:1)
	at io.appium.java_client.android.AndroidDriver.findElementByXPath(AndroidDriver.java:1)
	at twc.Automation.HandleWithAppium.AppiumFunctions.clickGoRun(AppiumFunctions.java:933)
	at ANDROID_ARMS.ANDROID_ARMS.FeedAdVAlidationonUI.Extended_GoRunhModule_page_Ad(FeedAdVAlidationonUI.java:227)
	at sun.reflect.NativeMethodAccessorImpl.invoke0(Native Method)
	at sun.reflect.NativeMethodAccessorImpl.invoke(NativeMethodAccessorImpl.java:62)
	at sun.reflect.DelegatingMethodAccessorImpl.invoke(DelegatingMethodAccessorImpl.java:43)
	at java.lang.reflect.Method.invoke(Method.java:498)
	at org.testng.internal.MethodInvocationHelper.invokeMethod(MethodInvocationHelper.java:86)
	at org.testng.internal.Invoker.invokeMethod(Invoker.java:643)
	at org.testng.internal.Invoker.invokeTestMethod(Invoker.java:820)
	at org.testng.internal.Invoker.invokeTestMethods(Invoker.java:1128)
	at org.testng.internal.TestMethodWorker.invokeTestMethods(TestMethodWorker.java:129)
	at org.testng.internal.TestMethodWorker.run(TestMethodWorker.java:112)
	at org.testng.TestRunner.privateRun(TestRunner.java:782)
	at org.testng.TestRunner.run(TestRunner.java:632)
	at org.testng.SuiteRunner.runTest(SuiteRunner.java:366)
	at org.testng.SuiteRunner.runSequentially(SuiteRunner.java:361)
	at org.testng.SuiteRunner.privateRun(SuiteRunner.java:319)
	at org.testng.SuiteRunner.run(SuiteRunner.java:268)
	at org.testng.SuiteRunnerWorker.runSuite(SuiteRunnerWorker.java:52)
	at org.testng.SuiteRunnerWorker.run(SuiteRunnerWorker.java:86)
	at org.testng.TestNG.runSuitesSequentially(TestNG.java:1244)
	at org.testng.TestNG.runSuitesLocally(TestNG.java:1169)
	at org.testng.TestNG.run(TestNG.java:1064)
	at org.testng.remote.AbstractRemoteTestNG.run(AbstractRemoteTestNG.java:114)
	at org.testng.remote.RemoteTestNG.initAndRun(RemoteTestNG.java:251)
	at org.testng.remote.RemoteTestNG.main(RemoteTestNG.java:77)
</stack-trace>
            </failure>
            <steps/>
            <attachments/>
            <labels>
                <label name="testSuite" value="Default suite"/>
                <label name="testGroup" value="Default test"/>
                <label name="testClass" value="ANDROID_ARMS.ANDROID_ARMS.FeedAdVAlidationonUI"/>
                <label name="testMethod" value="Extended_GoRunhModule_page_Ad"/>
                <label name="host" value="Macminis-Mac-mini.local"/>
                <label name="thread" value="1123@Macminis-Mac-mini.local.main(1)"/>
            </labels>
        </test-case>
        <test-case start="1517821790474" stop="1517822100597" status="broken">
            <name>Default suite : Default test</name>
            <title>Default suite : Default test</title>
            <failure>
                <message>Test suite was interrupted, some test cases may be lost</message>
            </failure>
        </test-case>
    </test-cases>
    <labels>
        <label name="framework" value="TestNG"/>
        <label name="language" value="JAVA"/>
    </labels>
</ns2:test-suite>
