<?xml version="1.0" encoding="UTF-8" standalone="yes"?>
<ns2:test-suite start="1543146312822" stop="1543146839460" version="1.5.4" xmlns:ns2="urn:model.allure.qatools.yandex.ru">
    <name>Default suite : Default test</name>
    <title>Default suite : Default test</title>
    <test-cases>
        <test-case start="1543146477407" stop="1543146556586" status="broken">
            <name>Extended_Today_datailpage_Ad</name>
            <title>Validating Extended Today page Ad</title>
            <failure>
                <message>NoSuchElementException: An element could not be located on the page using the given search parameters. (WARNING: The server did not provide any stacktrace information)
Command duration or timeout: 60.46 seconds
For documentation on this error, please visit: http://seleniumhq.org/exceptions/no_such_element.html
Build info: version: '2.51.0', revision: '1af067dbcaedd7d2ab9af5151fc471d363d97193', time: '2016-02-05 11:20:57'
System info: host: 'Macminis-Mac-mini.local', ip: '192.168.168.26', os.name: 'Mac OS X', os.arch: 'x86_64', os.version: '10.13.6', java.version: '1.8.0_151'
Driver info: io.appium.java_client.android.AndroidDriver
Capabilities [{app=/Users/macmini/eclipse-workspace/ANDROID_ARMS/APKFile/app_google_debug_900000103.apk, appPackage=com.weather.Weather, deviceScreenSize=1440x2560, networkConnectionEnabled=true, noReset=true, warnings={}, appWaitPackage=com.weather.Weather, appWaitActivity=com.weather.Weather.app.SplashScreenActivity, databaseEnabled=false, deviceName=03157df33d91c039, platform=LINUX, deviceUDID=03157df33d91c039, appActivity=com.weather.Weather.app.SplashScreenActivity, desired={app=/Users/macmini/eclipse-workspace/ANDROID_ARMS/APKFile/app_google_debug_900000103.apk, appPackage=com.weather.Weather, noReset=true, appium-version=1.4.13, newCommandTimeout=100000, platformVersion=7.0, platformName=Android, deviceName=Samsung S6}, appium-version=1.4.13, newCommandTimeout=100000, platformVersion=7.0, webStorageEnabled=false, locationContextEnabled=false, takesScreenshot=true, javascriptEnabled=true, deviceModel=SM-G920I, platformName=Android, deviceManufacturer=samsung}]
Session ID: bc847ce2-0c44-4f01-82d0-07e6a05a52e1
*** Element info: {Using=accessibility id, value=Navigate up}</message>
                <stack-trace>org.openqa.selenium.NoSuchElementException: An element could not be located on the page using the given search parameters. (WARNING: The server did not provide any stacktrace information)
Command duration or timeout: 60.46 seconds
For documentation on this error, please visit: http://seleniumhq.org/exceptions/no_such_element.html
Build info: version: '2.51.0', revision: '1af067dbcaedd7d2ab9af5151fc471d363d97193', time: '2016-02-05 11:20:57'
System info: host: 'Macminis-Mac-mini.local', ip: '192.168.168.26', os.name: 'Mac OS X', os.arch: 'x86_64', os.version: '10.13.6', java.version: '1.8.0_151'
Driver info: io.appium.java_client.android.AndroidDriver
Capabilities [{app=/Users/macmini/eclipse-workspace/ANDROID_ARMS/APKFile/app_google_debug_900000103.apk, appPackage=com.weather.Weather, deviceScreenSize=1440x2560, networkConnectionEnabled=true, noReset=true, warnings={}, appWaitPackage=com.weather.Weather, appWaitActivity=com.weather.Weather.app.SplashScreenActivity, databaseEnabled=false, deviceName=03157df33d91c039, platform=LINUX, deviceUDID=03157df33d91c039, appActivity=com.weather.Weather.app.SplashScreenActivity, desired={app=/Users/macmini/eclipse-workspace/ANDROID_ARMS/APKFile/app_google_debug_900000103.apk, appPackage=com.weather.Weather, noReset=true, appium-version=1.4.13, newCommandTimeout=100000, platformVersion=7.0, platformName=Android, deviceName=Samsung S6}, appium-version=1.4.13, newCommandTimeout=100000, platformVersion=7.0, webStorageEnabled=false, locationContextEnabled=false, takesScreenshot=true, javascriptEnabled=true, deviceModel=SM-G920I, platformName=Android, deviceManufacturer=samsung}]
Session ID: bc847ce2-0c44-4f01-82d0-07e6a05a52e1
*** Element info: {Using=accessibility id, value=Navigate up}
	at sun.reflect.NativeConstructorAccessorImpl.newInstance0(Native Method)
	at sun.reflect.NativeConstructorAccessorImpl.newInstance(NativeConstructorAccessorImpl.java:62)
	at sun.reflect.DelegatingConstructorAccessorImpl.newInstance(DelegatingConstructorAccessorImpl.java:45)
	at java.lang.reflect.Constructor.newInstance(Constructor.java:423)
	at org.openqa.selenium.remote.ErrorHandler.createThrowable(ErrorHandler.java:206)
	at org.openqa.selenium.remote.ErrorHandler.throwIfResponseFailed(ErrorHandler.java:158)
	at org.openqa.selenium.remote.RemoteWebDriver.execute(RemoteWebDriver.java:678)
	at io.appium.java_client.DefaultGenericMobileDriver.execute(DefaultGenericMobileDriver.java:42)
	at io.appium.java_client.AppiumDriver.execute(AppiumDriver.java:1)
	at io.appium.java_client.android.AndroidDriver.execute(AndroidDriver.java:1)
	at org.openqa.selenium.remote.RemoteWebDriver.findElement(RemoteWebDriver.java:363)
	at io.appium.java_client.DefaultGenericMobileDriver.findElementByAccessibilityId(DefaultGenericMobileDriver.java:144)
	at io.appium.java_client.AppiumDriver.findElementByAccessibilityId(AppiumDriver.java:1)
	at io.appium.java_client.android.AndroidDriver.findElementByAccessibilityId(AndroidDriver.java:1)
	at twc.Automation.HandleWithApp.AppFunctions.clickOnBackArrowElement(AppFunctions.java:1713)
	at twc.Automation.HandleWithAppium.AppiumFunctions.Check_submodules_Today_ad(AppiumFunctions.java:577)
	at ANDROID_ARMS.ANDROID_ARMS.FeedAdVAlidationonUI.Extended_Today_datailpage_Ad(FeedAdVAlidationonUI.java:222)
	at sun.reflect.NativeMethodAccessorImpl.invoke0(Native Method)
	at sun.reflect.NativeMethodAccessorImpl.invoke(NativeMethodAccessorImpl.java:62)
	at sun.reflect.DelegatingMethodAccessorImpl.invoke(DelegatingMethodAccessorImpl.java:43)
	at java.lang.reflect.Method.invoke(Method.java:498)
	at org.testng.internal.MethodInvocationHelper.invokeMethod(MethodInvocationHelper.java:86)
	at org.testng.internal.Invoker.invokeMethod(Invoker.java:643)
	at org.testng.internal.Invoker.invokeTestMethod(Invoker.java:820)
	at org.testng.internal.Invoker.invokeTestMethods(Invoker.java:1128)
	at org.testng.internal.TestMethodWorker.invokeTestMethods(TestMethodWorker.java:129)
	at org.testng.internal.TestMethodWorker.run(TestMethodWorker.java:112)
	at org.testng.TestRunner.privateRun(TestRunner.java:782)
	at org.testng.TestRunner.run(TestRunner.java:632)
	at org.testng.SuiteRunner.runTest(SuiteRunner.java:366)
	at org.testng.SuiteRunner.runSequentially(SuiteRunner.java:361)
	at org.testng.SuiteRunner.privateRun(SuiteRunner.java:319)
	at org.testng.SuiteRunner.run(SuiteRunner.java:268)
	at org.testng.SuiteRunnerWorker.runSuite(SuiteRunnerWorker.java:52)
	at org.testng.SuiteRunnerWorker.run(SuiteRunnerWorker.java:86)
	at org.testng.TestNG.runSuitesSequentially(TestNG.java:1244)
	at org.testng.TestNG.runSuitesLocally(TestNG.java:1169)
	at org.testng.TestNG.run(TestNG.java:1064)
	at org.testng.remote.AbstractRemoteTestNG.run(AbstractRemoteTestNG.java:114)
	at org.testng.remote.RemoteTestNG.initAndRun(RemoteTestNG.java:251)
	at org.testng.remote.RemoteTestNG.main(RemoteTestNG.java:77)
</stack-trace>
            </failure>
            <steps>
                <step start="1543146487140" stop="1543146487141" status="passed">
                    <name>logStep[Checking the  Extended today datail page ad is presnted or not]</name>
                    <title>Checking the  Extended today datail page ad is presnted or not</title>
                </step>
                <step start="1543146487142" stop="1543146487142" status="passed">
                    <name>logStep[Checking for Today Submodule ad]</name>
                    <title>Checking for Today Submodule ad</title>
                </step>
                <step start="1543146494245" stop="1543146494245" status="passed">
                    <name>logStep[Today submodule ad present]</name>
                    <title>Today submodule ad present</title>
                </step>
                <step start="1543146496117" stop="1543146496117" status="passed">
                    <name>logStep[took the passed submoduleAd_Today screenshot]</name>
                    <title>took the passed submoduleAd_Today screenshot</title>
                </step>
            </steps>
            <attachments/>
            <labels>
                <label name="testSuite" value="Default suite"/>
                <label name="testGroup" value="Default test"/>
                <label name="testClass" value="ANDROID_ARMS.ANDROID_ARMS.FeedAdVAlidationonUI"/>
                <label name="testMethod" value="Extended_Today_datailpage_Ad"/>
                <label name="host" value="Macminis-Mac-mini.local"/>
                <label name="thread" value="84080@Macminis-Mac-mini.local.main(1)"/>
            </labels>
        </test-case>
        <test-case start="1543146477407" stop="1543146556586" status="broken">
            <name>Extended_Today_datailpage_Ad</name>
            <title>Validating Extended Today page Ad</title>
            <failure>
                <message>NoSuchElementException: An element could not be located on the page using the given search parameters. (WARNING: The server did not provide any stacktrace information)
Command duration or timeout: 60.46 seconds
For documentation on this error, please visit: http://seleniumhq.org/exceptions/no_such_element.html
Build info: version: '2.51.0', revision: '1af067dbcaedd7d2ab9af5151fc471d363d97193', time: '2016-02-05 11:20:57'
System info: host: 'Macminis-Mac-mini.local', ip: '192.168.168.26', os.name: 'Mac OS X', os.arch: 'x86_64', os.version: '10.13.6', java.version: '1.8.0_151'
Driver info: io.appium.java_client.android.AndroidDriver
Capabilities [{app=/Users/macmini/eclipse-workspace/ANDROID_ARMS/APKFile/app_google_debug_900000103.apk, appPackage=com.weather.Weather, deviceScreenSize=1440x2560, networkConnectionEnabled=true, noReset=true, warnings={}, appWaitPackage=com.weather.Weather, appWaitActivity=com.weather.Weather.app.SplashScreenActivity, databaseEnabled=false, deviceName=03157df33d91c039, platform=LINUX, deviceUDID=03157df33d91c039, appActivity=com.weather.Weather.app.SplashScreenActivity, desired={app=/Users/macmini/eclipse-workspace/ANDROID_ARMS/APKFile/app_google_debug_900000103.apk, appPackage=com.weather.Weather, noReset=true, appium-version=1.4.13, newCommandTimeout=100000, platformVersion=7.0, platformName=Android, deviceName=Samsung S6}, appium-version=1.4.13, newCommandTimeout=100000, platformVersion=7.0, webStorageEnabled=false, locationContextEnabled=false, takesScreenshot=true, javascriptEnabled=true, deviceModel=SM-G920I, platformName=Android, deviceManufacturer=samsung}]
Session ID: bc847ce2-0c44-4f01-82d0-07e6a05a52e1
*** Element info: {Using=accessibility id, value=Navigate up}</message>
                <stack-trace>org.openqa.selenium.NoSuchElementException: An element could not be located on the page using the given search parameters. (WARNING: The server did not provide any stacktrace information)
Command duration or timeout: 60.46 seconds
For documentation on this error, please visit: http://seleniumhq.org/exceptions/no_such_element.html
Build info: version: '2.51.0', revision: '1af067dbcaedd7d2ab9af5151fc471d363d97193', time: '2016-02-05 11:20:57'
System info: host: 'Macminis-Mac-mini.local', ip: '192.168.168.26', os.name: 'Mac OS X', os.arch: 'x86_64', os.version: '10.13.6', java.version: '1.8.0_151'
Driver info: io.appium.java_client.android.AndroidDriver
Capabilities [{app=/Users/macmini/eclipse-workspace/ANDROID_ARMS/APKFile/app_google_debug_900000103.apk, appPackage=com.weather.Weather, deviceScreenSize=1440x2560, networkConnectionEnabled=true, noReset=true, warnings={}, appWaitPackage=com.weather.Weather, appWaitActivity=com.weather.Weather.app.SplashScreenActivity, databaseEnabled=false, deviceName=03157df33d91c039, platform=LINUX, deviceUDID=03157df33d91c039, appActivity=com.weather.Weather.app.SplashScreenActivity, desired={app=/Users/macmini/eclipse-workspace/ANDROID_ARMS/APKFile/app_google_debug_900000103.apk, appPackage=com.weather.Weather, noReset=true, appium-version=1.4.13, newCommandTimeout=100000, platformVersion=7.0, platformName=Android, deviceName=Samsung S6}, appium-version=1.4.13, newCommandTimeout=100000, platformVersion=7.0, webStorageEnabled=false, locationContextEnabled=false, takesScreenshot=true, javascriptEnabled=true, deviceModel=SM-G920I, platformName=Android, deviceManufacturer=samsung}]
Session ID: bc847ce2-0c44-4f01-82d0-07e6a05a52e1
*** Element info: {Using=accessibility id, value=Navigate up}
	at sun.reflect.NativeConstructorAccessorImpl.newInstance0(Native Method)
	at sun.reflect.NativeConstructorAccessorImpl.newInstance(NativeConstructorAccessorImpl.java:62)
	at sun.reflect.DelegatingConstructorAccessorImpl.newInstance(DelegatingConstructorAccessorImpl.java:45)
	at java.lang.reflect.Constructor.newInstance(Constructor.java:423)
	at org.openqa.selenium.remote.ErrorHandler.createThrowable(ErrorHandler.java:206)
	at org.openqa.selenium.remote.ErrorHandler.throwIfResponseFailed(ErrorHandler.java:158)
	at org.openqa.selenium.remote.RemoteWebDriver.execute(RemoteWebDriver.java:678)
	at io.appium.java_client.DefaultGenericMobileDriver.execute(DefaultGenericMobileDriver.java:42)
	at io.appium.java_client.AppiumDriver.execute(AppiumDriver.java:1)
	at io.appium.java_client.android.AndroidDriver.execute(AndroidDriver.java:1)
	at org.openqa.selenium.remote.RemoteWebDriver.findElement(RemoteWebDriver.java:363)
	at io.appium.java_client.DefaultGenericMobileDriver.findElementByAccessibilityId(DefaultGenericMobileDriver.java:144)
	at io.appium.java_client.AppiumDriver.findElementByAccessibilityId(AppiumDriver.java:1)
	at io.appium.java_client.android.AndroidDriver.findElementByAccessibilityId(AndroidDriver.java:1)
	at twc.Automation.HandleWithApp.AppFunctions.clickOnBackArrowElement(AppFunctions.java:1713)
	at twc.Automation.HandleWithAppium.AppiumFunctions.Check_submodules_Today_ad(AppiumFunctions.java:577)
	at ANDROID_ARMS.ANDROID_ARMS.FeedAdVAlidationonUI.Extended_Today_datailpage_Ad(FeedAdVAlidationonUI.java:222)
	at sun.reflect.NativeMethodAccessorImpl.invoke0(Native Method)
	at sun.reflect.NativeMethodAccessorImpl.invoke(NativeMethodAccessorImpl.java:62)
	at sun.reflect.DelegatingMethodAccessorImpl.invoke(DelegatingMethodAccessorImpl.java:43)
	at java.lang.reflect.Method.invoke(Method.java:498)
	at org.testng.internal.MethodInvocationHelper.invokeMethod(MethodInvocationHelper.java:86)
	at org.testng.internal.Invoker.invokeMethod(Invoker.java:643)
	at org.testng.internal.Invoker.invokeTestMethod(Invoker.java:820)
	at org.testng.internal.Invoker.invokeTestMethods(Invoker.java:1128)
	at org.testng.internal.TestMethodWorker.invokeTestMethods(TestMethodWorker.java:129)
	at org.testng.internal.TestMethodWorker.run(TestMethodWorker.java:112)
	at org.testng.TestRunner.privateRun(TestRunner.java:782)
	at org.testng.TestRunner.run(TestRunner.java:632)
	at org.testng.SuiteRunner.runTest(SuiteRunner.java:366)
	at org.testng.SuiteRunner.runSequentially(SuiteRunner.java:361)
	at org.testng.SuiteRunner.privateRun(SuiteRunner.java:319)
	at org.testng.SuiteRunner.run(SuiteRunner.java:268)
	at org.testng.SuiteRunnerWorker.runSuite(SuiteRunnerWorker.java:52)
	at org.testng.SuiteRunnerWorker.run(SuiteRunnerWorker.java:86)
	at org.testng.TestNG.runSuitesSequentially(TestNG.java:1244)
	at org.testng.TestNG.runSuitesLocally(TestNG.java:1169)
	at org.testng.TestNG.run(TestNG.java:1064)
	at org.testng.remote.AbstractRemoteTestNG.run(AbstractRemoteTestNG.java:114)
	at org.testng.remote.RemoteTestNG.initAndRun(RemoteTestNG.java:251)
	at org.testng.remote.RemoteTestNG.main(RemoteTestNG.java:77)
</stack-trace>
            </failure>
            <steps>
                <step start="1543146487140" stop="1543146487141" status="passed">
                    <name>logStep[Checking the  Extended today datail page ad is presnted or not]</name>
                    <title>Checking the  Extended today datail page ad is presnted or not</title>
                </step>
                <step start="1543146487142" stop="1543146487142" status="passed">
                    <name>logStep[Checking for Today Submodule ad]</name>
                    <title>Checking for Today Submodule ad</title>
                </step>
                <step start="1543146494245" stop="1543146494245" status="passed">
                    <name>logStep[Today submodule ad present]</name>
                    <title>Today submodule ad present</title>
                </step>
                <step start="1543146496117" stop="1543146496117" status="passed">
                    <name>logStep[took the passed submoduleAd_Today screenshot]</name>
                    <title>took the passed submoduleAd_Today screenshot</title>
                </step>
            </steps>
            <attachments/>
            <labels>
                <label name="testSuite" value="Default suite"/>
                <label name="testGroup" value="Default test"/>
                <label name="testClass" value="ANDROID_ARMS.ANDROID_ARMS.FeedAdVAlidationonUI"/>
                <label name="testMethod" value="Extended_Today_datailpage_Ad"/>
                <label name="host" value="Macminis-Mac-mini.local"/>
                <label name="thread" value="84080@Macminis-Mac-mini.local.main(1)"/>
            </labels>
        </test-case>
        <test-case start="1543146556592" stop="1543146630241" status="broken">
            <name>Extended_Deatail_MapsPage_Ad</name>
            <title>Validating Extended Maps page Ad</title>
            <failure>
                <message>NoSuchElementException: An element could not be located on the page using the given search parameters. (WARNING: The server did not provide any stacktrace information)
Command duration or timeout: 60.72 seconds
For documentation on this error, please visit: http://seleniumhq.org/exceptions/no_such_element.html
Build info: version: '2.51.0', revision: '1af067dbcaedd7d2ab9af5151fc471d363d97193', time: '2016-02-05 11:20:57'
System info: host: 'Macminis-Mac-mini.local', ip: '192.168.168.26', os.name: 'Mac OS X', os.arch: 'x86_64', os.version: '10.13.6', java.version: '1.8.0_151'
Driver info: io.appium.java_client.android.AndroidDriver
Capabilities [{app=/Users/macmini/eclipse-workspace/ANDROID_ARMS/APKFile/app_google_debug_900000103.apk, appPackage=com.weather.Weather, deviceScreenSize=1440x2560, networkConnectionEnabled=true, noReset=true, warnings={}, appWaitPackage=com.weather.Weather, appWaitActivity=com.weather.Weather.app.SplashScreenActivity, databaseEnabled=false, deviceName=03157df33d91c039, platform=LINUX, deviceUDID=03157df33d91c039, appActivity=com.weather.Weather.app.SplashScreenActivity, desired={app=/Users/macmini/eclipse-workspace/ANDROID_ARMS/APKFile/app_google_debug_900000103.apk, appPackage=com.weather.Weather, noReset=true, appium-version=1.4.13, newCommandTimeout=100000, platformVersion=7.0, platformName=Android, deviceName=Samsung S6}, appium-version=1.4.13, newCommandTimeout=100000, platformVersion=7.0, webStorageEnabled=false, locationContextEnabled=false, takesScreenshot=true, javascriptEnabled=true, deviceModel=SM-G920I, platformName=Android, deviceManufacturer=samsung}]
Session ID: bc847ce2-0c44-4f01-82d0-07e6a05a52e1
*** Element info: {Using=id, value=com.weather.Weather:id/mapSmall}</message>
                <stack-trace>org.openqa.selenium.NoSuchElementException: An element could not be located on the page using the given search parameters. (WARNING: The server did not provide any stacktrace information)
Command duration or timeout: 60.72 seconds
For documentation on this error, please visit: http://seleniumhq.org/exceptions/no_such_element.html
Build info: version: '2.51.0', revision: '1af067dbcaedd7d2ab9af5151fc471d363d97193', time: '2016-02-05 11:20:57'
System info: host: 'Macminis-Mac-mini.local', ip: '192.168.168.26', os.name: 'Mac OS X', os.arch: 'x86_64', os.version: '10.13.6', java.version: '1.8.0_151'
Driver info: io.appium.java_client.android.AndroidDriver
Capabilities [{app=/Users/macmini/eclipse-workspace/ANDROID_ARMS/APKFile/app_google_debug_900000103.apk, appPackage=com.weather.Weather, deviceScreenSize=1440x2560, networkConnectionEnabled=true, noReset=true, warnings={}, appWaitPackage=com.weather.Weather, appWaitActivity=com.weather.Weather.app.SplashScreenActivity, databaseEnabled=false, deviceName=03157df33d91c039, platform=LINUX, deviceUDID=03157df33d91c039, appActivity=com.weather.Weather.app.SplashScreenActivity, desired={app=/Users/macmini/eclipse-workspace/ANDROID_ARMS/APKFile/app_google_debug_900000103.apk, appPackage=com.weather.Weather, noReset=true, appium-version=1.4.13, newCommandTimeout=100000, platformVersion=7.0, platformName=Android, deviceName=Samsung S6}, appium-version=1.4.13, newCommandTimeout=100000, platformVersion=7.0, webStorageEnabled=false, locationContextEnabled=false, takesScreenshot=true, javascriptEnabled=true, deviceModel=SM-G920I, platformName=Android, deviceManufacturer=samsung}]
Session ID: bc847ce2-0c44-4f01-82d0-07e6a05a52e1
*** Element info: {Using=id, value=com.weather.Weather:id/mapSmall}
	at sun.reflect.NativeConstructorAccessorImpl.newInstance0(Native Method)
	at sun.reflect.NativeConstructorAccessorImpl.newInstance(NativeConstructorAccessorImpl.java:62)
	at sun.reflect.DelegatingConstructorAccessorImpl.newInstance(DelegatingConstructorAccessorImpl.java:45)
	at java.lang.reflect.Constructor.newInstance(Constructor.java:423)
	at org.openqa.selenium.remote.ErrorHandler.createThrowable(ErrorHandler.java:206)
	at org.openqa.selenium.remote.ErrorHandler.throwIfResponseFailed(ErrorHandler.java:158)
	at org.openqa.selenium.remote.RemoteWebDriver.execute(RemoteWebDriver.java:678)
	at io.appium.java_client.DefaultGenericMobileDriver.execute(DefaultGenericMobileDriver.java:42)
	at io.appium.java_client.AppiumDriver.execute(AppiumDriver.java:1)
	at io.appium.java_client.android.AndroidDriver.execute(AndroidDriver.java:1)
	at org.openqa.selenium.remote.RemoteWebDriver.findElement(RemoteWebDriver.java:363)
	at org.openqa.selenium.remote.RemoteWebDriver.findElementById(RemoteWebDriver.java:413)
	at io.appium.java_client.DefaultGenericMobileDriver.findElementById(DefaultGenericMobileDriver.java:62)
	at io.appium.java_client.AppiumDriver.findElementById(AppiumDriver.java:1)
	at io.appium.java_client.android.AndroidDriver.findElementById(AndroidDriver.java:1)
	at twc.Automation.HandleWithApp.AppFunctions.click_Mapsdetails_element(AppFunctions.java:1773)
	at ANDROID_ARMS.ANDROID_ARMS.FeedAdVAlidationonUI.Extended_Deatail_MapsPage_Ad(FeedAdVAlidationonUI.java:232)
	at sun.reflect.NativeMethodAccessorImpl.invoke0(Native Method)
	at sun.reflect.NativeMethodAccessorImpl.invoke(NativeMethodAccessorImpl.java:62)
	at sun.reflect.DelegatingMethodAccessorImpl.invoke(DelegatingMethodAccessorImpl.java:43)
	at java.lang.reflect.Method.invoke(Method.java:498)
	at org.testng.internal.MethodInvocationHelper.invokeMethod(MethodInvocationHelper.java:86)
	at org.testng.internal.Invoker.invokeMethod(Invoker.java:643)
	at org.testng.internal.Invoker.invokeTestMethod(Invoker.java:820)
	at org.testng.internal.Invoker.invokeTestMethods(Invoker.java:1128)
	at org.testng.internal.TestMethodWorker.invokeTestMethods(TestMethodWorker.java:129)
	at org.testng.internal.TestMethodWorker.run(TestMethodWorker.java:112)
	at org.testng.TestRunner.privateRun(TestRunner.java:782)
	at org.testng.TestRunner.run(TestRunner.java:632)
	at org.testng.SuiteRunner.runTest(SuiteRunner.java:366)
	at org.testng.SuiteRunner.runSequentially(SuiteRunner.java:361)
	at org.testng.SuiteRunner.privateRun(SuiteRunner.java:319)
	at org.testng.SuiteRunner.run(SuiteRunner.java:268)
	at org.testng.SuiteRunnerWorker.runSuite(SuiteRunnerWorker.java:52)
	at org.testng.SuiteRunnerWorker.run(SuiteRunnerWorker.java:86)
	at org.testng.TestNG.runSuitesSequentially(TestNG.java:1244)
	at org.testng.TestNG.runSuitesLocally(TestNG.java:1169)
	at org.testng.TestNG.run(TestNG.java:1064)
	at org.testng.remote.AbstractRemoteTestNG.run(AbstractRemoteTestNG.java:114)
	at org.testng.remote.RemoteTestNG.initAndRun(RemoteTestNG.java:251)
	at org.testng.remote.RemoteTestNG.main(RemoteTestNG.java:77)
</stack-trace>
            </failure>
            <steps/>
            <attachments/>
            <labels>
                <label name="testSuite" value="Default suite"/>
                <label name="testGroup" value="Default test"/>
                <label name="testClass" value="ANDROID_ARMS.ANDROID_ARMS.FeedAdVAlidationonUI"/>
                <label name="testMethod" value="Extended_Deatail_MapsPage_Ad"/>
                <label name="host" value="Macminis-Mac-mini.local"/>
                <label name="thread" value="84080@Macminis-Mac-mini.local.main(1)"/>
            </labels>
        </test-case>
        <test-case start="1543146556592" stop="1543146630241" status="broken">
            <name>Extended_Deatail_MapsPage_Ad</name>
            <title>Validating Extended Maps page Ad</title>
            <failure>
                <message>NoSuchElementException: An element could not be located on the page using the given search parameters. (WARNING: The server did not provide any stacktrace information)
Command duration or timeout: 60.72 seconds
For documentation on this error, please visit: http://seleniumhq.org/exceptions/no_such_element.html
Build info: version: '2.51.0', revision: '1af067dbcaedd7d2ab9af5151fc471d363d97193', time: '2016-02-05 11:20:57'
System info: host: 'Macminis-Mac-mini.local', ip: '192.168.168.26', os.name: 'Mac OS X', os.arch: 'x86_64', os.version: '10.13.6', java.version: '1.8.0_151'
Driver info: io.appium.java_client.android.AndroidDriver
Capabilities [{app=/Users/macmini/eclipse-workspace/ANDROID_ARMS/APKFile/app_google_debug_900000103.apk, appPackage=com.weather.Weather, deviceScreenSize=1440x2560, networkConnectionEnabled=true, noReset=true, warnings={}, appWaitPackage=com.weather.Weather, appWaitActivity=com.weather.Weather.app.SplashScreenActivity, databaseEnabled=false, deviceName=03157df33d91c039, platform=LINUX, deviceUDID=03157df33d91c039, appActivity=com.weather.Weather.app.SplashScreenActivity, desired={app=/Users/macmini/eclipse-workspace/ANDROID_ARMS/APKFile/app_google_debug_900000103.apk, appPackage=com.weather.Weather, noReset=true, appium-version=1.4.13, newCommandTimeout=100000, platformVersion=7.0, platformName=Android, deviceName=Samsung S6}, appium-version=1.4.13, newCommandTimeout=100000, platformVersion=7.0, webStorageEnabled=false, locationContextEnabled=false, takesScreenshot=true, javascriptEnabled=true, deviceModel=SM-G920I, platformName=Android, deviceManufacturer=samsung}]
Session ID: bc847ce2-0c44-4f01-82d0-07e6a05a52e1
*** Element info: {Using=id, value=com.weather.Weather:id/mapSmall}</message>
                <stack-trace>org.openqa.selenium.NoSuchElementException: An element could not be located on the page using the given search parameters. (WARNING: The server did not provide any stacktrace information)
Command duration or timeout: 60.72 seconds
For documentation on this error, please visit: http://seleniumhq.org/exceptions/no_such_element.html
Build info: version: '2.51.0', revision: '1af067dbcaedd7d2ab9af5151fc471d363d97193', time: '2016-02-05 11:20:57'
System info: host: 'Macminis-Mac-mini.local', ip: '192.168.168.26', os.name: 'Mac OS X', os.arch: 'x86_64', os.version: '10.13.6', java.version: '1.8.0_151'
Driver info: io.appium.java_client.android.AndroidDriver
Capabilities [{app=/Users/macmini/eclipse-workspace/ANDROID_ARMS/APKFile/app_google_debug_900000103.apk, appPackage=com.weather.Weather, deviceScreenSize=1440x2560, networkConnectionEnabled=true, noReset=true, warnings={}, appWaitPackage=com.weather.Weather, appWaitActivity=com.weather.Weather.app.SplashScreenActivity, databaseEnabled=false, deviceName=03157df33d91c039, platform=LINUX, deviceUDID=03157df33d91c039, appActivity=com.weather.Weather.app.SplashScreenActivity, desired={app=/Users/macmini/eclipse-workspace/ANDROID_ARMS/APKFile/app_google_debug_900000103.apk, appPackage=com.weather.Weather, noReset=true, appium-version=1.4.13, newCommandTimeout=100000, platformVersion=7.0, platformName=Android, deviceName=Samsung S6}, appium-version=1.4.13, newCommandTimeout=100000, platformVersion=7.0, webStorageEnabled=false, locationContextEnabled=false, takesScreenshot=true, javascriptEnabled=true, deviceModel=SM-G920I, platformName=Android, deviceManufacturer=samsung}]
Session ID: bc847ce2-0c44-4f01-82d0-07e6a05a52e1
*** Element info: {Using=id, value=com.weather.Weather:id/mapSmall}
	at sun.reflect.NativeConstructorAccessorImpl.newInstance0(Native Method)
	at sun.reflect.NativeConstructorAccessorImpl.newInstance(NativeConstructorAccessorImpl.java:62)
	at sun.reflect.DelegatingConstructorAccessorImpl.newInstance(DelegatingConstructorAccessorImpl.java:45)
	at java.lang.reflect.Constructor.newInstance(Constructor.java:423)
	at org.openqa.selenium.remote.ErrorHandler.createThrowable(ErrorHandler.java:206)
	at org.openqa.selenium.remote.ErrorHandler.throwIfResponseFailed(ErrorHandler.java:158)
	at org.openqa.selenium.remote.RemoteWebDriver.execute(RemoteWebDriver.java:678)
	at io.appium.java_client.DefaultGenericMobileDriver.execute(DefaultGenericMobileDriver.java:42)
	at io.appium.java_client.AppiumDriver.execute(AppiumDriver.java:1)
	at io.appium.java_client.android.AndroidDriver.execute(AndroidDriver.java:1)
	at org.openqa.selenium.remote.RemoteWebDriver.findElement(RemoteWebDriver.java:363)
	at org.openqa.selenium.remote.RemoteWebDriver.findElementById(RemoteWebDriver.java:413)
	at io.appium.java_client.DefaultGenericMobileDriver.findElementById(DefaultGenericMobileDriver.java:62)
	at io.appium.java_client.AppiumDriver.findElementById(AppiumDriver.java:1)
	at io.appium.java_client.android.AndroidDriver.findElementById(AndroidDriver.java:1)
	at twc.Automation.HandleWithApp.AppFunctions.click_Mapsdetails_element(AppFunctions.java:1773)
	at ANDROID_ARMS.ANDROID_ARMS.FeedAdVAlidationonUI.Extended_Deatail_MapsPage_Ad(FeedAdVAlidationonUI.java:232)
	at sun.reflect.NativeMethodAccessorImpl.invoke0(Native Method)
	at sun.reflect.NativeMethodAccessorImpl.invoke(NativeMethodAccessorImpl.java:62)
	at sun.reflect.DelegatingMethodAccessorImpl.invoke(DelegatingMethodAccessorImpl.java:43)
	at java.lang.reflect.Method.invoke(Method.java:498)
	at org.testng.internal.MethodInvocationHelper.invokeMethod(MethodInvocationHelper.java:86)
	at org.testng.internal.Invoker.invokeMethod(Invoker.java:643)
	at org.testng.internal.Invoker.invokeTestMethod(Invoker.java:820)
	at org.testng.internal.Invoker.invokeTestMethods(Invoker.java:1128)
	at org.testng.internal.TestMethodWorker.invokeTestMethods(TestMethodWorker.java:129)
	at org.testng.internal.TestMethodWorker.run(TestMethodWorker.java:112)
	at org.testng.TestRunner.privateRun(TestRunner.java:782)
	at org.testng.TestRunner.run(TestRunner.java:632)
	at org.testng.SuiteRunner.runTest(SuiteRunner.java:366)
	at org.testng.SuiteRunner.runSequentially(SuiteRunner.java:361)
	at org.testng.SuiteRunner.privateRun(SuiteRunner.java:319)
	at org.testng.SuiteRunner.run(SuiteRunner.java:268)
	at org.testng.SuiteRunnerWorker.runSuite(SuiteRunnerWorker.java:52)
	at org.testng.SuiteRunnerWorker.run(SuiteRunnerWorker.java:86)
	at org.testng.TestNG.runSuitesSequentially(TestNG.java:1244)
	at org.testng.TestNG.runSuitesLocally(TestNG.java:1169)
	at org.testng.TestNG.run(TestNG.java:1064)
	at org.testng.remote.AbstractRemoteTestNG.run(AbstractRemoteTestNG.java:114)
	at org.testng.remote.RemoteTestNG.initAndRun(RemoteTestNG.java:251)
	at org.testng.remote.RemoteTestNG.main(RemoteTestNG.java:77)
</stack-trace>
            </failure>
            <steps/>
            <attachments/>
            <labels>
                <label name="testSuite" value="Default suite"/>
                <label name="testGroup" value="Default test"/>
                <label name="testClass" value="ANDROID_ARMS.ANDROID_ARMS.FeedAdVAlidationonUI"/>
                <label name="testMethod" value="Extended_Deatail_MapsPage_Ad"/>
                <label name="host" value="Macminis-Mac-mini.local"/>
                <label name="thread" value="84080@Macminis-Mac-mini.local.main(1)"/>
            </labels>
        </test-case>
        <test-case start="1543146630247" stop="1543146721941" status="broken">
            <name>Extended_Deatail_Airpollution_Ad</name>
            <title>Validating Extended Airpollution page Ad</title>
            <failure>
                <message>NoSuchElementException: An element could not be located on the page using the given search parameters. (WARNING: The server did not provide any stacktrace information)
Command duration or timeout: 60.20 seconds
For documentation on this error, please visit: http://seleniumhq.org/exceptions/no_such_element.html
Build info: version: '2.51.0', revision: '1af067dbcaedd7d2ab9af5151fc471d363d97193', time: '2016-02-05 11:20:57'
System info: host: 'Macminis-Mac-mini.local', ip: '192.168.168.26', os.name: 'Mac OS X', os.arch: 'x86_64', os.version: '10.13.6', java.version: '1.8.0_151'
Driver info: io.appium.java_client.android.AndroidDriver
Capabilities [{app=/Users/macmini/eclipse-workspace/ANDROID_ARMS/APKFile/app_google_debug_900000103.apk, appPackage=com.weather.Weather, deviceScreenSize=1440x2560, networkConnectionEnabled=true, noReset=true, warnings={}, appWaitPackage=com.weather.Weather, appWaitActivity=com.weather.Weather.app.SplashScreenActivity, databaseEnabled=false, deviceName=03157df33d91c039, platform=LINUX, deviceUDID=03157df33d91c039, appActivity=com.weather.Weather.app.SplashScreenActivity, desired={app=/Users/macmini/eclipse-workspace/ANDROID_ARMS/APKFile/app_google_debug_900000103.apk, appPackage=com.weather.Weather, noReset=true, appium-version=1.4.13, newCommandTimeout=100000, platformVersion=7.0, platformName=Android, deviceName=Samsung S6}, appium-version=1.4.13, newCommandTimeout=100000, platformVersion=7.0, webStorageEnabled=false, locationContextEnabled=false, takesScreenshot=true, javascriptEnabled=true, deviceModel=SM-G920I, platformName=Android, deviceManufacturer=samsung}]
Session ID: bc847ce2-0c44-4f01-82d0-07e6a05a52e1
*** Element info: {Using=id, value=ather:id/air_quality_pollutant_title}</message>
                <stack-trace>org.openqa.selenium.NoSuchElementException: An element could not be located on the page using the given search parameters. (WARNING: The server did not provide any stacktrace information)
Command duration or timeout: 60.20 seconds
For documentation on this error, please visit: http://seleniumhq.org/exceptions/no_such_element.html
Build info: version: '2.51.0', revision: '1af067dbcaedd7d2ab9af5151fc471d363d97193', time: '2016-02-05 11:20:57'
System info: host: 'Macminis-Mac-mini.local', ip: '192.168.168.26', os.name: 'Mac OS X', os.arch: 'x86_64', os.version: '10.13.6', java.version: '1.8.0_151'
Driver info: io.appium.java_client.android.AndroidDriver
Capabilities [{app=/Users/macmini/eclipse-workspace/ANDROID_ARMS/APKFile/app_google_debug_900000103.apk, appPackage=com.weather.Weather, deviceScreenSize=1440x2560, networkConnectionEnabled=true, noReset=true, warnings={}, appWaitPackage=com.weather.Weather, appWaitActivity=com.weather.Weather.app.SplashScreenActivity, databaseEnabled=false, deviceName=03157df33d91c039, platform=LINUX, deviceUDID=03157df33d91c039, appActivity=com.weather.Weather.app.SplashScreenActivity, desired={app=/Users/macmini/eclipse-workspace/ANDROID_ARMS/APKFile/app_google_debug_900000103.apk, appPackage=com.weather.Weather, noReset=true, appium-version=1.4.13, newCommandTimeout=100000, platformVersion=7.0, platformName=Android, deviceName=Samsung S6}, appium-version=1.4.13, newCommandTimeout=100000, platformVersion=7.0, webStorageEnabled=false, locationContextEnabled=false, takesScreenshot=true, javascriptEnabled=true, deviceModel=SM-G920I, platformName=Android, deviceManufacturer=samsung}]
Session ID: bc847ce2-0c44-4f01-82d0-07e6a05a52e1
*** Element info: {Using=id, value=ather:id/air_quality_pollutant_title}
	at sun.reflect.NativeConstructorAccessorImpl.newInstance0(Native Method)
	at sun.reflect.NativeConstructorAccessorImpl.newInstance(NativeConstructorAccessorImpl.java:62)
	at sun.reflect.DelegatingConstructorAccessorImpl.newInstance(DelegatingConstructorAccessorImpl.java:45)
	at java.lang.reflect.Constructor.newInstance(Constructor.java:423)
	at org.openqa.selenium.remote.ErrorHandler.createThrowable(ErrorHandler.java:206)
	at org.openqa.selenium.remote.ErrorHandler.throwIfResponseFailed(ErrorHandler.java:158)
	at org.openqa.selenium.remote.RemoteWebDriver.execute(RemoteWebDriver.java:678)
	at io.appium.java_client.DefaultGenericMobileDriver.execute(DefaultGenericMobileDriver.java:42)
	at io.appium.java_client.AppiumDriver.execute(AppiumDriver.java:1)
	at io.appium.java_client.android.AndroidDriver.execute(AndroidDriver.java:1)
	at org.openqa.selenium.remote.RemoteWebDriver.findElement(RemoteWebDriver.java:363)
	at org.openqa.selenium.remote.RemoteWebDriver.findElementById(RemoteWebDriver.java:413)
	at io.appium.java_client.DefaultGenericMobileDriver.findElementById(DefaultGenericMobileDriver.java:62)
	at io.appium.java_client.AppiumDriver.findElementById(AppiumDriver.java:1)
	at io.appium.java_client.android.AndroidDriver.findElementById(AndroidDriver.java:1)
	at twc.Automation.HandleWithApp.AppFunctions.click_Airpollution_element(AppFunctions.java:1778)
	at ANDROID_ARMS.ANDROID_ARMS.FeedAdVAlidationonUI.Extended_Deatail_Airpollution_Ad(FeedAdVAlidationonUI.java:244)
	at sun.reflect.NativeMethodAccessorImpl.invoke0(Native Method)
	at sun.reflect.NativeMethodAccessorImpl.invoke(NativeMethodAccessorImpl.java:62)
	at sun.reflect.DelegatingMethodAccessorImpl.invoke(DelegatingMethodAccessorImpl.java:43)
	at java.lang.reflect.Method.invoke(Method.java:498)
	at org.testng.internal.MethodInvocationHelper.invokeMethod(MethodInvocationHelper.java:86)
	at org.testng.internal.Invoker.invokeMethod(Invoker.java:643)
	at org.testng.internal.Invoker.invokeTestMethod(Invoker.java:820)
	at org.testng.internal.Invoker.invokeTestMethods(Invoker.java:1128)
	at org.testng.internal.TestMethodWorker.invokeTestMethods(TestMethodWorker.java:129)
	at org.testng.internal.TestMethodWorker.run(TestMethodWorker.java:112)
	at org.testng.TestRunner.privateRun(TestRunner.java:782)
	at org.testng.TestRunner.run(TestRunner.java:632)
	at org.testng.SuiteRunner.runTest(SuiteRunner.java:366)
	at org.testng.SuiteRunner.runSequentially(SuiteRunner.java:361)
	at org.testng.SuiteRunner.privateRun(SuiteRunner.java:319)
	at org.testng.SuiteRunner.run(SuiteRunner.java:268)
	at org.testng.SuiteRunnerWorker.runSuite(SuiteRunnerWorker.java:52)
	at org.testng.SuiteRunnerWorker.run(SuiteRunnerWorker.java:86)
	at org.testng.TestNG.runSuitesSequentially(TestNG.java:1244)
	at org.testng.TestNG.runSuitesLocally(TestNG.java:1169)
	at org.testng.TestNG.run(TestNG.java:1064)
	at org.testng.remote.AbstractRemoteTestNG.run(AbstractRemoteTestNG.java:114)
	at org.testng.remote.RemoteTestNG.initAndRun(RemoteTestNG.java:251)
	at org.testng.remote.RemoteTestNG.main(RemoteTestNG.java:77)
</stack-trace>
            </failure>
            <steps/>
            <attachments/>
            <labels>
                <label name="testSuite" value="Default suite"/>
                <label name="testGroup" value="Default test"/>
                <label name="testClass" value="ANDROID_ARMS.ANDROID_ARMS.FeedAdVAlidationonUI"/>
                <label name="testMethod" value="Extended_Deatail_Airpollution_Ad"/>
                <label name="host" value="Macminis-Mac-mini.local"/>
                <label name="thread" value="84080@Macminis-Mac-mini.local.main(1)"/>
            </labels>
        </test-case>
        <test-case start="1543146630247" stop="1543146721941" status="broken">
            <name>Extended_Deatail_Airpollution_Ad</name>
            <title>Validating Extended Airpollution page Ad</title>
            <failure>
                <message>NoSuchElementException: An element could not be located on the page using the given search parameters. (WARNING: The server did not provide any stacktrace information)
Command duration or timeout: 60.20 seconds
For documentation on this error, please visit: http://seleniumhq.org/exceptions/no_such_element.html
Build info: version: '2.51.0', revision: '1af067dbcaedd7d2ab9af5151fc471d363d97193', time: '2016-02-05 11:20:57'
System info: host: 'Macminis-Mac-mini.local', ip: '192.168.168.26', os.name: 'Mac OS X', os.arch: 'x86_64', os.version: '10.13.6', java.version: '1.8.0_151'
Driver info: io.appium.java_client.android.AndroidDriver
Capabilities [{app=/Users/macmini/eclipse-workspace/ANDROID_ARMS/APKFile/app_google_debug_900000103.apk, appPackage=com.weather.Weather, deviceScreenSize=1440x2560, networkConnectionEnabled=true, noReset=true, warnings={}, appWaitPackage=com.weather.Weather, appWaitActivity=com.weather.Weather.app.SplashScreenActivity, databaseEnabled=false, deviceName=03157df33d91c039, platform=LINUX, deviceUDID=03157df33d91c039, appActivity=com.weather.Weather.app.SplashScreenActivity, desired={app=/Users/macmini/eclipse-workspace/ANDROID_ARMS/APKFile/app_google_debug_900000103.apk, appPackage=com.weather.Weather, noReset=true, appium-version=1.4.13, newCommandTimeout=100000, platformVersion=7.0, platformName=Android, deviceName=Samsung S6}, appium-version=1.4.13, newCommandTimeout=100000, platformVersion=7.0, webStorageEnabled=false, locationContextEnabled=false, takesScreenshot=true, javascriptEnabled=true, deviceModel=SM-G920I, platformName=Android, deviceManufacturer=samsung}]
Session ID: bc847ce2-0c44-4f01-82d0-07e6a05a52e1
*** Element info: {Using=id, value=ather:id/air_quality_pollutant_title}</message>
                <stack-trace>org.openqa.selenium.NoSuchElementException: An element could not be located on the page using the given search parameters. (WARNING: The server did not provide any stacktrace information)
Command duration or timeout: 60.20 seconds
For documentation on this error, please visit: http://seleniumhq.org/exceptions/no_such_element.html
Build info: version: '2.51.0', revision: '1af067dbcaedd7d2ab9af5151fc471d363d97193', time: '2016-02-05 11:20:57'
System info: host: 'Macminis-Mac-mini.local', ip: '192.168.168.26', os.name: 'Mac OS X', os.arch: 'x86_64', os.version: '10.13.6', java.version: '1.8.0_151'
Driver info: io.appium.java_client.android.AndroidDriver
Capabilities [{app=/Users/macmini/eclipse-workspace/ANDROID_ARMS/APKFile/app_google_debug_900000103.apk, appPackage=com.weather.Weather, deviceScreenSize=1440x2560, networkConnectionEnabled=true, noReset=true, warnings={}, appWaitPackage=com.weather.Weather, appWaitActivity=com.weather.Weather.app.SplashScreenActivity, databaseEnabled=false, deviceName=03157df33d91c039, platform=LINUX, deviceUDID=03157df33d91c039, appActivity=com.weather.Weather.app.SplashScreenActivity, desired={app=/Users/macmini/eclipse-workspace/ANDROID_ARMS/APKFile/app_google_debug_900000103.apk, appPackage=com.weather.Weather, noReset=true, appium-version=1.4.13, newCommandTimeout=100000, platformVersion=7.0, platformName=Android, deviceName=Samsung S6}, appium-version=1.4.13, newCommandTimeout=100000, platformVersion=7.0, webStorageEnabled=false, locationContextEnabled=false, takesScreenshot=true, javascriptEnabled=true, deviceModel=SM-G920I, platformName=Android, deviceManufacturer=samsung}]
Session ID: bc847ce2-0c44-4f01-82d0-07e6a05a52e1
*** Element info: {Using=id, value=ather:id/air_quality_pollutant_title}
	at sun.reflect.NativeConstructorAccessorImpl.newInstance0(Native Method)
	at sun.reflect.NativeConstructorAccessorImpl.newInstance(NativeConstructorAccessorImpl.java:62)
	at sun.reflect.DelegatingConstructorAccessorImpl.newInstance(DelegatingConstructorAccessorImpl.java:45)
	at java.lang.reflect.Constructor.newInstance(Constructor.java:423)
	at org.openqa.selenium.remote.ErrorHandler.createThrowable(ErrorHandler.java:206)
	at org.openqa.selenium.remote.ErrorHandler.throwIfResponseFailed(ErrorHandler.java:158)
	at org.openqa.selenium.remote.RemoteWebDriver.execute(RemoteWebDriver.java:678)
	at io.appium.java_client.DefaultGenericMobileDriver.execute(DefaultGenericMobileDriver.java:42)
	at io.appium.java_client.AppiumDriver.execute(AppiumDriver.java:1)
	at io.appium.java_client.android.AndroidDriver.execute(AndroidDriver.java:1)
	at org.openqa.selenium.remote.RemoteWebDriver.findElement(RemoteWebDriver.java:363)
	at org.openqa.selenium.remote.RemoteWebDriver.findElementById(RemoteWebDriver.java:413)
	at io.appium.java_client.DefaultGenericMobileDriver.findElementById(DefaultGenericMobileDriver.java:62)
	at io.appium.java_client.AppiumDriver.findElementById(AppiumDriver.java:1)
	at io.appium.java_client.android.AndroidDriver.findElementById(AndroidDriver.java:1)
	at twc.Automation.HandleWithApp.AppFunctions.click_Airpollution_element(AppFunctions.java:1778)
	at ANDROID_ARMS.ANDROID_ARMS.FeedAdVAlidationonUI.Extended_Deatail_Airpollution_Ad(FeedAdVAlidationonUI.java:244)
	at sun.reflect.NativeMethodAccessorImpl.invoke0(Native Method)
	at sun.reflect.NativeMethodAccessorImpl.invoke(NativeMethodAccessorImpl.java:62)
	at sun.reflect.DelegatingMethodAccessorImpl.invoke(DelegatingMethodAccessorImpl.java:43)
	at java.lang.reflect.Method.invoke(Method.java:498)
	at org.testng.internal.MethodInvocationHelper.invokeMethod(MethodInvocationHelper.java:86)
	at org.testng.internal.Invoker.invokeMethod(Invoker.java:643)
	at org.testng.internal.Invoker.invokeTestMethod(Invoker.java:820)
	at org.testng.internal.Invoker.invokeTestMethods(Invoker.java:1128)
	at org.testng.internal.TestMethodWorker.invokeTestMethods(TestMethodWorker.java:129)
	at org.testng.internal.TestMethodWorker.run(TestMethodWorker.java:112)
	at org.testng.TestRunner.privateRun(TestRunner.java:782)
	at org.testng.TestRunner.run(TestRunner.java:632)
	at org.testng.SuiteRunner.runTest(SuiteRunner.java:366)
	at org.testng.SuiteRunner.runSequentially(SuiteRunner.java:361)
	at org.testng.SuiteRunner.privateRun(SuiteRunner.java:319)
	at org.testng.SuiteRunner.run(SuiteRunner.java:268)
	at org.testng.SuiteRunnerWorker.runSuite(SuiteRunnerWorker.java:52)
	at org.testng.SuiteRunnerWorker.run(SuiteRunnerWorker.java:86)
	at org.testng.TestNG.runSuitesSequentially(TestNG.java:1244)
	at org.testng.TestNG.runSuitesLocally(TestNG.java:1169)
	at org.testng.TestNG.run(TestNG.java:1064)
	at org.testng.remote.AbstractRemoteTestNG.run(AbstractRemoteTestNG.java:114)
	at org.testng.remote.RemoteTestNG.initAndRun(RemoteTestNG.java:251)
	at org.testng.remote.RemoteTestNG.main(RemoteTestNG.java:77)
</stack-trace>
            </failure>
            <steps/>
            <attachments/>
            <labels>
                <label name="testSuite" value="Default suite"/>
                <label name="testGroup" value="Default test"/>
                <label name="testClass" value="ANDROID_ARMS.ANDROID_ARMS.FeedAdVAlidationonUI"/>
                <label name="testMethod" value="Extended_Deatail_Airpollution_Ad"/>
                <label name="host" value="Macminis-Mac-mini.local"/>
                <label name="thread" value="84080@Macminis-Mac-mini.local.main(1)"/>
            </labels>
        </test-case>
        <test-case start="1543146721946" stop="1543146839417" status="broken">
            <name>Extended_Detailed_NewsPage_Ad</name>
            <title>Validating Extended Airpollution page Ad</title>
            <failure>
                <message>NoSuchElementException: An element could not be located on the page using the given search parameters. (WARNING: The server did not provide any stacktrace information)
Command duration or timeout: 60.71 seconds
For documentation on this error, please visit: http://seleniumhq.org/exceptions/no_such_element.html
Build info: version: '2.51.0', revision: '1af067dbcaedd7d2ab9af5151fc471d363d97193', time: '2016-02-05 11:20:57'
System info: host: 'Macminis-Mac-mini.local', ip: '192.168.168.26', os.name: 'Mac OS X', os.arch: 'x86_64', os.version: '10.13.6', java.version: '1.8.0_151'
Driver info: io.appium.java_client.android.AndroidDriver
Capabilities [{app=/Users/macmini/eclipse-workspace/ANDROID_ARMS/APKFile/app_google_debug_900000103.apk, appPackage=com.weather.Weather, deviceScreenSize=1440x2560, networkConnectionEnabled=true, noReset=true, warnings={}, appWaitPackage=com.weather.Weather, appWaitActivity=com.weather.Weather.app.SplashScreenActivity, databaseEnabled=false, deviceName=03157df33d91c039, platform=LINUX, deviceUDID=03157df33d91c039, appActivity=com.weather.Weather.app.SplashScreenActivity, desired={app=/Users/macmini/eclipse-workspace/ANDROID_ARMS/APKFile/app_google_debug_900000103.apk, appPackage=com.weather.Weather, noReset=true, appium-version=1.4.13, newCommandTimeout=100000, platformVersion=7.0, platformName=Android, deviceName=Samsung S6}, appium-version=1.4.13, newCommandTimeout=100000, platformVersion=7.0, webStorageEnabled=false, locationContextEnabled=false, takesScreenshot=true, javascriptEnabled=true, deviceModel=SM-G920I, platformName=Android, deviceManufacturer=samsung}]
Session ID: bc847ce2-0c44-4f01-82d0-07e6a05a52e1
*** Element info: {Using=accessibility id, value=Navigate up}</message>
                <stack-trace>org.openqa.selenium.NoSuchElementException: An element could not be located on the page using the given search parameters. (WARNING: The server did not provide any stacktrace information)
Command duration or timeout: 60.71 seconds
For documentation on this error, please visit: http://seleniumhq.org/exceptions/no_such_element.html
Build info: version: '2.51.0', revision: '1af067dbcaedd7d2ab9af5151fc471d363d97193', time: '2016-02-05 11:20:57'
System info: host: 'Macminis-Mac-mini.local', ip: '192.168.168.26', os.name: 'Mac OS X', os.arch: 'x86_64', os.version: '10.13.6', java.version: '1.8.0_151'
Driver info: io.appium.java_client.android.AndroidDriver
Capabilities [{app=/Users/macmini/eclipse-workspace/ANDROID_ARMS/APKFile/app_google_debug_900000103.apk, appPackage=com.weather.Weather, deviceScreenSize=1440x2560, networkConnectionEnabled=true, noReset=true, warnings={}, appWaitPackage=com.weather.Weather, appWaitActivity=com.weather.Weather.app.SplashScreenActivity, databaseEnabled=false, deviceName=03157df33d91c039, platform=LINUX, deviceUDID=03157df33d91c039, appActivity=com.weather.Weather.app.SplashScreenActivity, desired={app=/Users/macmini/eclipse-workspace/ANDROID_ARMS/APKFile/app_google_debug_900000103.apk, appPackage=com.weather.Weather, noReset=true, appium-version=1.4.13, newCommandTimeout=100000, platformVersion=7.0, platformName=Android, deviceName=Samsung S6}, appium-version=1.4.13, newCommandTimeout=100000, platformVersion=7.0, webStorageEnabled=false, locationContextEnabled=false, takesScreenshot=true, javascriptEnabled=true, deviceModel=SM-G920I, platformName=Android, deviceManufacturer=samsung}]
Session ID: bc847ce2-0c44-4f01-82d0-07e6a05a52e1
*** Element info: {Using=accessibility id, value=Navigate up}
	at sun.reflect.NativeConstructorAccessorImpl.newInstance0(Native Method)
	at sun.reflect.NativeConstructorAccessorImpl.newInstance(NativeConstructorAccessorImpl.java:62)
	at sun.reflect.DelegatingConstructorAccessorImpl.newInstance(DelegatingConstructorAccessorImpl.java:45)
	at java.lang.reflect.Constructor.newInstance(Constructor.java:423)
	at org.openqa.selenium.remote.ErrorHandler.createThrowable(ErrorHandler.java:206)
	at org.openqa.selenium.remote.ErrorHandler.throwIfResponseFailed(ErrorHandler.java:158)
	at org.openqa.selenium.remote.RemoteWebDriver.execute(RemoteWebDriver.java:678)
	at io.appium.java_client.DefaultGenericMobileDriver.execute(DefaultGenericMobileDriver.java:42)
	at io.appium.java_client.AppiumDriver.execute(AppiumDriver.java:1)
	at io.appium.java_client.android.AndroidDriver.execute(AndroidDriver.java:1)
	at org.openqa.selenium.remote.RemoteWebDriver.findElement(RemoteWebDriver.java:363)
	at io.appium.java_client.DefaultGenericMobileDriver.findElementByAccessibilityId(DefaultGenericMobileDriver.java:144)
	at io.appium.java_client.AppiumDriver.findElementByAccessibilityId(AppiumDriver.java:1)
	at io.appium.java_client.android.AndroidDriver.findElementByAccessibilityId(AndroidDriver.java:1)
	at twc.Automation.HandleWithApp.AppFunctions.clickOnBackArrowElement(AppFunctions.java:1713)
	at ANDROID_ARMS.ANDROID_ARMS.FeedAdVAlidationonUI.Extended_Detailed_NewsPage_Ad(FeedAdVAlidationonUI.java:259)
	at sun.reflect.NativeMethodAccessorImpl.invoke0(Native Method)
	at sun.reflect.NativeMethodAccessorImpl.invoke(NativeMethodAccessorImpl.java:62)
	at sun.reflect.DelegatingMethodAccessorImpl.invoke(DelegatingMethodAccessorImpl.java:43)
	at java.lang.reflect.Method.invoke(Method.java:498)
	at org.testng.internal.MethodInvocationHelper.invokeMethod(MethodInvocationHelper.java:86)
	at org.testng.internal.Invoker.invokeMethod(Invoker.java:643)
	at org.testng.internal.Invoker.invokeTestMethod(Invoker.java:820)
	at org.testng.internal.Invoker.invokeTestMethods(Invoker.java:1128)
	at org.testng.internal.TestMethodWorker.invokeTestMethods(TestMethodWorker.java:129)
	at org.testng.internal.TestMethodWorker.run(TestMethodWorker.java:112)
	at org.testng.TestRunner.privateRun(TestRunner.java:782)
	at org.testng.TestRunner.run(TestRunner.java:632)
	at org.testng.SuiteRunner.runTest(SuiteRunner.java:366)
	at org.testng.SuiteRunner.runSequentially(SuiteRunner.java:361)
	at org.testng.SuiteRunner.privateRun(SuiteRunner.java:319)
	at org.testng.SuiteRunner.run(SuiteRunner.java:268)
	at org.testng.SuiteRunnerWorker.runSuite(SuiteRunnerWorker.java:52)
	at org.testng.SuiteRunnerWorker.run(SuiteRunnerWorker.java:86)
	at org.testng.TestNG.runSuitesSequentially(TestNG.java:1244)
	at org.testng.TestNG.runSuitesLocally(TestNG.java:1169)
	at org.testng.TestNG.run(TestNG.java:1064)
	at org.testng.remote.AbstractRemoteTestNG.run(AbstractRemoteTestNG.java:114)
	at org.testng.remote.RemoteTestNG.initAndRun(RemoteTestNG.java:251)
	at org.testng.remote.RemoteTestNG.main(RemoteTestNG.java:77)
</stack-trace>
            </failure>
            <steps>
                <step start="1543146762206" stop="1543146762206" status="passed">
                    <name>logStep[Checking the  Extended Deatailnews page ad is presnted or not]</name>
                    <title>Checking the  Extended Deatailnews page ad is presnted or not</title>
                </step>
                <step start="1543146762207" stop="1543146762207" status="passed">
                    <name>logStep[Checking for News Submodule ad]</name>
                    <title>Checking for News Submodule ad</title>
                </step>
                <step start="1543146772391" stop="1543146772391" status="passed">
                    <name>logStep[Newssubmodule ad present]</name>
                    <title>Newssubmodule ad present</title>
                </step>
                <step start="1543146775074" stop="1543146775074" status="passed">
                    <name>logStep[took the passed submoduleAd_News screenshot]</name>
                    <title>took the passed submoduleAd_News screenshot</title>
                </step>
            </steps>
            <attachments/>
            <labels>
                <label name="testSuite" value="Default suite"/>
                <label name="testGroup" value="Default test"/>
                <label name="testClass" value="ANDROID_ARMS.ANDROID_ARMS.FeedAdVAlidationonUI"/>
                <label name="testMethod" value="Extended_Detailed_NewsPage_Ad"/>
                <label name="host" value="Macminis-Mac-mini.local"/>
                <label name="thread" value="84080@Macminis-Mac-mini.local.main(1)"/>
            </labels>
        </test-case>
        <test-case start="1543146721946" stop="1543146839417" status="broken">
            <name>Extended_Detailed_NewsPage_Ad</name>
            <title>Validating Extended Airpollution page Ad</title>
            <failure>
                <message>NoSuchElementException: An element could not be located on the page using the given search parameters. (WARNING: The server did not provide any stacktrace information)
Command duration or timeout: 60.71 seconds
For documentation on this error, please visit: http://seleniumhq.org/exceptions/no_such_element.html
Build info: version: '2.51.0', revision: '1af067dbcaedd7d2ab9af5151fc471d363d97193', time: '2016-02-05 11:20:57'
System info: host: 'Macminis-Mac-mini.local', ip: '192.168.168.26', os.name: 'Mac OS X', os.arch: 'x86_64', os.version: '10.13.6', java.version: '1.8.0_151'
Driver info: io.appium.java_client.android.AndroidDriver
Capabilities [{app=/Users/macmini/eclipse-workspace/ANDROID_ARMS/APKFile/app_google_debug_900000103.apk, appPackage=com.weather.Weather, deviceScreenSize=1440x2560, networkConnectionEnabled=true, noReset=true, warnings={}, appWaitPackage=com.weather.Weather, appWaitActivity=com.weather.Weather.app.SplashScreenActivity, databaseEnabled=false, deviceName=03157df33d91c039, platform=LINUX, deviceUDID=03157df33d91c039, appActivity=com.weather.Weather.app.SplashScreenActivity, desired={app=/Users/macmini/eclipse-workspace/ANDROID_ARMS/APKFile/app_google_debug_900000103.apk, appPackage=com.weather.Weather, noReset=true, appium-version=1.4.13, newCommandTimeout=100000, platformVersion=7.0, platformName=Android, deviceName=Samsung S6}, appium-version=1.4.13, newCommandTimeout=100000, platformVersion=7.0, webStorageEnabled=false, locationContextEnabled=false, takesScreenshot=true, javascriptEnabled=true, deviceModel=SM-G920I, platformName=Android, deviceManufacturer=samsung}]
Session ID: bc847ce2-0c44-4f01-82d0-07e6a05a52e1
*** Element info: {Using=accessibility id, value=Navigate up}</message>
                <stack-trace>org.openqa.selenium.NoSuchElementException: An element could not be located on the page using the given search parameters. (WARNING: The server did not provide any stacktrace information)
Command duration or timeout: 60.71 seconds
For documentation on this error, please visit: http://seleniumhq.org/exceptions/no_such_element.html
Build info: version: '2.51.0', revision: '1af067dbcaedd7d2ab9af5151fc471d363d97193', time: '2016-02-05 11:20:57'
System info: host: 'Macminis-Mac-mini.local', ip: '192.168.168.26', os.name: 'Mac OS X', os.arch: 'x86_64', os.version: '10.13.6', java.version: '1.8.0_151'
Driver info: io.appium.java_client.android.AndroidDriver
Capabilities [{app=/Users/macmini/eclipse-workspace/ANDROID_ARMS/APKFile/app_google_debug_900000103.apk, appPackage=com.weather.Weather, deviceScreenSize=1440x2560, networkConnectionEnabled=true, noReset=true, warnings={}, appWaitPackage=com.weather.Weather, appWaitActivity=com.weather.Weather.app.SplashScreenActivity, databaseEnabled=false, deviceName=03157df33d91c039, platform=LINUX, deviceUDID=03157df33d91c039, appActivity=com.weather.Weather.app.SplashScreenActivity, desired={app=/Users/macmini/eclipse-workspace/ANDROID_ARMS/APKFile/app_google_debug_900000103.apk, appPackage=com.weather.Weather, noReset=true, appium-version=1.4.13, newCommandTimeout=100000, platformVersion=7.0, platformName=Android, deviceName=Samsung S6}, appium-version=1.4.13, newCommandTimeout=100000, platformVersion=7.0, webStorageEnabled=false, locationContextEnabled=false, takesScreenshot=true, javascriptEnabled=true, deviceModel=SM-G920I, platformName=Android, deviceManufacturer=samsung}]
Session ID: bc847ce2-0c44-4f01-82d0-07e6a05a52e1
*** Element info: {Using=accessibility id, value=Navigate up}
	at sun.reflect.NativeConstructorAccessorImpl.newInstance0(Native Method)
	at sun.reflect.NativeConstructorAccessorImpl.newInstance(NativeConstructorAccessorImpl.java:62)
	at sun.reflect.DelegatingConstructorAccessorImpl.newInstance(DelegatingConstructorAccessorImpl.java:45)
	at java.lang.reflect.Constructor.newInstance(Constructor.java:423)
	at org.openqa.selenium.remote.ErrorHandler.createThrowable(ErrorHandler.java:206)
	at org.openqa.selenium.remote.ErrorHandler.throwIfResponseFailed(ErrorHandler.java:158)
	at org.openqa.selenium.remote.RemoteWebDriver.execute(RemoteWebDriver.java:678)
	at io.appium.java_client.DefaultGenericMobileDriver.execute(DefaultGenericMobileDriver.java:42)
	at io.appium.java_client.AppiumDriver.execute(AppiumDriver.java:1)
	at io.appium.java_client.android.AndroidDriver.execute(AndroidDriver.java:1)
	at org.openqa.selenium.remote.RemoteWebDriver.findElement(RemoteWebDriver.java:363)
	at io.appium.java_client.DefaultGenericMobileDriver.findElementByAccessibilityId(DefaultGenericMobileDriver.java:144)
	at io.appium.java_client.AppiumDriver.findElementByAccessibilityId(AppiumDriver.java:1)
	at io.appium.java_client.android.AndroidDriver.findElementByAccessibilityId(AndroidDriver.java:1)
	at twc.Automation.HandleWithApp.AppFunctions.clickOnBackArrowElement(AppFunctions.java:1713)
	at ANDROID_ARMS.ANDROID_ARMS.FeedAdVAlidationonUI.Extended_Detailed_NewsPage_Ad(FeedAdVAlidationonUI.java:259)
	at sun.reflect.NativeMethodAccessorImpl.invoke0(Native Method)
	at sun.reflect.NativeMethodAccessorImpl.invoke(NativeMethodAccessorImpl.java:62)
	at sun.reflect.DelegatingMethodAccessorImpl.invoke(DelegatingMethodAccessorImpl.java:43)
	at java.lang.reflect.Method.invoke(Method.java:498)
	at org.testng.internal.MethodInvocationHelper.invokeMethod(MethodInvocationHelper.java:86)
	at org.testng.internal.Invoker.invokeMethod(Invoker.java:643)
	at org.testng.internal.Invoker.invokeTestMethod(Invoker.java:820)
	at org.testng.internal.Invoker.invokeTestMethods(Invoker.java:1128)
	at org.testng.internal.TestMethodWorker.invokeTestMethods(TestMethodWorker.java:129)
	at org.testng.internal.TestMethodWorker.run(TestMethodWorker.java:112)
	at org.testng.TestRunner.privateRun(TestRunner.java:782)
	at org.testng.TestRunner.run(TestRunner.java:632)
	at org.testng.SuiteRunner.runTest(SuiteRunner.java:366)
	at org.testng.SuiteRunner.runSequentially(SuiteRunner.java:361)
	at org.testng.SuiteRunner.privateRun(SuiteRunner.java:319)
	at org.testng.SuiteRunner.run(SuiteRunner.java:268)
	at org.testng.SuiteRunnerWorker.runSuite(SuiteRunnerWorker.java:52)
	at org.testng.SuiteRunnerWorker.run(SuiteRunnerWorker.java:86)
	at org.testng.TestNG.runSuitesSequentially(TestNG.java:1244)
	at org.testng.TestNG.runSuitesLocally(TestNG.java:1169)
	at org.testng.TestNG.run(TestNG.java:1064)
	at org.testng.remote.AbstractRemoteTestNG.run(AbstractRemoteTestNG.java:114)
	at org.testng.remote.RemoteTestNG.initAndRun(RemoteTestNG.java:251)
	at org.testng.remote.RemoteTestNG.main(RemoteTestNG.java:77)
</stack-trace>
            </failure>
            <steps>
                <step start="1543146762206" stop="1543146762206" status="passed">
                    <name>logStep[Checking the  Extended Deatailnews page ad is presnted or not]</name>
                    <title>Checking the  Extended Deatailnews page ad is presnted or not</title>
                </step>
                <step start="1543146762207" stop="1543146762207" status="passed">
                    <name>logStep[Checking for News Submodule ad]</name>
                    <title>Checking for News Submodule ad</title>
                </step>
                <step start="1543146772391" stop="1543146772391" status="passed">
                    <name>logStep[Newssubmodule ad present]</name>
                    <title>Newssubmodule ad present</title>
                </step>
                <step start="1543146775074" stop="1543146775074" status="passed">
                    <name>logStep[took the passed submoduleAd_News screenshot]</name>
                    <title>took the passed submoduleAd_News screenshot</title>
                </step>
            </steps>
            <attachments/>
            <labels>
                <label name="testSuite" value="Default suite"/>
                <label name="testGroup" value="Default test"/>
                <label name="testClass" value="ANDROID_ARMS.ANDROID_ARMS.FeedAdVAlidationonUI"/>
                <label name="testMethod" value="Extended_Detailed_NewsPage_Ad"/>
                <label name="host" value="Macminis-Mac-mini.local"/>
                <label name="thread" value="84080@Macminis-Mac-mini.local.main(1)"/>
            </labels>
        </test-case>
    </test-cases>
    <labels>
        <label name="framework" value="TestNG"/>
        <label name="language" value="JAVA"/>
    </labels>
</ns2:test-suite>
