<?xml version="1.0" encoding="UTF-8" standalone="yes"?>
<ns2:test-suite start="1543139720859" stop="1543140323661" version="1.5.4" xmlns:ns2="urn:model.allure.qatools.yandex.ru">
    <name>Default suite : Default test</name>
    <title>Default suite : Default test</title>
    <test-cases>
        <test-case start="1543139885565" stop="1543140003419" status="failed">
            <name>Extended_Boat_beach_Ad</name>
            <title>Validating Extended Boat&amp;Beach page Ad</title>
            <failure>
                <message>AssertionError: boatbeach bb ad not present</message>
                <stack-trace>java.lang.AssertionError: boatbeach bb ad not present
	at org.testng.Assert.fail(Assert.java:94)
	at twc.Automation.HandleWithAppium.AppiumFunctions.Check_boatbeach_bb_ad(AppiumFunctions.java:1171)
	at ANDROID_ARMS.ANDROID_ARMS.FeedAdVAlidationonUI.Extended_Boat_beach_Ad(FeedAdVAlidationonUI.java:171)
	at sun.reflect.NativeMethodAccessorImpl.invoke0(Native Method)
	at sun.reflect.NativeMethodAccessorImpl.invoke(NativeMethodAccessorImpl.java:62)
	at sun.reflect.DelegatingMethodAccessorImpl.invoke(DelegatingMethodAccessorImpl.java:43)
	at java.lang.reflect.Method.invoke(Method.java:498)
	at org.testng.internal.MethodInvocationHelper.invokeMethod(MethodInvocationHelper.java:86)
	at org.testng.internal.Invoker.invokeMethod(Invoker.java:643)
	at org.testng.internal.Invoker.invokeTestMethod(Invoker.java:820)
	at org.testng.internal.Invoker.invokeTestMethods(Invoker.java:1128)
	at org.testng.internal.TestMethodWorker.invokeTestMethods(TestMethodWorker.java:129)
	at org.testng.internal.TestMethodWorker.run(TestMethodWorker.java:112)
	at org.testng.TestRunner.privateRun(TestRunner.java:782)
	at org.testng.TestRunner.run(TestRunner.java:632)
	at org.testng.SuiteRunner.runTest(SuiteRunner.java:366)
	at org.testng.SuiteRunner.runSequentially(SuiteRunner.java:361)
	at org.testng.SuiteRunner.privateRun(SuiteRunner.java:319)
	at org.testng.SuiteRunner.run(SuiteRunner.java:268)
	at org.testng.SuiteRunnerWorker.runSuite(SuiteRunnerWorker.java:52)
	at org.testng.SuiteRunnerWorker.run(SuiteRunnerWorker.java:86)
	at org.testng.TestNG.runSuitesSequentially(TestNG.java:1244)
	at org.testng.TestNG.runSuitesLocally(TestNG.java:1169)
	at org.testng.TestNG.run(TestNG.java:1064)
	at org.testng.remote.AbstractRemoteTestNG.run(AbstractRemoteTestNG.java:114)
	at org.testng.remote.RemoteTestNG.initAndRun(RemoteTestNG.java:251)
	at org.testng.remote.RemoteTestNG.main(RemoteTestNG.java:77)
</stack-trace>
            </failure>
            <steps>
                <step start="1543139932126" stop="1543139932128" status="passed">
                    <name>logStep[Checking the boatbeach bb ad is presnted or not]</name>
                    <title>Checking the boatbeach bb ad is presnted or not</title>
                </step>
                <step start="1543139937130" stop="1543139937130" status="passed">
                    <name>logStep[boatbeach bb ad present]</name>
                    <title>boatbeach bb ad present</title>
                </step>
                <step start="1543139939166" stop="1543139939166" status="passed">
                    <name>logStep[Checking for boatbeach bb ad]</name>
                    <title>Checking for boatbeach bb ad</title>
                </step>
                <step start="1543139999421" stop="1543139999421" status="passed">
                    <name>logStep[boatbeach bb ad not present]</name>
                    <title>boatbeach bb ad not present</title>
                </step>
                <step start="1543140001414" stop="1543140001414" status="passed">
                    <name>logStep[Taking screenshot]</name>
                    <title>Taking screenshot</title>
                </step>
                <step start="1543140003409" stop="1543140003409" status="passed">
                    <name>logStep[took the failed boatbeach bb screen shot]</name>
                    <title>took the failed boatbeach bb screen shot</title>
                </step>
            </steps>
            <attachments>
                <attachment title="Screenshot on failure" source="a86771bd-f4a6-4883-bbd2-c0f453dc0ffb-attachment.png" type="image/png"/>
            </attachments>
            <labels>
                <label name="testSuite" value="Default suite"/>
                <label name="testGroup" value="Default test"/>
                <label name="testClass" value="ANDROID_ARMS.ANDROID_ARMS.FeedAdVAlidationonUI"/>
                <label name="testMethod" value="Extended_Boat_beach_Ad"/>
                <label name="host" value="Macminis-Mac-mini.local"/>
                <label name="thread" value="82963@Macminis-Mac-mini.local.main(1)"/>
            </labels>
        </test-case>
        <test-case start="1543139885565" stop="1543140003419" status="failed">
            <name>Extended_Boat_beach_Ad</name>
            <title>Validating Extended Boat&amp;Beach page Ad</title>
            <failure>
                <message>AssertionError: boatbeach bb ad not present</message>
                <stack-trace>java.lang.AssertionError: boatbeach bb ad not present
	at org.testng.Assert.fail(Assert.java:94)
	at twc.Automation.HandleWithAppium.AppiumFunctions.Check_boatbeach_bb_ad(AppiumFunctions.java:1171)
	at ANDROID_ARMS.ANDROID_ARMS.FeedAdVAlidationonUI.Extended_Boat_beach_Ad(FeedAdVAlidationonUI.java:171)
	at sun.reflect.NativeMethodAccessorImpl.invoke0(Native Method)
	at sun.reflect.NativeMethodAccessorImpl.invoke(NativeMethodAccessorImpl.java:62)
	at sun.reflect.DelegatingMethodAccessorImpl.invoke(DelegatingMethodAccessorImpl.java:43)
	at java.lang.reflect.Method.invoke(Method.java:498)
	at org.testng.internal.MethodInvocationHelper.invokeMethod(MethodInvocationHelper.java:86)
	at org.testng.internal.Invoker.invokeMethod(Invoker.java:643)
	at org.testng.internal.Invoker.invokeTestMethod(Invoker.java:820)
	at org.testng.internal.Invoker.invokeTestMethods(Invoker.java:1128)
	at org.testng.internal.TestMethodWorker.invokeTestMethods(TestMethodWorker.java:129)
	at org.testng.internal.TestMethodWorker.run(TestMethodWorker.java:112)
	at org.testng.TestRunner.privateRun(TestRunner.java:782)
	at org.testng.TestRunner.run(TestRunner.java:632)
	at org.testng.SuiteRunner.runTest(SuiteRunner.java:366)
	at org.testng.SuiteRunner.runSequentially(SuiteRunner.java:361)
	at org.testng.SuiteRunner.privateRun(SuiteRunner.java:319)
	at org.testng.SuiteRunner.run(SuiteRunner.java:268)
	at org.testng.SuiteRunnerWorker.runSuite(SuiteRunnerWorker.java:52)
	at org.testng.SuiteRunnerWorker.run(SuiteRunnerWorker.java:86)
	at org.testng.TestNG.runSuitesSequentially(TestNG.java:1244)
	at org.testng.TestNG.runSuitesLocally(TestNG.java:1169)
	at org.testng.TestNG.run(TestNG.java:1064)
	at org.testng.remote.AbstractRemoteTestNG.run(AbstractRemoteTestNG.java:114)
	at org.testng.remote.RemoteTestNG.initAndRun(RemoteTestNG.java:251)
	at org.testng.remote.RemoteTestNG.main(RemoteTestNG.java:77)
</stack-trace>
            </failure>
            <steps>
                <step start="1543139932126" stop="1543139932128" status="passed">
                    <name>logStep[Checking the boatbeach bb ad is presnted or not]</name>
                    <title>Checking the boatbeach bb ad is presnted or not</title>
                </step>
                <step start="1543139937130" stop="1543139937130" status="passed">
                    <name>logStep[boatbeach bb ad present]</name>
                    <title>boatbeach bb ad present</title>
                </step>
                <step start="1543139939166" stop="1543139939166" status="passed">
                    <name>logStep[Checking for boatbeach bb ad]</name>
                    <title>Checking for boatbeach bb ad</title>
                </step>
                <step start="1543139999421" stop="1543139999421" status="passed">
                    <name>logStep[boatbeach bb ad not present]</name>
                    <title>boatbeach bb ad not present</title>
                </step>
                <step start="1543140001414" stop="1543140001414" status="passed">
                    <name>logStep[Taking screenshot]</name>
                    <title>Taking screenshot</title>
                </step>
                <step start="1543140003409" stop="1543140003409" status="passed">
                    <name>logStep[took the failed boatbeach bb screen shot]</name>
                    <title>took the failed boatbeach bb screen shot</title>
                </step>
            </steps>
            <attachments>
                <attachment title="Screenshot on failure" source="a86771bd-f4a6-4883-bbd2-c0f453dc0ffb-attachment.png" type="image/png"/>
            </attachments>
            <labels>
                <label name="testSuite" value="Default suite"/>
                <label name="testGroup" value="Default test"/>
                <label name="testClass" value="ANDROID_ARMS.ANDROID_ARMS.FeedAdVAlidationonUI"/>
                <label name="testMethod" value="Extended_Boat_beach_Ad"/>
                <label name="host" value="Macminis-Mac-mini.local"/>
                <label name="thread" value="82963@Macminis-Mac-mini.local.main(1)"/>
            </labels>
        </test-case>
        <test-case start="1543140003426" stop="1543140126014" status="failed">
            <name>Extended_Runningpage_Ad</name>
            <title>Validating Extended Running page Ad</title>
            <failure>
                <message>AssertionError: Running bb ad not present</message>
                <stack-trace>java.lang.AssertionError: Running bb ad not present
	at org.testng.Assert.fail(Assert.java:94)
	at twc.Automation.HandleWithAppium.AppiumFunctions.Check_Running_bb_ad(AppiumFunctions.java:1197)
	at ANDROID_ARMS.ANDROID_ARMS.FeedAdVAlidationonUI.Extended_Runningpage_Ad(FeedAdVAlidationonUI.java:184)
	at sun.reflect.NativeMethodAccessorImpl.invoke0(Native Method)
	at sun.reflect.NativeMethodAccessorImpl.invoke(NativeMethodAccessorImpl.java:62)
	at sun.reflect.DelegatingMethodAccessorImpl.invoke(DelegatingMethodAccessorImpl.java:43)
	at java.lang.reflect.Method.invoke(Method.java:498)
	at org.testng.internal.MethodInvocationHelper.invokeMethod(MethodInvocationHelper.java:86)
	at org.testng.internal.Invoker.invokeMethod(Invoker.java:643)
	at org.testng.internal.Invoker.invokeTestMethod(Invoker.java:820)
	at org.testng.internal.Invoker.invokeTestMethods(Invoker.java:1128)
	at org.testng.internal.TestMethodWorker.invokeTestMethods(TestMethodWorker.java:129)
	at org.testng.internal.TestMethodWorker.run(TestMethodWorker.java:112)
	at org.testng.TestRunner.privateRun(TestRunner.java:782)
	at org.testng.TestRunner.run(TestRunner.java:632)
	at org.testng.SuiteRunner.runTest(SuiteRunner.java:366)
	at org.testng.SuiteRunner.runSequentially(SuiteRunner.java:361)
	at org.testng.SuiteRunner.privateRun(SuiteRunner.java:319)
	at org.testng.SuiteRunner.run(SuiteRunner.java:268)
	at org.testng.SuiteRunnerWorker.runSuite(SuiteRunnerWorker.java:52)
	at org.testng.SuiteRunnerWorker.run(SuiteRunnerWorker.java:86)
	at org.testng.TestNG.runSuitesSequentially(TestNG.java:1244)
	at org.testng.TestNG.runSuitesLocally(TestNG.java:1169)
	at org.testng.TestNG.run(TestNG.java:1064)
	at org.testng.remote.AbstractRemoteTestNG.run(AbstractRemoteTestNG.java:114)
	at org.testng.remote.RemoteTestNG.initAndRun(RemoteTestNG.java:251)
	at org.testng.remote.RemoteTestNG.main(RemoteTestNG.java:77)
</stack-trace>
            </failure>
            <steps>
                <step start="1543140062449" stop="1543140062449" status="passed">
                    <name>logStep[Checking the Running bb ad is presnted or not]</name>
                    <title>Checking the Running bb ad is presnted or not</title>
                </step>
                <step start="1543140062449" stop="1543140062449" status="passed">
                    <name>logStep[Checking for Running bb ad]</name>
                    <title>Checking for Running bb ad</title>
                </step>
                <step start="1543140122471" stop="1543140122471" status="passed">
                    <name>logStep[Running bb ad not present]</name>
                    <title>Running bb ad not present</title>
                </step>
                <step start="1543140124293" stop="1543140124293" status="passed">
                    <name>logStep[Taking screenshot]</name>
                    <title>Taking screenshot</title>
                </step>
                <step start="1543140126014" stop="1543140126014" status="passed">
                    <name>logStep[took the failed Running bb screen shot]</name>
                    <title>took the failed Running bb screen shot</title>
                </step>
            </steps>
            <attachments>
                <attachment title="Screenshot on failure" source="b07a3c43-6568-49bb-9817-4ef16a6da6fc-attachment.png" type="image/png"/>
            </attachments>
            <labels>
                <label name="testSuite" value="Default suite"/>
                <label name="testGroup" value="Default test"/>
                <label name="testClass" value="ANDROID_ARMS.ANDROID_ARMS.FeedAdVAlidationonUI"/>
                <label name="testMethod" value="Extended_Runningpage_Ad"/>
                <label name="host" value="Macminis-Mac-mini.local"/>
                <label name="thread" value="82963@Macminis-Mac-mini.local.main(1)"/>
            </labels>
        </test-case>
        <test-case start="1543140003426" stop="1543140126014" status="failed">
            <name>Extended_Runningpage_Ad</name>
            <title>Validating Extended Running page Ad</title>
            <failure>
                <message>AssertionError: Running bb ad not present</message>
                <stack-trace>java.lang.AssertionError: Running bb ad not present
	at org.testng.Assert.fail(Assert.java:94)
	at twc.Automation.HandleWithAppium.AppiumFunctions.Check_Running_bb_ad(AppiumFunctions.java:1197)
	at ANDROID_ARMS.ANDROID_ARMS.FeedAdVAlidationonUI.Extended_Runningpage_Ad(FeedAdVAlidationonUI.java:184)
	at sun.reflect.NativeMethodAccessorImpl.invoke0(Native Method)
	at sun.reflect.NativeMethodAccessorImpl.invoke(NativeMethodAccessorImpl.java:62)
	at sun.reflect.DelegatingMethodAccessorImpl.invoke(DelegatingMethodAccessorImpl.java:43)
	at java.lang.reflect.Method.invoke(Method.java:498)
	at org.testng.internal.MethodInvocationHelper.invokeMethod(MethodInvocationHelper.java:86)
	at org.testng.internal.Invoker.invokeMethod(Invoker.java:643)
	at org.testng.internal.Invoker.invokeTestMethod(Invoker.java:820)
	at org.testng.internal.Invoker.invokeTestMethods(Invoker.java:1128)
	at org.testng.internal.TestMethodWorker.invokeTestMethods(TestMethodWorker.java:129)
	at org.testng.internal.TestMethodWorker.run(TestMethodWorker.java:112)
	at org.testng.TestRunner.privateRun(TestRunner.java:782)
	at org.testng.TestRunner.run(TestRunner.java:632)
	at org.testng.SuiteRunner.runTest(SuiteRunner.java:366)
	at org.testng.SuiteRunner.runSequentially(SuiteRunner.java:361)
	at org.testng.SuiteRunner.privateRun(SuiteRunner.java:319)
	at org.testng.SuiteRunner.run(SuiteRunner.java:268)
	at org.testng.SuiteRunnerWorker.runSuite(SuiteRunnerWorker.java:52)
	at org.testng.SuiteRunnerWorker.run(SuiteRunnerWorker.java:86)
	at org.testng.TestNG.runSuitesSequentially(TestNG.java:1244)
	at org.testng.TestNG.runSuitesLocally(TestNG.java:1169)
	at org.testng.TestNG.run(TestNG.java:1064)
	at org.testng.remote.AbstractRemoteTestNG.run(AbstractRemoteTestNG.java:114)
	at org.testng.remote.RemoteTestNG.initAndRun(RemoteTestNG.java:251)
	at org.testng.remote.RemoteTestNG.main(RemoteTestNG.java:77)
</stack-trace>
            </failure>
            <steps>
                <step start="1543140062449" stop="1543140062449" status="passed">
                    <name>logStep[Checking the Running bb ad is presnted or not]</name>
                    <title>Checking the Running bb ad is presnted or not</title>
                </step>
                <step start="1543140062449" stop="1543140062449" status="passed">
                    <name>logStep[Checking for Running bb ad]</name>
                    <title>Checking for Running bb ad</title>
                </step>
                <step start="1543140122471" stop="1543140122471" status="passed">
                    <name>logStep[Running bb ad not present]</name>
                    <title>Running bb ad not present</title>
                </step>
                <step start="1543140124293" stop="1543140124293" status="passed">
                    <name>logStep[Taking screenshot]</name>
                    <title>Taking screenshot</title>
                </step>
                <step start="1543140126014" stop="1543140126014" status="passed">
                    <name>logStep[took the failed Running bb screen shot]</name>
                    <title>took the failed Running bb screen shot</title>
                </step>
            </steps>
            <attachments>
                <attachment title="Screenshot on failure" source="b07a3c43-6568-49bb-9817-4ef16a6da6fc-attachment.png" type="image/png"/>
            </attachments>
            <labels>
                <label name="testSuite" value="Default suite"/>
                <label name="testGroup" value="Default test"/>
                <label name="testClass" value="ANDROID_ARMS.ANDROID_ARMS.FeedAdVAlidationonUI"/>
                <label name="testMethod" value="Extended_Runningpage_Ad"/>
                <label name="host" value="Macminis-Mac-mini.local"/>
                <label name="thread" value="82963@Macminis-Mac-mini.local.main(1)"/>
            </labels>
        </test-case>
        <test-case start="1543140126283" stop="1543140218312" status="failed">
            <name>Extended_ColdFlu_Ad</name>
            <title>Validating Extended Running page Ad</title>
            <failure>
                <message>AssertionError: ColdFlu bb ad not present</message>
                <stack-trace>java.lang.AssertionError: ColdFlu bb ad not present
	at org.testng.Assert.fail(Assert.java:94)
	at twc.Automation.HandleWithAppium.AppiumFunctions.Check_ColdFlu_bb_ad(AppiumFunctions.java:1223)
	at ANDROID_ARMS.ANDROID_ARMS.FeedAdVAlidationonUI.Extended_ColdFlu_Ad(FeedAdVAlidationonUI.java:197)
	at sun.reflect.NativeMethodAccessorImpl.invoke0(Native Method)
	at sun.reflect.NativeMethodAccessorImpl.invoke(NativeMethodAccessorImpl.java:62)
	at sun.reflect.DelegatingMethodAccessorImpl.invoke(DelegatingMethodAccessorImpl.java:43)
	at java.lang.reflect.Method.invoke(Method.java:498)
	at org.testng.internal.MethodInvocationHelper.invokeMethod(MethodInvocationHelper.java:86)
	at org.testng.internal.Invoker.invokeMethod(Invoker.java:643)
	at org.testng.internal.Invoker.invokeTestMethod(Invoker.java:820)
	at org.testng.internal.Invoker.invokeTestMethods(Invoker.java:1128)
	at org.testng.internal.TestMethodWorker.invokeTestMethods(TestMethodWorker.java:129)
	at org.testng.internal.TestMethodWorker.run(TestMethodWorker.java:112)
	at org.testng.TestRunner.privateRun(TestRunner.java:782)
	at org.testng.TestRunner.run(TestRunner.java:632)
	at org.testng.SuiteRunner.runTest(SuiteRunner.java:366)
	at org.testng.SuiteRunner.runSequentially(SuiteRunner.java:361)
	at org.testng.SuiteRunner.privateRun(SuiteRunner.java:319)
	at org.testng.SuiteRunner.run(SuiteRunner.java:268)
	at org.testng.SuiteRunnerWorker.runSuite(SuiteRunnerWorker.java:52)
	at org.testng.SuiteRunnerWorker.run(SuiteRunnerWorker.java:86)
	at org.testng.TestNG.runSuitesSequentially(TestNG.java:1244)
	at org.testng.TestNG.runSuitesLocally(TestNG.java:1169)
	at org.testng.TestNG.run(TestNG.java:1064)
	at org.testng.remote.AbstractRemoteTestNG.run(AbstractRemoteTestNG.java:114)
	at org.testng.remote.RemoteTestNG.initAndRun(RemoteTestNG.java:251)
	at org.testng.remote.RemoteTestNG.main(RemoteTestNG.java:77)
</stack-trace>
            </failure>
            <steps>
                <step start="1543140154305" stop="1543140154305" status="passed">
                    <name>logStep[Checking the ColdFlu bb ad is presnted or not]</name>
                    <title>Checking the ColdFlu bb ad is presnted or not</title>
                </step>
                <step start="1543140154306" stop="1543140154306" status="passed">
                    <name>logStep[Checking for ColdFlu bb ad]</name>
                    <title>Checking for ColdFlu bb ad</title>
                </step>
                <step start="1543140214458" stop="1543140214458" status="passed">
                    <name>logStep[ColdFlu bb ad not present]</name>
                    <title>ColdFlu bb ad not present</title>
                </step>
                <step start="1543140216477" stop="1543140216477" status="passed">
                    <name>logStep[Taking screenshot]</name>
                    <title>Taking screenshot</title>
                </step>
                <step start="1543140218312" stop="1543140218312" status="passed">
                    <name>logStep[took the failed ColdFlu bb screen shot]</name>
                    <title>took the failed ColdFlu bb screen shot</title>
                </step>
            </steps>
            <attachments>
                <attachment title="Screenshot on failure" source="56f65eee-c4e7-4c96-a52b-4a7720258da5-attachment.png" type="image/png"/>
            </attachments>
            <labels>
                <label name="testSuite" value="Default suite"/>
                <label name="testGroup" value="Default test"/>
                <label name="testClass" value="ANDROID_ARMS.ANDROID_ARMS.FeedAdVAlidationonUI"/>
                <label name="testMethod" value="Extended_ColdFlu_Ad"/>
                <label name="host" value="Macminis-Mac-mini.local"/>
                <label name="thread" value="82963@Macminis-Mac-mini.local.main(1)"/>
            </labels>
        </test-case>
        <test-case start="1543140126283" stop="1543140218312" status="failed">
            <name>Extended_ColdFlu_Ad</name>
            <title>Validating Extended Running page Ad</title>
            <failure>
                <message>AssertionError: ColdFlu bb ad not present</message>
                <stack-trace>java.lang.AssertionError: ColdFlu bb ad not present
	at org.testng.Assert.fail(Assert.java:94)
	at twc.Automation.HandleWithAppium.AppiumFunctions.Check_ColdFlu_bb_ad(AppiumFunctions.java:1223)
	at ANDROID_ARMS.ANDROID_ARMS.FeedAdVAlidationonUI.Extended_ColdFlu_Ad(FeedAdVAlidationonUI.java:197)
	at sun.reflect.NativeMethodAccessorImpl.invoke0(Native Method)
	at sun.reflect.NativeMethodAccessorImpl.invoke(NativeMethodAccessorImpl.java:62)
	at sun.reflect.DelegatingMethodAccessorImpl.invoke(DelegatingMethodAccessorImpl.java:43)
	at java.lang.reflect.Method.invoke(Method.java:498)
	at org.testng.internal.MethodInvocationHelper.invokeMethod(MethodInvocationHelper.java:86)
	at org.testng.internal.Invoker.invokeMethod(Invoker.java:643)
	at org.testng.internal.Invoker.invokeTestMethod(Invoker.java:820)
	at org.testng.internal.Invoker.invokeTestMethods(Invoker.java:1128)
	at org.testng.internal.TestMethodWorker.invokeTestMethods(TestMethodWorker.java:129)
	at org.testng.internal.TestMethodWorker.run(TestMethodWorker.java:112)
	at org.testng.TestRunner.privateRun(TestRunner.java:782)
	at org.testng.TestRunner.run(TestRunner.java:632)
	at org.testng.SuiteRunner.runTest(SuiteRunner.java:366)
	at org.testng.SuiteRunner.runSequentially(SuiteRunner.java:361)
	at org.testng.SuiteRunner.privateRun(SuiteRunner.java:319)
	at org.testng.SuiteRunner.run(SuiteRunner.java:268)
	at org.testng.SuiteRunnerWorker.runSuite(SuiteRunnerWorker.java:52)
	at org.testng.SuiteRunnerWorker.run(SuiteRunnerWorker.java:86)
	at org.testng.TestNG.runSuitesSequentially(TestNG.java:1244)
	at org.testng.TestNG.runSuitesLocally(TestNG.java:1169)
	at org.testng.TestNG.run(TestNG.java:1064)
	at org.testng.remote.AbstractRemoteTestNG.run(AbstractRemoteTestNG.java:114)
	at org.testng.remote.RemoteTestNG.initAndRun(RemoteTestNG.java:251)
	at org.testng.remote.RemoteTestNG.main(RemoteTestNG.java:77)
</stack-trace>
            </failure>
            <steps>
                <step start="1543140154305" stop="1543140154305" status="passed">
                    <name>logStep[Checking the ColdFlu bb ad is presnted or not]</name>
                    <title>Checking the ColdFlu bb ad is presnted or not</title>
                </step>
                <step start="1543140154306" stop="1543140154306" status="passed">
                    <name>logStep[Checking for ColdFlu bb ad]</name>
                    <title>Checking for ColdFlu bb ad</title>
                </step>
                <step start="1543140214458" stop="1543140214458" status="passed">
                    <name>logStep[ColdFlu bb ad not present]</name>
                    <title>ColdFlu bb ad not present</title>
                </step>
                <step start="1543140216477" stop="1543140216477" status="passed">
                    <name>logStep[Taking screenshot]</name>
                    <title>Taking screenshot</title>
                </step>
                <step start="1543140218312" stop="1543140218312" status="passed">
                    <name>logStep[took the failed ColdFlu bb screen shot]</name>
                    <title>took the failed ColdFlu bb screen shot</title>
                </step>
            </steps>
            <attachments>
                <attachment title="Screenshot on failure" source="56f65eee-c4e7-4c96-a52b-4a7720258da5-attachment.png" type="image/png"/>
            </attachments>
            <labels>
                <label name="testSuite" value="Default suite"/>
                <label name="testGroup" value="Default test"/>
                <label name="testClass" value="ANDROID_ARMS.ANDROID_ARMS.FeedAdVAlidationonUI"/>
                <label name="testMethod" value="Extended_ColdFlu_Ad"/>
                <label name="host" value="Macminis-Mac-mini.local"/>
                <label name="thread" value="82963@Macminis-Mac-mini.local.main(1)"/>
            </labels>
        </test-case>
        <test-case start="1543140218317" stop="1543140323619" status="broken">
            <name>Extended_Allergy_Ad</name>
            <title>Validating Extended Allergy page Ad</title>
            <failure>
                <message>NoSuchElementException: An element could not be located on the page using the given search parameters. (WARNING: The server did not provide any stacktrace information)
Command duration or timeout: 60.40 seconds
For documentation on this error, please visit: http://seleniumhq.org/exceptions/no_such_element.html
Build info: version: '2.51.0', revision: '1af067dbcaedd7d2ab9af5151fc471d363d97193', time: '2016-02-05 11:20:57'
System info: host: 'Macminis-Mac-mini.local', ip: '192.168.168.26', os.name: 'Mac OS X', os.arch: 'x86_64', os.version: '10.13.6', java.version: '1.8.0_151'
Driver info: io.appium.java_client.android.AndroidDriver
Capabilities [{app=/Users/macmini/eclipse-workspace/ANDROID_ARMS/APKFile/app_google_debug_900000103.apk, appPackage=com.weather.Weather, deviceScreenSize=1440x2560, networkConnectionEnabled=true, noReset=true, warnings={}, appWaitPackage=com.weather.Weather, appWaitActivity=com.weather.Weather.app.SplashScreenActivity, databaseEnabled=false, deviceName=03157df33d91c039, platform=LINUX, deviceUDID=03157df33d91c039, appActivity=com.weather.Weather.app.SplashScreenActivity, desired={app=/Users/macmini/eclipse-workspace/ANDROID_ARMS/APKFile/app_google_debug_900000103.apk, appPackage=com.weather.Weather, noReset=true, appium-version=1.4.13, newCommandTimeout=100000, platformVersion=7.0, platformName=Android, deviceName=Samsung S6}, appium-version=1.4.13, newCommandTimeout=100000, platformVersion=7.0, webStorageEnabled=false, locationContextEnabled=false, takesScreenshot=true, javascriptEnabled=true, deviceModel=SM-G920I, platformName=Android, deviceManufacturer=samsung}]
Session ID: 70ac211e-09b9-4cd4-86ef-f648f5b729fd
*** Element info: {Using=id, value=com.weather.Weather:id/fake_toolbar_back_button}</message>
                <stack-trace>org.openqa.selenium.NoSuchElementException: An element could not be located on the page using the given search parameters. (WARNING: The server did not provide any stacktrace information)
Command duration or timeout: 60.40 seconds
For documentation on this error, please visit: http://seleniumhq.org/exceptions/no_such_element.html
Build info: version: '2.51.0', revision: '1af067dbcaedd7d2ab9af5151fc471d363d97193', time: '2016-02-05 11:20:57'
System info: host: 'Macminis-Mac-mini.local', ip: '192.168.168.26', os.name: 'Mac OS X', os.arch: 'x86_64', os.version: '10.13.6', java.version: '1.8.0_151'
Driver info: io.appium.java_client.android.AndroidDriver
Capabilities [{app=/Users/macmini/eclipse-workspace/ANDROID_ARMS/APKFile/app_google_debug_900000103.apk, appPackage=com.weather.Weather, deviceScreenSize=1440x2560, networkConnectionEnabled=true, noReset=true, warnings={}, appWaitPackage=com.weather.Weather, appWaitActivity=com.weather.Weather.app.SplashScreenActivity, databaseEnabled=false, deviceName=03157df33d91c039, platform=LINUX, deviceUDID=03157df33d91c039, appActivity=com.weather.Weather.app.SplashScreenActivity, desired={app=/Users/macmini/eclipse-workspace/ANDROID_ARMS/APKFile/app_google_debug_900000103.apk, appPackage=com.weather.Weather, noReset=true, appium-version=1.4.13, newCommandTimeout=100000, platformVersion=7.0, platformName=Android, deviceName=Samsung S6}, appium-version=1.4.13, newCommandTimeout=100000, platformVersion=7.0, webStorageEnabled=false, locationContextEnabled=false, takesScreenshot=true, javascriptEnabled=true, deviceModel=SM-G920I, platformName=Android, deviceManufacturer=samsung}]
Session ID: 70ac211e-09b9-4cd4-86ef-f648f5b729fd
*** Element info: {Using=id, value=com.weather.Weather:id/fake_toolbar_back_button}
	at sun.reflect.NativeConstructorAccessorImpl.newInstance0(Native Method)
	at sun.reflect.NativeConstructorAccessorImpl.newInstance(NativeConstructorAccessorImpl.java:62)
	at sun.reflect.DelegatingConstructorAccessorImpl.newInstance(DelegatingConstructorAccessorImpl.java:45)
	at java.lang.reflect.Constructor.newInstance(Constructor.java:423)
	at org.openqa.selenium.remote.ErrorHandler.createThrowable(ErrorHandler.java:206)
	at org.openqa.selenium.remote.ErrorHandler.throwIfResponseFailed(ErrorHandler.java:158)
	at org.openqa.selenium.remote.RemoteWebDriver.execute(RemoteWebDriver.java:678)
	at io.appium.java_client.DefaultGenericMobileDriver.execute(DefaultGenericMobileDriver.java:42)
	at io.appium.java_client.AppiumDriver.execute(AppiumDriver.java:1)
	at io.appium.java_client.android.AndroidDriver.execute(AndroidDriver.java:1)
	at org.openqa.selenium.remote.RemoteWebDriver.findElement(RemoteWebDriver.java:363)
	at org.openqa.selenium.remote.RemoteWebDriver.findElementById(RemoteWebDriver.java:413)
	at io.appium.java_client.DefaultGenericMobileDriver.findElementById(DefaultGenericMobileDriver.java:62)
	at io.appium.java_client.AppiumDriver.findElementById(AppiumDriver.java:1)
	at io.appium.java_client.android.AndroidDriver.findElementById(AndroidDriver.java:1)
	at twc.Automation.HandleWithApp.AppFunctions.clickOnBackArrowElement(AppFunctions.java:1713)
	at ANDROID_ARMS.ANDROID_ARMS.FeedAdVAlidationonUI.Extended_Allergy_Ad(FeedAdVAlidationonUI.java:211)
	at sun.reflect.NativeMethodAccessorImpl.invoke0(Native Method)
	at sun.reflect.NativeMethodAccessorImpl.invoke(NativeMethodAccessorImpl.java:62)
	at sun.reflect.DelegatingMethodAccessorImpl.invoke(DelegatingMethodAccessorImpl.java:43)
	at java.lang.reflect.Method.invoke(Method.java:498)
	at org.testng.internal.MethodInvocationHelper.invokeMethod(MethodInvocationHelper.java:86)
	at org.testng.internal.Invoker.invokeMethod(Invoker.java:643)
	at org.testng.internal.Invoker.invokeTestMethod(Invoker.java:820)
	at org.testng.internal.Invoker.invokeTestMethods(Invoker.java:1128)
	at org.testng.internal.TestMethodWorker.invokeTestMethods(TestMethodWorker.java:129)
	at org.testng.internal.TestMethodWorker.run(TestMethodWorker.java:112)
	at org.testng.TestRunner.privateRun(TestRunner.java:782)
	at org.testng.TestRunner.run(TestRunner.java:632)
	at org.testng.SuiteRunner.runTest(SuiteRunner.java:366)
	at org.testng.SuiteRunner.runSequentially(SuiteRunner.java:361)
	at org.testng.SuiteRunner.privateRun(SuiteRunner.java:319)
	at org.testng.SuiteRunner.run(SuiteRunner.java:268)
	at org.testng.SuiteRunnerWorker.runSuite(SuiteRunnerWorker.java:52)
	at org.testng.SuiteRunnerWorker.run(SuiteRunnerWorker.java:86)
	at org.testng.TestNG.runSuitesSequentially(TestNG.java:1244)
	at org.testng.TestNG.runSuitesLocally(TestNG.java:1169)
	at org.testng.TestNG.run(TestNG.java:1064)
	at org.testng.remote.AbstractRemoteTestNG.run(AbstractRemoteTestNG.java:114)
	at org.testng.remote.RemoteTestNG.initAndRun(RemoteTestNG.java:251)
	at org.testng.remote.RemoteTestNG.main(RemoteTestNG.java:77)
</stack-trace>
            </failure>
            <steps>
                <step start="1543140257699" stop="1543140257699" status="passed">
                    <name>logStep[Checking the Allergy bb ad is presnted or not]</name>
                    <title>Checking the Allergy bb ad is presnted or not</title>
                </step>
                <step start="1543140257700" stop="1543140257700" status="passed">
                    <name>logStep[Checking for Allergy bb ad]</name>
                    <title>Checking for Allergy bb ad</title>
                </step>
                <step start="1543140259760" stop="1543140259760" status="passed">
                    <name>logStep[Allergy bb ad present]</name>
                    <title>Allergy bb ad present</title>
                </step>
            </steps>
            <attachments/>
            <labels>
                <label name="testSuite" value="Default suite"/>
                <label name="testGroup" value="Default test"/>
                <label name="testClass" value="ANDROID_ARMS.ANDROID_ARMS.FeedAdVAlidationonUI"/>
                <label name="testMethod" value="Extended_Allergy_Ad"/>
                <label name="host" value="Macminis-Mac-mini.local"/>
                <label name="thread" value="82963@Macminis-Mac-mini.local.main(1)"/>
            </labels>
        </test-case>
        <test-case start="1543140218317" stop="1543140323619" status="broken">
            <name>Extended_Allergy_Ad</name>
            <title>Validating Extended Allergy page Ad</title>
            <failure>
                <message>NoSuchElementException: An element could not be located on the page using the given search parameters. (WARNING: The server did not provide any stacktrace information)
Command duration or timeout: 60.40 seconds
For documentation on this error, please visit: http://seleniumhq.org/exceptions/no_such_element.html
Build info: version: '2.51.0', revision: '1af067dbcaedd7d2ab9af5151fc471d363d97193', time: '2016-02-05 11:20:57'
System info: host: 'Macminis-Mac-mini.local', ip: '192.168.168.26', os.name: 'Mac OS X', os.arch: 'x86_64', os.version: '10.13.6', java.version: '1.8.0_151'
Driver info: io.appium.java_client.android.AndroidDriver
Capabilities [{app=/Users/macmini/eclipse-workspace/ANDROID_ARMS/APKFile/app_google_debug_900000103.apk, appPackage=com.weather.Weather, deviceScreenSize=1440x2560, networkConnectionEnabled=true, noReset=true, warnings={}, appWaitPackage=com.weather.Weather, appWaitActivity=com.weather.Weather.app.SplashScreenActivity, databaseEnabled=false, deviceName=03157df33d91c039, platform=LINUX, deviceUDID=03157df33d91c039, appActivity=com.weather.Weather.app.SplashScreenActivity, desired={app=/Users/macmini/eclipse-workspace/ANDROID_ARMS/APKFile/app_google_debug_900000103.apk, appPackage=com.weather.Weather, noReset=true, appium-version=1.4.13, newCommandTimeout=100000, platformVersion=7.0, platformName=Android, deviceName=Samsung S6}, appium-version=1.4.13, newCommandTimeout=100000, platformVersion=7.0, webStorageEnabled=false, locationContextEnabled=false, takesScreenshot=true, javascriptEnabled=true, deviceModel=SM-G920I, platformName=Android, deviceManufacturer=samsung}]
Session ID: 70ac211e-09b9-4cd4-86ef-f648f5b729fd
*** Element info: {Using=id, value=com.weather.Weather:id/fake_toolbar_back_button}</message>
                <stack-trace>org.openqa.selenium.NoSuchElementException: An element could not be located on the page using the given search parameters. (WARNING: The server did not provide any stacktrace information)
Command duration or timeout: 60.40 seconds
For documentation on this error, please visit: http://seleniumhq.org/exceptions/no_such_element.html
Build info: version: '2.51.0', revision: '1af067dbcaedd7d2ab9af5151fc471d363d97193', time: '2016-02-05 11:20:57'
System info: host: 'Macminis-Mac-mini.local', ip: '192.168.168.26', os.name: 'Mac OS X', os.arch: 'x86_64', os.version: '10.13.6', java.version: '1.8.0_151'
Driver info: io.appium.java_client.android.AndroidDriver
Capabilities [{app=/Users/macmini/eclipse-workspace/ANDROID_ARMS/APKFile/app_google_debug_900000103.apk, appPackage=com.weather.Weather, deviceScreenSize=1440x2560, networkConnectionEnabled=true, noReset=true, warnings={}, appWaitPackage=com.weather.Weather, appWaitActivity=com.weather.Weather.app.SplashScreenActivity, databaseEnabled=false, deviceName=03157df33d91c039, platform=LINUX, deviceUDID=03157df33d91c039, appActivity=com.weather.Weather.app.SplashScreenActivity, desired={app=/Users/macmini/eclipse-workspace/ANDROID_ARMS/APKFile/app_google_debug_900000103.apk, appPackage=com.weather.Weather, noReset=true, appium-version=1.4.13, newCommandTimeout=100000, platformVersion=7.0, platformName=Android, deviceName=Samsung S6}, appium-version=1.4.13, newCommandTimeout=100000, platformVersion=7.0, webStorageEnabled=false, locationContextEnabled=false, takesScreenshot=true, javascriptEnabled=true, deviceModel=SM-G920I, platformName=Android, deviceManufacturer=samsung}]
Session ID: 70ac211e-09b9-4cd4-86ef-f648f5b729fd
*** Element info: {Using=id, value=com.weather.Weather:id/fake_toolbar_back_button}
	at sun.reflect.NativeConstructorAccessorImpl.newInstance0(Native Method)
	at sun.reflect.NativeConstructorAccessorImpl.newInstance(NativeConstructorAccessorImpl.java:62)
	at sun.reflect.DelegatingConstructorAccessorImpl.newInstance(DelegatingConstructorAccessorImpl.java:45)
	at java.lang.reflect.Constructor.newInstance(Constructor.java:423)
	at org.openqa.selenium.remote.ErrorHandler.createThrowable(ErrorHandler.java:206)
	at org.openqa.selenium.remote.ErrorHandler.throwIfResponseFailed(ErrorHandler.java:158)
	at org.openqa.selenium.remote.RemoteWebDriver.execute(RemoteWebDriver.java:678)
	at io.appium.java_client.DefaultGenericMobileDriver.execute(DefaultGenericMobileDriver.java:42)
	at io.appium.java_client.AppiumDriver.execute(AppiumDriver.java:1)
	at io.appium.java_client.android.AndroidDriver.execute(AndroidDriver.java:1)
	at org.openqa.selenium.remote.RemoteWebDriver.findElement(RemoteWebDriver.java:363)
	at org.openqa.selenium.remote.RemoteWebDriver.findElementById(RemoteWebDriver.java:413)
	at io.appium.java_client.DefaultGenericMobileDriver.findElementById(DefaultGenericMobileDriver.java:62)
	at io.appium.java_client.AppiumDriver.findElementById(AppiumDriver.java:1)
	at io.appium.java_client.android.AndroidDriver.findElementById(AndroidDriver.java:1)
	at twc.Automation.HandleWithApp.AppFunctions.clickOnBackArrowElement(AppFunctions.java:1713)
	at ANDROID_ARMS.ANDROID_ARMS.FeedAdVAlidationonUI.Extended_Allergy_Ad(FeedAdVAlidationonUI.java:211)
	at sun.reflect.NativeMethodAccessorImpl.invoke0(Native Method)
	at sun.reflect.NativeMethodAccessorImpl.invoke(NativeMethodAccessorImpl.java:62)
	at sun.reflect.DelegatingMethodAccessorImpl.invoke(DelegatingMethodAccessorImpl.java:43)
	at java.lang.reflect.Method.invoke(Method.java:498)
	at org.testng.internal.MethodInvocationHelper.invokeMethod(MethodInvocationHelper.java:86)
	at org.testng.internal.Invoker.invokeMethod(Invoker.java:643)
	at org.testng.internal.Invoker.invokeTestMethod(Invoker.java:820)
	at org.testng.internal.Invoker.invokeTestMethods(Invoker.java:1128)
	at org.testng.internal.TestMethodWorker.invokeTestMethods(TestMethodWorker.java:129)
	at org.testng.internal.TestMethodWorker.run(TestMethodWorker.java:112)
	at org.testng.TestRunner.privateRun(TestRunner.java:782)
	at org.testng.TestRunner.run(TestRunner.java:632)
	at org.testng.SuiteRunner.runTest(SuiteRunner.java:366)
	at org.testng.SuiteRunner.runSequentially(SuiteRunner.java:361)
	at org.testng.SuiteRunner.privateRun(SuiteRunner.java:319)
	at org.testng.SuiteRunner.run(SuiteRunner.java:268)
	at org.testng.SuiteRunnerWorker.runSuite(SuiteRunnerWorker.java:52)
	at org.testng.SuiteRunnerWorker.run(SuiteRunnerWorker.java:86)
	at org.testng.TestNG.runSuitesSequentially(TestNG.java:1244)
	at org.testng.TestNG.runSuitesLocally(TestNG.java:1169)
	at org.testng.TestNG.run(TestNG.java:1064)
	at org.testng.remote.AbstractRemoteTestNG.run(AbstractRemoteTestNG.java:114)
	at org.testng.remote.RemoteTestNG.initAndRun(RemoteTestNG.java:251)
	at org.testng.remote.RemoteTestNG.main(RemoteTestNG.java:77)
</stack-trace>
            </failure>
            <steps>
                <step start="1543140257699" stop="1543140257699" status="passed">
                    <name>logStep[Checking the Allergy bb ad is presnted or not]</name>
                    <title>Checking the Allergy bb ad is presnted or not</title>
                </step>
                <step start="1543140257700" stop="1543140257700" status="passed">
                    <name>logStep[Checking for Allergy bb ad]</name>
                    <title>Checking for Allergy bb ad</title>
                </step>
                <step start="1543140259760" stop="1543140259760" status="passed">
                    <name>logStep[Allergy bb ad present]</name>
                    <title>Allergy bb ad present</title>
                </step>
            </steps>
            <attachments/>
            <labels>
                <label name="testSuite" value="Default suite"/>
                <label name="testGroup" value="Default test"/>
                <label name="testClass" value="ANDROID_ARMS.ANDROID_ARMS.FeedAdVAlidationonUI"/>
                <label name="testMethod" value="Extended_Allergy_Ad"/>
                <label name="host" value="Macminis-Mac-mini.local"/>
                <label name="thread" value="82963@Macminis-Mac-mini.local.main(1)"/>
            </labels>
        </test-case>
    </test-cases>
    <labels>
        <label name="framework" value="TestNG"/>
        <label name="language" value="JAVA"/>
    </labels>
</ns2:test-suite>
