<?xml version="1.0" encoding="UTF-8" standalone="yes"?>
<ns2:test-suite start="1543153270529" stop="1543154303674" version="1.5.4" xmlns:ns2="urn:model.allure.qatools.yandex.ru">
    <name>Default suite : Default test</name>
    <title>Default suite : Default test</title>
    <test-cases>
        <test-case start="1543153433384" stop="1543153531264" status="passed">
            <name>Extended_Today_datailpage_Ad</name>
            <title>Validating Extended Today page Ad</title>
            <steps>
                <step start="1543153458099" stop="1543153458101" status="passed">
                    <name>logStep[Checking the  Extended today datail page ad is presnted or not]</name>
                    <title>Checking the  Extended today datail page ad is presnted or not</title>
                    <attachments/>
                    <steps/>
                </step>
                <step start="1543153458102" stop="1543153458102" status="passed">
                    <name>logStep[Checking for Today Submodule ad]</name>
                    <title>Checking for Today Submodule ad</title>
                    <attachments/>
                    <steps/>
                </step>
                <step start="1543153524096" stop="1543153524096" status="passed">
                    <name>logStep[Today submodule ad is not present]</name>
                    <title>Today submodule ad is not present</title>
                    <attachments/>
                    <steps/>
                </step>
                <step start="1543153526053" stop="1543153526053" status="passed">
                    <name>logStep[Taking screenshot]</name>
                    <title>Taking screenshot</title>
                    <attachments/>
                    <steps/>
                </step>
                <step start="1543153527998" stop="1543153527998" status="passed">
                    <name>logStep[took the failed Today submodule ad]</name>
                    <title>took the failed Today submodule ad</title>
                    <attachments/>
                    <steps/>
                </step>
            </steps>
            <attachments>
                <attachment title="Screenshot on failure" source="8fb28c05-d11c-4ad2-904d-5c2305ccd90d-attachment.png" type="image/png"/>
            </attachments>
            <labels>
                <label name="testSuite" value="Default suite"/>
                <label name="testGroup" value="Default test"/>
                <label name="testClass" value="ANDROID_ARMS.ANDROID_ARMS.FeedAdVAlidationonUI"/>
                <label name="testMethod" value="Extended_Today_datailpage_Ad"/>
                <label name="host" value="Macminis-Mac-mini.local"/>
                <label name="thread" value="85797@Macminis-Mac-mini.local.main(1)"/>
            </labels>
        </test-case>
        <test-case start="1543153433384" stop="1543153531264" status="passed">
            <name>Extended_Today_datailpage_Ad</name>
            <title>Validating Extended Today page Ad</title>
            <steps>
                <step start="1543153458099" stop="1543153458101" status="passed">
                    <name>logStep[Checking the  Extended today datail page ad is presnted or not]</name>
                    <title>Checking the  Extended today datail page ad is presnted or not</title>
                    <attachments/>
                    <steps/>
                </step>
                <step start="1543153458102" stop="1543153458102" status="passed">
                    <name>logStep[Checking for Today Submodule ad]</name>
                    <title>Checking for Today Submodule ad</title>
                    <attachments/>
                    <steps/>
                </step>
                <step start="1543153524096" stop="1543153524096" status="passed">
                    <name>logStep[Today submodule ad is not present]</name>
                    <title>Today submodule ad is not present</title>
                    <attachments/>
                    <steps/>
                </step>
                <step start="1543153526053" stop="1543153526053" status="passed">
                    <name>logStep[Taking screenshot]</name>
                    <title>Taking screenshot</title>
                    <attachments/>
                    <steps/>
                </step>
                <step start="1543153527998" stop="1543153527998" status="passed">
                    <name>logStep[took the failed Today submodule ad]</name>
                    <title>took the failed Today submodule ad</title>
                    <attachments/>
                    <steps/>
                </step>
            </steps>
            <attachments>
                <attachment title="Screenshot on failure" source="8fb28c05-d11c-4ad2-904d-5c2305ccd90d-attachment.png" type="image/png"/>
            </attachments>
            <labels>
                <label name="testSuite" value="Default suite"/>
                <label name="testGroup" value="Default test"/>
                <label name="testClass" value="ANDROID_ARMS.ANDROID_ARMS.FeedAdVAlidationonUI"/>
                <label name="testMethod" value="Extended_Today_datailpage_Ad"/>
                <label name="host" value="Macminis-Mac-mini.local"/>
                <label name="thread" value="85797@Macminis-Mac-mini.local.main(1)"/>
            </labels>
        </test-case>
        <test-case start="1543153531272" stop="1543153675266" status="passed">
            <name>Extended_Deatail_MapsPage_Ad</name>
            <title>Validating Extended Maps page Ad</title>
            <steps>
                <step start="1543153541154" stop="1543153541154" status="passed">
                    <name>logStep[Checking the  Extended Deatail MapsPage ad is presnted or not]</name>
                    <title>Checking the  Extended Deatail MapsPage ad is presnted or not</title>
                    <attachments/>
                    <steps/>
                </step>
                <step start="1543153541154" stop="1543153541154" status="passed">
                    <name>logStep[Checking for Maps Submodule ad]</name>
                    <title>Checking for Maps Submodule ad</title>
                    <attachments/>
                    <steps/>
                </step>
                <step start="1543153606686" stop="1543153606686" status="passed">
                    <name>logStep[Maps page ad is not presented on the screen]</name>
                    <title>Maps page ad is not presented on the screen</title>
                    <attachments/>
                    <steps/>
                </step>
                <step start="1543153609097" stop="1543153609097" status="passed">
                    <name>logStep[Taking screenshot]</name>
                    <title>Taking screenshot</title>
                    <attachments/>
                    <steps/>
                </step>
                <step start="1543153611413" stop="1543153611413" status="passed">
                    <name>logStep[took the failed submoduleAd_Maps screenshot]</name>
                    <title>took the failed submoduleAd_Maps screenshot</title>
                    <attachments/>
                    <steps/>
                </step>
            </steps>
            <attachments>
                <attachment title="Screenshot on failure" source="11c5fa6e-2ba9-4e9f-a55c-123ea0121d56-attachment.png" type="image/png"/>
            </attachments>
            <labels>
                <label name="testSuite" value="Default suite"/>
                <label name="testGroup" value="Default test"/>
                <label name="testClass" value="ANDROID_ARMS.ANDROID_ARMS.FeedAdVAlidationonUI"/>
                <label name="testMethod" value="Extended_Deatail_MapsPage_Ad"/>
                <label name="host" value="Macminis-Mac-mini.local"/>
                <label name="thread" value="85797@Macminis-Mac-mini.local.main(1)"/>
            </labels>
        </test-case>
        <test-case start="1543153531272" stop="1543153675266" status="passed">
            <name>Extended_Deatail_MapsPage_Ad</name>
            <title>Validating Extended Maps page Ad</title>
            <steps>
                <step start="1543153541154" stop="1543153541154" status="passed">
                    <name>logStep[Checking the  Extended Deatail MapsPage ad is presnted or not]</name>
                    <title>Checking the  Extended Deatail MapsPage ad is presnted or not</title>
                    <attachments/>
                    <steps/>
                </step>
                <step start="1543153541154" stop="1543153541154" status="passed">
                    <name>logStep[Checking for Maps Submodule ad]</name>
                    <title>Checking for Maps Submodule ad</title>
                    <attachments/>
                    <steps/>
                </step>
                <step start="1543153606686" stop="1543153606686" status="passed">
                    <name>logStep[Maps page ad is not presented on the screen]</name>
                    <title>Maps page ad is not presented on the screen</title>
                    <attachments/>
                    <steps/>
                </step>
                <step start="1543153609097" stop="1543153609097" status="passed">
                    <name>logStep[Taking screenshot]</name>
                    <title>Taking screenshot</title>
                    <attachments/>
                    <steps/>
                </step>
                <step start="1543153611413" stop="1543153611413" status="passed">
                    <name>logStep[took the failed submoduleAd_Maps screenshot]</name>
                    <title>took the failed submoduleAd_Maps screenshot</title>
                    <attachments/>
                    <steps/>
                </step>
            </steps>
            <attachments>
                <attachment title="Screenshot on failure" source="11c5fa6e-2ba9-4e9f-a55c-123ea0121d56-attachment.png" type="image/png"/>
            </attachments>
            <labels>
                <label name="testSuite" value="Default suite"/>
                <label name="testGroup" value="Default test"/>
                <label name="testClass" value="ANDROID_ARMS.ANDROID_ARMS.FeedAdVAlidationonUI"/>
                <label name="testMethod" value="Extended_Deatail_MapsPage_Ad"/>
                <label name="host" value="Macminis-Mac-mini.local"/>
                <label name="thread" value="85797@Macminis-Mac-mini.local.main(1)"/>
            </labels>
        </test-case>
        <test-case start="1543153675557" stop="1543153780919" status="failed">
            <name>Extended_Boat_beach_Ad</name>
            <title>Validating Extended Boat&amp;Beach page Ad</title>
            <failure>
                <message>AssertionError: boatbeach bb ad not present</message>
                <stack-trace>java.lang.AssertionError: boatbeach bb ad not present
	at org.testng.Assert.fail(Assert.java:94)
	at twc.Automation.HandleWithAppium.AppiumFunctions.Check_boatbeach_bb_ad(AppiumFunctions.java:1236)
	at ANDROID_ARMS.ANDROID_ARMS.FeedAdVAlidationonUI.Extended_Boat_beach_Ad(FeedAdVAlidationonUI.java:171)
	at sun.reflect.NativeMethodAccessorImpl.invoke0(Native Method)
	at sun.reflect.NativeMethodAccessorImpl.invoke(NativeMethodAccessorImpl.java:62)
	at sun.reflect.DelegatingMethodAccessorImpl.invoke(DelegatingMethodAccessorImpl.java:43)
	at java.lang.reflect.Method.invoke(Method.java:498)
	at org.testng.internal.MethodInvocationHelper.invokeMethod(MethodInvocationHelper.java:86)
	at org.testng.internal.Invoker.invokeMethod(Invoker.java:643)
	at org.testng.internal.Invoker.invokeTestMethod(Invoker.java:820)
	at org.testng.internal.Invoker.invokeTestMethods(Invoker.java:1128)
	at org.testng.internal.TestMethodWorker.invokeTestMethods(TestMethodWorker.java:129)
	at org.testng.internal.TestMethodWorker.run(TestMethodWorker.java:112)
	at org.testng.TestRunner.privateRun(TestRunner.java:782)
	at org.testng.TestRunner.run(TestRunner.java:632)
	at org.testng.SuiteRunner.runTest(SuiteRunner.java:366)
	at org.testng.SuiteRunner.runSequentially(SuiteRunner.java:361)
	at org.testng.SuiteRunner.privateRun(SuiteRunner.java:319)
	at org.testng.SuiteRunner.run(SuiteRunner.java:268)
	at org.testng.SuiteRunnerWorker.runSuite(SuiteRunnerWorker.java:52)
	at org.testng.SuiteRunnerWorker.run(SuiteRunnerWorker.java:86)
	at org.testng.TestNG.runSuitesSequentially(TestNG.java:1244)
	at org.testng.TestNG.runSuitesLocally(TestNG.java:1169)
	at org.testng.TestNG.run(TestNG.java:1064)
	at org.testng.remote.AbstractRemoteTestNG.run(AbstractRemoteTestNG.java:114)
	at org.testng.remote.RemoteTestNG.initAndRun(RemoteTestNG.java:251)
	at org.testng.remote.RemoteTestNG.main(RemoteTestNG.java:77)
</stack-trace>
            </failure>
            <steps>
                <step start="1543153710050" stop="1543153710050" status="passed">
                    <name>logStep[Checking the boatbeach bb ad is presnted or not]</name>
                    <title>Checking the boatbeach bb ad is presnted or not</title>
                </step>
                <step start="1543153715060" stop="1543153715060" status="passed">
                    <name>logStep[boatbeach bb ad present]</name>
                    <title>boatbeach bb ad present</title>
                </step>
                <step start="1543153717048" stop="1543153717048" status="passed">
                    <name>logStep[Checking for boatbeach bb ad]</name>
                    <title>Checking for boatbeach bb ad</title>
                </step>
                <step start="1543153777189" stop="1543153777189" status="passed">
                    <name>logStep[boatbeach bb ad not present]</name>
                    <title>boatbeach bb ad not present</title>
                </step>
                <step start="1543153779112" stop="1543153779112" status="passed">
                    <name>logStep[Taking screenshot]</name>
                    <title>Taking screenshot</title>
                </step>
                <step start="1543153780914" stop="1543153780914" status="passed">
                    <name>logStep[took the failed boatbeach bb screen shot]</name>
                    <title>took the failed boatbeach bb screen shot</title>
                </step>
            </steps>
            <attachments>
                <attachment title="Screenshot on failure" source="b5991a1a-32ca-464d-b4f9-c6a6ae1bc0ba-attachment.png" type="image/png"/>
            </attachments>
            <labels>
                <label name="testSuite" value="Default suite"/>
                <label name="testGroup" value="Default test"/>
                <label name="testClass" value="ANDROID_ARMS.ANDROID_ARMS.FeedAdVAlidationonUI"/>
                <label name="testMethod" value="Extended_Boat_beach_Ad"/>
                <label name="host" value="Macminis-Mac-mini.local"/>
                <label name="thread" value="85797@Macminis-Mac-mini.local.main(1)"/>
            </labels>
        </test-case>
        <test-case start="1543153675557" stop="1543153780919" status="failed">
            <name>Extended_Boat_beach_Ad</name>
            <title>Validating Extended Boat&amp;Beach page Ad</title>
            <failure>
                <message>AssertionError: boatbeach bb ad not present</message>
                <stack-trace>java.lang.AssertionError: boatbeach bb ad not present
	at org.testng.Assert.fail(Assert.java:94)
	at twc.Automation.HandleWithAppium.AppiumFunctions.Check_boatbeach_bb_ad(AppiumFunctions.java:1236)
	at ANDROID_ARMS.ANDROID_ARMS.FeedAdVAlidationonUI.Extended_Boat_beach_Ad(FeedAdVAlidationonUI.java:171)
	at sun.reflect.NativeMethodAccessorImpl.invoke0(Native Method)
	at sun.reflect.NativeMethodAccessorImpl.invoke(NativeMethodAccessorImpl.java:62)
	at sun.reflect.DelegatingMethodAccessorImpl.invoke(DelegatingMethodAccessorImpl.java:43)
	at java.lang.reflect.Method.invoke(Method.java:498)
	at org.testng.internal.MethodInvocationHelper.invokeMethod(MethodInvocationHelper.java:86)
	at org.testng.internal.Invoker.invokeMethod(Invoker.java:643)
	at org.testng.internal.Invoker.invokeTestMethod(Invoker.java:820)
	at org.testng.internal.Invoker.invokeTestMethods(Invoker.java:1128)
	at org.testng.internal.TestMethodWorker.invokeTestMethods(TestMethodWorker.java:129)
	at org.testng.internal.TestMethodWorker.run(TestMethodWorker.java:112)
	at org.testng.TestRunner.privateRun(TestRunner.java:782)
	at org.testng.TestRunner.run(TestRunner.java:632)
	at org.testng.SuiteRunner.runTest(SuiteRunner.java:366)
	at org.testng.SuiteRunner.runSequentially(SuiteRunner.java:361)
	at org.testng.SuiteRunner.privateRun(SuiteRunner.java:319)
	at org.testng.SuiteRunner.run(SuiteRunner.java:268)
	at org.testng.SuiteRunnerWorker.runSuite(SuiteRunnerWorker.java:52)
	at org.testng.SuiteRunnerWorker.run(SuiteRunnerWorker.java:86)
	at org.testng.TestNG.runSuitesSequentially(TestNG.java:1244)
	at org.testng.TestNG.runSuitesLocally(TestNG.java:1169)
	at org.testng.TestNG.run(TestNG.java:1064)
	at org.testng.remote.AbstractRemoteTestNG.run(AbstractRemoteTestNG.java:114)
	at org.testng.remote.RemoteTestNG.initAndRun(RemoteTestNG.java:251)
	at org.testng.remote.RemoteTestNG.main(RemoteTestNG.java:77)
</stack-trace>
            </failure>
            <steps>
                <step start="1543153710050" stop="1543153710050" status="passed">
                    <name>logStep[Checking the boatbeach bb ad is presnted or not]</name>
                    <title>Checking the boatbeach bb ad is presnted or not</title>
                </step>
                <step start="1543153715060" stop="1543153715060" status="passed">
                    <name>logStep[boatbeach bb ad present]</name>
                    <title>boatbeach bb ad present</title>
                </step>
                <step start="1543153717048" stop="1543153717048" status="passed">
                    <name>logStep[Checking for boatbeach bb ad]</name>
                    <title>Checking for boatbeach bb ad</title>
                </step>
                <step start="1543153777189" stop="1543153777189" status="passed">
                    <name>logStep[boatbeach bb ad not present]</name>
                    <title>boatbeach bb ad not present</title>
                </step>
                <step start="1543153779112" stop="1543153779112" status="passed">
                    <name>logStep[Taking screenshot]</name>
                    <title>Taking screenshot</title>
                </step>
                <step start="1543153780914" stop="1543153780914" status="passed">
                    <name>logStep[took the failed boatbeach bb screen shot]</name>
                    <title>took the failed boatbeach bb screen shot</title>
                </step>
            </steps>
            <attachments>
                <attachment title="Screenshot on failure" source="b5991a1a-32ca-464d-b4f9-c6a6ae1bc0ba-attachment.png" type="image/png"/>
            </attachments>
            <labels>
                <label name="testSuite" value="Default suite"/>
                <label name="testGroup" value="Default test"/>
                <label name="testClass" value="ANDROID_ARMS.ANDROID_ARMS.FeedAdVAlidationonUI"/>
                <label name="testMethod" value="Extended_Boat_beach_Ad"/>
                <label name="host" value="Macminis-Mac-mini.local"/>
                <label name="thread" value="85797@Macminis-Mac-mini.local.main(1)"/>
            </labels>
        </test-case>
        <test-case start="1543153780924" stop="1543153841606" status="broken">
            <name>Extended_Runningpage_Ad</name>
            <title>Validating Extended Running page Ad</title>
            <failure>
                <message>NoSuchElementException: An element could not be located on the page using the given search parameters. (WARNING: The server did not provide any stacktrace information)
Command duration or timeout: 60.67 seconds
For documentation on this error, please visit: http://seleniumhq.org/exceptions/no_such_element.html
Build info: version: '2.51.0', revision: '1af067dbcaedd7d2ab9af5151fc471d363d97193', time: '2016-02-05 11:20:57'
System info: host: 'Macminis-Mac-mini.local', ip: '192.168.168.26', os.name: 'Mac OS X', os.arch: 'x86_64', os.version: '10.13.6', java.version: '1.8.0_151'
Driver info: io.appium.java_client.android.AndroidDriver
Capabilities [{app=/Users/macmini/eclipse-workspace/ANDROID_ARMS/APKFile/app_google_debug_900000103.apk, appPackage=com.weather.Weather, deviceScreenSize=1440x2560, networkConnectionEnabled=true, noReset=true, warnings={}, appWaitPackage=com.weather.Weather, appWaitActivity=com.weather.Weather.app.SplashScreenActivity, databaseEnabled=false, deviceName=03157df33d91c039, platform=LINUX, deviceUDID=03157df33d91c039, appActivity=com.weather.Weather.app.SplashScreenActivity, desired={app=/Users/macmini/eclipse-workspace/ANDROID_ARMS/APKFile/app_google_debug_900000103.apk, appPackage=com.weather.Weather, noReset=true, appium-version=1.4.13, newCommandTimeout=100000, platformVersion=7.0, platformName=Android, deviceName=Samsung S6}, appium-version=1.4.13, newCommandTimeout=100000, platformVersion=7.0, webStorageEnabled=false, locationContextEnabled=false, takesScreenshot=true, javascriptEnabled=true, deviceModel=SM-G920I, platformName=Android, deviceManufacturer=samsung}]
Session ID: c5cbfdc9-abc1-42bc-baf2-523a235368bd
*** Element info: {Using=id, value=com.weather.Weather:id/index_2_title}</message>
                <stack-trace>org.openqa.selenium.NoSuchElementException: An element could not be located on the page using the given search parameters. (WARNING: The server did not provide any stacktrace information)
Command duration or timeout: 60.67 seconds
For documentation on this error, please visit: http://seleniumhq.org/exceptions/no_such_element.html
Build info: version: '2.51.0', revision: '1af067dbcaedd7d2ab9af5151fc471d363d97193', time: '2016-02-05 11:20:57'
System info: host: 'Macminis-Mac-mini.local', ip: '192.168.168.26', os.name: 'Mac OS X', os.arch: 'x86_64', os.version: '10.13.6', java.version: '1.8.0_151'
Driver info: io.appium.java_client.android.AndroidDriver
Capabilities [{app=/Users/macmini/eclipse-workspace/ANDROID_ARMS/APKFile/app_google_debug_900000103.apk, appPackage=com.weather.Weather, deviceScreenSize=1440x2560, networkConnectionEnabled=true, noReset=true, warnings={}, appWaitPackage=com.weather.Weather, appWaitActivity=com.weather.Weather.app.SplashScreenActivity, databaseEnabled=false, deviceName=03157df33d91c039, platform=LINUX, deviceUDID=03157df33d91c039, appActivity=com.weather.Weather.app.SplashScreenActivity, desired={app=/Users/macmini/eclipse-workspace/ANDROID_ARMS/APKFile/app_google_debug_900000103.apk, appPackage=com.weather.Weather, noReset=true, appium-version=1.4.13, newCommandTimeout=100000, platformVersion=7.0, platformName=Android, deviceName=Samsung S6}, appium-version=1.4.13, newCommandTimeout=100000, platformVersion=7.0, webStorageEnabled=false, locationContextEnabled=false, takesScreenshot=true, javascriptEnabled=true, deviceModel=SM-G920I, platformName=Android, deviceManufacturer=samsung}]
Session ID: c5cbfdc9-abc1-42bc-baf2-523a235368bd
*** Element info: {Using=id, value=com.weather.Weather:id/index_2_title}
	at sun.reflect.NativeConstructorAccessorImpl.newInstance0(Native Method)
	at sun.reflect.NativeConstructorAccessorImpl.newInstance(NativeConstructorAccessorImpl.java:62)
	at sun.reflect.DelegatingConstructorAccessorImpl.newInstance(DelegatingConstructorAccessorImpl.java:45)
	at java.lang.reflect.Constructor.newInstance(Constructor.java:423)
	at org.openqa.selenium.remote.ErrorHandler.createThrowable(ErrorHandler.java:206)
	at org.openqa.selenium.remote.ErrorHandler.throwIfResponseFailed(ErrorHandler.java:158)
	at org.openqa.selenium.remote.RemoteWebDriver.execute(RemoteWebDriver.java:678)
	at io.appium.java_client.DefaultGenericMobileDriver.execute(DefaultGenericMobileDriver.java:42)
	at io.appium.java_client.AppiumDriver.execute(AppiumDriver.java:1)
	at io.appium.java_client.android.AndroidDriver.execute(AndroidDriver.java:1)
	at org.openqa.selenium.remote.RemoteWebDriver.findElement(RemoteWebDriver.java:363)
	at org.openqa.selenium.remote.RemoteWebDriver.findElementById(RemoteWebDriver.java:413)
	at io.appium.java_client.DefaultGenericMobileDriver.findElementById(DefaultGenericMobileDriver.java:62)
	at io.appium.java_client.AppiumDriver.findElementById(AppiumDriver.java:1)
	at io.appium.java_client.android.AndroidDriver.findElementById(AndroidDriver.java:1)
	at twc.Automation.HandleWithApp.AppFunctions.click_Running_element(AppFunctions.java:1852)
	at ANDROID_ARMS.ANDROID_ARMS.FeedAdVAlidationonUI.Extended_Runningpage_Ad(FeedAdVAlidationonUI.java:181)
	at sun.reflect.NativeMethodAccessorImpl.invoke0(Native Method)
	at sun.reflect.NativeMethodAccessorImpl.invoke(NativeMethodAccessorImpl.java:62)
	at sun.reflect.DelegatingMethodAccessorImpl.invoke(DelegatingMethodAccessorImpl.java:43)
	at java.lang.reflect.Method.invoke(Method.java:498)
	at org.testng.internal.MethodInvocationHelper.invokeMethod(MethodInvocationHelper.java:86)
	at org.testng.internal.Invoker.invokeMethod(Invoker.java:643)
	at org.testng.internal.Invoker.invokeTestMethod(Invoker.java:820)
	at org.testng.internal.Invoker.invokeTestMethods(Invoker.java:1128)
	at org.testng.internal.TestMethodWorker.invokeTestMethods(TestMethodWorker.java:129)
	at org.testng.internal.TestMethodWorker.run(TestMethodWorker.java:112)
	at org.testng.TestRunner.privateRun(TestRunner.java:782)
	at org.testng.TestRunner.run(TestRunner.java:632)
	at org.testng.SuiteRunner.runTest(SuiteRunner.java:366)
	at org.testng.SuiteRunner.runSequentially(SuiteRunner.java:361)
	at org.testng.SuiteRunner.privateRun(SuiteRunner.java:319)
	at org.testng.SuiteRunner.run(SuiteRunner.java:268)
	at org.testng.SuiteRunnerWorker.runSuite(SuiteRunnerWorker.java:52)
	at org.testng.SuiteRunnerWorker.run(SuiteRunnerWorker.java:86)
	at org.testng.TestNG.runSuitesSequentially(TestNG.java:1244)
	at org.testng.TestNG.runSuitesLocally(TestNG.java:1169)
	at org.testng.TestNG.run(TestNG.java:1064)
	at org.testng.remote.AbstractRemoteTestNG.run(AbstractRemoteTestNG.java:114)
	at org.testng.remote.RemoteTestNG.initAndRun(RemoteTestNG.java:251)
	at org.testng.remote.RemoteTestNG.main(RemoteTestNG.java:77)
</stack-trace>
            </failure>
            <steps/>
            <attachments/>
            <labels>
                <label name="testSuite" value="Default suite"/>
                <label name="testGroup" value="Default test"/>
                <label name="testClass" value="ANDROID_ARMS.ANDROID_ARMS.FeedAdVAlidationonUI"/>
                <label name="testMethod" value="Extended_Runningpage_Ad"/>
                <label name="host" value="Macminis-Mac-mini.local"/>
                <label name="thread" value="85797@Macminis-Mac-mini.local.main(1)"/>
            </labels>
        </test-case>
        <test-case start="1543153780924" stop="1543153841606" status="broken">
            <name>Extended_Runningpage_Ad</name>
            <title>Validating Extended Running page Ad</title>
            <failure>
                <message>NoSuchElementException: An element could not be located on the page using the given search parameters. (WARNING: The server did not provide any stacktrace information)
Command duration or timeout: 60.67 seconds
For documentation on this error, please visit: http://seleniumhq.org/exceptions/no_such_element.html
Build info: version: '2.51.0', revision: '1af067dbcaedd7d2ab9af5151fc471d363d97193', time: '2016-02-05 11:20:57'
System info: host: 'Macminis-Mac-mini.local', ip: '192.168.168.26', os.name: 'Mac OS X', os.arch: 'x86_64', os.version: '10.13.6', java.version: '1.8.0_151'
Driver info: io.appium.java_client.android.AndroidDriver
Capabilities [{app=/Users/macmini/eclipse-workspace/ANDROID_ARMS/APKFile/app_google_debug_900000103.apk, appPackage=com.weather.Weather, deviceScreenSize=1440x2560, networkConnectionEnabled=true, noReset=true, warnings={}, appWaitPackage=com.weather.Weather, appWaitActivity=com.weather.Weather.app.SplashScreenActivity, databaseEnabled=false, deviceName=03157df33d91c039, platform=LINUX, deviceUDID=03157df33d91c039, appActivity=com.weather.Weather.app.SplashScreenActivity, desired={app=/Users/macmini/eclipse-workspace/ANDROID_ARMS/APKFile/app_google_debug_900000103.apk, appPackage=com.weather.Weather, noReset=true, appium-version=1.4.13, newCommandTimeout=100000, platformVersion=7.0, platformName=Android, deviceName=Samsung S6}, appium-version=1.4.13, newCommandTimeout=100000, platformVersion=7.0, webStorageEnabled=false, locationContextEnabled=false, takesScreenshot=true, javascriptEnabled=true, deviceModel=SM-G920I, platformName=Android, deviceManufacturer=samsung}]
Session ID: c5cbfdc9-abc1-42bc-baf2-523a235368bd
*** Element info: {Using=id, value=com.weather.Weather:id/index_2_title}</message>
                <stack-trace>org.openqa.selenium.NoSuchElementException: An element could not be located on the page using the given search parameters. (WARNING: The server did not provide any stacktrace information)
Command duration or timeout: 60.67 seconds
For documentation on this error, please visit: http://seleniumhq.org/exceptions/no_such_element.html
Build info: version: '2.51.0', revision: '1af067dbcaedd7d2ab9af5151fc471d363d97193', time: '2016-02-05 11:20:57'
System info: host: 'Macminis-Mac-mini.local', ip: '192.168.168.26', os.name: 'Mac OS X', os.arch: 'x86_64', os.version: '10.13.6', java.version: '1.8.0_151'
Driver info: io.appium.java_client.android.AndroidDriver
Capabilities [{app=/Users/macmini/eclipse-workspace/ANDROID_ARMS/APKFile/app_google_debug_900000103.apk, appPackage=com.weather.Weather, deviceScreenSize=1440x2560, networkConnectionEnabled=true, noReset=true, warnings={}, appWaitPackage=com.weather.Weather, appWaitActivity=com.weather.Weather.app.SplashScreenActivity, databaseEnabled=false, deviceName=03157df33d91c039, platform=LINUX, deviceUDID=03157df33d91c039, appActivity=com.weather.Weather.app.SplashScreenActivity, desired={app=/Users/macmini/eclipse-workspace/ANDROID_ARMS/APKFile/app_google_debug_900000103.apk, appPackage=com.weather.Weather, noReset=true, appium-version=1.4.13, newCommandTimeout=100000, platformVersion=7.0, platformName=Android, deviceName=Samsung S6}, appium-version=1.4.13, newCommandTimeout=100000, platformVersion=7.0, webStorageEnabled=false, locationContextEnabled=false, takesScreenshot=true, javascriptEnabled=true, deviceModel=SM-G920I, platformName=Android, deviceManufacturer=samsung}]
Session ID: c5cbfdc9-abc1-42bc-baf2-523a235368bd
*** Element info: {Using=id, value=com.weather.Weather:id/index_2_title}
	at sun.reflect.NativeConstructorAccessorImpl.newInstance0(Native Method)
	at sun.reflect.NativeConstructorAccessorImpl.newInstance(NativeConstructorAccessorImpl.java:62)
	at sun.reflect.DelegatingConstructorAccessorImpl.newInstance(DelegatingConstructorAccessorImpl.java:45)
	at java.lang.reflect.Constructor.newInstance(Constructor.java:423)
	at org.openqa.selenium.remote.ErrorHandler.createThrowable(ErrorHandler.java:206)
	at org.openqa.selenium.remote.ErrorHandler.throwIfResponseFailed(ErrorHandler.java:158)
	at org.openqa.selenium.remote.RemoteWebDriver.execute(RemoteWebDriver.java:678)
	at io.appium.java_client.DefaultGenericMobileDriver.execute(DefaultGenericMobileDriver.java:42)
	at io.appium.java_client.AppiumDriver.execute(AppiumDriver.java:1)
	at io.appium.java_client.android.AndroidDriver.execute(AndroidDriver.java:1)
	at org.openqa.selenium.remote.RemoteWebDriver.findElement(RemoteWebDriver.java:363)
	at org.openqa.selenium.remote.RemoteWebDriver.findElementById(RemoteWebDriver.java:413)
	at io.appium.java_client.DefaultGenericMobileDriver.findElementById(DefaultGenericMobileDriver.java:62)
	at io.appium.java_client.AppiumDriver.findElementById(AppiumDriver.java:1)
	at io.appium.java_client.android.AndroidDriver.findElementById(AndroidDriver.java:1)
	at twc.Automation.HandleWithApp.AppFunctions.click_Running_element(AppFunctions.java:1852)
	at ANDROID_ARMS.ANDROID_ARMS.FeedAdVAlidationonUI.Extended_Runningpage_Ad(FeedAdVAlidationonUI.java:181)
	at sun.reflect.NativeMethodAccessorImpl.invoke0(Native Method)
	at sun.reflect.NativeMethodAccessorImpl.invoke(NativeMethodAccessorImpl.java:62)
	at sun.reflect.DelegatingMethodAccessorImpl.invoke(DelegatingMethodAccessorImpl.java:43)
	at java.lang.reflect.Method.invoke(Method.java:498)
	at org.testng.internal.MethodInvocationHelper.invokeMethod(MethodInvocationHelper.java:86)
	at org.testng.internal.Invoker.invokeMethod(Invoker.java:643)
	at org.testng.internal.Invoker.invokeTestMethod(Invoker.java:820)
	at org.testng.internal.Invoker.invokeTestMethods(Invoker.java:1128)
	at org.testng.internal.TestMethodWorker.invokeTestMethods(TestMethodWorker.java:129)
	at org.testng.internal.TestMethodWorker.run(TestMethodWorker.java:112)
	at org.testng.TestRunner.privateRun(TestRunner.java:782)
	at org.testng.TestRunner.run(TestRunner.java:632)
	at org.testng.SuiteRunner.runTest(SuiteRunner.java:366)
	at org.testng.SuiteRunner.runSequentially(SuiteRunner.java:361)
	at org.testng.SuiteRunner.privateRun(SuiteRunner.java:319)
	at org.testng.SuiteRunner.run(SuiteRunner.java:268)
	at org.testng.SuiteRunnerWorker.runSuite(SuiteRunnerWorker.java:52)
	at org.testng.SuiteRunnerWorker.run(SuiteRunnerWorker.java:86)
	at org.testng.TestNG.runSuitesSequentially(TestNG.java:1244)
	at org.testng.TestNG.runSuitesLocally(TestNG.java:1169)
	at org.testng.TestNG.run(TestNG.java:1064)
	at org.testng.remote.AbstractRemoteTestNG.run(AbstractRemoteTestNG.java:114)
	at org.testng.remote.RemoteTestNG.initAndRun(RemoteTestNG.java:251)
	at org.testng.remote.RemoteTestNG.main(RemoteTestNG.java:77)
</stack-trace>
            </failure>
            <steps/>
            <attachments/>
            <labels>
                <label name="testSuite" value="Default suite"/>
                <label name="testGroup" value="Default test"/>
                <label name="testClass" value="ANDROID_ARMS.ANDROID_ARMS.FeedAdVAlidationonUI"/>
                <label name="testMethod" value="Extended_Runningpage_Ad"/>
                <label name="host" value="Macminis-Mac-mini.local"/>
                <label name="thread" value="85797@Macminis-Mac-mini.local.main(1)"/>
            </labels>
        </test-case>
        <test-case start="1543153841611" stop="1543153902106" status="broken">
            <name>Extended_ColdFlu_Ad</name>
            <title>Validating Extended Cold_flu page Ad</title>
            <failure>
                <message>NoSuchElementException: An element could not be located on the page using the given search parameters. (WARNING: The server did not provide any stacktrace information)
Command duration or timeout: 60.22 seconds
For documentation on this error, please visit: http://seleniumhq.org/exceptions/no_such_element.html
Build info: version: '2.51.0', revision: '1af067dbcaedd7d2ab9af5151fc471d363d97193', time: '2016-02-05 11:20:57'
System info: host: 'Macminis-Mac-mini.local', ip: '192.168.168.26', os.name: 'Mac OS X', os.arch: 'x86_64', os.version: '10.13.6', java.version: '1.8.0_151'
Driver info: io.appium.java_client.android.AndroidDriver
Capabilities [{app=/Users/macmini/eclipse-workspace/ANDROID_ARMS/APKFile/app_google_debug_900000103.apk, appPackage=com.weather.Weather, deviceScreenSize=1440x2560, networkConnectionEnabled=true, noReset=true, warnings={}, appWaitPackage=com.weather.Weather, appWaitActivity=com.weather.Weather.app.SplashScreenActivity, databaseEnabled=false, deviceName=03157df33d91c039, platform=LINUX, deviceUDID=03157df33d91c039, appActivity=com.weather.Weather.app.SplashScreenActivity, desired={app=/Users/macmini/eclipse-workspace/ANDROID_ARMS/APKFile/app_google_debug_900000103.apk, appPackage=com.weather.Weather, noReset=true, appium-version=1.4.13, newCommandTimeout=100000, platformVersion=7.0, platformName=Android, deviceName=Samsung S6}, appium-version=1.4.13, newCommandTimeout=100000, platformVersion=7.0, webStorageEnabled=false, locationContextEnabled=false, takesScreenshot=true, javascriptEnabled=true, deviceModel=SM-G920I, platformName=Android, deviceManufacturer=samsung}]
Session ID: c5cbfdc9-abc1-42bc-baf2-523a235368bd
*** Element info: {Using=id, value=com.weather.Weather:id/index_3_title}</message>
                <stack-trace>org.openqa.selenium.NoSuchElementException: An element could not be located on the page using the given search parameters. (WARNING: The server did not provide any stacktrace information)
Command duration or timeout: 60.22 seconds
For documentation on this error, please visit: http://seleniumhq.org/exceptions/no_such_element.html
Build info: version: '2.51.0', revision: '1af067dbcaedd7d2ab9af5151fc471d363d97193', time: '2016-02-05 11:20:57'
System info: host: 'Macminis-Mac-mini.local', ip: '192.168.168.26', os.name: 'Mac OS X', os.arch: 'x86_64', os.version: '10.13.6', java.version: '1.8.0_151'
Driver info: io.appium.java_client.android.AndroidDriver
Capabilities [{app=/Users/macmini/eclipse-workspace/ANDROID_ARMS/APKFile/app_google_debug_900000103.apk, appPackage=com.weather.Weather, deviceScreenSize=1440x2560, networkConnectionEnabled=true, noReset=true, warnings={}, appWaitPackage=com.weather.Weather, appWaitActivity=com.weather.Weather.app.SplashScreenActivity, databaseEnabled=false, deviceName=03157df33d91c039, platform=LINUX, deviceUDID=03157df33d91c039, appActivity=com.weather.Weather.app.SplashScreenActivity, desired={app=/Users/macmini/eclipse-workspace/ANDROID_ARMS/APKFile/app_google_debug_900000103.apk, appPackage=com.weather.Weather, noReset=true, appium-version=1.4.13, newCommandTimeout=100000, platformVersion=7.0, platformName=Android, deviceName=Samsung S6}, appium-version=1.4.13, newCommandTimeout=100000, platformVersion=7.0, webStorageEnabled=false, locationContextEnabled=false, takesScreenshot=true, javascriptEnabled=true, deviceModel=SM-G920I, platformName=Android, deviceManufacturer=samsung}]
Session ID: c5cbfdc9-abc1-42bc-baf2-523a235368bd
*** Element info: {Using=id, value=com.weather.Weather:id/index_3_title}
	at sun.reflect.NativeConstructorAccessorImpl.newInstance0(Native Method)
	at sun.reflect.NativeConstructorAccessorImpl.newInstance(NativeConstructorAccessorImpl.java:62)
	at sun.reflect.DelegatingConstructorAccessorImpl.newInstance(DelegatingConstructorAccessorImpl.java:45)
	at java.lang.reflect.Constructor.newInstance(Constructor.java:423)
	at org.openqa.selenium.remote.ErrorHandler.createThrowable(ErrorHandler.java:206)
	at org.openqa.selenium.remote.ErrorHandler.throwIfResponseFailed(ErrorHandler.java:158)
	at org.openqa.selenium.remote.RemoteWebDriver.execute(RemoteWebDriver.java:678)
	at io.appium.java_client.DefaultGenericMobileDriver.execute(DefaultGenericMobileDriver.java:42)
	at io.appium.java_client.AppiumDriver.execute(AppiumDriver.java:1)
	at io.appium.java_client.android.AndroidDriver.execute(AndroidDriver.java:1)
	at org.openqa.selenium.remote.RemoteWebDriver.findElement(RemoteWebDriver.java:363)
	at org.openqa.selenium.remote.RemoteWebDriver.findElementById(RemoteWebDriver.java:413)
	at io.appium.java_client.DefaultGenericMobileDriver.findElementById(DefaultGenericMobileDriver.java:62)
	at io.appium.java_client.AppiumDriver.findElementById(AppiumDriver.java:1)
	at io.appium.java_client.android.AndroidDriver.findElementById(AndroidDriver.java:1)
	at twc.Automation.HandleWithApp.AppFunctions.click_cold_Flu_element(AppFunctions.java:1839)
	at ANDROID_ARMS.ANDROID_ARMS.FeedAdVAlidationonUI.Extended_ColdFlu_Ad(FeedAdVAlidationonUI.java:194)
	at sun.reflect.NativeMethodAccessorImpl.invoke0(Native Method)
	at sun.reflect.NativeMethodAccessorImpl.invoke(NativeMethodAccessorImpl.java:62)
	at sun.reflect.DelegatingMethodAccessorImpl.invoke(DelegatingMethodAccessorImpl.java:43)
	at java.lang.reflect.Method.invoke(Method.java:498)
	at org.testng.internal.MethodInvocationHelper.invokeMethod(MethodInvocationHelper.java:86)
	at org.testng.internal.Invoker.invokeMethod(Invoker.java:643)
	at org.testng.internal.Invoker.invokeTestMethod(Invoker.java:820)
	at org.testng.internal.Invoker.invokeTestMethods(Invoker.java:1128)
	at org.testng.internal.TestMethodWorker.invokeTestMethods(TestMethodWorker.java:129)
	at org.testng.internal.TestMethodWorker.run(TestMethodWorker.java:112)
	at org.testng.TestRunner.privateRun(TestRunner.java:782)
	at org.testng.TestRunner.run(TestRunner.java:632)
	at org.testng.SuiteRunner.runTest(SuiteRunner.java:366)
	at org.testng.SuiteRunner.runSequentially(SuiteRunner.java:361)
	at org.testng.SuiteRunner.privateRun(SuiteRunner.java:319)
	at org.testng.SuiteRunner.run(SuiteRunner.java:268)
	at org.testng.SuiteRunnerWorker.runSuite(SuiteRunnerWorker.java:52)
	at org.testng.SuiteRunnerWorker.run(SuiteRunnerWorker.java:86)
	at org.testng.TestNG.runSuitesSequentially(TestNG.java:1244)
	at org.testng.TestNG.runSuitesLocally(TestNG.java:1169)
	at org.testng.TestNG.run(TestNG.java:1064)
	at org.testng.remote.AbstractRemoteTestNG.run(AbstractRemoteTestNG.java:114)
	at org.testng.remote.RemoteTestNG.initAndRun(RemoteTestNG.java:251)
	at org.testng.remote.RemoteTestNG.main(RemoteTestNG.java:77)
</stack-trace>
            </failure>
            <steps/>
            <attachments/>
            <labels>
                <label name="testSuite" value="Default suite"/>
                <label name="testGroup" value="Default test"/>
                <label name="testClass" value="ANDROID_ARMS.ANDROID_ARMS.FeedAdVAlidationonUI"/>
                <label name="testMethod" value="Extended_ColdFlu_Ad"/>
                <label name="host" value="Macminis-Mac-mini.local"/>
                <label name="thread" value="85797@Macminis-Mac-mini.local.main(1)"/>
            </labels>
        </test-case>
        <test-case start="1543153841611" stop="1543153902106" status="broken">
            <name>Extended_ColdFlu_Ad</name>
            <title>Validating Extended Cold_flu page Ad</title>
            <failure>
                <message>NoSuchElementException: An element could not be located on the page using the given search parameters. (WARNING: The server did not provide any stacktrace information)
Command duration or timeout: 60.22 seconds
For documentation on this error, please visit: http://seleniumhq.org/exceptions/no_such_element.html
Build info: version: '2.51.0', revision: '1af067dbcaedd7d2ab9af5151fc471d363d97193', time: '2016-02-05 11:20:57'
System info: host: 'Macminis-Mac-mini.local', ip: '192.168.168.26', os.name: 'Mac OS X', os.arch: 'x86_64', os.version: '10.13.6', java.version: '1.8.0_151'
Driver info: io.appium.java_client.android.AndroidDriver
Capabilities [{app=/Users/macmini/eclipse-workspace/ANDROID_ARMS/APKFile/app_google_debug_900000103.apk, appPackage=com.weather.Weather, deviceScreenSize=1440x2560, networkConnectionEnabled=true, noReset=true, warnings={}, appWaitPackage=com.weather.Weather, appWaitActivity=com.weather.Weather.app.SplashScreenActivity, databaseEnabled=false, deviceName=03157df33d91c039, platform=LINUX, deviceUDID=03157df33d91c039, appActivity=com.weather.Weather.app.SplashScreenActivity, desired={app=/Users/macmini/eclipse-workspace/ANDROID_ARMS/APKFile/app_google_debug_900000103.apk, appPackage=com.weather.Weather, noReset=true, appium-version=1.4.13, newCommandTimeout=100000, platformVersion=7.0, platformName=Android, deviceName=Samsung S6}, appium-version=1.4.13, newCommandTimeout=100000, platformVersion=7.0, webStorageEnabled=false, locationContextEnabled=false, takesScreenshot=true, javascriptEnabled=true, deviceModel=SM-G920I, platformName=Android, deviceManufacturer=samsung}]
Session ID: c5cbfdc9-abc1-42bc-baf2-523a235368bd
*** Element info: {Using=id, value=com.weather.Weather:id/index_3_title}</message>
                <stack-trace>org.openqa.selenium.NoSuchElementException: An element could not be located on the page using the given search parameters. (WARNING: The server did not provide any stacktrace information)
Command duration or timeout: 60.22 seconds
For documentation on this error, please visit: http://seleniumhq.org/exceptions/no_such_element.html
Build info: version: '2.51.0', revision: '1af067dbcaedd7d2ab9af5151fc471d363d97193', time: '2016-02-05 11:20:57'
System info: host: 'Macminis-Mac-mini.local', ip: '192.168.168.26', os.name: 'Mac OS X', os.arch: 'x86_64', os.version: '10.13.6', java.version: '1.8.0_151'
Driver info: io.appium.java_client.android.AndroidDriver
Capabilities [{app=/Users/macmini/eclipse-workspace/ANDROID_ARMS/APKFile/app_google_debug_900000103.apk, appPackage=com.weather.Weather, deviceScreenSize=1440x2560, networkConnectionEnabled=true, noReset=true, warnings={}, appWaitPackage=com.weather.Weather, appWaitActivity=com.weather.Weather.app.SplashScreenActivity, databaseEnabled=false, deviceName=03157df33d91c039, platform=LINUX, deviceUDID=03157df33d91c039, appActivity=com.weather.Weather.app.SplashScreenActivity, desired={app=/Users/macmini/eclipse-workspace/ANDROID_ARMS/APKFile/app_google_debug_900000103.apk, appPackage=com.weather.Weather, noReset=true, appium-version=1.4.13, newCommandTimeout=100000, platformVersion=7.0, platformName=Android, deviceName=Samsung S6}, appium-version=1.4.13, newCommandTimeout=100000, platformVersion=7.0, webStorageEnabled=false, locationContextEnabled=false, takesScreenshot=true, javascriptEnabled=true, deviceModel=SM-G920I, platformName=Android, deviceManufacturer=samsung}]
Session ID: c5cbfdc9-abc1-42bc-baf2-523a235368bd
*** Element info: {Using=id, value=com.weather.Weather:id/index_3_title}
	at sun.reflect.NativeConstructorAccessorImpl.newInstance0(Native Method)
	at sun.reflect.NativeConstructorAccessorImpl.newInstance(NativeConstructorAccessorImpl.java:62)
	at sun.reflect.DelegatingConstructorAccessorImpl.newInstance(DelegatingConstructorAccessorImpl.java:45)
	at java.lang.reflect.Constructor.newInstance(Constructor.java:423)
	at org.openqa.selenium.remote.ErrorHandler.createThrowable(ErrorHandler.java:206)
	at org.openqa.selenium.remote.ErrorHandler.throwIfResponseFailed(ErrorHandler.java:158)
	at org.openqa.selenium.remote.RemoteWebDriver.execute(RemoteWebDriver.java:678)
	at io.appium.java_client.DefaultGenericMobileDriver.execute(DefaultGenericMobileDriver.java:42)
	at io.appium.java_client.AppiumDriver.execute(AppiumDriver.java:1)
	at io.appium.java_client.android.AndroidDriver.execute(AndroidDriver.java:1)
	at org.openqa.selenium.remote.RemoteWebDriver.findElement(RemoteWebDriver.java:363)
	at org.openqa.selenium.remote.RemoteWebDriver.findElementById(RemoteWebDriver.java:413)
	at io.appium.java_client.DefaultGenericMobileDriver.findElementById(DefaultGenericMobileDriver.java:62)
	at io.appium.java_client.AppiumDriver.findElementById(AppiumDriver.java:1)
	at io.appium.java_client.android.AndroidDriver.findElementById(AndroidDriver.java:1)
	at twc.Automation.HandleWithApp.AppFunctions.click_cold_Flu_element(AppFunctions.java:1839)
	at ANDROID_ARMS.ANDROID_ARMS.FeedAdVAlidationonUI.Extended_ColdFlu_Ad(FeedAdVAlidationonUI.java:194)
	at sun.reflect.NativeMethodAccessorImpl.invoke0(Native Method)
	at sun.reflect.NativeMethodAccessorImpl.invoke(NativeMethodAccessorImpl.java:62)
	at sun.reflect.DelegatingMethodAccessorImpl.invoke(DelegatingMethodAccessorImpl.java:43)
	at java.lang.reflect.Method.invoke(Method.java:498)
	at org.testng.internal.MethodInvocationHelper.invokeMethod(MethodInvocationHelper.java:86)
	at org.testng.internal.Invoker.invokeMethod(Invoker.java:643)
	at org.testng.internal.Invoker.invokeTestMethod(Invoker.java:820)
	at org.testng.internal.Invoker.invokeTestMethods(Invoker.java:1128)
	at org.testng.internal.TestMethodWorker.invokeTestMethods(TestMethodWorker.java:129)
	at org.testng.internal.TestMethodWorker.run(TestMethodWorker.java:112)
	at org.testng.TestRunner.privateRun(TestRunner.java:782)
	at org.testng.TestRunner.run(TestRunner.java:632)
	at org.testng.SuiteRunner.runTest(SuiteRunner.java:366)
	at org.testng.SuiteRunner.runSequentially(SuiteRunner.java:361)
	at org.testng.SuiteRunner.privateRun(SuiteRunner.java:319)
	at org.testng.SuiteRunner.run(SuiteRunner.java:268)
	at org.testng.SuiteRunnerWorker.runSuite(SuiteRunnerWorker.java:52)
	at org.testng.SuiteRunnerWorker.run(SuiteRunnerWorker.java:86)
	at org.testng.TestNG.runSuitesSequentially(TestNG.java:1244)
	at org.testng.TestNG.runSuitesLocally(TestNG.java:1169)
	at org.testng.TestNG.run(TestNG.java:1064)
	at org.testng.remote.AbstractRemoteTestNG.run(AbstractRemoteTestNG.java:114)
	at org.testng.remote.RemoteTestNG.initAndRun(RemoteTestNG.java:251)
	at org.testng.remote.RemoteTestNG.main(RemoteTestNG.java:77)
</stack-trace>
            </failure>
            <steps/>
            <attachments/>
            <labels>
                <label name="testSuite" value="Default suite"/>
                <label name="testGroup" value="Default test"/>
                <label name="testClass" value="ANDROID_ARMS.ANDROID_ARMS.FeedAdVAlidationonUI"/>
                <label name="testMethod" value="Extended_ColdFlu_Ad"/>
                <label name="host" value="Macminis-Mac-mini.local"/>
                <label name="thread" value="85797@Macminis-Mac-mini.local.main(1)"/>
            </labels>
        </test-case>
        <test-case start="1543153902110" stop="1543154009344" status="passed">
            <name>Extended_Allergy_Ad</name>
            <title>Validating Extended Allergy page Ad</title>
            <steps>
                <step start="1543153940099" stop="1543153940099" status="passed">
                    <name>logStep[Checking the Allergy bb ad is presnted or not]</name>
                    <title>Checking the Allergy bb ad is presnted or not</title>
                    <attachments/>
                    <steps/>
                </step>
                <step start="1543153940100" stop="1543153940100" status="passed">
                    <name>logStep[Checking for Allergy bb ad]</name>
                    <title>Checking for Allergy bb ad</title>
                    <attachments/>
                    <steps/>
                </step>
                <step start="1543153942166" stop="1543153942166" status="passed">
                    <name>logStep[Allergy bb ad present]</name>
                    <title>Allergy bb ad present</title>
                    <attachments/>
                    <steps/>
                </step>
            </steps>
            <attachments/>
            <labels>
                <label name="testSuite" value="Default suite"/>
                <label name="testGroup" value="Default test"/>
                <label name="testClass" value="ANDROID_ARMS.ANDROID_ARMS.FeedAdVAlidationonUI"/>
                <label name="testMethod" value="Extended_Allergy_Ad"/>
                <label name="host" value="Macminis-Mac-mini.local"/>
                <label name="thread" value="85797@Macminis-Mac-mini.local.main(1)"/>
            </labels>
        </test-case>
        <test-case start="1543153902110" stop="1543154009344" status="passed">
            <name>Extended_Allergy_Ad</name>
            <title>Validating Extended Allergy page Ad</title>
            <steps>
                <step start="1543153940099" stop="1543153940099" status="passed">
                    <name>logStep[Checking the Allergy bb ad is presnted or not]</name>
                    <title>Checking the Allergy bb ad is presnted or not</title>
                    <attachments/>
                    <steps/>
                </step>
                <step start="1543153940100" stop="1543153940100" status="passed">
                    <name>logStep[Checking for Allergy bb ad]</name>
                    <title>Checking for Allergy bb ad</title>
                    <attachments/>
                    <steps/>
                </step>
                <step start="1543153942166" stop="1543153942166" status="passed">
                    <name>logStep[Allergy bb ad present]</name>
                    <title>Allergy bb ad present</title>
                    <attachments/>
                    <steps/>
                </step>
            </steps>
            <attachments/>
            <labels>
                <label name="testSuite" value="Default suite"/>
                <label name="testGroup" value="Default test"/>
                <label name="testClass" value="ANDROID_ARMS.ANDROID_ARMS.FeedAdVAlidationonUI"/>
                <label name="testMethod" value="Extended_Allergy_Ad"/>
                <label name="host" value="Macminis-Mac-mini.local"/>
                <label name="thread" value="85797@Macminis-Mac-mini.local.main(1)"/>
            </labels>
        </test-case>
        <test-case start="1543154009350" stop="1543154152562" status="passed">
            <name>Extended_Deatail_Airpollution_Ad</name>
            <title>Validating Extended Airpollution page Ad</title>
            <steps>
                <step start="1543154019319" stop="1543154019319" status="passed">
                    <name>logStep[Checking the  Extended Deatail Airpollution ad is presnted or not]</name>
                    <title>Checking the  Extended Deatail Airpollution ad is presnted or not</title>
                    <attachments/>
                    <steps/>
                </step>
                <step start="1543154019320" stop="1543154019320" status="passed">
                    <name>logStep[Checking for Air pollution Submodule ad]</name>
                    <title>Checking for Air pollution Submodule ad</title>
                    <attachments/>
                    <steps/>
                </step>
                <step start="1543154084525" stop="1543154084525" status="passed">
                    <name>logStep[Airpollution page ad is not presented on the screen]</name>
                    <title>Airpollution page ad is not presented on the screen</title>
                    <attachments/>
                    <steps/>
                </step>
                <step start="1543154086656" stop="1543154086656" status="passed">
                    <name>logStep[Taking screenshot]</name>
                    <title>Taking screenshot</title>
                    <attachments/>
                    <steps/>
                </step>
                <step start="1543154088755" stop="1543154088755" status="passed">
                    <name>logStep[took the failed submoduleAd_Airpollution screenshot]</name>
                    <title>took the failed submoduleAd_Airpollution screenshot</title>
                    <attachments/>
                    <steps/>
                </step>
            </steps>
            <attachments>
                <attachment title="Screenshot on failure" source="1b41da54-ace2-405c-8ae1-ef9bdc259697-attachment.png" type="image/png"/>
            </attachments>
            <labels>
                <label name="testSuite" value="Default suite"/>
                <label name="testGroup" value="Default test"/>
                <label name="testClass" value="ANDROID_ARMS.ANDROID_ARMS.FeedAdVAlidationonUI"/>
                <label name="testMethod" value="Extended_Deatail_Airpollution_Ad"/>
                <label name="host" value="Macminis-Mac-mini.local"/>
                <label name="thread" value="85797@Macminis-Mac-mini.local.main(1)"/>
            </labels>
        </test-case>
        <test-case start="1543154009350" stop="1543154152562" status="passed">
            <name>Extended_Deatail_Airpollution_Ad</name>
            <title>Validating Extended Airpollution page Ad</title>
            <steps>
                <step start="1543154019319" stop="1543154019319" status="passed">
                    <name>logStep[Checking the  Extended Deatail Airpollution ad is presnted or not]</name>
                    <title>Checking the  Extended Deatail Airpollution ad is presnted or not</title>
                    <attachments/>
                    <steps/>
                </step>
                <step start="1543154019320" stop="1543154019320" status="passed">
                    <name>logStep[Checking for Air pollution Submodule ad]</name>
                    <title>Checking for Air pollution Submodule ad</title>
                    <attachments/>
                    <steps/>
                </step>
                <step start="1543154084525" stop="1543154084525" status="passed">
                    <name>logStep[Airpollution page ad is not presented on the screen]</name>
                    <title>Airpollution page ad is not presented on the screen</title>
                    <attachments/>
                    <steps/>
                </step>
                <step start="1543154086656" stop="1543154086656" status="passed">
                    <name>logStep[Taking screenshot]</name>
                    <title>Taking screenshot</title>
                    <attachments/>
                    <steps/>
                </step>
                <step start="1543154088755" stop="1543154088755" status="passed">
                    <name>logStep[took the failed submoduleAd_Airpollution screenshot]</name>
                    <title>took the failed submoduleAd_Airpollution screenshot</title>
                    <attachments/>
                    <steps/>
                </step>
            </steps>
            <attachments>
                <attachment title="Screenshot on failure" source="1b41da54-ace2-405c-8ae1-ef9bdc259697-attachment.png" type="image/png"/>
            </attachments>
            <labels>
                <label name="testSuite" value="Default suite"/>
                <label name="testGroup" value="Default test"/>
                <label name="testClass" value="ANDROID_ARMS.ANDROID_ARMS.FeedAdVAlidationonUI"/>
                <label name="testMethod" value="Extended_Deatail_Airpollution_Ad"/>
                <label name="host" value="Macminis-Mac-mini.local"/>
                <label name="thread" value="85797@Macminis-Mac-mini.local.main(1)"/>
            </labels>
        </test-case>
        <test-case start="1543154152841" stop="1543154303367" status="passed">
            <name>Extended_Detailed_NewsPage_Ad</name>
            <title>Validating Extended News page Ad</title>
            <steps>
                <step start="1543154168647" stop="1543154168647" status="passed">
                    <name>logStep[Checking the  Extended Deatail News Page ad is presnted or not]</name>
                    <title>Checking the  Extended Deatail News Page ad is presnted or not</title>
                    <attachments/>
                    <steps/>
                </step>
                <step start="1543154168647" stop="1543154168647" status="passed">
                    <name>logStep[Checking for News Submodule ad]</name>
                    <title>Checking for News Submodule ad</title>
                    <attachments/>
                    <steps/>
                </step>
                <step start="1543154234007" stop="1543154234007" status="passed">
                    <name>logStep[Newssubmodule ad not present]</name>
                    <title>Newssubmodule ad not present</title>
                    <attachments/>
                    <steps/>
                </step>
                <step start="1543154236834" stop="1543154236834" status="passed">
                    <name>logStep[Taking screenshot]</name>
                    <title>Taking screenshot</title>
                    <attachments/>
                    <steps/>
                </step>
                <step start="1543154239658" stop="1543154239658" status="passed">
                    <name>logStep[took the failed submoduleAd_News screenshot]</name>
                    <title>took the failed submoduleAd_News screenshot</title>
                    <attachments/>
                    <steps/>
                </step>
            </steps>
            <attachments>
                <attachment title="Screenshot on failure" source="f017c778-bf3e-4065-97c7-ccbb9ab1d5f4-attachment.png" type="image/png"/>
            </attachments>
            <labels>
                <label name="testSuite" value="Default suite"/>
                <label name="testGroup" value="Default test"/>
                <label name="testClass" value="ANDROID_ARMS.ANDROID_ARMS.FeedAdVAlidationonUI"/>
                <label name="testMethod" value="Extended_Detailed_NewsPage_Ad"/>
                <label name="host" value="Macminis-Mac-mini.local"/>
                <label name="thread" value="85797@Macminis-Mac-mini.local.main(1)"/>
            </labels>
        </test-case>
        <test-case start="1543154152841" stop="1543154303367" status="passed">
            <name>Extended_Detailed_NewsPage_Ad</name>
            <title>Validating Extended News page Ad</title>
            <steps>
                <step start="1543154168647" stop="1543154168647" status="passed">
                    <name>logStep[Checking the  Extended Deatail News Page ad is presnted or not]</name>
                    <title>Checking the  Extended Deatail News Page ad is presnted or not</title>
                    <attachments/>
                    <steps/>
                </step>
                <step start="1543154168647" stop="1543154168647" status="passed">
                    <name>logStep[Checking for News Submodule ad]</name>
                    <title>Checking for News Submodule ad</title>
                    <attachments/>
                    <steps/>
                </step>
                <step start="1543154234007" stop="1543154234007" status="passed">
                    <name>logStep[Newssubmodule ad not present]</name>
                    <title>Newssubmodule ad not present</title>
                    <attachments/>
                    <steps/>
                </step>
                <step start="1543154236834" stop="1543154236834" status="passed">
                    <name>logStep[Taking screenshot]</name>
                    <title>Taking screenshot</title>
                    <attachments/>
                    <steps/>
                </step>
                <step start="1543154239658" stop="1543154239658" status="passed">
                    <name>logStep[took the failed submoduleAd_News screenshot]</name>
                    <title>took the failed submoduleAd_News screenshot</title>
                    <attachments/>
                    <steps/>
                </step>
            </steps>
            <attachments>
                <attachment title="Screenshot on failure" source="f017c778-bf3e-4065-97c7-ccbb9ab1d5f4-attachment.png" type="image/png"/>
            </attachments>
            <labels>
                <label name="testSuite" value="Default suite"/>
                <label name="testGroup" value="Default test"/>
                <label name="testClass" value="ANDROID_ARMS.ANDROID_ARMS.FeedAdVAlidationonUI"/>
                <label name="testMethod" value="Extended_Detailed_NewsPage_Ad"/>
                <label name="host" value="Macminis-Mac-mini.local"/>
                <label name="thread" value="85797@Macminis-Mac-mini.local.main(1)"/>
            </labels>
        </test-case>
    </test-cases>
    <labels>
        <label name="framework" value="TestNG"/>
        <label name="language" value="JAVA"/>
    </labels>
</ns2:test-suite>
