<?xml version="1.0" encoding="UTF-8" standalone="yes"?>
<ns2:test-suite start="1543237462854" stop="1543238217185" version="1.5.4" xmlns:ns2="urn:model.allure.qatools.yandex.ru">
    <name>Default suite : Default test</name>
    <title>Default suite : Default test</title>
    <test-cases>
        <test-case start="1543237626707" stop="1543237761183" status="failed">
            <name>Validating_Trending_page_Ad</name>
            <failure>
                <message>AssertionError: trendingpage ad not present</message>
                <stack-trace>java.lang.AssertionError: trendingpage ad not present
	at org.testng.Assert.fail(Assert.java:94)
	at twc.Automation.HandleWithAppium.AppiumFunctions.Check_trendingpage_ad(AppiumFunctions.java:1295)
	at ANDROID_ARMS.ANDROID_ARMS.FeedAdVAlidationonUI.Validating_Trending_page_Ad(FeedAdVAlidationonUI.java:45)
	at sun.reflect.NativeMethodAccessorImpl.invoke0(Native Method)
	at sun.reflect.NativeMethodAccessorImpl.invoke(NativeMethodAccessorImpl.java:62)
	at sun.reflect.DelegatingMethodAccessorImpl.invoke(DelegatingMethodAccessorImpl.java:43)
	at java.lang.reflect.Method.invoke(Method.java:498)
	at org.testng.internal.MethodInvocationHelper.invokeMethod(MethodInvocationHelper.java:86)
	at org.testng.internal.Invoker.invokeMethod(Invoker.java:643)
	at org.testng.internal.Invoker.invokeTestMethod(Invoker.java:820)
	at org.testng.internal.Invoker.invokeTestMethods(Invoker.java:1128)
	at org.testng.internal.TestMethodWorker.invokeTestMethods(TestMethodWorker.java:129)
	at org.testng.internal.TestMethodWorker.run(TestMethodWorker.java:112)
	at org.testng.TestRunner.privateRun(TestRunner.java:782)
	at org.testng.TestRunner.run(TestRunner.java:632)
	at org.testng.SuiteRunner.runTest(SuiteRunner.java:366)
	at org.testng.SuiteRunner.runSequentially(SuiteRunner.java:361)
	at org.testng.SuiteRunner.privateRun(SuiteRunner.java:319)
	at org.testng.SuiteRunner.run(SuiteRunner.java:268)
	at org.testng.SuiteRunnerWorker.runSuite(SuiteRunnerWorker.java:52)
	at org.testng.SuiteRunnerWorker.run(SuiteRunnerWorker.java:86)
	at org.testng.TestNG.runSuitesSequentially(TestNG.java:1244)
	at org.testng.TestNG.runSuitesLocally(TestNG.java:1169)
	at org.testng.TestNG.run(TestNG.java:1064)
	at org.testng.remote.AbstractRemoteTestNG.run(AbstractRemoteTestNG.java:114)
	at org.testng.remote.RemoteTestNG.initAndRun(RemoteTestNG.java:251)
	at org.testng.remote.RemoteTestNG.main(RemoteTestNG.java:77)
</stack-trace>
            </failure>
            <steps>
                <step start="1543237626753" stop="1543237626755" status="passed">
                    <name>logStep[Validating Trending page Ad TestCase Started]</name>
                    <title>Validating Trending page Ad TestCase Started</title>
                </step>
                <step start="1543237626756" stop="1543237626756" status="passed">
                    <name>logStep[Clearing the charles session]</name>
                    <title>Clearing the charles session</title>
                </step>
                <step start="1543237635748" stop="1543237635748" status="passed">
                    <name>logStep[Cleared the charles session]</name>
                    <title>Cleared the charles session</title>
                </step>
                <step start="1543237635749" stop="1543237635749" status="passed">
                    <name>logStep[Clicking the trending elemeent]</name>
                    <title>Clicking the trending elemeent</title>
                </step>
                <step start="1543237699145" stop="1543237699145" status="passed">
                    <name>logStep[Clicked the trending elemeent]</name>
                    <title>Clicked the trending elemeent</title>
                </step>
            </steps>
            <attachments/>
            <labels>
                <label name="testSuite" value="Default suite"/>
                <label name="testGroup" value="Default test"/>
                <label name="testClass" value="ANDROID_ARMS.ANDROID_ARMS.FeedAdVAlidationonUI"/>
                <label name="testMethod" value="Validating_Trending_page_Ad"/>
                <label name="host" value="Macminis-Mac-mini.local"/>
                <label name="thread" value="2140@Macminis-Mac-mini.local.main(1)"/>
            </labels>
        </test-case>
        <test-case start="1543237626707" stop="1543237761183" status="failed">
            <name>Validating_Trending_page_Ad</name>
            <failure>
                <message>AssertionError: trendingpage ad not present</message>
                <stack-trace>java.lang.AssertionError: trendingpage ad not present
	at org.testng.Assert.fail(Assert.java:94)
	at twc.Automation.HandleWithAppium.AppiumFunctions.Check_trendingpage_ad(AppiumFunctions.java:1295)
	at ANDROID_ARMS.ANDROID_ARMS.FeedAdVAlidationonUI.Validating_Trending_page_Ad(FeedAdVAlidationonUI.java:45)
	at sun.reflect.NativeMethodAccessorImpl.invoke0(Native Method)
	at sun.reflect.NativeMethodAccessorImpl.invoke(NativeMethodAccessorImpl.java:62)
	at sun.reflect.DelegatingMethodAccessorImpl.invoke(DelegatingMethodAccessorImpl.java:43)
	at java.lang.reflect.Method.invoke(Method.java:498)
	at org.testng.internal.MethodInvocationHelper.invokeMethod(MethodInvocationHelper.java:86)
	at org.testng.internal.Invoker.invokeMethod(Invoker.java:643)
	at org.testng.internal.Invoker.invokeTestMethod(Invoker.java:820)
	at org.testng.internal.Invoker.invokeTestMethods(Invoker.java:1128)
	at org.testng.internal.TestMethodWorker.invokeTestMethods(TestMethodWorker.java:129)
	at org.testng.internal.TestMethodWorker.run(TestMethodWorker.java:112)
	at org.testng.TestRunner.privateRun(TestRunner.java:782)
	at org.testng.TestRunner.run(TestRunner.java:632)
	at org.testng.SuiteRunner.runTest(SuiteRunner.java:366)
	at org.testng.SuiteRunner.runSequentially(SuiteRunner.java:361)
	at org.testng.SuiteRunner.privateRun(SuiteRunner.java:319)
	at org.testng.SuiteRunner.run(SuiteRunner.java:268)
	at org.testng.SuiteRunnerWorker.runSuite(SuiteRunnerWorker.java:52)
	at org.testng.SuiteRunnerWorker.run(SuiteRunnerWorker.java:86)
	at org.testng.TestNG.runSuitesSequentially(TestNG.java:1244)
	at org.testng.TestNG.runSuitesLocally(TestNG.java:1169)
	at org.testng.TestNG.run(TestNG.java:1064)
	at org.testng.remote.AbstractRemoteTestNG.run(AbstractRemoteTestNG.java:114)
	at org.testng.remote.RemoteTestNG.initAndRun(RemoteTestNG.java:251)
	at org.testng.remote.RemoteTestNG.main(RemoteTestNG.java:77)
</stack-trace>
            </failure>
            <steps>
                <step start="1543237626753" stop="1543237626755" status="passed">
                    <name>logStep[Validating Trending page Ad TestCase Started]</name>
                    <title>Validating Trending page Ad TestCase Started</title>
                </step>
                <step start="1543237626756" stop="1543237626756" status="passed">
                    <name>logStep[Clearing the charles session]</name>
                    <title>Clearing the charles session</title>
                </step>
                <step start="1543237635748" stop="1543237635748" status="passed">
                    <name>logStep[Cleared the charles session]</name>
                    <title>Cleared the charles session</title>
                </step>
                <step start="1543237635749" stop="1543237635749" status="passed">
                    <name>logStep[Clicking the trending elemeent]</name>
                    <title>Clicking the trending elemeent</title>
                </step>
                <step start="1543237699145" stop="1543237699145" status="passed">
                    <name>logStep[Clicked the trending elemeent]</name>
                    <title>Clicked the trending elemeent</title>
                </step>
            </steps>
            <attachments/>
            <labels>
                <label name="testSuite" value="Default suite"/>
                <label name="testGroup" value="Default test"/>
                <label name="testClass" value="ANDROID_ARMS.ANDROID_ARMS.FeedAdVAlidationonUI"/>
                <label name="testMethod" value="Validating_Trending_page_Ad"/>
                <label name="host" value="Macminis-Mac-mini.local"/>
                <label name="thread" value="2140@Macminis-Mac-mini.local.main(1)"/>
            </labels>
        </test-case>
        <test-case start="1543237761478" stop="1543237844529" status="failed">
            <name>Validating_feed2</name>
            <title>Validating Radar feed card</title>
            <failure>
                <message>AssertionError: radar feed card not present</message>
                <stack-trace>java.lang.AssertionError: radar feed card not present
	at org.testng.Assert.fail(Assert.java:94)
	at twc.Automation.HandleWithAppium.AppiumFunctions.Check_radarfeed_ad(AppiumFunctions.java:438)
	at ANDROID_ARMS.ANDROID_ARMS.FeedAdVAlidationonUI.Validating_feed2(FeedAdVAlidationonUI.java:78)
	at sun.reflect.NativeMethodAccessorImpl.invoke0(Native Method)
	at sun.reflect.NativeMethodAccessorImpl.invoke(NativeMethodAccessorImpl.java:62)
	at sun.reflect.DelegatingMethodAccessorImpl.invoke(DelegatingMethodAccessorImpl.java:43)
	at java.lang.reflect.Method.invoke(Method.java:498)
	at org.testng.internal.MethodInvocationHelper.invokeMethod(MethodInvocationHelper.java:86)
	at org.testng.internal.Invoker.invokeMethod(Invoker.java:643)
	at org.testng.internal.Invoker.invokeTestMethod(Invoker.java:820)
	at org.testng.internal.Invoker.invokeTestMethods(Invoker.java:1128)
	at org.testng.internal.TestMethodWorker.invokeTestMethods(TestMethodWorker.java:129)
	at org.testng.internal.TestMethodWorker.run(TestMethodWorker.java:112)
	at org.testng.TestRunner.privateRun(TestRunner.java:782)
	at org.testng.TestRunner.run(TestRunner.java:632)
	at org.testng.SuiteRunner.runTest(SuiteRunner.java:366)
	at org.testng.SuiteRunner.runSequentially(SuiteRunner.java:361)
	at org.testng.SuiteRunner.privateRun(SuiteRunner.java:319)
	at org.testng.SuiteRunner.run(SuiteRunner.java:268)
	at org.testng.SuiteRunnerWorker.runSuite(SuiteRunnerWorker.java:52)
	at org.testng.SuiteRunnerWorker.run(SuiteRunnerWorker.java:86)
	at org.testng.TestNG.runSuitesSequentially(TestNG.java:1244)
	at org.testng.TestNG.runSuitesLocally(TestNG.java:1169)
	at org.testng.TestNG.run(TestNG.java:1064)
	at org.testng.remote.AbstractRemoteTestNG.run(AbstractRemoteTestNG.java:114)
	at org.testng.remote.RemoteTestNG.initAndRun(RemoteTestNG.java:251)
	at org.testng.remote.RemoteTestNG.main(RemoteTestNG.java:77)
</stack-trace>
            </failure>
            <steps>
                <step start="1543237761479" stop="1543237761479" status="passed">
                    <name>logStep[Validating the Radar feed card TestCase]</name>
                    <title>Validating the Radar feed card TestCase</title>
                </step>
                <step start="1543237761480" stop="1543237761480" status="passed">
                    <name>logStep[scrolling the app]</name>
                    <title>scrolling the app</title>
                </step>
                <step start="1543237774198" stop="1543237774198" status="passed">
                    <name>logStep[Checking the Radar feed card presnted or not]</name>
                    <title>Checking the Radar feed card presnted or not</title>
                </step>
                <step start="1543237774199" stop="1543237774199" status="passed">
                    <name>logStep[Checking for radar feed card]</name>
                    <title>Checking for radar feed card</title>
                </step>
                <step start="1543237839448" stop="1543237839448" status="passed">
                    <name>logStep[radar feed card not present on the screen]</name>
                    <title>radar feed card not present on the screen</title>
                </step>
                <step start="1543237842021" stop="1543237842021" status="passed">
                    <name>logStep[Taking screenshot]</name>
                    <title>Taking screenshot</title>
                </step>
            </steps>
            <attachments>
                <attachment title="Screenshot on failure" source="2b885c92-281f-4cdd-8685-3d96641e7e41-attachment.png" type="image/png"/>
            </attachments>
            <labels>
                <label name="testSuite" value="Default suite"/>
                <label name="testGroup" value="Default test"/>
                <label name="testClass" value="ANDROID_ARMS.ANDROID_ARMS.FeedAdVAlidationonUI"/>
                <label name="testMethod" value="Validating_feed2"/>
                <label name="host" value="Macminis-Mac-mini.local"/>
                <label name="thread" value="2140@Macminis-Mac-mini.local.main(1)"/>
            </labels>
        </test-case>
        <test-case start="1543237761478" stop="1543237844529" status="failed">
            <name>Validating_feed2</name>
            <title>Validating Radar feed card</title>
            <failure>
                <message>AssertionError: radar feed card not present</message>
                <stack-trace>java.lang.AssertionError: radar feed card not present
	at org.testng.Assert.fail(Assert.java:94)
	at twc.Automation.HandleWithAppium.AppiumFunctions.Check_radarfeed_ad(AppiumFunctions.java:438)
	at ANDROID_ARMS.ANDROID_ARMS.FeedAdVAlidationonUI.Validating_feed2(FeedAdVAlidationonUI.java:78)
	at sun.reflect.NativeMethodAccessorImpl.invoke0(Native Method)
	at sun.reflect.NativeMethodAccessorImpl.invoke(NativeMethodAccessorImpl.java:62)
	at sun.reflect.DelegatingMethodAccessorImpl.invoke(DelegatingMethodAccessorImpl.java:43)
	at java.lang.reflect.Method.invoke(Method.java:498)
	at org.testng.internal.MethodInvocationHelper.invokeMethod(MethodInvocationHelper.java:86)
	at org.testng.internal.Invoker.invokeMethod(Invoker.java:643)
	at org.testng.internal.Invoker.invokeTestMethod(Invoker.java:820)
	at org.testng.internal.Invoker.invokeTestMethods(Invoker.java:1128)
	at org.testng.internal.TestMethodWorker.invokeTestMethods(TestMethodWorker.java:129)
	at org.testng.internal.TestMethodWorker.run(TestMethodWorker.java:112)
	at org.testng.TestRunner.privateRun(TestRunner.java:782)
	at org.testng.TestRunner.run(TestRunner.java:632)
	at org.testng.SuiteRunner.runTest(SuiteRunner.java:366)
	at org.testng.SuiteRunner.runSequentially(SuiteRunner.java:361)
	at org.testng.SuiteRunner.privateRun(SuiteRunner.java:319)
	at org.testng.SuiteRunner.run(SuiteRunner.java:268)
	at org.testng.SuiteRunnerWorker.runSuite(SuiteRunnerWorker.java:52)
	at org.testng.SuiteRunnerWorker.run(SuiteRunnerWorker.java:86)
	at org.testng.TestNG.runSuitesSequentially(TestNG.java:1244)
	at org.testng.TestNG.runSuitesLocally(TestNG.java:1169)
	at org.testng.TestNG.run(TestNG.java:1064)
	at org.testng.remote.AbstractRemoteTestNG.run(AbstractRemoteTestNG.java:114)
	at org.testng.remote.RemoteTestNG.initAndRun(RemoteTestNG.java:251)
	at org.testng.remote.RemoteTestNG.main(RemoteTestNG.java:77)
</stack-trace>
            </failure>
            <steps>
                <step start="1543237761479" stop="1543237761479" status="passed">
                    <name>logStep[Validating the Radar feed card TestCase]</name>
                    <title>Validating the Radar feed card TestCase</title>
                </step>
                <step start="1543237761480" stop="1543237761480" status="passed">
                    <name>logStep[scrolling the app]</name>
                    <title>scrolling the app</title>
                </step>
                <step start="1543237774198" stop="1543237774198" status="passed">
                    <name>logStep[Checking the Radar feed card presnted or not]</name>
                    <title>Checking the Radar feed card presnted or not</title>
                </step>
                <step start="1543237774199" stop="1543237774199" status="passed">
                    <name>logStep[Checking for radar feed card]</name>
                    <title>Checking for radar feed card</title>
                </step>
                <step start="1543237839448" stop="1543237839448" status="passed">
                    <name>logStep[radar feed card not present on the screen]</name>
                    <title>radar feed card not present on the screen</title>
                </step>
                <step start="1543237842021" stop="1543237842021" status="passed">
                    <name>logStep[Taking screenshot]</name>
                    <title>Taking screenshot</title>
                </step>
            </steps>
            <attachments>
                <attachment title="Screenshot on failure" source="2b885c92-281f-4cdd-8685-3d96641e7e41-attachment.png" type="image/png"/>
            </attachments>
            <labels>
                <label name="testSuite" value="Default suite"/>
                <label name="testGroup" value="Default test"/>
                <label name="testClass" value="ANDROID_ARMS.ANDROID_ARMS.FeedAdVAlidationonUI"/>
                <label name="testMethod" value="Validating_feed2"/>
                <label name="host" value="Macminis-Mac-mini.local"/>
                <label name="thread" value="2140@Macminis-Mac-mini.local.main(1)"/>
            </labels>
        </test-case>
        <test-case start="1543237844535" stop="1543237926385" status="failed">
            <name>Validating_Health_Activities</name>
            <title>Validating Health&amp;Activities Ad call</title>
            <failure>
                <message>AssertionError: Health&amp;Activities feed card not present</message>
                <stack-trace>java.lang.AssertionError: Health&amp;Activities feed card not present
	at org.testng.Assert.fail(Assert.java:94)
	at twc.Automation.HandleWithAppium.AppiumFunctions.Check_Health_Activities_ad(AppiumFunctions.java:469)
	at ANDROID_ARMS.ANDROID_ARMS.FeedAdVAlidationonUI.Validating_Health_Activities(FeedAdVAlidationonUI.java:94)
	at sun.reflect.NativeMethodAccessorImpl.invoke0(Native Method)
	at sun.reflect.NativeMethodAccessorImpl.invoke(NativeMethodAccessorImpl.java:62)
	at sun.reflect.DelegatingMethodAccessorImpl.invoke(DelegatingMethodAccessorImpl.java:43)
	at java.lang.reflect.Method.invoke(Method.java:498)
	at org.testng.internal.MethodInvocationHelper.invokeMethod(MethodInvocationHelper.java:86)
	at org.testng.internal.Invoker.invokeMethod(Invoker.java:643)
	at org.testng.internal.Invoker.invokeTestMethod(Invoker.java:820)
	at org.testng.internal.Invoker.invokeTestMethods(Invoker.java:1128)
	at org.testng.internal.TestMethodWorker.invokeTestMethods(TestMethodWorker.java:129)
	at org.testng.internal.TestMethodWorker.run(TestMethodWorker.java:112)
	at org.testng.TestRunner.privateRun(TestRunner.java:782)
	at org.testng.TestRunner.run(TestRunner.java:632)
	at org.testng.SuiteRunner.runTest(SuiteRunner.java:366)
	at org.testng.SuiteRunner.runSequentially(SuiteRunner.java:361)
	at org.testng.SuiteRunner.privateRun(SuiteRunner.java:319)
	at org.testng.SuiteRunner.run(SuiteRunner.java:268)
	at org.testng.SuiteRunnerWorker.runSuite(SuiteRunnerWorker.java:52)
	at org.testng.SuiteRunnerWorker.run(SuiteRunnerWorker.java:86)
	at org.testng.TestNG.runSuitesSequentially(TestNG.java:1244)
	at org.testng.TestNG.runSuitesLocally(TestNG.java:1169)
	at org.testng.TestNG.run(TestNG.java:1064)
	at org.testng.remote.AbstractRemoteTestNG.run(AbstractRemoteTestNG.java:114)
	at org.testng.remote.RemoteTestNG.initAndRun(RemoteTestNG.java:251)
	at org.testng.remote.RemoteTestNG.main(RemoteTestNG.java:77)
</stack-trace>
            </failure>
            <steps>
                <step start="1543237844536" stop="1543237844536" status="passed">
                    <name>logStep[Validating the Health&amp;Activities TestCase]</name>
                    <title>Validating the Health&amp;Activities TestCase</title>
                </step>
                <step start="1543237844536" stop="1543237844536" status="passed">
                    <name>logStep[scrolling the app]</name>
                    <title>scrolling the app</title>
                </step>
                <step start="1543237856912" stop="1543237856912" status="passed">
                    <name>logStep[Checking the Health&amp;Activities is presnted or not]</name>
                    <title>Checking the Health&amp;Activities is presnted or not</title>
                </step>
                <step start="1543237856913" stop="1543237856913" status="passed">
                    <name>logStep[Checking for Health&amp;Activities feed card]</name>
                    <title>Checking for Health&amp;Activities feed card</title>
                </step>
                <step start="1543237922675" stop="1543237922675" status="passed">
                    <name>logStep[Health&amp;Activities feed card not present on the screen]</name>
                    <title>Health&amp;Activities feed card not present on the screen</title>
                </step>
                <step start="1543237924591" stop="1543237924591" status="passed">
                    <name>logStep[Taking screenshot]</name>
                    <title>Taking screenshot</title>
                </step>
            </steps>
            <attachments>
                <attachment title="Screenshot on failure" source="6398b58c-e0b2-4411-855b-51a72179e766-attachment.png" type="image/png"/>
            </attachments>
            <labels>
                <label name="testSuite" value="Default suite"/>
                <label name="testGroup" value="Default test"/>
                <label name="testClass" value="ANDROID_ARMS.ANDROID_ARMS.FeedAdVAlidationonUI"/>
                <label name="testMethod" value="Validating_Health_Activities"/>
                <label name="host" value="Macminis-Mac-mini.local"/>
                <label name="thread" value="2140@Macminis-Mac-mini.local.main(1)"/>
            </labels>
        </test-case>
        <test-case start="1543237844535" stop="1543237926385" status="failed">
            <name>Validating_Health_Activities</name>
            <title>Validating Health&amp;Activities Ad call</title>
            <failure>
                <message>AssertionError: Health&amp;Activities feed card not present</message>
                <stack-trace>java.lang.AssertionError: Health&amp;Activities feed card not present
	at org.testng.Assert.fail(Assert.java:94)
	at twc.Automation.HandleWithAppium.AppiumFunctions.Check_Health_Activities_ad(AppiumFunctions.java:469)
	at ANDROID_ARMS.ANDROID_ARMS.FeedAdVAlidationonUI.Validating_Health_Activities(FeedAdVAlidationonUI.java:94)
	at sun.reflect.NativeMethodAccessorImpl.invoke0(Native Method)
	at sun.reflect.NativeMethodAccessorImpl.invoke(NativeMethodAccessorImpl.java:62)
	at sun.reflect.DelegatingMethodAccessorImpl.invoke(DelegatingMethodAccessorImpl.java:43)
	at java.lang.reflect.Method.invoke(Method.java:498)
	at org.testng.internal.MethodInvocationHelper.invokeMethod(MethodInvocationHelper.java:86)
	at org.testng.internal.Invoker.invokeMethod(Invoker.java:643)
	at org.testng.internal.Invoker.invokeTestMethod(Invoker.java:820)
	at org.testng.internal.Invoker.invokeTestMethods(Invoker.java:1128)
	at org.testng.internal.TestMethodWorker.invokeTestMethods(TestMethodWorker.java:129)
	at org.testng.internal.TestMethodWorker.run(TestMethodWorker.java:112)
	at org.testng.TestRunner.privateRun(TestRunner.java:782)
	at org.testng.TestRunner.run(TestRunner.java:632)
	at org.testng.SuiteRunner.runTest(SuiteRunner.java:366)
	at org.testng.SuiteRunner.runSequentially(SuiteRunner.java:361)
	at org.testng.SuiteRunner.privateRun(SuiteRunner.java:319)
	at org.testng.SuiteRunner.run(SuiteRunner.java:268)
	at org.testng.SuiteRunnerWorker.runSuite(SuiteRunnerWorker.java:52)
	at org.testng.SuiteRunnerWorker.run(SuiteRunnerWorker.java:86)
	at org.testng.TestNG.runSuitesSequentially(TestNG.java:1244)
	at org.testng.TestNG.runSuitesLocally(TestNG.java:1169)
	at org.testng.TestNG.run(TestNG.java:1064)
	at org.testng.remote.AbstractRemoteTestNG.run(AbstractRemoteTestNG.java:114)
	at org.testng.remote.RemoteTestNG.initAndRun(RemoteTestNG.java:251)
	at org.testng.remote.RemoteTestNG.main(RemoteTestNG.java:77)
</stack-trace>
            </failure>
            <steps>
                <step start="1543237844536" stop="1543237844536" status="passed">
                    <name>logStep[Validating the Health&amp;Activities TestCase]</name>
                    <title>Validating the Health&amp;Activities TestCase</title>
                </step>
                <step start="1543237844536" stop="1543237844536" status="passed">
                    <name>logStep[scrolling the app]</name>
                    <title>scrolling the app</title>
                </step>
                <step start="1543237856912" stop="1543237856912" status="passed">
                    <name>logStep[Checking the Health&amp;Activities is presnted or not]</name>
                    <title>Checking the Health&amp;Activities is presnted or not</title>
                </step>
                <step start="1543237856913" stop="1543237856913" status="passed">
                    <name>logStep[Checking for Health&amp;Activities feed card]</name>
                    <title>Checking for Health&amp;Activities feed card</title>
                </step>
                <step start="1543237922675" stop="1543237922675" status="passed">
                    <name>logStep[Health&amp;Activities feed card not present on the screen]</name>
                    <title>Health&amp;Activities feed card not present on the screen</title>
                </step>
                <step start="1543237924591" stop="1543237924591" status="passed">
                    <name>logStep[Taking screenshot]</name>
                    <title>Taking screenshot</title>
                </step>
            </steps>
            <attachments>
                <attachment title="Screenshot on failure" source="6398b58c-e0b2-4411-855b-51a72179e766-attachment.png" type="image/png"/>
            </attachments>
            <labels>
                <label name="testSuite" value="Default suite"/>
                <label name="testGroup" value="Default test"/>
                <label name="testClass" value="ANDROID_ARMS.ANDROID_ARMS.FeedAdVAlidationonUI"/>
                <label name="testMethod" value="Validating_Health_Activities"/>
                <label name="host" value="Macminis-Mac-mini.local"/>
                <label name="thread" value="2140@Macminis-Mac-mini.local.main(1)"/>
            </labels>
        </test-case>
        <test-case start="1543237926390" stop="1543237996529" status="failed">
            <name>Validating_Airpollution_feed_card</name>
            <title>Validating  Airpollution feed card</title>
            <failure>
                <message>AssertionError: Airpollution feed card ad not present</message>
                <stack-trace>java.lang.AssertionError: Airpollution feed card ad not present
	at org.testng.Assert.fail(Assert.java:94)
	at twc.Automation.HandleWithAppium.AppiumFunctions.Check_Airpollution_feedcard(AppiumFunctions.java:570)
	at ANDROID_ARMS.ANDROID_ARMS.FeedAdVAlidationonUI.Validating_Airpollution_feed_card(FeedAdVAlidationonUI.java:111)
	at sun.reflect.NativeMethodAccessorImpl.invoke0(Native Method)
	at sun.reflect.NativeMethodAccessorImpl.invoke(NativeMethodAccessorImpl.java:62)
	at sun.reflect.DelegatingMethodAccessorImpl.invoke(DelegatingMethodAccessorImpl.java:43)
	at java.lang.reflect.Method.invoke(Method.java:498)
	at org.testng.internal.MethodInvocationHelper.invokeMethod(MethodInvocationHelper.java:86)
	at org.testng.internal.Invoker.invokeMethod(Invoker.java:643)
	at org.testng.internal.Invoker.invokeTestMethod(Invoker.java:820)
	at org.testng.internal.Invoker.invokeTestMethods(Invoker.java:1128)
	at org.testng.internal.TestMethodWorker.invokeTestMethods(TestMethodWorker.java:129)
	at org.testng.internal.TestMethodWorker.run(TestMethodWorker.java:112)
	at org.testng.TestRunner.privateRun(TestRunner.java:782)
	at org.testng.TestRunner.run(TestRunner.java:632)
	at org.testng.SuiteRunner.runTest(SuiteRunner.java:366)
	at org.testng.SuiteRunner.runSequentially(SuiteRunner.java:361)
	at org.testng.SuiteRunner.privateRun(SuiteRunner.java:319)
	at org.testng.SuiteRunner.run(SuiteRunner.java:268)
	at org.testng.SuiteRunnerWorker.runSuite(SuiteRunnerWorker.java:52)
	at org.testng.SuiteRunnerWorker.run(SuiteRunnerWorker.java:86)
	at org.testng.TestNG.runSuitesSequentially(TestNG.java:1244)
	at org.testng.TestNG.runSuitesLocally(TestNG.java:1169)
	at org.testng.TestNG.run(TestNG.java:1064)
	at org.testng.remote.AbstractRemoteTestNG.run(AbstractRemoteTestNG.java:114)
	at org.testng.remote.RemoteTestNG.initAndRun(RemoteTestNG.java:251)
	at org.testng.remote.RemoteTestNG.main(RemoteTestNG.java:77)
</stack-trace>
            </failure>
            <steps>
                <step start="1543237926391" stop="1543237926391" status="passed">
                    <name>logStep[Validating the Airpollution_feed_card TestCase]</name>
                    <title>Validating the Airpollution_feed_card TestCase</title>
                </step>
                <step start="1543237926391" stop="1543237926391" status="passed">
                    <name>logStep[scrolling the app]</name>
                    <title>scrolling the app</title>
                </step>
                <step start="1543237932548" stop="1543237932548" status="passed">
                    <name>logStep[Checking the Airpollution_feed_card is presnted or not]</name>
                    <title>Checking the Airpollution_feed_card is presnted or not</title>
                </step>
                <step start="1543237932549" stop="1543237932549" status="passed">
                    <name>logStep[Checking for Airpollution feed card]</name>
                    <title>Checking for Airpollution feed card</title>
                </step>
                <step start="1543237992953" stop="1543237992953" status="passed">
                    <name>logStep[Airpollution feed card ad not present]</name>
                    <title>Airpollution feed card ad not present</title>
                </step>
                <step start="1543237994812" stop="1543237994812" status="passed">
                    <name>logStep[Taking screenshot]</name>
                    <title>Taking screenshot</title>
                </step>
                <step start="1543237996528" stop="1543237996528" status="passed">
                    <name>logStep[took the failed Airpollution feed card screen shot]</name>
                    <title>took the failed Airpollution feed card screen shot</title>
                </step>
            </steps>
            <attachments>
                <attachment title="Screenshot on failure" source="8c442278-048b-4e78-b9f5-d8759c451920-attachment.png" type="image/png"/>
            </attachments>
            <labels>
                <label name="testSuite" value="Default suite"/>
                <label name="testGroup" value="Default test"/>
                <label name="testClass" value="ANDROID_ARMS.ANDROID_ARMS.FeedAdVAlidationonUI"/>
                <label name="testMethod" value="Validating_Airpollution_feed_card"/>
                <label name="host" value="Macminis-Mac-mini.local"/>
                <label name="thread" value="2140@Macminis-Mac-mini.local.main(1)"/>
            </labels>
        </test-case>
        <test-case start="1543237926390" stop="1543237996529" status="failed">
            <name>Validating_Airpollution_feed_card</name>
            <title>Validating  Airpollution feed card</title>
            <failure>
                <message>AssertionError: Airpollution feed card ad not present</message>
                <stack-trace>java.lang.AssertionError: Airpollution feed card ad not present
	at org.testng.Assert.fail(Assert.java:94)
	at twc.Automation.HandleWithAppium.AppiumFunctions.Check_Airpollution_feedcard(AppiumFunctions.java:570)
	at ANDROID_ARMS.ANDROID_ARMS.FeedAdVAlidationonUI.Validating_Airpollution_feed_card(FeedAdVAlidationonUI.java:111)
	at sun.reflect.NativeMethodAccessorImpl.invoke0(Native Method)
	at sun.reflect.NativeMethodAccessorImpl.invoke(NativeMethodAccessorImpl.java:62)
	at sun.reflect.DelegatingMethodAccessorImpl.invoke(DelegatingMethodAccessorImpl.java:43)
	at java.lang.reflect.Method.invoke(Method.java:498)
	at org.testng.internal.MethodInvocationHelper.invokeMethod(MethodInvocationHelper.java:86)
	at org.testng.internal.Invoker.invokeMethod(Invoker.java:643)
	at org.testng.internal.Invoker.invokeTestMethod(Invoker.java:820)
	at org.testng.internal.Invoker.invokeTestMethods(Invoker.java:1128)
	at org.testng.internal.TestMethodWorker.invokeTestMethods(TestMethodWorker.java:129)
	at org.testng.internal.TestMethodWorker.run(TestMethodWorker.java:112)
	at org.testng.TestRunner.privateRun(TestRunner.java:782)
	at org.testng.TestRunner.run(TestRunner.java:632)
	at org.testng.SuiteRunner.runTest(SuiteRunner.java:366)
	at org.testng.SuiteRunner.runSequentially(SuiteRunner.java:361)
	at org.testng.SuiteRunner.privateRun(SuiteRunner.java:319)
	at org.testng.SuiteRunner.run(SuiteRunner.java:268)
	at org.testng.SuiteRunnerWorker.runSuite(SuiteRunnerWorker.java:52)
	at org.testng.SuiteRunnerWorker.run(SuiteRunnerWorker.java:86)
	at org.testng.TestNG.runSuitesSequentially(TestNG.java:1244)
	at org.testng.TestNG.runSuitesLocally(TestNG.java:1169)
	at org.testng.TestNG.run(TestNG.java:1064)
	at org.testng.remote.AbstractRemoteTestNG.run(AbstractRemoteTestNG.java:114)
	at org.testng.remote.RemoteTestNG.initAndRun(RemoteTestNG.java:251)
	at org.testng.remote.RemoteTestNG.main(RemoteTestNG.java:77)
</stack-trace>
            </failure>
            <steps>
                <step start="1543237926391" stop="1543237926391" status="passed">
                    <name>logStep[Validating the Airpollution_feed_card TestCase]</name>
                    <title>Validating the Airpollution_feed_card TestCase</title>
                </step>
                <step start="1543237926391" stop="1543237926391" status="passed">
                    <name>logStep[scrolling the app]</name>
                    <title>scrolling the app</title>
                </step>
                <step start="1543237932548" stop="1543237932548" status="passed">
                    <name>logStep[Checking the Airpollution_feed_card is presnted or not]</name>
                    <title>Checking the Airpollution_feed_card is presnted or not</title>
                </step>
                <step start="1543237932549" stop="1543237932549" status="passed">
                    <name>logStep[Checking for Airpollution feed card]</name>
                    <title>Checking for Airpollution feed card</title>
                </step>
                <step start="1543237992953" stop="1543237992953" status="passed">
                    <name>logStep[Airpollution feed card ad not present]</name>
                    <title>Airpollution feed card ad not present</title>
                </step>
                <step start="1543237994812" stop="1543237994812" status="passed">
                    <name>logStep[Taking screenshot]</name>
                    <title>Taking screenshot</title>
                </step>
                <step start="1543237996528" stop="1543237996528" status="passed">
                    <name>logStep[took the failed Airpollution feed card screen shot]</name>
                    <title>took the failed Airpollution feed card screen shot</title>
                </step>
            </steps>
            <attachments>
                <attachment title="Screenshot on failure" source="8c442278-048b-4e78-b9f5-d8759c451920-attachment.png" type="image/png"/>
            </attachments>
            <labels>
                <label name="testSuite" value="Default suite"/>
                <label name="testGroup" value="Default test"/>
                <label name="testClass" value="ANDROID_ARMS.ANDROID_ARMS.FeedAdVAlidationonUI"/>
                <label name="testMethod" value="Validating_Airpollution_feed_card"/>
                <label name="host" value="Macminis-Mac-mini.local"/>
                <label name="thread" value="2140@Macminis-Mac-mini.local.main(1)"/>
            </labels>
        </test-case>
        <test-case start="1543237996772" stop="1543238069195" status="failed">
            <name>Extended_hourly_page_Ad</name>
            <title>Validating Extended hourly page Ad</title>
            <failure>
                <message>AssertionError: Hourly submodule ad is not  present</message>
                <stack-trace>java.lang.AssertionError: Hourly submodule ad is not  present
	at org.testng.Assert.fail(Assert.java:94)
	at twc.Automation.HandleWithAppium.AppiumFunctions.Check_submodules_Hourly_ad(AppiumFunctions.java:704)
	at ANDROID_ARMS.ANDROID_ARMS.FeedAdVAlidationonUI.Extended_hourly_page_Ad(FeedAdVAlidationonUI.java:123)
	at sun.reflect.NativeMethodAccessorImpl.invoke0(Native Method)
	at sun.reflect.NativeMethodAccessorImpl.invoke(NativeMethodAccessorImpl.java:62)
	at sun.reflect.DelegatingMethodAccessorImpl.invoke(DelegatingMethodAccessorImpl.java:43)
	at java.lang.reflect.Method.invoke(Method.java:498)
	at org.testng.internal.MethodInvocationHelper.invokeMethod(MethodInvocationHelper.java:86)
	at org.testng.internal.Invoker.invokeMethod(Invoker.java:643)
	at org.testng.internal.Invoker.invokeTestMethod(Invoker.java:820)
	at org.testng.internal.Invoker.invokeTestMethods(Invoker.java:1128)
	at org.testng.internal.TestMethodWorker.invokeTestMethods(TestMethodWorker.java:129)
	at org.testng.internal.TestMethodWorker.run(TestMethodWorker.java:112)
	at org.testng.TestRunner.privateRun(TestRunner.java:782)
	at org.testng.TestRunner.run(TestRunner.java:632)
	at org.testng.SuiteRunner.runTest(SuiteRunner.java:366)
	at org.testng.SuiteRunner.runSequentially(SuiteRunner.java:361)
	at org.testng.SuiteRunner.privateRun(SuiteRunner.java:319)
	at org.testng.SuiteRunner.run(SuiteRunner.java:268)
	at org.testng.SuiteRunnerWorker.runSuite(SuiteRunnerWorker.java:52)
	at org.testng.SuiteRunnerWorker.run(SuiteRunnerWorker.java:86)
	at org.testng.TestNG.runSuitesSequentially(TestNG.java:1244)
	at org.testng.TestNG.runSuitesLocally(TestNG.java:1169)
	at org.testng.TestNG.run(TestNG.java:1064)
	at org.testng.remote.AbstractRemoteTestNG.run(AbstractRemoteTestNG.java:114)
	at org.testng.remote.RemoteTestNG.initAndRun(RemoteTestNG.java:251)
	at org.testng.remote.RemoteTestNG.main(RemoteTestNG.java:77)
</stack-trace>
            </failure>
            <steps>
                <step start="1543237997418" stop="1543237997418" status="passed">
                    <name>logStep[Checking the hourly ad is presnted or not]</name>
                    <title>Checking the hourly ad is presnted or not</title>
                </step>
                <step start="1543237997418" stop="1543237997418" status="passed">
                    <name>logStep[Checking for Hourly Submodule ad]</name>
                    <title>Checking for Hourly Submodule ad</title>
                </step>
                <step start="1543238063244" stop="1543238063244" status="passed">
                    <name>logStep[Hourly submodule ad is not present]</name>
                    <title>Hourly submodule ad is not present</title>
                </step>
                <step start="1543238065177" stop="1543238065177" status="passed">
                    <name>logStep[Taking screenshot]</name>
                    <title>Taking screenshot</title>
                </step>
                <step start="1543238066938" stop="1543238066938" status="passed">
                    <name>logStep[took the failed Hourly submodule ad]</name>
                    <title>took the failed Hourly submodule ad</title>
                </step>
            </steps>
            <attachments>
                <attachment title="Screenshot on failure" source="d8f11b4a-8006-476f-87c4-8e06a5d42352-attachment.png" type="image/png"/>
            </attachments>
            <labels>
                <label name="testSuite" value="Default suite"/>
                <label name="testGroup" value="Default test"/>
                <label name="testClass" value="ANDROID_ARMS.ANDROID_ARMS.FeedAdVAlidationonUI"/>
                <label name="testMethod" value="Extended_hourly_page_Ad"/>
                <label name="host" value="Macminis-Mac-mini.local"/>
                <label name="thread" value="2140@Macminis-Mac-mini.local.main(1)"/>
            </labels>
        </test-case>
        <test-case start="1543237996772" stop="1543238069195" status="failed">
            <name>Extended_hourly_page_Ad</name>
            <title>Validating Extended hourly page Ad</title>
            <failure>
                <message>AssertionError: Hourly submodule ad is not  present</message>
                <stack-trace>java.lang.AssertionError: Hourly submodule ad is not  present
	at org.testng.Assert.fail(Assert.java:94)
	at twc.Automation.HandleWithAppium.AppiumFunctions.Check_submodules_Hourly_ad(AppiumFunctions.java:704)
	at ANDROID_ARMS.ANDROID_ARMS.FeedAdVAlidationonUI.Extended_hourly_page_Ad(FeedAdVAlidationonUI.java:123)
	at sun.reflect.NativeMethodAccessorImpl.invoke0(Native Method)
	at sun.reflect.NativeMethodAccessorImpl.invoke(NativeMethodAccessorImpl.java:62)
	at sun.reflect.DelegatingMethodAccessorImpl.invoke(DelegatingMethodAccessorImpl.java:43)
	at java.lang.reflect.Method.invoke(Method.java:498)
	at org.testng.internal.MethodInvocationHelper.invokeMethod(MethodInvocationHelper.java:86)
	at org.testng.internal.Invoker.invokeMethod(Invoker.java:643)
	at org.testng.internal.Invoker.invokeTestMethod(Invoker.java:820)
	at org.testng.internal.Invoker.invokeTestMethods(Invoker.java:1128)
	at org.testng.internal.TestMethodWorker.invokeTestMethods(TestMethodWorker.java:129)
	at org.testng.internal.TestMethodWorker.run(TestMethodWorker.java:112)
	at org.testng.TestRunner.privateRun(TestRunner.java:782)
	at org.testng.TestRunner.run(TestRunner.java:632)
	at org.testng.SuiteRunner.runTest(SuiteRunner.java:366)
	at org.testng.SuiteRunner.runSequentially(SuiteRunner.java:361)
	at org.testng.SuiteRunner.privateRun(SuiteRunner.java:319)
	at org.testng.SuiteRunner.run(SuiteRunner.java:268)
	at org.testng.SuiteRunnerWorker.runSuite(SuiteRunnerWorker.java:52)
	at org.testng.SuiteRunnerWorker.run(SuiteRunnerWorker.java:86)
	at org.testng.TestNG.runSuitesSequentially(TestNG.java:1244)
	at org.testng.TestNG.runSuitesLocally(TestNG.java:1169)
	at org.testng.TestNG.run(TestNG.java:1064)
	at org.testng.remote.AbstractRemoteTestNG.run(AbstractRemoteTestNG.java:114)
	at org.testng.remote.RemoteTestNG.initAndRun(RemoteTestNG.java:251)
	at org.testng.remote.RemoteTestNG.main(RemoteTestNG.java:77)
</stack-trace>
            </failure>
            <steps>
                <step start="1543237997418" stop="1543237997418" status="passed">
                    <name>logStep[Checking the hourly ad is presnted or not]</name>
                    <title>Checking the hourly ad is presnted or not</title>
                </step>
                <step start="1543237997418" stop="1543237997418" status="passed">
                    <name>logStep[Checking for Hourly Submodule ad]</name>
                    <title>Checking for Hourly Submodule ad</title>
                </step>
                <step start="1543238063244" stop="1543238063244" status="passed">
                    <name>logStep[Hourly submodule ad is not present]</name>
                    <title>Hourly submodule ad is not present</title>
                </step>
                <step start="1543238065177" stop="1543238065177" status="passed">
                    <name>logStep[Taking screenshot]</name>
                    <title>Taking screenshot</title>
                </step>
                <step start="1543238066938" stop="1543238066938" status="passed">
                    <name>logStep[took the failed Hourly submodule ad]</name>
                    <title>took the failed Hourly submodule ad</title>
                </step>
            </steps>
            <attachments>
                <attachment title="Screenshot on failure" source="d8f11b4a-8006-476f-87c4-8e06a5d42352-attachment.png" type="image/png"/>
            </attachments>
            <labels>
                <label name="testSuite" value="Default suite"/>
                <label name="testGroup" value="Default test"/>
                <label name="testClass" value="ANDROID_ARMS.ANDROID_ARMS.FeedAdVAlidationonUI"/>
                <label name="testMethod" value="Extended_hourly_page_Ad"/>
                <label name="host" value="Macminis-Mac-mini.local"/>
                <label name="thread" value="2140@Macminis-Mac-mini.local.main(1)"/>
            </labels>
        </test-case>
        <test-case start="1543238069203" stop="1543238148867" status="failed">
            <name>Extended_Daily_page_Ad</name>
            <title>Validating Extended Daily page Ad</title>
            <failure>
                <message>AssertionError: Daily submodule ad is not  present</message>
                <stack-trace>java.lang.AssertionError: Daily submodule ad is not  present
	at org.testng.Assert.fail(Assert.java:94)
	at twc.Automation.HandleWithAppium.AppiumFunctions.Check_submodules_Daily_ad(AppiumFunctions.java:744)
	at ANDROID_ARMS.ANDROID_ARMS.FeedAdVAlidationonUI.Extended_Daily_page_Ad(FeedAdVAlidationonUI.java:137)
	at sun.reflect.NativeMethodAccessorImpl.invoke0(Native Method)
	at sun.reflect.NativeMethodAccessorImpl.invoke(NativeMethodAccessorImpl.java:62)
	at sun.reflect.DelegatingMethodAccessorImpl.invoke(DelegatingMethodAccessorImpl.java:43)
	at java.lang.reflect.Method.invoke(Method.java:498)
	at org.testng.internal.MethodInvocationHelper.invokeMethod(MethodInvocationHelper.java:86)
	at org.testng.internal.Invoker.invokeMethod(Invoker.java:643)
	at org.testng.internal.Invoker.invokeTestMethod(Invoker.java:820)
	at org.testng.internal.Invoker.invokeTestMethods(Invoker.java:1128)
	at org.testng.internal.TestMethodWorker.invokeTestMethods(TestMethodWorker.java:129)
	at org.testng.internal.TestMethodWorker.run(TestMethodWorker.java:112)
	at org.testng.TestRunner.privateRun(TestRunner.java:782)
	at org.testng.TestRunner.run(TestRunner.java:632)
	at org.testng.SuiteRunner.runTest(SuiteRunner.java:366)
	at org.testng.SuiteRunner.runSequentially(SuiteRunner.java:361)
	at org.testng.SuiteRunner.privateRun(SuiteRunner.java:319)
	at org.testng.SuiteRunner.run(SuiteRunner.java:268)
	at org.testng.SuiteRunnerWorker.runSuite(SuiteRunnerWorker.java:52)
	at org.testng.SuiteRunnerWorker.run(SuiteRunnerWorker.java:86)
	at org.testng.TestNG.runSuitesSequentially(TestNG.java:1244)
	at org.testng.TestNG.runSuitesLocally(TestNG.java:1169)
	at org.testng.TestNG.run(TestNG.java:1064)
	at org.testng.remote.AbstractRemoteTestNG.run(AbstractRemoteTestNG.java:114)
	at org.testng.remote.RemoteTestNG.initAndRun(RemoteTestNG.java:251)
	at org.testng.remote.RemoteTestNG.main(RemoteTestNG.java:77)
</stack-trace>
            </failure>
            <steps>
                <step start="1543238074667" stop="1543238074667" status="passed">
                    <name>logStep[Checking the daily ad is presnted or not]</name>
                    <title>Checking the daily ad is presnted or not</title>
                </step>
                <step start="1543238074668" stop="1543238074668" status="passed">
                    <name>logStep[Checking for Daily Submodule ad]</name>
                    <title>Checking for Daily Submodule ad</title>
                </step>
                <step start="1543238140141" stop="1543238140141" status="passed">
                    <name>logStep[Daily page ad is not presented on the screen]</name>
                    <title>Daily page ad is not presented on the screen</title>
                </step>
                <step start="1543238141976" stop="1543238141976" status="passed">
                    <name>logStep[Taking screenshot]</name>
                    <title>Taking screenshot</title>
                </step>
                <step start="1543238143665" stop="1543238143665" status="passed">
                    <name>logStep[took the failed submoduleAd_Daily screenshot]</name>
                    <title>took the failed submoduleAd_Daily screenshot</title>
                </step>
            </steps>
            <attachments>
                <attachment title="Screenshot on failure" source="80e78638-f10d-4999-bd89-a554ec612e10-attachment.png" type="image/png"/>
            </attachments>
            <labels>
                <label name="testSuite" value="Default suite"/>
                <label name="testGroup" value="Default test"/>
                <label name="testClass" value="ANDROID_ARMS.ANDROID_ARMS.FeedAdVAlidationonUI"/>
                <label name="testMethod" value="Extended_Daily_page_Ad"/>
                <label name="host" value="Macminis-Mac-mini.local"/>
                <label name="thread" value="2140@Macminis-Mac-mini.local.main(1)"/>
            </labels>
        </test-case>
        <test-case start="1543238069203" stop="1543238148867" status="failed">
            <name>Extended_Daily_page_Ad</name>
            <title>Validating Extended Daily page Ad</title>
            <failure>
                <message>AssertionError: Daily submodule ad is not  present</message>
                <stack-trace>java.lang.AssertionError: Daily submodule ad is not  present
	at org.testng.Assert.fail(Assert.java:94)
	at twc.Automation.HandleWithAppium.AppiumFunctions.Check_submodules_Daily_ad(AppiumFunctions.java:744)
	at ANDROID_ARMS.ANDROID_ARMS.FeedAdVAlidationonUI.Extended_Daily_page_Ad(FeedAdVAlidationonUI.java:137)
	at sun.reflect.NativeMethodAccessorImpl.invoke0(Native Method)
	at sun.reflect.NativeMethodAccessorImpl.invoke(NativeMethodAccessorImpl.java:62)
	at sun.reflect.DelegatingMethodAccessorImpl.invoke(DelegatingMethodAccessorImpl.java:43)
	at java.lang.reflect.Method.invoke(Method.java:498)
	at org.testng.internal.MethodInvocationHelper.invokeMethod(MethodInvocationHelper.java:86)
	at org.testng.internal.Invoker.invokeMethod(Invoker.java:643)
	at org.testng.internal.Invoker.invokeTestMethod(Invoker.java:820)
	at org.testng.internal.Invoker.invokeTestMethods(Invoker.java:1128)
	at org.testng.internal.TestMethodWorker.invokeTestMethods(TestMethodWorker.java:129)
	at org.testng.internal.TestMethodWorker.run(TestMethodWorker.java:112)
	at org.testng.TestRunner.privateRun(TestRunner.java:782)
	at org.testng.TestRunner.run(TestRunner.java:632)
	at org.testng.SuiteRunner.runTest(SuiteRunner.java:366)
	at org.testng.SuiteRunner.runSequentially(SuiteRunner.java:361)
	at org.testng.SuiteRunner.privateRun(SuiteRunner.java:319)
	at org.testng.SuiteRunner.run(SuiteRunner.java:268)
	at org.testng.SuiteRunnerWorker.runSuite(SuiteRunnerWorker.java:52)
	at org.testng.SuiteRunnerWorker.run(SuiteRunnerWorker.java:86)
	at org.testng.TestNG.runSuitesSequentially(TestNG.java:1244)
	at org.testng.TestNG.runSuitesLocally(TestNG.java:1169)
	at org.testng.TestNG.run(TestNG.java:1064)
	at org.testng.remote.AbstractRemoteTestNG.run(AbstractRemoteTestNG.java:114)
	at org.testng.remote.RemoteTestNG.initAndRun(RemoteTestNG.java:251)
	at org.testng.remote.RemoteTestNG.main(RemoteTestNG.java:77)
</stack-trace>
            </failure>
            <steps>
                <step start="1543238074667" stop="1543238074667" status="passed">
                    <name>logStep[Checking the daily ad is presnted or not]</name>
                    <title>Checking the daily ad is presnted or not</title>
                </step>
                <step start="1543238074668" stop="1543238074668" status="passed">
                    <name>logStep[Checking for Daily Submodule ad]</name>
                    <title>Checking for Daily Submodule ad</title>
                </step>
                <step start="1543238140141" stop="1543238140141" status="passed">
                    <name>logStep[Daily page ad is not presented on the screen]</name>
                    <title>Daily page ad is not presented on the screen</title>
                </step>
                <step start="1543238141976" stop="1543238141976" status="passed">
                    <name>logStep[Taking screenshot]</name>
                    <title>Taking screenshot</title>
                </step>
                <step start="1543238143665" stop="1543238143665" status="passed">
                    <name>logStep[took the failed submoduleAd_Daily screenshot]</name>
                    <title>took the failed submoduleAd_Daily screenshot</title>
                </step>
            </steps>
            <attachments>
                <attachment title="Screenshot on failure" source="80e78638-f10d-4999-bd89-a554ec612e10-attachment.png" type="image/png"/>
            </attachments>
            <labels>
                <label name="testSuite" value="Default suite"/>
                <label name="testGroup" value="Default test"/>
                <label name="testClass" value="ANDROID_ARMS.ANDROID_ARMS.FeedAdVAlidationonUI"/>
                <label name="testMethod" value="Extended_Daily_page_Ad"/>
                <label name="host" value="Macminis-Mac-mini.local"/>
                <label name="thread" value="2140@Macminis-Mac-mini.local.main(1)"/>
            </labels>
        </test-case>
        <test-case start="1543238149189" stop="1543238217180" status="broken">
            <name>Extended_Maps_Radar_page_Ad</name>
            <title>Validating Extended Maps&amp;Radar page Ad</title>
            <failure>
                <message>Test was interrupted</message>
            </failure>
            <labels>
                <label name="testSuite" value="Default suite"/>
                <label name="testGroup" value="Default test"/>
                <label name="testClass" value="ANDROID_ARMS.ANDROID_ARMS.FeedAdVAlidationonUI"/>
                <label name="testMethod" value="Extended_Maps_Radar_page_Ad"/>
                <label name="host" value="Macminis-Mac-mini.local"/>
                <label name="thread" value="2140@Macminis-Mac-mini.local.main(1)"/>
            </labels>
        </test-case>
        <test-case start="1543238149189" stop="1543238217180" status="broken">
            <name>Extended_Maps_Radar_page_Ad</name>
            <title>Validating Extended Maps&amp;Radar page Ad</title>
            <failure>
                <message>Test was interrupted</message>
            </failure>
            <labels>
                <label name="testSuite" value="Default suite"/>
                <label name="testGroup" value="Default test"/>
                <label name="testClass" value="ANDROID_ARMS.ANDROID_ARMS.FeedAdVAlidationonUI"/>
                <label name="testMethod" value="Extended_Maps_Radar_page_Ad"/>
                <label name="host" value="Macminis-Mac-mini.local"/>
                <label name="thread" value="2140@Macminis-Mac-mini.local.main(1)"/>
            </labels>
        </test-case>
        <test-case start="1543237462854" stop="1543238217180" status="broken">
            <name>Default suite : Default test</name>
            <title>Default suite : Default test</title>
            <failure>
                <message>Test suite was interrupted, some test cases may be lost</message>
            </failure>
        </test-case>
    </test-cases>
    <labels>
        <label name="framework" value="TestNG"/>
        <label name="language" value="JAVA"/>
    </labels>
</ns2:test-suite>
