<?xml version="1.0" encoding="UTF-8" standalone="yes"?>
<ns2:test-suite start="1518165183239" stop="1518166093368" version="1.5.4" xmlns:ns2="urn:model.allure.qatools.yandex.ru">
    <name>Default suite : Default test</name>
    <title>Default suite : Default test</title>
    <test-cases>
        <test-case start="1518165389937" stop="1518165424733" status="passed">
            <name>Validating_feed1</name>
            <title>Validating feed_1 Ad call</title>
            <steps>
                <step start="1518165389981" stop="1518165389983" status="passed">
                    <name>logStep[Validating the feed_1 testcase]</name>
                    <title>Validating the feed_1 testcase</title>
                    <attachments/>
                    <steps/>
                </step>
                <step start="1518165389983" stop="1518165389983" status="passed">
                    <name>logStep[Clearing the charles session]</name>
                    <title>Clearing the charles session</title>
                    <attachments/>
                    <steps/>
                </step>
                <step start="1518165392176" stop="1518165392177" status="passed">
                    <name>logStep[Cleared the charles session]</name>
                    <title>Cleared the charles session</title>
                    <attachments/>
                    <steps/>
                </step>
                <step start="1518165392177" stop="1518165392177" status="passed">
                    <name>logStep[Wait till app was launched]</name>
                    <title>Wait till app was launched</title>
                    <attachments/>
                    <steps/>
                </step>
                <step start="1518165397179" stop="1518165397179" status="passed">
                    <name>logStep[set the location on the app]</name>
                    <title>set the location on the app</title>
                    <attachments/>
                    <steps/>
                </step>
                <step start="1518165403339" stop="1518165403339" status="passed">
                    <name>logStep[Scrolling the app to  feed_1]</name>
                    <title>Scrolling the app to  feed_1</title>
                    <attachments/>
                    <steps/>
                </step>
                <step start="1518165415957" stop="1518165415957" status="passed">
                    <name>logStep[validating the feed_1 ad]</name>
                    <title>validating the feed_1 ad</title>
                    <attachments/>
                    <steps/>
                </step>
                <step start="1518165415958" stop="1518165415958" status="passed">
                    <name>logStep[Checking for feed1 ad]</name>
                    <title>Checking for feed1 ad</title>
                    <attachments/>
                    <steps/>
                </step>
                <step start="1518165418648" stop="1518165418648" status="passed">
                    <name>logStep[feed_1 ad present]</name>
                    <title>feed_1 ad present</title>
                    <attachments/>
                    <steps/>
                </step>
                <step start="1518165424731" stop="1518165424731" status="passed">
                    <name>logStep[took the passed screenshot]</name>
                    <title>took the passed screenshot</title>
                    <attachments/>
                    <steps/>
                </step>
            </steps>
            <attachments/>
            <labels>
                <label name="testSuite" value="Default suite"/>
                <label name="testGroup" value="Default test"/>
                <label name="testClass" value="ANDROID_ARMS.ANDROID_ARMS.FeedAdVAlidationonUI"/>
                <label name="testMethod" value="Validating_feed1"/>
                <label name="host" value="Macminis-Mac-mini.local"/>
                <label name="thread" value="52096@Macminis-Mac-mini.local.main(1)"/>
            </labels>
        </test-case>
        <test-case start="1518165389937" stop="1518165424733" status="passed">
            <name>Validating_feed1</name>
            <title>Validating feed_1 Ad call</title>
            <steps>
                <step start="1518165389981" stop="1518165389983" status="passed">
                    <name>logStep[Validating the feed_1 testcase]</name>
                    <title>Validating the feed_1 testcase</title>
                    <attachments/>
                    <steps/>
                </step>
                <step start="1518165389983" stop="1518165389983" status="passed">
                    <name>logStep[Clearing the charles session]</name>
                    <title>Clearing the charles session</title>
                    <attachments/>
                    <steps/>
                </step>
                <step start="1518165392176" stop="1518165392177" status="passed">
                    <name>logStep[Cleared the charles session]</name>
                    <title>Cleared the charles session</title>
                    <attachments/>
                    <steps/>
                </step>
                <step start="1518165392177" stop="1518165392177" status="passed">
                    <name>logStep[Wait till app was launched]</name>
                    <title>Wait till app was launched</title>
                    <attachments/>
                    <steps/>
                </step>
                <step start="1518165397179" stop="1518165397179" status="passed">
                    <name>logStep[set the location on the app]</name>
                    <title>set the location on the app</title>
                    <attachments/>
                    <steps/>
                </step>
                <step start="1518165403339" stop="1518165403339" status="passed">
                    <name>logStep[Scrolling the app to  feed_1]</name>
                    <title>Scrolling the app to  feed_1</title>
                    <attachments/>
                    <steps/>
                </step>
                <step start="1518165415957" stop="1518165415957" status="passed">
                    <name>logStep[validating the feed_1 ad]</name>
                    <title>validating the feed_1 ad</title>
                    <attachments/>
                    <steps/>
                </step>
                <step start="1518165415958" stop="1518165415958" status="passed">
                    <name>logStep[Checking for feed1 ad]</name>
                    <title>Checking for feed1 ad</title>
                    <attachments/>
                    <steps/>
                </step>
                <step start="1518165418648" stop="1518165418648" status="passed">
                    <name>logStep[feed_1 ad present]</name>
                    <title>feed_1 ad present</title>
                    <attachments/>
                    <steps/>
                </step>
                <step start="1518165424731" stop="1518165424731" status="passed">
                    <name>logStep[took the passed screenshot]</name>
                    <title>took the passed screenshot</title>
                    <attachments/>
                    <steps/>
                </step>
            </steps>
            <attachments/>
            <labels>
                <label name="testSuite" value="Default suite"/>
                <label name="testGroup" value="Default test"/>
                <label name="testClass" value="ANDROID_ARMS.ANDROID_ARMS.FeedAdVAlidationonUI"/>
                <label name="testMethod" value="Validating_feed1"/>
                <label name="host" value="Macminis-Mac-mini.local"/>
                <label name="thread" value="52096@Macminis-Mac-mini.local.main(1)"/>
            </labels>
        </test-case>
        <test-case start="1518165424740" stop="1518165450365" status="passed">
            <name>Validating_feed2</name>
            <title>Validating feed_2 Ad call</title>
            <steps>
                <step start="1518165424740" stop="1518165424740" status="passed">
                    <name>logStep[Validating feed_2 Ad TestCase Started]</name>
                    <title>Validating feed_2 Ad TestCase Started</title>
                    <attachments/>
                    <steps/>
                </step>
                <step start="1518165424741" stop="1518165424741" status="passed">
                    <name>logStep[Scroll the App to feed_2 Ad]</name>
                    <title>Scroll the App to feed_2 Ad</title>
                    <attachments/>
                    <steps/>
                </step>
                <step start="1518165437408" stop="1518165437408" status="passed">
                    <name>logStep[Checking for feed2 ad]</name>
                    <title>Checking for feed2 ad</title>
                    <attachments/>
                    <steps/>
                </step>
                <step start="1518165444800" stop="1518165444800" status="passed">
                    <name>logStep[feed_2 ad present]</name>
                    <title>feed_2 ad present</title>
                    <attachments/>
                    <steps/>
                </step>
                <step start="1518165450364" stop="1518165450365" status="passed">
                    <name>logStep[took the passed screenshot]</name>
                    <title>took the passed screenshot</title>
                    <attachments/>
                    <steps/>
                </step>
            </steps>
            <attachments/>
            <labels>
                <label name="testSuite" value="Default suite"/>
                <label name="testGroup" value="Default test"/>
                <label name="testClass" value="ANDROID_ARMS.ANDROID_ARMS.FeedAdVAlidationonUI"/>
                <label name="testMethod" value="Validating_feed2"/>
                <label name="host" value="Macminis-Mac-mini.local"/>
                <label name="thread" value="52096@Macminis-Mac-mini.local.main(1)"/>
            </labels>
        </test-case>
        <test-case start="1518165424740" stop="1518165450365" status="passed">
            <name>Validating_feed2</name>
            <title>Validating feed_2 Ad call</title>
            <steps>
                <step start="1518165424740" stop="1518165424740" status="passed">
                    <name>logStep[Validating feed_2 Ad TestCase Started]</name>
                    <title>Validating feed_2 Ad TestCase Started</title>
                    <attachments/>
                    <steps/>
                </step>
                <step start="1518165424741" stop="1518165424741" status="passed">
                    <name>logStep[Scroll the App to feed_2 Ad]</name>
                    <title>Scroll the App to feed_2 Ad</title>
                    <attachments/>
                    <steps/>
                </step>
                <step start="1518165437408" stop="1518165437408" status="passed">
                    <name>logStep[Checking for feed2 ad]</name>
                    <title>Checking for feed2 ad</title>
                    <attachments/>
                    <steps/>
                </step>
                <step start="1518165444800" stop="1518165444800" status="passed">
                    <name>logStep[feed_2 ad present]</name>
                    <title>feed_2 ad present</title>
                    <attachments/>
                    <steps/>
                </step>
                <step start="1518165450364" stop="1518165450365" status="passed">
                    <name>logStep[took the passed screenshot]</name>
                    <title>took the passed screenshot</title>
                    <attachments/>
                    <steps/>
                </step>
            </steps>
            <attachments/>
            <labels>
                <label name="testSuite" value="Default suite"/>
                <label name="testGroup" value="Default test"/>
                <label name="testClass" value="ANDROID_ARMS.ANDROID_ARMS.FeedAdVAlidationonUI"/>
                <label name="testMethod" value="Validating_feed2"/>
                <label name="host" value="Macminis-Mac-mini.local"/>
                <label name="thread" value="52096@Macminis-Mac-mini.local.main(1)"/>
            </labels>
        </test-case>
        <test-case start="1518165450371" stop="1518165464401" status="passed">
            <name>Validating_feed3</name>
            <title>Validating feed_3 Ad call</title>
            <steps>
                <step start="1518165450372" stop="1518165450372" status="passed">
                    <name>logStep[Validating feed_3 Ad TestCase Started]</name>
                    <title>Validating feed_3 Ad TestCase Started</title>
                    <attachments/>
                    <steps/>
                </step>
                <step start="1518165450372" stop="1518165450372" status="passed">
                    <name>logStep[Scroll the app to feed3 ad]</name>
                    <title>Scroll the app to feed3 ad</title>
                    <attachments/>
                    <steps/>
                </step>
            </steps>
            <attachments/>
            <labels>
                <label name="testSuite" value="Default suite"/>
                <label name="testGroup" value="Default test"/>
                <label name="testClass" value="ANDROID_ARMS.ANDROID_ARMS.FeedAdVAlidationonUI"/>
                <label name="testMethod" value="Validating_feed3"/>
                <label name="host" value="Macminis-Mac-mini.local"/>
                <label name="thread" value="52096@Macminis-Mac-mini.local.main(1)"/>
            </labels>
        </test-case>
        <test-case start="1518165450371" stop="1518165464401" status="passed">
            <name>Validating_feed3</name>
            <title>Validating feed_3 Ad call</title>
            <steps>
                <step start="1518165450372" stop="1518165450372" status="passed">
                    <name>logStep[Validating feed_3 Ad TestCase Started]</name>
                    <title>Validating feed_3 Ad TestCase Started</title>
                    <attachments/>
                    <steps/>
                </step>
                <step start="1518165450372" stop="1518165450372" status="passed">
                    <name>logStep[Scroll the app to feed3 ad]</name>
                    <title>Scroll the app to feed3 ad</title>
                    <attachments/>
                    <steps/>
                </step>
            </steps>
            <attachments/>
            <labels>
                <label name="testSuite" value="Default suite"/>
                <label name="testGroup" value="Default test"/>
                <label name="testClass" value="ANDROID_ARMS.ANDROID_ARMS.FeedAdVAlidationonUI"/>
                <label name="testMethod" value="Validating_feed3"/>
                <label name="host" value="Macminis-Mac-mini.local"/>
                <label name="thread" value="52096@Macminis-Mac-mini.local.main(1)"/>
            </labels>
        </test-case>
        <test-case start="1518165464406" stop="1518165483924" status="passed">
            <name>Validating_feed4</name>
            <title>Validating feed_4 Ad call</title>
            <steps>
                <step start="1518165464407" stop="1518165464407" status="passed">
                    <name>logStep[Validating feed_4 testcase Started]</name>
                    <title>Validating feed_4 testcase Started</title>
                    <attachments/>
                    <steps/>
                </step>
                <step start="1518165464407" stop="1518165464407" status="passed">
                    <name>logStep[scroll the app to feed_4]</name>
                    <title>scroll the app to feed_4</title>
                    <attachments/>
                    <steps/>
                </step>
                <step start="1518165477431" stop="1518165477431" status="passed">
                    <name>logStep[Checking for feed4 ad]</name>
                    <title>Checking for feed4 ad</title>
                    <attachments/>
                    <steps/>
                </step>
                <step start="1518165480079" stop="1518165480079" status="passed">
                    <name>logStep[feed4 ad present]</name>
                    <title>feed4 ad present</title>
                    <attachments/>
                    <steps/>
                </step>
            </steps>
            <attachments/>
            <labels>
                <label name="testSuite" value="Default suite"/>
                <label name="testGroup" value="Default test"/>
                <label name="testClass" value="ANDROID_ARMS.ANDROID_ARMS.FeedAdVAlidationonUI"/>
                <label name="testMethod" value="Validating_feed4"/>
                <label name="host" value="Macminis-Mac-mini.local"/>
                <label name="thread" value="52096@Macminis-Mac-mini.local.main(1)"/>
            </labels>
        </test-case>
        <test-case start="1518165464406" stop="1518165483924" status="passed">
            <name>Validating_feed4</name>
            <title>Validating feed_4 Ad call</title>
            <steps>
                <step start="1518165464407" stop="1518165464407" status="passed">
                    <name>logStep[Validating feed_4 testcase Started]</name>
                    <title>Validating feed_4 testcase Started</title>
                    <attachments/>
                    <steps/>
                </step>
                <step start="1518165464407" stop="1518165464407" status="passed">
                    <name>logStep[scroll the app to feed_4]</name>
                    <title>scroll the app to feed_4</title>
                    <attachments/>
                    <steps/>
                </step>
                <step start="1518165477431" stop="1518165477431" status="passed">
                    <name>logStep[Checking for feed4 ad]</name>
                    <title>Checking for feed4 ad</title>
                    <attachments/>
                    <steps/>
                </step>
                <step start="1518165480079" stop="1518165480079" status="passed">
                    <name>logStep[feed4 ad present]</name>
                    <title>feed4 ad present</title>
                    <attachments/>
                    <steps/>
                </step>
            </steps>
            <attachments/>
            <labels>
                <label name="testSuite" value="Default suite"/>
                <label name="testGroup" value="Default test"/>
                <label name="testClass" value="ANDROID_ARMS.ANDROID_ARMS.FeedAdVAlidationonUI"/>
                <label name="testMethod" value="Validating_feed4"/>
                <label name="host" value="Macminis-Mac-mini.local"/>
                <label name="thread" value="52096@Macminis-Mac-mini.local.main(1)"/>
            </labels>
        </test-case>
        <test-case start="1518165483928" stop="1518165651483" status="passed">
            <name>Extended_hourly_page_Ad</name>
            <title>Validating Extended hourly page Ad</title>
            <steps>
                <step start="1518165483928" stop="1518165483928" status="passed">
                    <name>logStep[Validating Extended Hourly page Ad TestCase Started]</name>
                    <title>Validating Extended Hourly page Ad TestCase Started</title>
                    <attachments/>
                    <steps/>
                </step>
                <step start="1518165483928" stop="1518165483928" status="passed">
                    <name>logStep[kill and launch the app]</name>
                    <title>kill and launch the app</title>
                    <attachments/>
                    <steps/>
                </step>
                <step start="1518165509594" stop="1518165509594" status="passed">
                    <name>logStep[Scroll the app till hourly page]</name>
                    <title>Scroll the app till hourly page</title>
                    <attachments/>
                    <steps/>
                </step>
                <step start="1518165635677" stop="1518165635677" status="passed">
                    <name>logStep[Hourly page is presented on the screen]</name>
                    <title>Hourly page is presented on the screen</title>
                    <attachments/>
                    <steps/>
                </step>
                <step start="1518165635784" stop="1518165635784" status="passed">
                    <name>logStep[clicked the hourly page link]</name>
                    <title>clicked the hourly page link</title>
                    <attachments/>
                    <steps/>
                </step>
                <step start="1518165635785" stop="1518165635785" status="passed">
                    <name>logStep[Checking for Hourly Submodule ad]</name>
                    <title>Checking for Hourly Submodule ad</title>
                    <attachments/>
                    <steps/>
                </step>
                <step start="1518165642919" stop="1518165642919" status="passed">
                    <name>logStep[Hourly submodule ad present]</name>
                    <title>Hourly submodule ad present</title>
                    <attachments/>
                    <steps/>
                </step>
                <step start="1518165646428" stop="1518165646428" status="passed">
                    <name>logStep[took the passed submoduleAd_Hourly screenshot]</name>
                    <title>took the passed submoduleAd_Hourly screenshot</title>
                    <attachments/>
                    <steps/>
                </step>
            </steps>
            <attachments/>
            <labels>
                <label name="testSuite" value="Default suite"/>
                <label name="testGroup" value="Default test"/>
                <label name="testClass" value="ANDROID_ARMS.ANDROID_ARMS.FeedAdVAlidationonUI"/>
                <label name="testMethod" value="Extended_hourly_page_Ad"/>
                <label name="host" value="Macminis-Mac-mini.local"/>
                <label name="thread" value="52096@Macminis-Mac-mini.local.main(1)"/>
            </labels>
        </test-case>
        <test-case start="1518165483928" stop="1518165651483" status="passed">
            <name>Extended_hourly_page_Ad</name>
            <title>Validating Extended hourly page Ad</title>
            <steps>
                <step start="1518165483928" stop="1518165483928" status="passed">
                    <name>logStep[Validating Extended Hourly page Ad TestCase Started]</name>
                    <title>Validating Extended Hourly page Ad TestCase Started</title>
                    <attachments/>
                    <steps/>
                </step>
                <step start="1518165483928" stop="1518165483928" status="passed">
                    <name>logStep[kill and launch the app]</name>
                    <title>kill and launch the app</title>
                    <attachments/>
                    <steps/>
                </step>
                <step start="1518165509594" stop="1518165509594" status="passed">
                    <name>logStep[Scroll the app till hourly page]</name>
                    <title>Scroll the app till hourly page</title>
                    <attachments/>
                    <steps/>
                </step>
                <step start="1518165635677" stop="1518165635677" status="passed">
                    <name>logStep[Hourly page is presented on the screen]</name>
                    <title>Hourly page is presented on the screen</title>
                    <attachments/>
                    <steps/>
                </step>
                <step start="1518165635784" stop="1518165635784" status="passed">
                    <name>logStep[clicked the hourly page link]</name>
                    <title>clicked the hourly page link</title>
                    <attachments/>
                    <steps/>
                </step>
                <step start="1518165635785" stop="1518165635785" status="passed">
                    <name>logStep[Checking for Hourly Submodule ad]</name>
                    <title>Checking for Hourly Submodule ad</title>
                    <attachments/>
                    <steps/>
                </step>
                <step start="1518165642919" stop="1518165642919" status="passed">
                    <name>logStep[Hourly submodule ad present]</name>
                    <title>Hourly submodule ad present</title>
                    <attachments/>
                    <steps/>
                </step>
                <step start="1518165646428" stop="1518165646428" status="passed">
                    <name>logStep[took the passed submoduleAd_Hourly screenshot]</name>
                    <title>took the passed submoduleAd_Hourly screenshot</title>
                    <attachments/>
                    <steps/>
                </step>
            </steps>
            <attachments/>
            <labels>
                <label name="testSuite" value="Default suite"/>
                <label name="testGroup" value="Default test"/>
                <label name="testClass" value="ANDROID_ARMS.ANDROID_ARMS.FeedAdVAlidationonUI"/>
                <label name="testMethod" value="Extended_hourly_page_Ad"/>
                <label name="host" value="Macminis-Mac-mini.local"/>
                <label name="thread" value="52096@Macminis-Mac-mini.local.main(1)"/>
            </labels>
        </test-case>
        <test-case start="1518165651488" stop="1518165670308" status="passed">
            <name>Extended_Daily_page_Ad</name>
            <title>Validating Extended Daily page Ad</title>
            <steps>
                <step start="1518165651490" stop="1518165651490" status="passed">
                    <name>logStep[Validating Extended Daily page Ad TestCase Started]</name>
                    <title>Validating Extended Daily page Ad TestCase Started</title>
                    <attachments/>
                    <steps/>
                </step>
                <step start="1518165651490" stop="1518165651490" status="passed">
                    <name>logStep[Scroll the app till Daily page]</name>
                    <title>Scroll the app till Daily page</title>
                    <attachments/>
                    <steps/>
                </step>
                <step start="1518165654345" stop="1518165654345" status="passed">
                    <name>logStep[Daily page is presented on the screen]</name>
                    <title>Daily page is presented on the screen</title>
                    <attachments/>
                    <steps/>
                </step>
                <step start="1518165654855" stop="1518165654855" status="passed">
                    <name>logStep[clicked the Daily page link]</name>
                    <title>clicked the Daily page link</title>
                    <attachments/>
                    <steps/>
                </step>
                <step start="1518165654856" stop="1518165654856" status="passed">
                    <name>logStep[Checking for Daily Submodule ad]</name>
                    <title>Checking for Daily Submodule ad</title>
                    <attachments/>
                    <steps/>
                </step>
                <step start="1518165662078" stop="1518165662079" status="passed">
                    <name>logStep[Daily submodule ad present]</name>
                    <title>Daily submodule ad present</title>
                    <attachments/>
                    <steps/>
                </step>
                <step start="1518165665165" stop="1518165665165" status="passed">
                    <name>logStep[took the submoduleAd_Daily screenshot]</name>
                    <title>took the submoduleAd_Daily screenshot</title>
                    <attachments/>
                    <steps/>
                </step>
            </steps>
            <attachments/>
            <labels>
                <label name="testSuite" value="Default suite"/>
                <label name="testGroup" value="Default test"/>
                <label name="testClass" value="ANDROID_ARMS.ANDROID_ARMS.FeedAdVAlidationonUI"/>
                <label name="testMethod" value="Extended_Daily_page_Ad"/>
                <label name="host" value="Macminis-Mac-mini.local"/>
                <label name="thread" value="52096@Macminis-Mac-mini.local.main(1)"/>
            </labels>
        </test-case>
        <test-case start="1518165651488" stop="1518165670308" status="passed">
            <name>Extended_Daily_page_Ad</name>
            <title>Validating Extended Daily page Ad</title>
            <steps>
                <step start="1518165651490" stop="1518165651490" status="passed">
                    <name>logStep[Validating Extended Daily page Ad TestCase Started]</name>
                    <title>Validating Extended Daily page Ad TestCase Started</title>
                    <attachments/>
                    <steps/>
                </step>
                <step start="1518165651490" stop="1518165651490" status="passed">
                    <name>logStep[Scroll the app till Daily page]</name>
                    <title>Scroll the app till Daily page</title>
                    <attachments/>
                    <steps/>
                </step>
                <step start="1518165654345" stop="1518165654345" status="passed">
                    <name>logStep[Daily page is presented on the screen]</name>
                    <title>Daily page is presented on the screen</title>
                    <attachments/>
                    <steps/>
                </step>
                <step start="1518165654855" stop="1518165654855" status="passed">
                    <name>logStep[clicked the Daily page link]</name>
                    <title>clicked the Daily page link</title>
                    <attachments/>
                    <steps/>
                </step>
                <step start="1518165654856" stop="1518165654856" status="passed">
                    <name>logStep[Checking for Daily Submodule ad]</name>
                    <title>Checking for Daily Submodule ad</title>
                    <attachments/>
                    <steps/>
                </step>
                <step start="1518165662078" stop="1518165662079" status="passed">
                    <name>logStep[Daily submodule ad present]</name>
                    <title>Daily submodule ad present</title>
                    <attachments/>
                    <steps/>
                </step>
                <step start="1518165665165" stop="1518165665165" status="passed">
                    <name>logStep[took the submoduleAd_Daily screenshot]</name>
                    <title>took the submoduleAd_Daily screenshot</title>
                    <attachments/>
                    <steps/>
                </step>
            </steps>
            <attachments/>
            <labels>
                <label name="testSuite" value="Default suite"/>
                <label name="testGroup" value="Default test"/>
                <label name="testClass" value="ANDROID_ARMS.ANDROID_ARMS.FeedAdVAlidationonUI"/>
                <label name="testMethod" value="Extended_Daily_page_Ad"/>
                <label name="host" value="Macminis-Mac-mini.local"/>
                <label name="thread" value="52096@Macminis-Mac-mini.local.main(1)"/>
            </labels>
        </test-case>
        <test-case start="1518165670312" stop="1518165945282" status="broken">
            <name>Extended_Maps_Radar_page_Ad</name>
            <title>Validating Extended Maps&amp;Radar page Ad</title>
            <failure>
                <message>NoSuchElementException: An element could not be located on the page using the given search parameters. (WARNING: The server did not provide any stacktrace information)
Command duration or timeout: 60.40 seconds
For documentation on this error, please visit: http://seleniumhq.org/exceptions/no_such_element.html
Build info: version: '2.51.0', revision: '1af067dbcaedd7d2ab9af5151fc471d363d97193', time: '2016-02-05 11:20:57'
System info: host: 'Macminis-Mac-mini.local', ip: '169.254.193.84', os.name: 'Mac OS X', os.arch: 'x86_64', os.version: '10.13.2', java.version: '1.8.0_151'
Driver info: io.appium.java_client.android.AndroidDriver
Capabilities [{app=/Users/macmini/eclipse-workspace/ANDROID_ARMS/APKFile/TWC_808000992_googleDebug.apk, appPackage=com.weather.Weather, appActivity=com.weather.Weather.app.SplashScreenActivity, appium-version=1.4.13, noReset=true, newCommandTimeout=100000, autoLaunch=true, platformVersion=7.0, automationName=UiAutomator2, platformName=Android, deviceName=Samsung S6, platform=ANY}]
Session ID: 51f56034-a3bd-47c8-bb6f-791c71e9321f
*** Element info: {Using=id, value=com.weather.Weather:id/map_module_more}</message>
                <stack-trace>org.openqa.selenium.NoSuchElementException: An element could not be located on the page using the given search parameters. (WARNING: The server did not provide any stacktrace information)
Command duration or timeout: 60.40 seconds
For documentation on this error, please visit: http://seleniumhq.org/exceptions/no_such_element.html
Build info: version: '2.51.0', revision: '1af067dbcaedd7d2ab9af5151fc471d363d97193', time: '2016-02-05 11:20:57'
System info: host: 'Macminis-Mac-mini.local', ip: '169.254.193.84', os.name: 'Mac OS X', os.arch: 'x86_64', os.version: '10.13.2', java.version: '1.8.0_151'
Driver info: io.appium.java_client.android.AndroidDriver
Capabilities [{app=/Users/macmini/eclipse-workspace/ANDROID_ARMS/APKFile/TWC_808000992_googleDebug.apk, appPackage=com.weather.Weather, appActivity=com.weather.Weather.app.SplashScreenActivity, appium-version=1.4.13, noReset=true, newCommandTimeout=100000, autoLaunch=true, platformVersion=7.0, automationName=UiAutomator2, platformName=Android, deviceName=Samsung S6, platform=ANY}]
Session ID: 51f56034-a3bd-47c8-bb6f-791c71e9321f
*** Element info: {Using=id, value=com.weather.Weather:id/map_module_more}
	at sun.reflect.NativeConstructorAccessorImpl.newInstance0(Native Method)
	at sun.reflect.NativeConstructorAccessorImpl.newInstance(NativeConstructorAccessorImpl.java:62)
	at sun.reflect.DelegatingConstructorAccessorImpl.newInstance(DelegatingConstructorAccessorImpl.java:45)
	at java.lang.reflect.Constructor.newInstance(Constructor.java:423)
	at org.openqa.selenium.remote.ErrorHandler.createThrowable(ErrorHandler.java:206)
	at org.openqa.selenium.remote.ErrorHandler.throwIfResponseFailed(ErrorHandler.java:158)
	at org.openqa.selenium.remote.RemoteWebDriver.execute(RemoteWebDriver.java:678)
	at io.appium.java_client.DefaultGenericMobileDriver.execute(DefaultGenericMobileDriver.java:42)
	at io.appium.java_client.AppiumDriver.execute(AppiumDriver.java:1)
	at io.appium.java_client.android.AndroidDriver.execute(AndroidDriver.java:1)
	at org.openqa.selenium.remote.RemoteWebDriver.findElement(RemoteWebDriver.java:363)
	at org.openqa.selenium.remote.RemoteWebDriver.findElementById(RemoteWebDriver.java:413)
	at io.appium.java_client.DefaultGenericMobileDriver.findElementById(DefaultGenericMobileDriver.java:62)
	at io.appium.java_client.AppiumDriver.findElementById(AppiumDriver.java:1)
	at io.appium.java_client.android.AndroidDriver.findElementById(AndroidDriver.java:1)
	at twc.Automation.HandleWithApp.AppFunctions.SwipeUp_Counter_Maps_submodule(AppFunctions.java:691)
	at ANDROID_ARMS.ANDROID_ARMS.FeedAdVAlidationonUI.Extended_Maps_Radar_page_Ad(FeedAdVAlidationonUI.java:152)
	at sun.reflect.NativeMethodAccessorImpl.invoke0(Native Method)
	at sun.reflect.NativeMethodAccessorImpl.invoke(NativeMethodAccessorImpl.java:62)
	at sun.reflect.DelegatingMethodAccessorImpl.invoke(DelegatingMethodAccessorImpl.java:43)
	at java.lang.reflect.Method.invoke(Method.java:498)
	at org.testng.internal.MethodInvocationHelper.invokeMethod(MethodInvocationHelper.java:86)
	at org.testng.internal.Invoker.invokeMethod(Invoker.java:643)
	at org.testng.internal.Invoker.invokeTestMethod(Invoker.java:820)
	at org.testng.internal.Invoker.invokeTestMethods(Invoker.java:1128)
	at org.testng.internal.TestMethodWorker.invokeTestMethods(TestMethodWorker.java:129)
	at org.testng.internal.TestMethodWorker.run(TestMethodWorker.java:112)
	at org.testng.TestRunner.privateRun(TestRunner.java:782)
	at org.testng.TestRunner.run(TestRunner.java:632)
	at org.testng.SuiteRunner.runTest(SuiteRunner.java:366)
	at org.testng.SuiteRunner.runSequentially(SuiteRunner.java:361)
	at org.testng.SuiteRunner.privateRun(SuiteRunner.java:319)
	at org.testng.SuiteRunner.run(SuiteRunner.java:268)
	at org.testng.SuiteRunnerWorker.runSuite(SuiteRunnerWorker.java:52)
	at org.testng.SuiteRunnerWorker.run(SuiteRunnerWorker.java:86)
	at org.testng.TestNG.runSuitesSequentially(TestNG.java:1244)
	at org.testng.TestNG.runSuitesLocally(TestNG.java:1169)
	at org.testng.TestNG.run(TestNG.java:1064)
	at org.testng.remote.AbstractRemoteTestNG.run(AbstractRemoteTestNG.java:114)
	at org.testng.remote.RemoteTestNG.initAndRun(RemoteTestNG.java:251)
	at org.testng.remote.RemoteTestNG.main(RemoteTestNG.java:77)
</stack-trace>
            </failure>
            <steps>
                <step start="1518165670313" stop="1518165670313" status="passed">
                    <name>logStep[Validating Extended Maps&amp;Radar page Ad TestCase Started]</name>
                    <title>Validating Extended Maps&amp;Radar page Ad TestCase Started</title>
                </step>
                <step start="1518165670314" stop="1518165670314" status="passed">
                    <name>logStep[Scroll the app till Maps page]</name>
                    <title>Scroll the app till Maps page</title>
                </step>
                <step start="1518165824033" stop="1518165824033" status="passed">
                    <name>logStep[Maps page is presented on the screen]</name>
                    <title>Maps page is presented on the screen</title>
                </step>
            </steps>
            <attachments/>
            <labels>
                <label name="testSuite" value="Default suite"/>
                <label name="testGroup" value="Default test"/>
                <label name="testClass" value="ANDROID_ARMS.ANDROID_ARMS.FeedAdVAlidationonUI"/>
                <label name="testMethod" value="Extended_Maps_Radar_page_Ad"/>
                <label name="host" value="Macminis-Mac-mini.local"/>
                <label name="thread" value="52096@Macminis-Mac-mini.local.main(1)"/>
            </labels>
        </test-case>
        <test-case start="1518165670312" stop="1518165945282" status="broken">
            <name>Extended_Maps_Radar_page_Ad</name>
            <title>Validating Extended Maps&amp;Radar page Ad</title>
            <failure>
                <message>NoSuchElementException: An element could not be located on the page using the given search parameters. (WARNING: The server did not provide any stacktrace information)
Command duration or timeout: 60.40 seconds
For documentation on this error, please visit: http://seleniumhq.org/exceptions/no_such_element.html
Build info: version: '2.51.0', revision: '1af067dbcaedd7d2ab9af5151fc471d363d97193', time: '2016-02-05 11:20:57'
System info: host: 'Macminis-Mac-mini.local', ip: '169.254.193.84', os.name: 'Mac OS X', os.arch: 'x86_64', os.version: '10.13.2', java.version: '1.8.0_151'
Driver info: io.appium.java_client.android.AndroidDriver
Capabilities [{app=/Users/macmini/eclipse-workspace/ANDROID_ARMS/APKFile/TWC_808000992_googleDebug.apk, appPackage=com.weather.Weather, appActivity=com.weather.Weather.app.SplashScreenActivity, appium-version=1.4.13, noReset=true, newCommandTimeout=100000, autoLaunch=true, platformVersion=7.0, automationName=UiAutomator2, platformName=Android, deviceName=Samsung S6, platform=ANY}]
Session ID: 51f56034-a3bd-47c8-bb6f-791c71e9321f
*** Element info: {Using=id, value=com.weather.Weather:id/map_module_more}</message>
                <stack-trace>org.openqa.selenium.NoSuchElementException: An element could not be located on the page using the given search parameters. (WARNING: The server did not provide any stacktrace information)
Command duration or timeout: 60.40 seconds
For documentation on this error, please visit: http://seleniumhq.org/exceptions/no_such_element.html
Build info: version: '2.51.0', revision: '1af067dbcaedd7d2ab9af5151fc471d363d97193', time: '2016-02-05 11:20:57'
System info: host: 'Macminis-Mac-mini.local', ip: '169.254.193.84', os.name: 'Mac OS X', os.arch: 'x86_64', os.version: '10.13.2', java.version: '1.8.0_151'
Driver info: io.appium.java_client.android.AndroidDriver
Capabilities [{app=/Users/macmini/eclipse-workspace/ANDROID_ARMS/APKFile/TWC_808000992_googleDebug.apk, appPackage=com.weather.Weather, appActivity=com.weather.Weather.app.SplashScreenActivity, appium-version=1.4.13, noReset=true, newCommandTimeout=100000, autoLaunch=true, platformVersion=7.0, automationName=UiAutomator2, platformName=Android, deviceName=Samsung S6, platform=ANY}]
Session ID: 51f56034-a3bd-47c8-bb6f-791c71e9321f
*** Element info: {Using=id, value=com.weather.Weather:id/map_module_more}
	at sun.reflect.NativeConstructorAccessorImpl.newInstance0(Native Method)
	at sun.reflect.NativeConstructorAccessorImpl.newInstance(NativeConstructorAccessorImpl.java:62)
	at sun.reflect.DelegatingConstructorAccessorImpl.newInstance(DelegatingConstructorAccessorImpl.java:45)
	at java.lang.reflect.Constructor.newInstance(Constructor.java:423)
	at org.openqa.selenium.remote.ErrorHandler.createThrowable(ErrorHandler.java:206)
	at org.openqa.selenium.remote.ErrorHandler.throwIfResponseFailed(ErrorHandler.java:158)
	at org.openqa.selenium.remote.RemoteWebDriver.execute(RemoteWebDriver.java:678)
	at io.appium.java_client.DefaultGenericMobileDriver.execute(DefaultGenericMobileDriver.java:42)
	at io.appium.java_client.AppiumDriver.execute(AppiumDriver.java:1)
	at io.appium.java_client.android.AndroidDriver.execute(AndroidDriver.java:1)
	at org.openqa.selenium.remote.RemoteWebDriver.findElement(RemoteWebDriver.java:363)
	at org.openqa.selenium.remote.RemoteWebDriver.findElementById(RemoteWebDriver.java:413)
	at io.appium.java_client.DefaultGenericMobileDriver.findElementById(DefaultGenericMobileDriver.java:62)
	at io.appium.java_client.AppiumDriver.findElementById(AppiumDriver.java:1)
	at io.appium.java_client.android.AndroidDriver.findElementById(AndroidDriver.java:1)
	at twc.Automation.HandleWithApp.AppFunctions.SwipeUp_Counter_Maps_submodule(AppFunctions.java:691)
	at ANDROID_ARMS.ANDROID_ARMS.FeedAdVAlidationonUI.Extended_Maps_Radar_page_Ad(FeedAdVAlidationonUI.java:152)
	at sun.reflect.NativeMethodAccessorImpl.invoke0(Native Method)
	at sun.reflect.NativeMethodAccessorImpl.invoke(NativeMethodAccessorImpl.java:62)
	at sun.reflect.DelegatingMethodAccessorImpl.invoke(DelegatingMethodAccessorImpl.java:43)
	at java.lang.reflect.Method.invoke(Method.java:498)
	at org.testng.internal.MethodInvocationHelper.invokeMethod(MethodInvocationHelper.java:86)
	at org.testng.internal.Invoker.invokeMethod(Invoker.java:643)
	at org.testng.internal.Invoker.invokeTestMethod(Invoker.java:820)
	at org.testng.internal.Invoker.invokeTestMethods(Invoker.java:1128)
	at org.testng.internal.TestMethodWorker.invokeTestMethods(TestMethodWorker.java:129)
	at org.testng.internal.TestMethodWorker.run(TestMethodWorker.java:112)
	at org.testng.TestRunner.privateRun(TestRunner.java:782)
	at org.testng.TestRunner.run(TestRunner.java:632)
	at org.testng.SuiteRunner.runTest(SuiteRunner.java:366)
	at org.testng.SuiteRunner.runSequentially(SuiteRunner.java:361)
	at org.testng.SuiteRunner.privateRun(SuiteRunner.java:319)
	at org.testng.SuiteRunner.run(SuiteRunner.java:268)
	at org.testng.SuiteRunnerWorker.runSuite(SuiteRunnerWorker.java:52)
	at org.testng.SuiteRunnerWorker.run(SuiteRunnerWorker.java:86)
	at org.testng.TestNG.runSuitesSequentially(TestNG.java:1244)
	at org.testng.TestNG.runSuitesLocally(TestNG.java:1169)
	at org.testng.TestNG.run(TestNG.java:1064)
	at org.testng.remote.AbstractRemoteTestNG.run(AbstractRemoteTestNG.java:114)
	at org.testng.remote.RemoteTestNG.initAndRun(RemoteTestNG.java:251)
	at org.testng.remote.RemoteTestNG.main(RemoteTestNG.java:77)
</stack-trace>
            </failure>
            <steps>
                <step start="1518165670313" stop="1518165670313" status="passed">
                    <name>logStep[Validating Extended Maps&amp;Radar page Ad TestCase Started]</name>
                    <title>Validating Extended Maps&amp;Radar page Ad TestCase Started</title>
                </step>
                <step start="1518165670314" stop="1518165670314" status="passed">
                    <name>logStep[Scroll the app till Maps page]</name>
                    <title>Scroll the app till Maps page</title>
                </step>
                <step start="1518165824033" stop="1518165824033" status="passed">
                    <name>logStep[Maps page is presented on the screen]</name>
                    <title>Maps page is presented on the screen</title>
                </step>
            </steps>
            <attachments/>
            <labels>
                <label name="testSuite" value="Default suite"/>
                <label name="testGroup" value="Default test"/>
                <label name="testClass" value="ANDROID_ARMS.ANDROID_ARMS.FeedAdVAlidationonUI"/>
                <label name="testMethod" value="Extended_Maps_Radar_page_Ad"/>
                <label name="host" value="Macminis-Mac-mini.local"/>
                <label name="thread" value="52096@Macminis-Mac-mini.local.main(1)"/>
            </labels>
        </test-case>
        <test-case start="1518165945286" stop="1518166069483" status="broken">
            <name>Extended_News_page_Ad</name>
            <title>Validating Extended News page Ad</title>
            <failure>
                <message>NoSuchElementException: An element could not be located on the page using the given search parameters. (WARNING: The server did not provide any stacktrace information)
Command duration or timeout: 60.05 seconds
For documentation on this error, please visit: http://seleniumhq.org/exceptions/no_such_element.html
Build info: version: '2.51.0', revision: '1af067dbcaedd7d2ab9af5151fc471d363d97193', time: '2016-02-05 11:20:57'
System info: host: 'Macminis-Mac-mini.local', ip: '192.168.1.24', os.name: 'Mac OS X', os.arch: 'x86_64', os.version: '10.13.2', java.version: '1.8.0_151'
Driver info: io.appium.java_client.android.AndroidDriver
Capabilities [{app=/Users/macmini/eclipse-workspace/ANDROID_ARMS/APKFile/TWC_808000992_googleDebug.apk, appPackage=com.weather.Weather, appActivity=com.weather.Weather.app.SplashScreenActivity, appium-version=1.4.13, noReset=true, newCommandTimeout=100000, autoLaunch=true, platformVersion=7.0, automationName=UiAutomator2, platformName=Android, deviceName=Samsung S6, platform=ANY}]
Session ID: 51f56034-a3bd-47c8-bb6f-791c71e9321f
*** Element info: {Using=id, value=com.weather.Weather:id/news_grid_item_0}</message>
                <stack-trace>org.openqa.selenium.NoSuchElementException: An element could not be located on the page using the given search parameters. (WARNING: The server did not provide any stacktrace information)
Command duration or timeout: 60.05 seconds
For documentation on this error, please visit: http://seleniumhq.org/exceptions/no_such_element.html
Build info: version: '2.51.0', revision: '1af067dbcaedd7d2ab9af5151fc471d363d97193', time: '2016-02-05 11:20:57'
System info: host: 'Macminis-Mac-mini.local', ip: '192.168.1.24', os.name: 'Mac OS X', os.arch: 'x86_64', os.version: '10.13.2', java.version: '1.8.0_151'
Driver info: io.appium.java_client.android.AndroidDriver
Capabilities [{app=/Users/macmini/eclipse-workspace/ANDROID_ARMS/APKFile/TWC_808000992_googleDebug.apk, appPackage=com.weather.Weather, appActivity=com.weather.Weather.app.SplashScreenActivity, appium-version=1.4.13, noReset=true, newCommandTimeout=100000, autoLaunch=true, platformVersion=7.0, automationName=UiAutomator2, platformName=Android, deviceName=Samsung S6, platform=ANY}]
Session ID: 51f56034-a3bd-47c8-bb6f-791c71e9321f
*** Element info: {Using=id, value=com.weather.Weather:id/news_grid_item_0}
	at sun.reflect.NativeConstructorAccessorImpl.newInstance0(Native Method)
	at sun.reflect.NativeConstructorAccessorImpl.newInstance(NativeConstructorAccessorImpl.java:62)
	at sun.reflect.DelegatingConstructorAccessorImpl.newInstance(DelegatingConstructorAccessorImpl.java:45)
	at java.lang.reflect.Constructor.newInstance(Constructor.java:423)
	at org.openqa.selenium.remote.ErrorHandler.createThrowable(ErrorHandler.java:206)
	at org.openqa.selenium.remote.ErrorHandler.throwIfResponseFailed(ErrorHandler.java:158)
	at org.openqa.selenium.remote.RemoteWebDriver.execute(RemoteWebDriver.java:678)
	at io.appium.java_client.DefaultGenericMobileDriver.execute(DefaultGenericMobileDriver.java:42)
	at io.appium.java_client.AppiumDriver.execute(AppiumDriver.java:1)
	at io.appium.java_client.android.AndroidDriver.execute(AndroidDriver.java:1)
	at org.openqa.selenium.remote.RemoteWebDriver.findElement(RemoteWebDriver.java:363)
	at org.openqa.selenium.remote.RemoteWebDriver.findElementById(RemoteWebDriver.java:413)
	at io.appium.java_client.DefaultGenericMobileDriver.findElementById(DefaultGenericMobileDriver.java:62)
	at io.appium.java_client.AppiumDriver.findElementById(AppiumDriver.java:1)
	at io.appium.java_client.android.AndroidDriver.findElementById(AndroidDriver.java:1)
	at twc.Automation.HandleWithApp.AppFunctions.SwipeUp_Counter_news_submodules(AppFunctions.java:1667)
	at ANDROID_ARMS.ANDROID_ARMS.FeedAdVAlidationonUI.Extended_News_page_Ad(FeedAdVAlidationonUI.java:164)
	at sun.reflect.NativeMethodAccessorImpl.invoke0(Native Method)
	at sun.reflect.NativeMethodAccessorImpl.invoke(NativeMethodAccessorImpl.java:62)
	at sun.reflect.DelegatingMethodAccessorImpl.invoke(DelegatingMethodAccessorImpl.java:43)
	at java.lang.reflect.Method.invoke(Method.java:498)
	at org.testng.internal.MethodInvocationHelper.invokeMethod(MethodInvocationHelper.java:86)
	at org.testng.internal.Invoker.invokeMethod(Invoker.java:643)
	at org.testng.internal.Invoker.invokeTestMethod(Invoker.java:820)
	at org.testng.internal.Invoker.invokeTestMethods(Invoker.java:1128)
	at org.testng.internal.TestMethodWorker.invokeTestMethods(TestMethodWorker.java:129)
	at org.testng.internal.TestMethodWorker.run(TestMethodWorker.java:112)
	at org.testng.TestRunner.privateRun(TestRunner.java:782)
	at org.testng.TestRunner.run(TestRunner.java:632)
	at org.testng.SuiteRunner.runTest(SuiteRunner.java:366)
	at org.testng.SuiteRunner.runSequentially(SuiteRunner.java:361)
	at org.testng.SuiteRunner.privateRun(SuiteRunner.java:319)
	at org.testng.SuiteRunner.run(SuiteRunner.java:268)
	at org.testng.SuiteRunnerWorker.runSuite(SuiteRunnerWorker.java:52)
	at org.testng.SuiteRunnerWorker.run(SuiteRunnerWorker.java:86)
	at org.testng.TestNG.runSuitesSequentially(TestNG.java:1244)
	at org.testng.TestNG.runSuitesLocally(TestNG.java:1169)
	at org.testng.TestNG.run(TestNG.java:1064)
	at org.testng.remote.AbstractRemoteTestNG.run(AbstractRemoteTestNG.java:114)
	at org.testng.remote.RemoteTestNG.initAndRun(RemoteTestNG.java:251)
	at org.testng.remote.RemoteTestNG.main(RemoteTestNG.java:77)
</stack-trace>
            </failure>
            <steps>
                <step start="1518165945288" stop="1518165945288" status="passed">
                    <name>logStep[Validating Extended News page Ad TestCase Started]</name>
                    <title>Validating Extended News page Ad TestCase Started</title>
                </step>
                <step start="1518165945288" stop="1518165945288" status="passed">
                    <name>logStep[Scroll the app to news Module]</name>
                    <title>Scroll the app to news Module</title>
                </step>
            </steps>
            <attachments/>
            <labels>
                <label name="testSuite" value="Default suite"/>
                <label name="testGroup" value="Default test"/>
                <label name="testClass" value="ANDROID_ARMS.ANDROID_ARMS.FeedAdVAlidationonUI"/>
                <label name="testMethod" value="Extended_News_page_Ad"/>
                <label name="host" value="Macminis-Mac-mini.local"/>
                <label name="thread" value="52096@Macminis-Mac-mini.local.main(1)"/>
            </labels>
        </test-case>
        <test-case start="1518165945286" stop="1518166069483" status="broken">
            <name>Extended_News_page_Ad</name>
            <title>Validating Extended News page Ad</title>
            <failure>
                <message>NoSuchElementException: An element could not be located on the page using the given search parameters. (WARNING: The server did not provide any stacktrace information)
Command duration or timeout: 60.05 seconds
For documentation on this error, please visit: http://seleniumhq.org/exceptions/no_such_element.html
Build info: version: '2.51.0', revision: '1af067dbcaedd7d2ab9af5151fc471d363d97193', time: '2016-02-05 11:20:57'
System info: host: 'Macminis-Mac-mini.local', ip: '192.168.1.24', os.name: 'Mac OS X', os.arch: 'x86_64', os.version: '10.13.2', java.version: '1.8.0_151'
Driver info: io.appium.java_client.android.AndroidDriver
Capabilities [{app=/Users/macmini/eclipse-workspace/ANDROID_ARMS/APKFile/TWC_808000992_googleDebug.apk, appPackage=com.weather.Weather, appActivity=com.weather.Weather.app.SplashScreenActivity, appium-version=1.4.13, noReset=true, newCommandTimeout=100000, autoLaunch=true, platformVersion=7.0, automationName=UiAutomator2, platformName=Android, deviceName=Samsung S6, platform=ANY}]
Session ID: 51f56034-a3bd-47c8-bb6f-791c71e9321f
*** Element info: {Using=id, value=com.weather.Weather:id/news_grid_item_0}</message>
                <stack-trace>org.openqa.selenium.NoSuchElementException: An element could not be located on the page using the given search parameters. (WARNING: The server did not provide any stacktrace information)
Command duration or timeout: 60.05 seconds
For documentation on this error, please visit: http://seleniumhq.org/exceptions/no_such_element.html
Build info: version: '2.51.0', revision: '1af067dbcaedd7d2ab9af5151fc471d363d97193', time: '2016-02-05 11:20:57'
System info: host: 'Macminis-Mac-mini.local', ip: '192.168.1.24', os.name: 'Mac OS X', os.arch: 'x86_64', os.version: '10.13.2', java.version: '1.8.0_151'
Driver info: io.appium.java_client.android.AndroidDriver
Capabilities [{app=/Users/macmini/eclipse-workspace/ANDROID_ARMS/APKFile/TWC_808000992_googleDebug.apk, appPackage=com.weather.Weather, appActivity=com.weather.Weather.app.SplashScreenActivity, appium-version=1.4.13, noReset=true, newCommandTimeout=100000, autoLaunch=true, platformVersion=7.0, automationName=UiAutomator2, platformName=Android, deviceName=Samsung S6, platform=ANY}]
Session ID: 51f56034-a3bd-47c8-bb6f-791c71e9321f
*** Element info: {Using=id, value=com.weather.Weather:id/news_grid_item_0}
	at sun.reflect.NativeConstructorAccessorImpl.newInstance0(Native Method)
	at sun.reflect.NativeConstructorAccessorImpl.newInstance(NativeConstructorAccessorImpl.java:62)
	at sun.reflect.DelegatingConstructorAccessorImpl.newInstance(DelegatingConstructorAccessorImpl.java:45)
	at java.lang.reflect.Constructor.newInstance(Constructor.java:423)
	at org.openqa.selenium.remote.ErrorHandler.createThrowable(ErrorHandler.java:206)
	at org.openqa.selenium.remote.ErrorHandler.throwIfResponseFailed(ErrorHandler.java:158)
	at org.openqa.selenium.remote.RemoteWebDriver.execute(RemoteWebDriver.java:678)
	at io.appium.java_client.DefaultGenericMobileDriver.execute(DefaultGenericMobileDriver.java:42)
	at io.appium.java_client.AppiumDriver.execute(AppiumDriver.java:1)
	at io.appium.java_client.android.AndroidDriver.execute(AndroidDriver.java:1)
	at org.openqa.selenium.remote.RemoteWebDriver.findElement(RemoteWebDriver.java:363)
	at org.openqa.selenium.remote.RemoteWebDriver.findElementById(RemoteWebDriver.java:413)
	at io.appium.java_client.DefaultGenericMobileDriver.findElementById(DefaultGenericMobileDriver.java:62)
	at io.appium.java_client.AppiumDriver.findElementById(AppiumDriver.java:1)
	at io.appium.java_client.android.AndroidDriver.findElementById(AndroidDriver.java:1)
	at twc.Automation.HandleWithApp.AppFunctions.SwipeUp_Counter_news_submodules(AppFunctions.java:1667)
	at ANDROID_ARMS.ANDROID_ARMS.FeedAdVAlidationonUI.Extended_News_page_Ad(FeedAdVAlidationonUI.java:164)
	at sun.reflect.NativeMethodAccessorImpl.invoke0(Native Method)
	at sun.reflect.NativeMethodAccessorImpl.invoke(NativeMethodAccessorImpl.java:62)
	at sun.reflect.DelegatingMethodAccessorImpl.invoke(DelegatingMethodAccessorImpl.java:43)
	at java.lang.reflect.Method.invoke(Method.java:498)
	at org.testng.internal.MethodInvocationHelper.invokeMethod(MethodInvocationHelper.java:86)
	at org.testng.internal.Invoker.invokeMethod(Invoker.java:643)
	at org.testng.internal.Invoker.invokeTestMethod(Invoker.java:820)
	at org.testng.internal.Invoker.invokeTestMethods(Invoker.java:1128)
	at org.testng.internal.TestMethodWorker.invokeTestMethods(TestMethodWorker.java:129)
	at org.testng.internal.TestMethodWorker.run(TestMethodWorker.java:112)
	at org.testng.TestRunner.privateRun(TestRunner.java:782)
	at org.testng.TestRunner.run(TestRunner.java:632)
	at org.testng.SuiteRunner.runTest(SuiteRunner.java:366)
	at org.testng.SuiteRunner.runSequentially(SuiteRunner.java:361)
	at org.testng.SuiteRunner.privateRun(SuiteRunner.java:319)
	at org.testng.SuiteRunner.run(SuiteRunner.java:268)
	at org.testng.SuiteRunnerWorker.runSuite(SuiteRunnerWorker.java:52)
	at org.testng.SuiteRunnerWorker.run(SuiteRunnerWorker.java:86)
	at org.testng.TestNG.runSuitesSequentially(TestNG.java:1244)
	at org.testng.TestNG.runSuitesLocally(TestNG.java:1169)
	at org.testng.TestNG.run(TestNG.java:1064)
	at org.testng.remote.AbstractRemoteTestNG.run(AbstractRemoteTestNG.java:114)
	at org.testng.remote.RemoteTestNG.initAndRun(RemoteTestNG.java:251)
	at org.testng.remote.RemoteTestNG.main(RemoteTestNG.java:77)
</stack-trace>
            </failure>
            <steps>
                <step start="1518165945288" stop="1518165945288" status="passed">
                    <name>logStep[Validating Extended News page Ad TestCase Started]</name>
                    <title>Validating Extended News page Ad TestCase Started</title>
                </step>
                <step start="1518165945288" stop="1518165945288" status="passed">
                    <name>logStep[Scroll the app to news Module]</name>
                    <title>Scroll the app to news Module</title>
                </step>
            </steps>
            <attachments/>
            <labels>
                <label name="testSuite" value="Default suite"/>
                <label name="testGroup" value="Default test"/>
                <label name="testClass" value="ANDROID_ARMS.ANDROID_ARMS.FeedAdVAlidationonUI"/>
                <label name="testMethod" value="Extended_News_page_Ad"/>
                <label name="host" value="Macminis-Mac-mini.local"/>
                <label name="thread" value="52096@Macminis-Mac-mini.local.main(1)"/>
            </labels>
        </test-case>
    </test-cases>
    <labels>
        <label name="framework" value="TestNG"/>
        <label name="language" value="JAVA"/>
    </labels>
</ns2:test-suite>
