<?xml version="1.0" encoding="UTF-8" standalone="yes"?>
<ns2:test-suite start="1543137113147" stop="1543137850788" version="1.5.4" xmlns:ns2="urn:model.allure.qatools.yandex.ru">
    <name>Default suite : Default test</name>
    <title>Default suite : Default test</title>
    <test-cases>
        <test-case start="1543137278736" stop="1543137850761" status="failed">
            <name>Extended__Ad</name>
            <title>Validating Extended Maps&amp;Radar page Ad</title>
            <failure>
                <message>AssertionError: boatbeach bb ad not present</message>
                <stack-trace>java.lang.AssertionError: boatbeach bb ad not present
	at org.testng.Assert.fail(Assert.java:94)
	at twc.Automation.HandleWithAppium.AppiumFunctions.Check_boatbeach_bb_ad(AppiumFunctions.java:1171)
	at ANDROID_ARMS.ANDROID_ARMS.FeedAdVAlidationonUI.Extended__Ad(FeedAdVAlidationonUI.java:170)
	at sun.reflect.NativeMethodAccessorImpl.invoke0(Native Method)
	at sun.reflect.NativeMethodAccessorImpl.invoke(NativeMethodAccessorImpl.java:62)
	at sun.reflect.DelegatingMethodAccessorImpl.invoke(DelegatingMethodAccessorImpl.java:43)
	at java.lang.reflect.Method.invoke(Method.java:498)
	at org.testng.internal.MethodInvocationHelper.invokeMethod(MethodInvocationHelper.java:86)
	at org.testng.internal.Invoker.invokeMethod(Invoker.java:643)
	at org.testng.internal.Invoker.invokeTestMethod(Invoker.java:820)
	at org.testng.internal.Invoker.invokeTestMethods(Invoker.java:1128)
	at org.testng.internal.TestMethodWorker.invokeTestMethods(TestMethodWorker.java:129)
	at org.testng.internal.TestMethodWorker.run(TestMethodWorker.java:112)
	at org.testng.TestRunner.privateRun(TestRunner.java:782)
	at org.testng.TestRunner.run(TestRunner.java:632)
	at org.testng.SuiteRunner.runTest(SuiteRunner.java:366)
	at org.testng.SuiteRunner.runSequentially(SuiteRunner.java:361)
	at org.testng.SuiteRunner.privateRun(SuiteRunner.java:319)
	at org.testng.SuiteRunner.run(SuiteRunner.java:268)
	at org.testng.SuiteRunnerWorker.runSuite(SuiteRunnerWorker.java:52)
	at org.testng.SuiteRunnerWorker.run(SuiteRunnerWorker.java:86)
	at org.testng.TestNG.runSuitesSequentially(TestNG.java:1244)
	at org.testng.TestNG.runSuitesLocally(TestNG.java:1169)
	at org.testng.TestNG.run(TestNG.java:1064)
	at org.testng.remote.AbstractRemoteTestNG.run(AbstractRemoteTestNG.java:114)
	at org.testng.remote.RemoteTestNG.initAndRun(RemoteTestNG.java:251)
	at org.testng.remote.RemoteTestNG.main(RemoteTestNG.java:77)
</stack-trace>
            </failure>
            <steps>
                <step start="1543137372937" stop="1543137373166" status="passed">
                    <name>logStep[Checking the boatbeach bb ad is presnted or not]</name>
                    <title>Checking the boatbeach bb ad is presnted or not</title>
                </step>
                <step start="1543137413444" stop="1543137413444" status="passed">
                    <name>logStep[boatbeach bb ad present]</name>
                    <title>boatbeach bb ad present</title>
                </step>
                <step start="1543137554690" stop="1543137554690" status="passed">
                    <name>logStep[Checking for boatbeach bb ad]</name>
                    <title>Checking for boatbeach bb ad</title>
                </step>
                <step start="1543137622739" stop="1543137622740" status="passed">
                    <name>logStep[boatbeach bb ad not present]</name>
                    <title>boatbeach bb ad not present</title>
                </step>
                <step start="1543137722875" stop="1543137722876" status="passed">
                    <name>logStep[Taking screenshot]</name>
                    <title>Taking screenshot</title>
                </step>
                <step start="1543137850741" stop="1543137850741" status="passed">
                    <name>logStep[took the failed boatbeach bb screen shot]</name>
                    <title>took the failed boatbeach bb screen shot</title>
                </step>
            </steps>
            <attachments>
                <attachment title="Screenshot on failure" source="5a4501fa-fa09-4151-a0ba-db0919cef0c4-attachment.png" type="image/png"/>
            </attachments>
            <labels>
                <label name="testSuite" value="Default suite"/>
                <label name="testGroup" value="Default test"/>
                <label name="testClass" value="ANDROID_ARMS.ANDROID_ARMS.FeedAdVAlidationonUI"/>
                <label name="testMethod" value="Extended__Ad"/>
                <label name="host" value="Macminis-Mac-mini.local"/>
                <label name="thread" value="82680@Macminis-Mac-mini.local.main(1)"/>
            </labels>
        </test-case>
        <test-case start="1543137278736" stop="1543137850761" status="failed">
            <name>Extended__Ad</name>
            <title>Validating Extended Maps&amp;Radar page Ad</title>
            <failure>
                <message>AssertionError: boatbeach bb ad not present</message>
                <stack-trace>java.lang.AssertionError: boatbeach bb ad not present
	at org.testng.Assert.fail(Assert.java:94)
	at twc.Automation.HandleWithAppium.AppiumFunctions.Check_boatbeach_bb_ad(AppiumFunctions.java:1171)
	at ANDROID_ARMS.ANDROID_ARMS.FeedAdVAlidationonUI.Extended__Ad(FeedAdVAlidationonUI.java:170)
	at sun.reflect.NativeMethodAccessorImpl.invoke0(Native Method)
	at sun.reflect.NativeMethodAccessorImpl.invoke(NativeMethodAccessorImpl.java:62)
	at sun.reflect.DelegatingMethodAccessorImpl.invoke(DelegatingMethodAccessorImpl.java:43)
	at java.lang.reflect.Method.invoke(Method.java:498)
	at org.testng.internal.MethodInvocationHelper.invokeMethod(MethodInvocationHelper.java:86)
	at org.testng.internal.Invoker.invokeMethod(Invoker.java:643)
	at org.testng.internal.Invoker.invokeTestMethod(Invoker.java:820)
	at org.testng.internal.Invoker.invokeTestMethods(Invoker.java:1128)
	at org.testng.internal.TestMethodWorker.invokeTestMethods(TestMethodWorker.java:129)
	at org.testng.internal.TestMethodWorker.run(TestMethodWorker.java:112)
	at org.testng.TestRunner.privateRun(TestRunner.java:782)
	at org.testng.TestRunner.run(TestRunner.java:632)
	at org.testng.SuiteRunner.runTest(SuiteRunner.java:366)
	at org.testng.SuiteRunner.runSequentially(SuiteRunner.java:361)
	at org.testng.SuiteRunner.privateRun(SuiteRunner.java:319)
	at org.testng.SuiteRunner.run(SuiteRunner.java:268)
	at org.testng.SuiteRunnerWorker.runSuite(SuiteRunnerWorker.java:52)
	at org.testng.SuiteRunnerWorker.run(SuiteRunnerWorker.java:86)
	at org.testng.TestNG.runSuitesSequentially(TestNG.java:1244)
	at org.testng.TestNG.runSuitesLocally(TestNG.java:1169)
	at org.testng.TestNG.run(TestNG.java:1064)
	at org.testng.remote.AbstractRemoteTestNG.run(AbstractRemoteTestNG.java:114)
	at org.testng.remote.RemoteTestNG.initAndRun(RemoteTestNG.java:251)
	at org.testng.remote.RemoteTestNG.main(RemoteTestNG.java:77)
</stack-trace>
            </failure>
            <steps>
                <step start="1543137372937" stop="1543137373166" status="passed">
                    <name>logStep[Checking the boatbeach bb ad is presnted or not]</name>
                    <title>Checking the boatbeach bb ad is presnted or not</title>
                </step>
                <step start="1543137413444" stop="1543137413444" status="passed">
                    <name>logStep[boatbeach bb ad present]</name>
                    <title>boatbeach bb ad present</title>
                </step>
                <step start="1543137554690" stop="1543137554690" status="passed">
                    <name>logStep[Checking for boatbeach bb ad]</name>
                    <title>Checking for boatbeach bb ad</title>
                </step>
                <step start="1543137622739" stop="1543137622740" status="passed">
                    <name>logStep[boatbeach bb ad not present]</name>
                    <title>boatbeach bb ad not present</title>
                </step>
                <step start="1543137722875" stop="1543137722876" status="passed">
                    <name>logStep[Taking screenshot]</name>
                    <title>Taking screenshot</title>
                </step>
                <step start="1543137850741" stop="1543137850741" status="passed">
                    <name>logStep[took the failed boatbeach bb screen shot]</name>
                    <title>took the failed boatbeach bb screen shot</title>
                </step>
            </steps>
            <attachments>
                <attachment title="Screenshot on failure" source="5a4501fa-fa09-4151-a0ba-db0919cef0c4-attachment.png" type="image/png"/>
            </attachments>
            <labels>
                <label name="testSuite" value="Default suite"/>
                <label name="testGroup" value="Default test"/>
                <label name="testClass" value="ANDROID_ARMS.ANDROID_ARMS.FeedAdVAlidationonUI"/>
                <label name="testMethod" value="Extended__Ad"/>
                <label name="host" value="Macminis-Mac-mini.local"/>
                <label name="thread" value="82680@Macminis-Mac-mini.local.main(1)"/>
            </labels>
        </test-case>
    </test-cases>
    <labels>
        <label name="framework" value="TestNG"/>
        <label name="language" value="JAVA"/>
    </labels>
</ns2:test-suite>
